2024-01-17 13:02:03.734 [info] 2024-01-17T18:02:02.010Z extension INFO  Activating extension... [
  {
    id: 'mongodb.mongodb-vscode',
    version: '1.4.0',
    mode: 'Production',
    kind: 'UI',
    extensionPath: '/home/devdragon/.vscode/extensions/mongodb.mongodb-vscode-1.4.0',
    logPath: '/home/devdragon/.config/Code/logs/20240117T130155/window1/exthost/mongodb.mongodb-vscode',
    workspaceStoragePath: '/home/devdragon/.config/Code/User/workspaceStorage/7cc345a8e59a226314bd377f5cdbe6e4/mongodb.mongodb-vscode',
    globalStoragePath: '/home/devdragon/.config/Code/User/globalStorage/mongodb.mongodb-vscode',
    defaultConnectionSavingLocation: 'Global',
    buildInfo: {
      nodeVersion: 'v18.15.0',
      runtimePlatform: 'linux',
      runtimeArch: 'x64'
    }
  }
]

2024-01-17 13:02:03.734 [info] 2024-01-17T18:02:02.011Z telemetry INFO  SegmentKey was found [ { type: 'string' } ]

2024-01-17 13:02:03.734 [info] 2024-01-17T18:02:02.011Z language server controller INFO  Creating MongoDB Language Server... [
  {
    extensionPath: '/home/devdragon/.vscode/extensions/mongodb.mongodb-vscode-1.4.0',
    languageServer: {
      id: 'mongodbLanguageServer',
      name: 'MongoDB Language Server',
      path: '/home/devdragon/.vscode/extensions/mongodb.mongodb-vscode-1.4.0/dist/languageServer.js',
      documentSelector: '[{"pattern":"**/*.mongodb.js"},{"pattern":"**/*.mongodb"}]'
    }
  }
]

2024-01-17 13:02:03.734 [info] 2024-01-17T18:02:02.017Z telemetry INFO  Segment analytics activated [ { anonymousId: 'fffca151-fc22-491c-9e6d-f205c319b220' } ]

2024-01-17 13:02:03.734 [info] 2024-01-17T18:02:02.470Z language server controller INFO  Starting the language server... []

2024-01-17 13:02:03.912 [info] 2024-01-17T18:02:03.912Z language server controller INFO  MongoDBService initialized. Sending default settings... {"extensionPath":"/home/devdragon/.vscode/extensions/mongodb.mongodb-vscode-1.4.0","connectionId":null,"hasConnectionString":false,"hasConnectionOptions":false} []

2024-01-17 14:19:09.986 [info] 2024-01-17T19:19:08.774Z extension INFO  Deactivating extension... []

2024-01-17 14:19:10.229 [info] 2024-01-17T19:19:08.774Z connection controller INFO  Disconnect called, currently connected to [ null ]

2024-01-17 14:19:10.229 [info] 2024-01-17T19:19:08.775Z language server controller INFO  Changing MongoDBService active connection... [ { connectionId: null } ]

2024-01-17 14:19:10.230 [info] 2024-01-17T19:19:08.777Z connection controller INFO  Disconnect called, currently connected to [ null ]

2024-01-17 14:19:10.230 [info] 2024-01-17T19:19:08.777Z language server controller INFO  Changing MongoDBService active connection... [ { connectionId: null } ]

2024-01-17 14:19:10.258 [info] 2024-01-17T19:19:10.230Z language server controller INFO  Deactivating the language server... []

2024-01-17 14:19:10.258 [info] 2024-01-17T19:19:10.230Z language server controller INFO  Deactivating the language server... []

