2024-01-18 08:56:10.620 [info] Reading sessions from keychain...
2024-01-18 08:56:10.620 [info] Getting sessions for all scopes...
2024-01-18 08:56:10.620 [info] Getting sessions for all scopes...
2024-01-18 08:56:10.620 [info] Got stored sessions!
2024-01-18 08:56:10.620 [info] Got 2 verified sessions.
2024-01-18 08:56:10.620 [info] Got 2 sessions for ...
2024-01-18 08:56:10.620 [info] Got 2 sessions for ...
2024-01-18 08:56:10.620 [info] Getting sessions for user:email...
2024-01-18 08:56:10.620 [info] Got 1 sessions for user:email...
2024-01-18 08:56:10.620 [info] Getting sessions for all scopes...
2024-01-18 08:56:10.620 [info] Got 2 sessions for ...
2024-01-18 08:56:10.620 [info] Getting sessions for user:email...
2024-01-18 08:56:10.620 [info] Got 1 sessions for user:email...
2024-01-18 08:56:10.620 [info] Getting sessions for all scopes...
2024-01-18 08:56:10.620 [info] Got 2 sessions for ...
2024-01-18 08:56:10.620 [info] Getting sessions for project,read:org,read:user,repo,user:email,workflow...
2024-01-18 08:56:10.620 [info] Got 0 sessions for project,read:org,read:user,repo,user:email,workflow...
2024-01-18 08:56:11.056 [info] Getting sessions for read:user,repo,user:email,workflow...
2024-01-18 08:56:11.056 [info] Got 1 sessions for read:user,repo,user:email,workflow...
2024-01-18 08:56:12.733 [info] Getting sessions for read:user,repo,user:email...
2024-01-18 08:56:12.734 [info] Got 0 sessions for read:user,repo,user:email...
