2024-01-17 12:49:11.197 [warning] Via 'product.json#extensionEnabledApiProposals' extension 'ms-python.python' wants API proposal 'registerIssueDataProvider' but that proposal DOES NOT EXIST. Likely, the proposal has been finalized (check 'vscode.d.ts') or was abandoned.
2024-01-17 12:49:11.632 [info] Started local extension host with pid 103455.
2024-01-17 12:49:15.118 [error] [1tontech.angular-material]: Lenguaje desconocido en "contributes.angular-material.language". Valor proporcionado: blade
2024-01-17 12:49:15.119 [error] [1tontech.angular-material]: Lenguaje desconocido en "contributes.angular-material.language". Valor proporcionado: ejs
2024-01-17 12:49:15.120 [error] [1tontech.angular-material]: Lenguaje desconocido en "contributes.angular-material.language". Valor proporcionado: latte
2024-01-17 12:49:15.121 [error] [1tontech.angular-material]: Lenguaje desconocido en "contributes.angular-material.language". Valor proporcionado: tpl
2024-01-17 12:49:15.121 [error] [1tontech.angular-material]: Lenguaje desconocido en "contributes.angular-material.language". Valor proporcionado: twig
2024-01-17 12:49:15.694 [info] [perf] Render performance baseline is 57ms
2024-01-17 12:49:26.127 [error] [File Watcher (parcel)] Unexpected error: inotify_add_watch on '/home/devdragon/.config/Code/User/sync/settings' failed: No such file or directory (EUNKNOWN) (path: /home/devdragon/.config)
2024-01-17 12:49:26.128 [error] [File Watcher (universal)] restarting watcher after error: inotify_add_watch on '/home/devdragon/.config/Code/User/sync/settings' failed: No such file or directory
2024-01-17 12:49:26.151 [error] [UtilityProcessWorker]: terminated unexpectedly with code 15, signal: unknown
2024-01-17 12:49:26.151 [error] [File Watcher (universal)] restarting watcher after error: terminated by itself unexpectedly with code 15, signal: unknown
2024-01-17 12:49:27.663 [error] Error: Se anuló onWillSaveTextDocument-event después de 1750 ms
    at vscode-file://vscode-app/opt/visual-studio-code/resources/app/out/vs/workbench/workbench.desktop.main.js:1899:12495
2024-01-17 12:49:28.653 [info] Extension host (LocalProcess pid: 103455) is unresponsive.
2024-01-17 12:49:28.833 [info] Extension host (LocalProcess pid: 103455) is responsive.
2024-01-17 12:49:32.705 [info] Extension host (LocalProcess pid: 103455) is unresponsive.
2024-01-17 12:49:35.086 [info] Extension host (LocalProcess pid: 103455) is responsive.
2024-01-17 12:50:01.995 [error] [Extension Host] (node:103455) [DEP0005] DeprecationWarning: Buffer() is deprecated due to security and usability issues. Please use the Buffer.alloc(), Buffer.allocUnsafe(), or Buffer.from() methods instead.
(Use `exe --trace-deprecation ...` to show where the warning was created)
2024-01-17 12:50:03.949 [warning] Via 'product.json#extensionEnabledApiProposals' extension 'ms-python.python' wants API proposal 'registerIssueDataProvider' but that proposal DOES NOT EXIST. Likely, the proposal has been finalized (check 'vscode.d.ts') or was abandoned.
2024-01-17 12:50:04.312 [info] Started local extension host with pid 104236.
2024-01-17 12:50:06.480 [error] [1tontech.angular-material]: Unknown language in `contributes.angular-material.language`. Provided value: blade
2024-01-17 12:50:06.481 [error] [1tontech.angular-material]: Unknown language in `contributes.angular-material.language`. Provided value: ejs
2024-01-17 12:50:06.482 [error] [1tontech.angular-material]: Unknown language in `contributes.angular-material.language`. Provided value: latte
2024-01-17 12:50:06.483 [error] [1tontech.angular-material]: Unknown language in `contributes.angular-material.language`. Provided value: tpl
2024-01-17 12:50:06.483 [error] [1tontech.angular-material]: Unknown language in `contributes.angular-material.language`. Provided value: twig
2024-01-17 12:50:07.960 [info] [perf] Render performance baseline is 38ms
2024-01-17 12:50:08.091 [error] [Extension Host] (node:104236) [DEP0005] DeprecationWarning: Buffer() is deprecated due to security and usability issues. Please use the Buffer.alloc(), Buffer.allocUnsafe(), or Buffer.from() methods instead.
(Use `exe --trace-deprecation ...` to show where the warning was created)
