2024-01-17 12:49:11.509 [info] Added views:workbench.panel.markers.view in workbench.panel.markers
2024-01-17 12:49:11.509 [info] Added views:workbench.panel.output in workbench.panel.output
2024-01-17 12:49:11.509 [info] Added views:terminal in terminal
2024-01-17 12:49:11.509 [info] Added views:workbench.scm in workbench.views.service.sidebar.a3ebbb23-8516-462c-af80-0c7215bb60bd
2024-01-17 12:49:11.509 [info] Added views:workbench.view.search in workbench.views.service.sidebar.dcd86c92-3ce7-4d7b-852c-d8e188e29711
2024-01-17 12:49:11.509 [info] Added views:timeline in workbench.views.service.sidebar.2b19d8ed-b4ea-4580-acd9-aff94e504f32
2024-01-17 12:49:11.509 [info] Added views:workbench.explorer.fileView,workbench.explorer.openEditorsView in workbench.views.service.sidebar.2b19d8ed-b4ea-4580-acd9-aff94e504f32
2024-01-17 12:49:12.075 [info] Added views:projectsExplorerFavorites,projectManagerHelpAndFeedback in workbench.view.extension.project-manager
2024-01-17 12:49:12.075 [info] Added views:workspaceEnvironments,pythonEnvironments in workbench.view.extension.package-explorer
2024-01-17 12:49:12.076 [info] Added views:gitlens.views.home,gitlens.views.drafts,gitlens.views.workspaces,gitlens.views.account in workbench.view.extension.gitlens
2024-01-17 12:49:12.077 [info] Added views:gitlens.views.commitDetails,gitlens.views.lineHistory,gitlens.views.fileHistory,gitlens.views.searchAndCompare in workbench.view.extension.gitlensInspect
2024-01-17 12:49:12.077 [info] Added views:gitlens.views.remotes,gitlens.views.repositories,gitlens.views.commits,gitlens.views.tags,gitlens.views.branches in workbench.views.service.panel.e3d488fd-d16d-4888-a45a-1020fb16470b
2024-01-17 12:49:12.078 [info] Added views:gitlens.views.stashes in workbench.views.service.sidebar.2b19d8ed-b4ea-4580-acd9-aff94e504f32
2024-01-17 12:49:12.079 [info] Added views:gitlens.views.contributors in workbench.panel.markers
2024-01-17 12:49:12.079 [info] Added views:pr:github,issues:github in workbench.view.extension.github-pull-requests
2024-01-17 12:49:12.080 [info] Added views:mongoDBConnectionExplorer,mongoDBPlaygroundsExplorer,mongoDBHelpExplorer in workbench.view.extension.mongoDB
2024-01-17 12:49:12.081 [info] Added views:sqltoolsViewConnectionExplorer,sqltoolsViewBookmarksExplorer,sqltoolsViewHistoryExplorer in workbench.view.extension.sqltoolsActivityBarContainer
2024-01-17 12:49:12.082 [info] Added views:sqltoolsViewConsoleMessages in workbench.view.extension.sqltoolsPanelContainer
2024-01-17 12:49:12.082 [info] Added views:postman-for-vscode.sidebar-panel in workbench.view.extension.sidebar-panel
2024-01-17 12:49:12.082 [info] Added views:postman-console-view in workbench.view.extension.postman-console-view-container
2024-01-17 12:49:14.582 [info] Added views:workbench.debug.welcome in workbench.view.debug
2024-01-17 12:49:14.798 [info] Added views:~remote.forwardedPorts in ~remote.forwardedPortsContainer
2024-01-17 12:49:15.038 [info] Added views:workbench.panel.repl.view in workbench.panel.repl
2024-01-17 12:49:35.339 [info] Added views:projectsExplorerGit in workbench.view.extension.project-manager
2024-01-17 12:49:35.342 [info] Added views:angular-schematics in workbench.view.extension.angular
2024-01-17 12:49:38.557 [info] Added views:workbench.panel.comments in workbench.panel.comments
2024-01-17 12:49:39.510 [info] Added views:gitlens.views.graph,gitlens.views.graphDetails in workbench.view.extension.gitlensPanel
2024-01-17 12:49:39.512 [info] Added views:gitlens.views.timeline in workbench.view.extension.gitlensInspect
2024-01-17 12:49:39.514 [info] Added views:gitlens.views.worktrees in workbench.views.service.panel.e3d488fd-d16d-4888-a45a-1020fb16470b
2024-01-17 12:49:40.749 [info] Added views:workbench.scm.repositories in workbench.views.service.panel.e3d488fd-d16d-4888-a45a-1020fb16470b
2024-01-17 12:49:45.833 [info] Added views:tabnine.loading in workbench.view.extension.tabnine
2024-01-17 12:49:45.836 [info] Removed views:tabnine.loading from workbench.view.extension.tabnine
2024-01-17 12:49:45.840 [info] Added views:tabnine.chat.preview_ended in workbench.view.extension.tabnine
2024-01-17 12:49:59.903 [info] Added views:workbench.views.extensions.installed,workbench.views.extensions.popular,extensions.recommendedList in workbench.view.extensions
2024-01-17 12:49:59.906 [info] Removed views:workbench.views.extensions.popular from workbench.view.extensions
2024-01-17 12:50:03.165 [info] Removed views:workbench.scm.repositories from workbench.views.service.panel.e3d488fd-d16d-4888-a45a-1020fb16470b
2024-01-17 12:50:04.209 [info] Added views:workbench.panel.markers.view in workbench.panel.markers
2024-01-17 12:50:04.209 [info] Added views:workbench.panel.output in workbench.panel.output
2024-01-17 12:50:04.209 [info] Added views:terminal in terminal
2024-01-17 12:50:04.209 [info] Added views:workbench.scm in workbench.views.service.sidebar.a3ebbb23-8516-462c-af80-0c7215bb60bd
2024-01-17 12:50:04.209 [info] Added views:workbench.view.search in workbench.views.service.sidebar.dcd86c92-3ce7-4d7b-852c-d8e188e29711
2024-01-17 12:50:04.209 [info] Added views:timeline in workbench.views.service.sidebar.2b19d8ed-b4ea-4580-acd9-aff94e504f32
2024-01-17 12:50:04.209 [info] Added views:workbench.explorer.fileView,workbench.explorer.openEditorsView in workbench.views.service.sidebar.2b19d8ed-b4ea-4580-acd9-aff94e504f32
2024-01-17 12:50:04.393 [info] Added views:workbench.debug.welcome in workbench.view.debug
2024-01-17 12:50:05.305 [info] Added views:workbench.views.extensions.installed,extensions.recommendedList in workbench.view.extensions
2024-01-17 12:50:06.466 [info] Added views:projectsExplorerFavorites,projectManagerHelpAndFeedback in workbench.view.extension.project-manager
2024-01-17 12:50:06.467 [info] Added views:workspaceEnvironments,pythonEnvironments in workbench.view.extension.package-explorer
2024-01-17 12:50:06.467 [info] Added views:gitlens.views.home,gitlens.views.drafts,gitlens.views.workspaces,gitlens.views.account in workbench.view.extension.gitlens
2024-01-17 12:50:06.468 [info] Added views:gitlens.views.commitDetails,gitlens.views.lineHistory,gitlens.views.fileHistory,gitlens.views.searchAndCompare in workbench.view.extension.gitlensInspect
2024-01-17 12:50:06.472 [info] Added views:gitlens.views.remotes,gitlens.views.repositories,gitlens.views.commits,gitlens.views.tags,gitlens.views.branches in workbench.views.service.panel.e3d488fd-d16d-4888-a45a-1020fb16470b
2024-01-17 12:50:06.473 [info] Added views:gitlens.views.stashes in workbench.views.service.sidebar.2b19d8ed-b4ea-4580-acd9-aff94e504f32
2024-01-17 12:50:06.474 [info] Added views:gitlens.views.contributors in workbench.panel.markers
2024-01-17 12:50:06.475 [info] Added views:pr:github,issues:github in workbench.view.extension.github-pull-requests
2024-01-17 12:50:06.475 [info] Added views:mongoDBConnectionExplorer,mongoDBPlaygroundsExplorer,mongoDBHelpExplorer in workbench.view.extension.mongoDB
2024-01-17 12:50:06.475 [info] Added views:sqltoolsViewConnectionExplorer,sqltoolsViewBookmarksExplorer,sqltoolsViewHistoryExplorer in workbench.view.extension.sqltoolsActivityBarContainer
2024-01-17 12:50:06.475 [info] Added views:sqltoolsViewConsoleMessages in workbench.view.extension.sqltoolsPanelContainer
2024-01-17 12:50:06.475 [info] Added views:postman-for-vscode.sidebar-panel in workbench.view.extension.sidebar-panel
2024-01-17 12:50:06.476 [info] Added views:postman-console-view in workbench.view.extension.postman-console-view-container
2024-01-17 12:50:06.540 [info] Added views:~remote.forwardedPorts in ~remote.forwardedPortsContainer
2024-01-17 12:50:06.735 [info] Added views:workbench.panel.repl.view in workbench.panel.repl
2024-01-17 12:50:11.097 [info] Added views:projectsExplorerGit in workbench.view.extension.project-manager
2024-01-17 12:50:11.100 [info] Added views:angular-schematics in workbench.view.extension.angular
2024-01-17 12:50:11.323 [info] Added views:workbench.panel.comments in workbench.panel.comments
2024-01-17 12:50:11.966 [info] Added views:workbench.scm.repositories in workbench.views.service.panel.e3d488fd-d16d-4888-a45a-1020fb16470b
2024-01-17 12:50:12.324 [info] Added views:gitlens.views.graph,gitlens.views.graphDetails in workbench.view.extension.gitlensPanel
2024-01-17 12:50:12.329 [info] Added views:gitlens.views.timeline in workbench.view.extension.gitlensInspect
2024-01-17 12:50:12.329 [info] Added views:gitlens.views.worktrees in workbench.views.service.panel.e3d488fd-d16d-4888-a45a-1020fb16470b
2024-01-17 12:50:20.161 [info] Added views:tabnine.loading in workbench.view.extension.tabnine
2024-01-17 12:50:20.189 [info] Removed views:tabnine.loading from workbench.view.extension.tabnine
2024-01-17 12:50:20.191 [info] Added views:tabnine.chat.preview_ended in workbench.view.extension.tabnine
2024-01-17 12:58:08.707 [info] Added views:workbench.view.testing in workbench.view.extension.test
2024-01-17 12:58:19.728 [info] Removed views:workbench.scm.repositories from workbench.views.service.panel.e3d488fd-d16d-4888-a45a-1020fb16470b
2024-01-17 12:58:19.736 [info] Removed views:workbench.view.testing from workbench.view.extension.test
