2024-01-15 15:59:23.495 [warning] /home/devdragon/.ssh/config: ENOENT: no such file or directory, open '/home/devdragon/.ssh/config'
2024-01-15 15:59:23.495 [info] Activation> Extension version: 0.78.1
2024-01-15 15:59:24.489 [info] Looking for git repository
2024-01-15 15:59:24.489 [info] Found 0 repositories during activation
2024-01-15 15:59:24.489 [info] Git repository found, initializing review manager and pr tree view.
2024-01-15 15:59:24.497 [info] Registering git provider
2024-01-15 15:59:25.513 [info] Git initialization state changed: state=initialized
2024-01-15 15:59:25.513 [info] Review+0> Validate state in progress
2024-01-15 15:59:25.513 [info] Review+0> Validating state...
2024-01-15 15:59:25.653 [info] Review+0> Queuing additional validate state
2024-01-15 15:59:25.653 [info] Repo state for file:///home/devdragon/workspace/python/FastApliLearn changed.
2024-01-15 15:59:25.653 [info] Repo file:///home/devdragon/workspace/python/FastApliLearn has already been setup.
2024-01-15 15:59:25.673 [info] Found GitHub remote for folder /home/devdragon/workspace/python/FastApliLearn
2024-01-15 15:59:25.724 [warning] Unable to resolve remote: HttpError: request to https://api.github.com/repos/DevJhojan/my_fits_project_with_python_and_fastapi failed, reason: getaddrinfo EAI_AGAIN api.github.com
2024-01-15 15:59:25.784 [info] Missing upstream check failed: HttpError: request to https://api.github.com/repos/DevJhojan/my_fits_project_with_python_and_fastapi failed, reason: getaddrinfo EAI_AGAIN api.github.com
2024-01-15 15:59:25.798 [info] Trying to use globalState for assignableUsers.
2024-01-15 15:59:25.876 [info] Review+0> No matching pull request metadata found locally for current branch main
2024-01-15 15:59:26.060 [info] Using globalState assignableUsers for 1.
2024-01-15 16:00:15.345 [info] Review+0> Queuing additional validate state
2024-01-15 16:00:32.161 [info] Review+0> Queuing additional validate state
2024-01-15 16:01:25.512 [error] Review+0> Timeout occurred while validating state.
2024-01-15 16:01:25.512 [info] Review+0> Validating state...
2024-01-15 16:01:25.515 [info] Found GitHub remote for folder /home/devdragon/workspace/python/FastApliLearn
2024-01-15 16:01:25.516 [info] Using in-memory cached assignable users.
2024-01-15 16:01:25.540 [info] Review+0> No matching pull request metadata found locally for current branch main
2024-01-15 16:01:26.026 [info] Review+0> No matching pull request metadata found on GitHub for current branch main
2024-01-15 16:01:26.083 [info] Review+0> Validating state...
2024-01-15 16:01:26.096 [info] Found GitHub remote for folder /home/devdragon/workspace/python/FastApliLearn
2024-01-15 16:01:26.097 [info] Using in-memory cached assignable users.
2024-01-15 16:01:26.123 [info] Review+0> No matching pull request metadata found locally for current branch main
2024-01-15 16:01:26.692 [info] Review+0> No matching pull request metadata found on GitHub for current branch main
2024-01-15 16:01:26.702 [info] Review+0> Validating state...
2024-01-15 16:01:26.720 [info] Found GitHub remote for folder /home/devdragon/workspace/python/FastApliLearn
2024-01-15 16:01:26.720 [info] Using in-memory cached assignable users.
2024-01-15 16:01:26.742 [info] Review+0> No matching pull request metadata found locally for current branch main
2024-01-15 16:01:27.384 [info] Review+0> No matching pull request metadata found on GitHub for current branch main
2024-01-15 16:02:17.565 [warning] /home/devdragon/.ssh/config: ENOENT: no such file or directory, open '/home/devdragon/.ssh/config'
2024-01-15 16:02:17.565 [info] Activation> Extension version: 0.78.1
2024-01-15 16:02:17.998 [info] Looking for git repository
2024-01-15 16:02:17.998 [info] Found 0 repositories during activation
2024-01-15 16:02:17.998 [info] Git repository found, initializing review manager and pr tree view.
2024-01-15 16:02:18.002 [info] Registering git provider
2024-01-15 16:02:18.072 [info] Git initialization state changed: state=initialized
2024-01-15 16:02:18.072 [info] Review+0> Validate state in progress
2024-01-15 16:02:18.072 [info] Review+0> Validating state...
2024-01-15 16:02:18.087 [info] Found GitHub remote for folder /home/devdragon/workspace/python/FastApliLearn
2024-01-15 16:02:18.162 [info] Repo state for file:///home/devdragon/workspace/python/FastApliLearn changed.
2024-01-15 16:02:18.162 [info] Repo file:///home/devdragon/workspace/python/FastApliLearn has already been setup.
2024-01-15 16:02:18.544 [info] Trying to use globalState for assignableUsers.
2024-01-15 16:02:18.745 [info] Review+0> No matching pull request metadata found locally for current branch main
2024-01-15 16:02:18.777 [info] Using globalState assignableUsers for 1.
2024-01-15 16:02:19.381 [info] Review+0> No matching pull request metadata found on GitHub for current branch main
