Initializing document watcher...
/home/devdragon/.config/Code/User/settings.json: Using EditorConfig core...
/home/devdragon/.config/Code/User/settings.json: Using EditorConfig core...
/home/devdragon/.config/Code/User/settings.json: Using EditorConfig core...
FastApliLearn/conect_data_base/schemas/user.py: {}
No more open editors.
No more open editors.
No more open editors.
FastApliLearn/conect_data_base/client.py: {}
FastApliLearn/conect_data_base/schemas/user.py: {}
FastApliLearn/conect_data_base/schemas/user.py: {}
FastApliLearn/conect_data_base/client.py: {}
FastApliLearn/conect_data_base/client.py: {}
FastApliLearn/conect_data_base/client.py: Using EditorConfig core...
FastApliLearn/conect_data_base/client.py: Using EditorConfig core...
FastApliLearn/conect_data_base/client.py: Using EditorConfig core...
FastApliLearn/conect_data_base/client.py: Using EditorConfig core...
FastApliLearn/conect_data_base/client.py: Using EditorConfig core...
FastApliLearn/conect_data_base/client.py: Using EditorConfig core...
FastApliLearn/conect_data_base/client.py: Using EditorConfig core...
FastApliLearn/conect_data_base/client.py: {}
FastApliLearn/conect_data_base/client.py: {}
FastApliLearn/conect_data_base/client.py: {}
FastApliLearn/conect_data_base/client.py: {}
FastApliLearn/conect_data_base/client.py: Using EditorConfig core...
FastApliLearn/conect_data_base/client.py: Using EditorConfig core...
FastApliLearn/conect_data_base/client.py: {}
FastApliLearn/conect_data_base/client.py: {}
FastApliLearn/conect_data_base/client.py: {}
FastApliLearn/conect_data_base/client.py: Using EditorConfig core...
FastApliLearn/conect_data_base/client.py: Using EditorConfig core...
FastApliLearn/conect_data_base/client.py: Using EditorConfig core...
FastApliLearn/conect_data_base/client.py: Using EditorConfig core...
FastApliLearn/conect_data_base/client.py: Using EditorConfig core...
FastApliLearn/conect_data_base/client.py: Using EditorConfig core...
FastApliLearn/conect_data_base/client.py: Using EditorConfig core...
FastApliLearn/conect_data_base/client.py: {}
FastApliLearn/conect_data_base/client.py: {}
FastApliLearn/conect_data_base/client.py: {}
FastApliLearn/conect_data_base/client.py: Using EditorConfig core...
FastApliLearn/conect_data_base/client.py: Using EditorConfig core...
FastApliLearn/conect_data_base/client.py: Using EditorConfig core...
FastApliLearn/conect_data_base/client.py: Using EditorConfig core...
FastApliLearn/conect_data_base/client.py: Using EditorConfig core...
FastApliLearn/conect_data_base/client.py: {}
FastApliLearn/conect_data_base/client.py: {}
FastApliLearn/conect_data_base/client.py: {}
FastApliLearn/conect_data_base/client.py: {}
FastApliLearn/conect_data_base/client.py: {}
FastApliLearn/conect_data_base/client.py: {}
FastApliLearn/conect_data_base/client.py: {}
FastApliLearn/conect_data_base/client.py: {}
FastApliLearn/conect_data_base/client.py: {}
FastApliLearn/conect_data_base/client.py: {}
FastApliLearn/conect_data_base/client.py: {}
FastApliLearn/conect_data_base/client.py: {}
FastApliLearn/conect_data_base/client.py: {}
FastApliLearn/conect_data_base/client.py: {}
FastApliLearn/conect_data_base/client.py: {}
FastApliLearn/conect_data_base/client.py: {}
FastApliLearn/conect_data_base/client.py: {}
FastApliLearn/conect_data_base/client.py: {}
FastApliLearn/conect_data_base/client.py: {}
FastApliLearn/conect_data_base/client.py: {}
No more open editors.
FastApliLearn/users/user_db.py: {}
FastApliLearn/users/user_db.py: Using EditorConfig core...
FastApliLearn/users/user_db.py: Using EditorConfig core...
FastApliLearn/users/user_db.py: Using EditorConfig core...
FastApliLearn/conect_data_base/client.py: {}
FastApliLearn/users/user_db.py: {}
FastApliLearn/conect_data_base/client.py: {}
FastApliLearn/users/user_db.py: {}
FastApliLearn/users/user_db.py: {}
FastApliLearn/conect_data_base/client.py: {}
FastApliLearn/conect_data_base/client.py: Using EditorConfig core...
FastApliLearn/conect_data_base/client.py: {}
FastApliLearn/users/user_db.py: {}
No more open editors.
FastApliLearn/users/user_db.py: {}
FastApliLearn/users/user_db.py: {}
FastApliLearn/users/user_db.py: {}
FastApliLearn/users/user_db.py: {}
FastApliLearn/users/user_db.py: {}
FastApliLearn/requirements.txt: {}
FastApliLearn/requirements.txt: {}
FastApliLearn/requirements.txt: {}
FastApliLearn/requirements.txt: {}
FastApliLearn/requirements.txt: Using EditorConfig core...
FastApliLearn/requirements.txt: Using EditorConfig core...
FastApliLearn/requirements.txt: Using EditorConfig core...
FastApliLearn/requirements.txt: Using EditorConfig core...
FastApliLearn/requirements.txt: Using EditorConfig core...
FastApliLearn/requirements.txt: {}
FastApliLearn/requirements.txt: {}
FastApliLearn/requirements.txt: {}
FastApliLearn/requirements.txt: {}
FastApliLearn/requirements.txt: {}
FastApliLearn/requirements.txt: {}
FastApliLearn/requirements.txt: {}
FastApliLearn/requirements.txt: {}
