2024-01-16 10:42:58.872 [warning] Via 'product.json#extensionEnabledApiProposals' extension 'ms-python.python' wants API proposal 'registerIssueDataProvider' but that proposal DOES NOT EXIST. Likely, the proposal has been finalized (check 'vscode.d.ts') or was abandoned.
2024-01-16 10:43:00.421 [info] Started local extension host with pid 74531.
2024-01-16 10:43:02.890 [error] [1tontech.angular-material]: Lenguaje desconocido en "contributes.angular-material.language". Valor proporcionado: blade
2024-01-16 10:43:02.890 [error] [1tontech.angular-material]: Lenguaje desconocido en "contributes.angular-material.language". Valor proporcionado: ejs
2024-01-16 10:43:02.890 [error] [1tontech.angular-material]: Lenguaje desconocido en "contributes.angular-material.language". Valor proporcionado: latte
2024-01-16 10:43:02.891 [error] [1tontech.angular-material]: Lenguaje desconocido en "contributes.angular-material.language". Valor proporcionado: tpl
2024-01-16 10:43:02.891 [error] [1tontech.angular-material]: Lenguaje desconocido en "contributes.angular-material.language". Valor proporcionado: twig
2024-01-16 10:43:10.176 [info] [perf] Render performance baseline is 53ms
2024-01-16 10:43:10.803 [error] [Extension Host] (node:74531) [DEP0005] DeprecationWarning: Buffer() is deprecated due to security and usability issues. Please use the Buffer.alloc(), Buffer.allocUnsafe(), or Buffer.from() methods instead.
(Use `exe --trace-deprecation ...` to show where the warning was created)
2024-01-16 10:43:11.402 [info] Extension host (LocalProcess pid: 74531) is unresponsive.
2024-01-16 10:43:13.142 [info] Extension host (LocalProcess pid: 74531) is responsive.
2024-01-16 10:43:13.143 [info] UNRESPONSIVE extension host: received responsive event and cancelling profiling session
2024-01-16 10:43:16.171 [info] Extension host (LocalProcess pid: 74531) is unresponsive.
2024-01-16 10:43:18.323 [info] Extension host (LocalProcess pid: 74531) is responsive.
2024-01-16 10:43:22.000 [error] spawn pyenv EACCES: Error: spawn pyenv EACCES
    at Process.ChildProcess._handle.onexit (node:internal/child_process:283:19)
    at onErrorNT (node:internal/child_process:476:16)
    at processTicksAndRejections (node:internal/process/task_queues:82:21)
2024-01-16 10:43:26.801 [info] Extension host (LocalProcess pid: 74531) is unresponsive.
2024-01-16 10:43:29.942 [info] Extension host (LocalProcess pid: 74531) is responsive.
2024-01-16 10:43:38.615 [error] spawn pyenv EACCES: Error: spawn pyenv EACCES
    at Process.ChildProcess._handle.onexit (node:internal/child_process:283:19)
    at onErrorNT (node:internal/child_process:476:16)
    at processTicksAndRejections (node:internal/process/task_queues:82:21)
2024-01-16 10:43:38.626 [error] [Extension Host] Error: spawn pyenv EACCES
    at Process.ChildProcess._handle.onexit (node:internal/child_process:283:19)
    at onErrorNT (node:internal/child_process:476:16)
    at processTicksAndRejections (node:internal/process/task_queues:82:21)
2024-01-16 11:18:05.298 [warning] Via 'product.json#extensionEnabledApiProposals' extension 'ms-python.python' wants API proposal 'registerIssueDataProvider' but that proposal DOES NOT EXIST. Likely, the proposal has been finalized (check 'vscode.d.ts') or was abandoned.
2024-01-16 11:18:05.747 [info] Started local extension host with pid 78837.
2024-01-16 11:18:07.229 [error] [1tontech.angular-material]: Lenguaje desconocido en "contributes.angular-material.language". Valor proporcionado: blade
2024-01-16 11:18:07.240 [error] [1tontech.angular-material]: Lenguaje desconocido en "contributes.angular-material.language". Valor proporcionado: ejs
2024-01-16 11:18:07.241 [error] [1tontech.angular-material]: Lenguaje desconocido en "contributes.angular-material.language". Valor proporcionado: latte
2024-01-16 11:18:07.241 [error] [1tontech.angular-material]: Lenguaje desconocido en "contributes.angular-material.language". Valor proporcionado: tpl
2024-01-16 11:18:07.242 [error] [1tontech.angular-material]: Lenguaje desconocido en "contributes.angular-material.language". Valor proporcionado: twig
2024-01-16 11:18:09.112 [error] [Extension Host] (node:78837) [DEP0005] DeprecationWarning: Buffer() is deprecated due to security and usability issues. Please use the Buffer.alloc(), Buffer.allocUnsafe(), or Buffer.from() methods instead.
(Use `exe --trace-deprecation ...` to show where the warning was created)
2024-01-16 11:18:10.034 [info] [perf] Render performance baseline is 57ms
2024-01-16 11:18:13.982 [error] Error: Se anuló onWillSaveTextDocument-event después de 1750 ms
    at vscode-file://vscode-app/opt/visual-studio-code/resources/app/out/vs/workbench/workbench.desktop.main.js:1899:12495
