2024-01-16 10:42:59.364 [info] Added views:workbench.panel.markers.view in workbench.panel.markers
2024-01-16 10:42:59.364 [info] Added views:workbench.panel.output in workbench.panel.output
2024-01-16 10:42:59.364 [info] Added views:terminal in terminal
2024-01-16 10:42:59.364 [info] Added views:workbench.scm in workbench.views.service.sidebar.a3ebbb23-8516-462c-af80-0c7215bb60bd
2024-01-16 10:42:59.364 [info] Added views:workbench.view.search in workbench.views.service.sidebar.dcd86c92-3ce7-4d7b-852c-d8e188e29711
2024-01-16 10:42:59.364 [info] Added views:timeline in workbench.views.service.sidebar.2b19d8ed-b4ea-4580-acd9-aff94e504f32
2024-01-16 10:42:59.364 [info] Added views:workbench.explorer.fileView,workbench.explorer.openEditorsView in workbench.views.service.sidebar.2b19d8ed-b4ea-4580-acd9-aff94e504f32
2024-01-16 10:43:00.476 [info] Added views:workbench.debug.welcome in workbench.view.debug
2024-01-16 10:43:01.777 [info] Added views:projectsExplorerFavorites,projectManagerHelpAndFeedback in workbench.view.extension.project-manager
2024-01-16 10:43:01.777 [info] Added views:workspaceEnvironments,pythonEnvironments in workbench.view.extension.package-explorer
2024-01-16 10:43:01.777 [info] Added views:gitlens.views.home,gitlens.views.drafts,gitlens.views.workspaces,gitlens.views.account in workbench.view.extension.gitlens
2024-01-16 10:43:01.778 [info] Added views:gitlens.views.commitDetails,gitlens.views.lineHistory,gitlens.views.fileHistory,gitlens.views.searchAndCompare in workbench.view.extension.gitlensInspect
2024-01-16 10:43:01.779 [info] Added views:gitlens.views.remotes,gitlens.views.repositories,gitlens.views.commits,gitlens.views.tags,gitlens.views.branches in workbench.views.service.panel.e3d488fd-d16d-4888-a45a-1020fb16470b
2024-01-16 10:43:01.792 [info] Added views:gitlens.views.stashes in workbench.views.service.sidebar.2b19d8ed-b4ea-4580-acd9-aff94e504f32
2024-01-16 10:43:01.792 [info] Added views:gitlens.views.contributors in workbench.panel.markers
2024-01-16 10:43:01.792 [info] Added views:pr:github,issues:github in workbench.view.extension.github-pull-requests
2024-01-16 10:43:01.794 [info] Added views:mongoDBConnectionExplorer,mongoDBPlaygroundsExplorer,mongoDBHelpExplorer in workbench.view.extension.mongoDB
2024-01-16 10:43:01.794 [info] Added views:sqltoolsViewConnectionExplorer,sqltoolsViewBookmarksExplorer,sqltoolsViewHistoryExplorer in workbench.view.extension.sqltoolsActivityBarContainer
2024-01-16 10:43:01.794 [info] Added views:sqltoolsViewConsoleMessages in workbench.view.extension.sqltoolsPanelContainer
2024-01-16 10:43:01.795 [info] Added views:postman-for-vscode.sidebar-panel in workbench.view.extension.sidebar-panel
2024-01-16 10:43:01.795 [info] Added views:postman-console-view in workbench.view.extension.postman-console-view-container
2024-01-16 10:43:03.407 [info] Added views:~remote.forwardedPorts in ~remote.forwardedPortsContainer
2024-01-16 10:43:06.541 [info] Added views:workbench.panel.repl.view in workbench.panel.repl
2024-01-16 10:43:20.943 [info] Added views:workbench.view.testing in workbench.view.extension.test
2024-01-16 10:43:30.357 [info] Added views:projectsExplorerGit in workbench.view.extension.project-manager
2024-01-16 10:43:30.369 [info] Added views:angular-schematics in workbench.view.extension.angular
2024-01-16 10:43:31.205 [info] Added views:workbench.panel.comments in workbench.panel.comments
2024-01-16 10:43:32.389 [info] Added views:gitlens.views.graph,gitlens.views.graphDetails in workbench.view.extension.gitlensPanel
2024-01-16 10:43:32.393 [info] Added views:gitlens.views.timeline in workbench.view.extension.gitlensInspect
2024-01-16 10:43:32.399 [info] Added views:gitlens.views.worktrees in workbench.views.service.panel.e3d488fd-d16d-4888-a45a-1020fb16470b
2024-01-16 10:43:34.349 [info] Added views:workbench.scm.repositories in workbench.views.service.panel.e3d488fd-d16d-4888-a45a-1020fb16470b
2024-01-16 10:43:54.228 [info] Added views:tabnine.loading in workbench.view.extension.tabnine
2024-01-16 10:44:09.078 [info] Removed views:tabnine.loading from workbench.view.extension.tabnine
2024-01-16 10:44:09.082 [info] Added views:tabnine.chat.preview_ended in workbench.view.extension.tabnine
2024-01-16 11:18:02.520 [info] Added views:workbench.views.extensions.installed,workbench.views.extensions.popular,extensions.recommendedList in workbench.view.extensions
2024-01-16 11:18:02.528 [info] Removed views:workbench.views.extensions.popular from workbench.view.extensions
2024-01-16 11:18:04.730 [info] Removed views:workbench.scm.repositories from workbench.views.service.panel.e3d488fd-d16d-4888-a45a-1020fb16470b
2024-01-16 11:18:04.742 [info] Removed views:workbench.view.testing from workbench.view.extension.test
2024-01-16 11:18:05.564 [info] Added views:workbench.panel.markers.view in workbench.panel.markers
2024-01-16 11:18:05.564 [info] Added views:workbench.panel.output in workbench.panel.output
2024-01-16 11:18:05.564 [info] Added views:terminal in terminal
2024-01-16 11:18:05.564 [info] Added views:workbench.scm in workbench.views.service.sidebar.a3ebbb23-8516-462c-af80-0c7215bb60bd
2024-01-16 11:18:05.564 [info] Added views:workbench.view.search in workbench.views.service.sidebar.dcd86c92-3ce7-4d7b-852c-d8e188e29711
2024-01-16 11:18:05.564 [info] Added views:timeline in workbench.views.service.sidebar.2b19d8ed-b4ea-4580-acd9-aff94e504f32
2024-01-16 11:18:05.564 [info] Added views:workbench.explorer.fileView,workbench.explorer.openEditorsView in workbench.views.service.sidebar.2b19d8ed-b4ea-4580-acd9-aff94e504f32
2024-01-16 11:18:05.705 [info] Added views:workbench.debug.welcome in workbench.view.debug
2024-01-16 11:18:06.959 [info] Added views:workbench.views.extensions.installed,extensions.recommendedList in workbench.view.extensions
2024-01-16 11:18:07.390 [info] Added views:projectsExplorerFavorites,projectManagerHelpAndFeedback in workbench.view.extension.project-manager
2024-01-16 11:18:07.390 [info] Added views:workspaceEnvironments,pythonEnvironments in workbench.view.extension.package-explorer
2024-01-16 11:18:07.391 [info] Added views:gitlens.views.home,gitlens.views.drafts,gitlens.views.workspaces,gitlens.views.account in workbench.view.extension.gitlens
2024-01-16 11:18:07.393 [info] Added views:gitlens.views.commitDetails,gitlens.views.lineHistory,gitlens.views.fileHistory,gitlens.views.searchAndCompare in workbench.view.extension.gitlensInspect
2024-01-16 11:18:07.393 [info] Added views:gitlens.views.remotes,gitlens.views.repositories,gitlens.views.commits,gitlens.views.tags,gitlens.views.branches in workbench.views.service.panel.e3d488fd-d16d-4888-a45a-1020fb16470b
2024-01-16 11:18:07.409 [info] Added views:gitlens.views.stashes in workbench.views.service.sidebar.2b19d8ed-b4ea-4580-acd9-aff94e504f32
2024-01-16 11:18:07.410 [info] Added views:gitlens.views.contributors in workbench.panel.markers
2024-01-16 11:18:07.413 [info] Added views:pr:github,issues:github in workbench.view.extension.github-pull-requests
2024-01-16 11:18:07.413 [info] Added views:mongoDBConnectionExplorer,mongoDBPlaygroundsExplorer,mongoDBHelpExplorer in workbench.view.extension.mongoDB
2024-01-16 11:18:07.413 [info] Added views:sqltoolsViewConnectionExplorer,sqltoolsViewBookmarksExplorer,sqltoolsViewHistoryExplorer in workbench.view.extension.sqltoolsActivityBarContainer
2024-01-16 11:18:07.414 [info] Added views:sqltoolsViewConsoleMessages in workbench.view.extension.sqltoolsPanelContainer
2024-01-16 11:18:07.414 [info] Added views:postman-for-vscode.sidebar-panel in workbench.view.extension.sidebar-panel
2024-01-16 11:18:07.414 [info] Added views:postman-console-view in workbench.view.extension.postman-console-view-container
2024-01-16 11:18:07.498 [info] Added views:~remote.forwardedPorts in ~remote.forwardedPortsContainer
2024-01-16 11:18:07.892 [info] Added views:workbench.panel.repl.view in workbench.panel.repl
2024-01-16 11:18:11.080 [info] Added views:workbench.view.testing in workbench.view.extension.test
2024-01-16 11:18:13.394 [info] Added views:projectsExplorerGit in workbench.view.extension.project-manager
2024-01-16 11:18:13.404 [info] Added views:angular-schematics in workbench.view.extension.angular
2024-01-16 11:18:13.626 [info] Added views:workbench.panel.comments in workbench.panel.comments
2024-01-16 11:18:14.296 [info] Added views:gitlens.views.graph,gitlens.views.graphDetails in workbench.view.extension.gitlensPanel
2024-01-16 11:18:14.298 [info] Added views:gitlens.views.timeline in workbench.view.extension.gitlensInspect
2024-01-16 11:18:14.300 [info] Added views:gitlens.views.worktrees in workbench.views.service.panel.e3d488fd-d16d-4888-a45a-1020fb16470b
2024-01-16 11:18:14.545 [info] Added views:workbench.scm.repositories in workbench.views.service.panel.e3d488fd-d16d-4888-a45a-1020fb16470b
2024-01-16 11:18:16.940 [info] Added views:tabnine.loading in workbench.view.extension.tabnine
2024-01-16 11:18:16.962 [info] Removed views:tabnine.loading from workbench.view.extension.tabnine
2024-01-16 11:18:16.963 [info] Added views:tabnine.chat.preview_ended in workbench.view.extension.tabnine
2024-01-16 17:11:54.317 [info] Removed views:workbench.scm.repositories from workbench.views.service.panel.e3d488fd-d16d-4888-a45a-1020fb16470b
2024-01-16 17:11:54.322 [info] Removed views:workbench.view.testing from workbench.view.extension.test
