2024-01-17 13:02:07.082 [info] Reading sessions from keychain...
2024-01-17 13:02:07.082 [info] Getting sessions for all scopes...
2024-01-17 13:02:07.082 [info] Got stored sessions!
2024-01-17 13:02:07.082 [info] Got 2 verified sessions.
2024-01-17 13:02:07.082 [info] Got 2 sessions for ...
2024-01-17 13:02:07.082 [info] Getting sessions for all scopes...
2024-01-17 13:02:07.082 [info] Got 2 sessions for ...
2024-01-17 13:02:07.082 [info] Getting sessions for user:email...
2024-01-17 13:02:07.082 [info] Got 1 sessions for user:email...
2024-01-17 13:02:07.651 [info] Getting sessions for user:email...
2024-01-17 13:02:07.651 [info] Got 1 sessions for user:email...
2024-01-17 13:02:07.656 [info] Getting sessions for user:email...
2024-01-17 13:02:07.656 [info] Got 1 sessions for user:email...
2024-01-17 13:02:07.671 [info] Getting sessions for all scopes...
2024-01-17 13:02:07.671 [info] Got 2 sessions for ...
2024-01-17 13:02:15.047 [info] Getting sessions for all scopes...
2024-01-17 13:02:15.047 [info] Got 2 sessions for ...
2024-01-17 13:02:16.331 [info] Getting sessions for project,read:org,read:user,repo,user:email,workflow...
2024-01-17 13:02:16.331 [info] Got 0 sessions for project,read:org,read:user,repo,user:email,workflow...
2024-01-17 13:02:16.561 [info] Getting sessions for read:user,repo,user:email,workflow...
2024-01-17 13:02:16.561 [info] Got 1 sessions for read:user,repo,user:email,workflow...
2024-01-17 13:02:19.066 [info] Getting sessions for read:user,repo,user:email...
2024-01-17 13:02:19.066 [info] Got 0 sessions for read:user,repo,user:email...
2024-01-17 13:02:19.318 [info] Getting sessions for read:user,repo,user:email,workflow...
2024-01-17 13:02:19.318 [info] Got 1 sessions for read:user,repo,user:email,workflow...
2024-01-17 13:02:20.243 [info] Getting sessions for read:user,repo,user:email,workflow...
2024-01-17 13:02:20.243 [info] Got 1 sessions for read:user,repo,user:email,workflow...
2024-01-17 13:02:20.274 [info] Getting sessions for all scopes...
2024-01-17 13:02:20.274 [info] Got 2 sessions for ...
2024-01-17 13:02:39.222 [info] Getting sessions for read:user,repo,user:email,workflow...
2024-01-17 13:02:39.222 [info] Got 1 sessions for read:user,repo,user:email,workflow...
