2024-01-17 13:02:10.449 [info] Nivel de registro: Info
2024-01-17 13:02:10.449 [info] La validación encontró GIT en: “git“
2024-01-17 13:02:10.449 [info] Usando GIT “2.43.0” desde “git”
2024-01-17 13:02:10.449 [info] > git rev-parse --show-toplevel [8ms]
2024-01-17 13:02:10.449 [info] > git rev-parse --git-dir --git-common-dir [4ms]
2024-01-17 13:02:10.449 [info] Open repository: /home/devdragon/.config
2024-01-17 13:02:10.466 [info] > git rev-parse --show-toplevel [20ms]
2024-01-17 13:02:10.466 [info] > git config --get commit.template [40ms]
2024-01-17 13:02:10.569 [info] > git rev-parse --show-toplevel [35ms]
2024-01-17 13:02:10.599 [info] > git for-each-ref --format=%(refname)%00%(upstream:short)%00%(objectname)%00%(upstream:track)%00%(upstream:remotename)%00%(upstream:remoteref) refs/heads/main refs/remotes/main [34ms]
2024-01-17 13:02:10.816 [warning] ENOENT: no such file or directory, open '/home/devdragon/.config/.git/refs/remotes/origin/main'
2024-01-17 13:02:10.825 [info] > git rev-parse --show-toplevel [228ms]
2024-01-17 13:02:10.850 [info] > git rev-parse refs/remotes/origin/main [34ms]
2024-01-17 13:02:12.261 [info] > git check-ignore -v -z --stdin [65ms]
2024-01-17 13:02:12.263 [info] > git rev-parse --show-toplevel [1415ms]
2024-01-17 13:02:12.264 [info] > git fetch [1862ms]
2024-01-17 13:02:14.430 [info] > git status -z -uall [3557ms] (cancelled)
2024-01-17 13:02:15.249 [info] > git config --get commit.template [825ms]
2024-01-17 13:02:15.249 [info] > git config --get commit.template [849ms]
2024-01-17 13:02:15.249 [info] > git rev-parse --show-toplevel [871ms]
2024-01-17 13:02:16.331 [info] > git rev-parse --show-toplevel [90ms]
2024-01-17 13:02:16.399 [info] > git for-each-ref --format=%(refname)%00%(upstream:short)%00%(objectname)%00%(upstream:track)%00%(upstream:remotename)%00%(upstream:remoteref) refs/heads/main refs/remotes/main [79ms]
2024-01-17 13:02:16.400 [info] > git for-each-ref --format=%(refname)%00%(upstream:short)%00%(objectname)%00%(upstream:track)%00%(upstream:remotename)%00%(upstream:remoteref) refs/heads/main refs/remotes/main [102ms]
2024-01-17 13:02:16.432 [warning] ENOENT: no such file or directory, open '/home/devdragon/.config/.git/refs/remotes/origin/main'
2024-01-17 13:02:16.454 [warning] ENOENT: no such file or directory, open '/home/devdragon/.config/.git/refs/remotes/origin/main'
2024-01-17 13:02:16.464 [info] > git rev-parse --show-toplevel [67ms]
2024-01-17 13:02:16.497 [info] > git rev-parse refs/remotes/origin/main [43ms]
2024-01-17 13:02:16.498 [info] > git rev-parse refs/remotes/origin/main [66ms]
2024-01-17 13:02:16.523 [info] > git rev-parse --show-toplevel [29ms]
2024-01-17 13:02:16.568 [info] > git rev-parse --show-toplevel [9ms]
2024-01-17 13:02:16.620 [info] > git rev-parse --show-toplevel [5ms]
2024-01-17 13:02:16.660 [info] > git rev-parse --show-toplevel [14ms]
2024-01-17 13:02:16.781 [info] > git rev-parse --show-toplevel [40ms]
2024-01-17 13:02:16.841 [info] > git rev-parse --show-toplevel [23ms]
2024-01-17 13:02:16.891 [info] > git rev-parse --show-toplevel [4ms]
2024-01-17 13:02:16.920 [info] > git rev-parse --show-toplevel [2ms]
2024-01-17 13:02:16.946 [info] > git rev-parse --show-toplevel [2ms]
2024-01-17 13:02:16.974 [info] > git rev-parse --show-toplevel [5ms]
2024-01-17 13:02:17.037 [info] > git rev-parse --show-toplevel [2ms]
2024-01-17 13:02:17.060 [info] > git rev-parse --show-toplevel [1ms]
2024-01-17 13:02:17.086 [info] > git rev-parse --show-toplevel [4ms]
2024-01-17 13:02:17.189 [info] > git rev-parse --show-toplevel [69ms]
2024-01-17 13:02:17.336 [info] > git rev-parse --show-toplevel [121ms]
2024-01-17 13:02:17.502 [info] > git rev-parse --show-toplevel [142ms]
2024-01-17 13:02:17.533 [info] > git status -z -uall [1012ms]
2024-01-17 13:02:19.066 [info] > git rev-parse --show-toplevel [1535ms]
2024-01-17 13:02:19.179 [info] > git rev-parse --show-toplevel [7ms]
2024-01-17 13:02:19.206 [info] > git rev-parse --show-toplevel [2ms]
2024-01-17 13:02:19.237 [info] > git rev-parse --show-toplevel [5ms]
2024-01-17 13:02:19.269 [info] > git rev-parse --show-toplevel [1ms]
2024-01-17 13:02:19.320 [info] > git merge-base refs/heads/main refs/remotes/origin/main [2ms]
2024-01-17 13:02:19.342 [info] > git rev-parse --show-toplevel [47ms]
2024-01-17 13:02:19.367 [info] > git rev-list --count --left-right refs/heads/main...refs/remotes/origin/main [26ms]
2024-01-17 13:02:19.406 [info] > git rev-parse --show-toplevel [39ms]
2024-01-17 13:02:19.431 [info] > git rev-parse --show-toplevel [2ms]
2024-01-17 13:02:19.455 [info] > git rev-parse --show-toplevel [1ms]
2024-01-17 13:02:19.483 [info] > git rev-parse --show-toplevel [1ms]
2024-01-17 13:02:19.554 [info] > git show --textconv :qtile/settings/groups.py [42ms]
2024-01-17 13:02:19.554 [info] > git ls-files --stage -- /home/devdragon/.config/qtile/settings/groups.py [9ms]
2024-01-17 13:02:19.580 [info] > git cat-file -s 1d76e719552339b0be487e8657d531fb472facbe [3ms]
2024-01-17 13:02:20.803 [info] > git config --local branch.main.github-pr-owner-number [130ms]
2024-01-17 13:02:20.827 [info] > git check-ignore -v -z --stdin [26ms]
2024-01-17 13:02:33.966 [info] > git -c user.useConfigOnly=true commit --quiet --allow-empty-message --file - [204ms]
2024-01-17 13:02:33.994 [info] > git config --get commit.template [1ms]
2024-01-17 13:02:34.046 [info] > git for-each-ref --format=%(refname)%00%(upstream:short)%00%(objectname)%00%(upstream:track)%00%(upstream:remotename)%00%(upstream:remoteref) refs/heads/main refs/remotes/main [1ms]
2024-01-17 13:02:34.047 [info] > git config --get commit.template [28ms]
2024-01-17 13:02:34.070 [warning] ENOENT: no such file or directory, open '/home/devdragon/.config/.git/refs/remotes/origin/main'
2024-01-17 13:02:34.072 [info] > git rev-parse refs/remotes/origin/main [1ms]
2024-01-17 13:02:34.134 [info] > git status -z -uall [39ms]
2024-01-17 13:02:35.355 [info] > git config --local branch.main.github-pr-owner-number [87ms]
2024-01-17 13:02:35.411 [info] > git merge-base refs/heads/main refs/remotes/origin/main [3ms]
2024-01-17 13:02:35.437 [info] > git config --get commit.template [86ms]
2024-01-17 13:02:35.445 [info] > git rev-list --count --left-right refs/heads/main...refs/remotes/origin/main [8ms]
2024-01-17 13:02:35.473 [info] > git for-each-ref --format=%(refname)%00%(upstream:short)%00%(objectname)%00%(upstream:track)%00%(upstream:remotename)%00%(upstream:remoteref) refs/heads/main refs/remotes/main [2ms]
2024-01-17 13:02:35.495 [warning] ENOENT: no such file or directory, open '/home/devdragon/.config/.git/refs/remotes/origin/main'
2024-01-17 13:02:35.498 [info] > git rev-parse refs/remotes/origin/main [2ms]
2024-01-17 13:02:35.591 [info] > git status -z -uall [51ms]
2024-01-17 13:02:36.132 [info] > git check-ignore -v -z --stdin [56ms]
2024-01-17 13:02:37.894 [info] > git log --oneline --cherry main...main@{upstream} -- [2ms]
2024-01-17 13:02:38.577 [info] > git pull --tags origin main [661ms]
2024-01-17 13:02:38.577 [info] From https://github.com/DevJhojan/space_files
 * branch            main       -> FETCH_HEAD
2024-01-17 13:02:42.766 [info] > git ls-files --stage -- /home/devdragon/.config/qtile/settings/groups.py [4ms]
2024-01-17 13:02:42.794 [info] > git cat-file -s 1d76e719552339b0be487e8657d531fb472facbe [4ms]
2024-01-17 13:02:42.825 [info] > git show --textconv :qtile/settings/groups.py [5ms]
2024-01-17 13:07:18.263 [info] > git config --local branch.main.github-pr-owner-number [548ms]
2024-01-17 13:08:19.198 [info] > git push origin main:main [340593ms]
2024-01-17 13:08:19.198 [info] error: RPC failed; HTTP 400 curl 92 HTTP/2 stream 7 was not closed cleanly: CANCEL (err 8)
send-pack: unexpected disconnect while reading sideband packet
fatal: the remote end hung up unexpectedly
Everything up-to-date
2024-01-17 13:08:19.315 [info] > git config --get commit.template [72ms]
2024-01-17 13:08:19.360 [info] > git for-each-ref --format=%(refname)%00%(upstream:short)%00%(objectname)%00%(upstream:track)%00%(upstream:remotename)%00%(upstream:remoteref) refs/heads/main refs/remotes/main [92ms]
2024-01-17 13:08:19.379 [warning] ENOENT: no such file or directory, open '/home/devdragon/.config/.git/refs/remotes/origin/main'
2024-01-17 13:08:19.380 [info] > git rev-parse refs/remotes/origin/main [1ms]
2024-01-17 13:08:32.694 [info] > git status -z -uall [13295ms]
2024-01-17 13:08:33.455 [info] > git check-ignore -v -z --stdin [11ms]
2024-01-17 13:12:18.556 [info] > git config --local branch.main.github-pr-owner-number [0ms]
2024-01-17 13:17:18.582 [info] > git config --local branch.main.github-pr-owner-number [1ms]
2024-01-17 13:22:18.604 [info] > git config --local branch.main.github-pr-owner-number [1ms]
2024-01-17 13:27:18.627 [info] > git config --local branch.main.github-pr-owner-number [1ms]
2024-01-17 13:32:18.654 [info] > git config --local branch.main.github-pr-owner-number [0ms]
2024-01-17 13:37:18.678 [info] > git config --local branch.main.github-pr-owner-number [1ms]
2024-01-17 13:42:18.706 [info] > git config --local branch.main.github-pr-owner-number [2ms]
2024-01-17 13:47:18.730 [info] > git config --local branch.main.github-pr-owner-number [2ms]
2024-01-17 13:52:18.900 [info] > git config --local branch.main.github-pr-owner-number [68ms]
2024-01-17 13:57:19.441 [info] > git config --local branch.main.github-pr-owner-number [321ms]
2024-01-17 14:02:19.893 [info] > git config --local branch.main.github-pr-owner-number [2ms]
2024-01-17 14:07:19.913 [info] > git config --local branch.main.github-pr-owner-number [1ms]
2024-01-17 14:12:19.935 [info] > git config --local branch.main.github-pr-owner-number [1ms]
2024-01-17 14:17:19.957 [info] > git config --local branch.main.github-pr-owner-number [2ms]
2024-01-17 14:19:04.224 [info] > git config --get commit.template [2ms]
2024-01-17 14:19:04.803 [info] > git for-each-ref --format=%(refname)%00%(upstream:short)%00%(objectname)%00%(upstream:track)%00%(upstream:remotename)%00%(upstream:remoteref) refs/heads/main refs/remotes/main [501ms]
2024-01-17 14:19:04.825 [warning] ENOENT: no such file or directory, open '/home/devdragon/.config/.git/refs/remotes/origin/main'
2024-01-17 14:19:04.826 [info] > git rev-parse refs/remotes/origin/main [1ms]
2024-01-17 14:19:07.157 [info] > git ls-files --stage -- /home/devdragon/.config/qtile/settings/groups.py [5ms]
2024-01-17 14:19:07.312 [info] > git cat-file -s 1d76e719552339b0be487e8657d531fb472facbe [133ms]
2024-01-17 14:19:07.344 [info] > git show --textconv :qtile/settings/groups.py [6ms]
2024-01-17 14:19:07.935 [info] > git fetch [3738ms]
2024-01-17 14:19:07.963 [info] > git status -z -uall [3116ms] (cancelled)
2024-01-17 14:19:07.964 [info] > git config --get commit.template [2ms]
2024-01-17 14:19:07.989 [info] > git for-each-ref --format=%(refname)%00%(upstream:short)%00%(objectname)%00%(upstream:track)%00%(upstream:remotename)%00%(upstream:remoteref) refs/heads/main refs/remotes/main [1ms]
2024-01-17 14:19:08.006 [warning] ENOENT: no such file or directory, open '/home/devdragon/.config/.git/refs/remotes/origin/main'
2024-01-17 14:19:08.007 [info] > git rev-parse refs/remotes/origin/main [1ms]
