2024-01-17 12:49:40.685 [warning] /home/devdragon/.ssh/config: ENOENT: no such file or directory, open '/home/devdragon/.ssh/config'
2024-01-17 12:49:40.685 [info] Activation> Extension version: 0.78.1
2024-01-17 12:49:40.829 [info] Looking for git repository
2024-01-17 12:49:40.829 [info] Found 0 repositories during activation
2024-01-17 12:49:40.829 [info] Git repository found, initializing review manager and pr tree view.
2024-01-17 12:49:40.832 [info] Registering git provider
2024-01-17 12:49:41.672 [info] Git initialization state changed: state=initialized
2024-01-17 12:49:41.672 [info] Review+0> Validate state in progress
2024-01-17 12:49:41.672 [info] Review+0> Validating state...
2024-01-17 12:49:41.810 [info] Review+0> Queuing additional validate state
2024-01-17 12:49:41.811 [info] Repo state for file:///home/devdragon/.config changed.
2024-01-17 12:49:41.811 [info] Repo file:///home/devdragon/.config has already been setup.
2024-01-17 12:49:42.702 [info] Found GitHub remote for folder /home/devdragon/.config
2024-01-17 12:49:44.201 [info] Trying to use globalState for assignableUsers.
2024-01-17 12:49:44.381 [info] Review+0> No matching pull request metadata found locally for current branch main
2024-01-17 12:49:44.403 [info] Using globalState assignableUsers for 1.
2024-01-17 12:49:45.834 [info] Review+0> No matching pull request metadata found on GitHub for current branch main
2024-01-17 12:49:45.863 [info] Review+0> Validating state...
2024-01-17 12:49:45.889 [info] Found GitHub remote for folder /home/devdragon/.config
2024-01-17 12:49:45.890 [info] Using in-memory cached assignable users.
2024-01-17 12:49:45.958 [info] Review+0> No matching pull request metadata found locally for current branch main
2024-01-17 12:49:46.373 [info] Review+0> No matching pull request metadata found on GitHub for current branch main
2024-01-17 12:50:12.620 [warning] /home/devdragon/.ssh/config: ENOENT: no such file or directory, open '/home/devdragon/.ssh/config'
2024-01-17 12:50:12.620 [info] Activation> Extension version: 0.78.1
2024-01-17 12:50:13.154 [info] Looking for git repository
2024-01-17 12:50:13.154 [info] Found 0 repositories during activation
2024-01-17 12:50:13.154 [info] Git repository found, initializing review manager and pr tree view.
2024-01-17 12:50:13.160 [info] Registering git provider
2024-01-17 12:50:14.072 [info] Repo state for file:///home/devdragon/.config changed.
2024-01-17 12:50:14.072 [info] Repo file:///home/devdragon/.config has already been setup.
2024-01-17 12:50:15.519 [info] Git initialization state changed: state=initialized
2024-01-17 12:50:15.520 [info] Review+0> Validate state in progress
2024-01-17 12:50:15.520 [info] Review+0> Validating state...
2024-01-17 12:50:16.294 [info] Found GitHub remote for folder /home/devdragon/.config
2024-01-17 12:50:16.881 [info] Trying to use globalState for assignableUsers.
2024-01-17 12:50:17.142 [info] Review+0> No matching pull request metadata found locally for current branch main
2024-01-17 12:50:19.498 [info] Using globalState assignableUsers for 1.
2024-01-17 12:50:19.686 [info] Review+0> No matching pull request metadata found on GitHub for current branch main
