[1705352532430] INFO  (ext): SQLTools is starting
[1705352532433] INFO  (ext): initializing language client...
[1705352532435] INFO  (ext): Registering client for languages [{"scheme":"sqltools"},{"language":"sql","scheme":"untitled"},{"language":"sql","scheme":"file"},{"language":"sql","scheme":"sqltools"}]
    ns: "lc"
[1705352532437] INFO  (ext): loading plugins...
[1705352532437] INFO  (ext): registering Formatter Plugin.
    plugin: {
      "name": "Formatter Plugin"
    }
[1705352532439] INFO  (ext): registering Connection Manager Plugin.
    plugin: {
      "name": "Connection Manager Plugin"
    }
[1705352532439] INFO  (ext): registering CodeLens Plugin.
    plugin: {
      "name": "CodeLens Plugin",
      "registeredLanguages": []
    }
[1705352532441] INFO  (ext): registering Dependency Manager Plugin.
    plugin: {
      "name": "Dependency Manager Plugin",
      "installingDrivers": []
    }
[1705352532446] INFO  (ext): Connection explorer changed. Will be updated.
    ns: "conn-man:explorer"
[1705352532446] INFO  (ext): registering History Manager Plugin.
    plugin: {
      "name": "History Manager Plugin"
    }
[1705352532447] INFO  (ext): registering Bookmarks Manager Plugin.
    plugin: {
      "name": "Bookmarks Manager Plugin"
    }
[1705352532448] INFO  (ext): registering Authentication Provider Plugin.
    plugin: {
      "name": "Authentication Provider Plugin",
      "isRegistered": false
    }
[1705352532448] INFO  (ext): registering Object Drop-in Provider (plugin).
    plugin: {
      "type": "plugin",
      "name": "Object Drop-in Provider",
      "isRegistered": false
    }
[1705352532450] INFO  (ext): SQLTools activation completed. 18.354131 ms
[1705352532450] INFO  (ext): Formatter Plugin registered!
[1705352532451] INFO  (ext): CodeLens Plugin registered!
[1705352532451] INFO  (ext): Dependency Manager Plugin registered!
[1705352532451] INFO  (ext): Connection Manager Plugin registered!
[1705352532452] INFO  (ext): History Manager Plugin registered!
[1705352532452] INFO  (ext): Bookmarks Manager Plugin registered!
[1705352532452] INFO  (ext): Authentication Provider Plugin registered!
[1705352532452] INFO  (ext): Object Drop-in Provider (plugin) registered!
[1705352533487] INFO  (ext): EXECUTING COMMAND => sqltools.refreshTree
[1705352533487] INFO  (ext): Connection explorer changed. Will be updated.
    ns: "conn-man:explorer"
[1705352533581] INFO  (ext): Connection explorer changed. Will be updated.
    ns: "conn-man:explorer"
[1705352533608] INFO  (ls): SQLTools Server started!
===============================
Using node runtime?: no
ExecPath: /opt/visual-studio-code/code 
===============================
[1705352533627] INFO  (ext): LanguageClient ready
    ns: "lc"
[1705352533626] INFO  (ls): Initialized with node version:v18.15.0
[1705352534082] INFO  (ext): Connection explorer changed. Will be updated.
    ns: "conn-man:explorer"
[1705352534530] INFO  (ext): Connection explorer changed. Will be updated.
    ns: "conn-man:explorer"
[1705352536152] INFO  (ext): Connection explorer changed. Will be updated.
    ns: "conn-man:explorer"
[1705352539197] INFO  (ext): Connection explorer changed. Will be updated.
    ns: "conn-man:explorer"
[1705352539246] INFO  (ext): Connection explorer changed. Will be updated.
    ns: "conn-man:explorer"
[1705352539375] INFO  (ext): Connection explorer changed. Will be updated.
    ns: "conn-man:explorer"
[1705352539463] INFO  (ext): Connection explorer changed. Will be updated.
    ns: "conn-man:explorer"
[1705352578440] INFO  (ext): Connection explorer changed. Will be updated.
    ns: "conn-man:explorer"
[1705355822422] INFO  (ext): Connection explorer changed. Will be updated.
    ns: "conn-man:explorer"
[1705355851952] INFO  (ext): Connection explorer changed. Will be updated.
    ns: "conn-man:explorer"
[1705356123521] INFO  (ext): Connection explorer changed. Will be updated.
    ns: "conn-man:explorer"
