16:02:17 GMT-0500 (Colombia Standard Time) [INFO]: spawning binary with command: /home/devdragon/.config/Code/User/globalStorage/tabnine.tabnine-vscode/binaries/4.75.0/x86_64-unknown-linux-musl/TabNine args: --tls_config insecure=false --no-lsp=true --client=vscode --client-metadata clientVersion=1.85.1 pluginVersion=3.60.0 t9-vscode-AutoImportEnabled=true t9-vscode-TSAutoImportEnabled=true t9-vscode-JSAutoImportEnabled=true vscode-telemetry-enabled=true vscode-remote=false vscode-extension-kind=1 vscode-theme-name=Dark Red vscode-theme-kind=Dark vscode-machine-id=e59b11f8498651854345bd2ff491bcecd04acb309df1729fd283539cb51b9193 vscode-is-new-app-install=false vscode-session-id=acd12add-d533-49fe-9abc-a7a45047c8251705352527026 vscode-language=es vscode-app-name=Visual Studio Code vscode-beta-channel-enabled=false vscode-status-customization=unknown vscode-inline-api-enabled=true vscode-code-lens-enabled=true vscode-found-intellicode=false ide-restart-counter=0 

16:02:17 GMT-0500 (Colombia Standard Time) [DEBUG]: capabilities resolved immediately 

16:02:20 GMT-0500 (Colombia Standard Time) [DEBUG]: Updating root paths for project FastApliLearn: ["/home/devdragon/workspace/python/FastApliLearn"] 

16:02:31 GMT-0500 (Colombia Standard Time) [ERROR]: Error: Binary request timed out. {"SetState":{"state_type":{"StatusShown":{"id":"see-tabnine-insights_2024-01-15 21:02:17.739872317 UTC","text":"See Tabnine Insights 游눩","notification_type":"System","state":null}}}} 

16:02:50 GMT-0500 (Colombia Standard Time) [DEBUG]: Updating root paths for project FastApliLearn: ["/home/devdragon/workspace/python/FastApliLearn"] 

16:02:51 GMT-0500 (Colombia Standard Time) [ERROR]: Error: Binary request timed out. {"Features":{}} 

16:02:51 GMT-0500 (Colombia Standard Time) [ERROR]: Error: Could not get enabled capabilities 

16:02:52 GMT-0500 (Colombia Standard Time) [ERROR]: Error: Binary request timed out. {"State":{}} 

16:02:53 GMT-0500 (Colombia Standard Time) [ERROR]: Error: Binary request timed out. {"Notifications":{}} 

16:02:54 GMT-0500 (Colombia Standard Time) [ERROR]: Error: Binary request timed out. {"StatusBar":{}} 

16:03:14 GMT-0500 (Colombia Standard Time) [ERROR]: Error: Binary request timed out. {"Features":{}} 

16:03:14 GMT-0500 (Colombia Standard Time) [ERROR]: Error: Could not get enabled capabilities 

16:03:15 GMT-0500 (Colombia Standard Time) [ERROR]: Error: Binary request timed out. {"Workspace":{"root_paths":["/home/devdragon/workspace/python/FastApliLearn"]}} 

16:03:16 GMT-0500 (Colombia Standard Time) [ERROR]: Error: Binary request timed out. {"Notifications":{}} 

16:03:17 GMT-0500 (Colombia Standard Time) [ERROR]: Error: Binary request timed out. {"StatusBar":{}} 

16:03:20 GMT-0500 (Colombia Standard Time) [DEBUG]: Updating root paths for project FastApliLearn: ["/home/devdragon/workspace/python/FastApliLearn"] 

16:03:37 GMT-0500 (Colombia Standard Time) [ERROR]: Error: Binary request timed out. {"Features":{}} 

16:03:37 GMT-0500 (Colombia Standard Time) [ERROR]: Error: Could not get enabled capabilities 

16:03:38 GMT-0500 (Colombia Standard Time) [ERROR]: Error: Binary request timed out. {"State":{}} 

16:03:39 GMT-0500 (Colombia Standard Time) [ERROR]: Error: Binary request timed out. {"Event":{"name":"active_text_editor_changed","properties":{"isDirty":"false"}}} 

16:03:40 GMT-0500 (Colombia Standard Time) [ERROR]: Error: Binary request timed out. {"Prefetch":{"filename":"/home/devdragon/workspace/python/FastApliLearn/conect_data_base/client.py"}} 

16:03:41 GMT-0500 (Colombia Standard Time) [ERROR]: Error: Binary request timed out. {"Notifications":{}} 

16:03:42 GMT-0500 (Colombia Standard Time) [ERROR]: Error: Binary request timed out. {"StatusBar":{}} 

16:03:50 GMT-0500 (Colombia Standard Time) [DEBUG]: Updating root paths for project FastApliLearn: ["/home/devdragon/workspace/python/FastApliLearn"] 

16:04:02 GMT-0500 (Colombia Standard Time) [ERROR]: Error: Binary request timed out. {"Features":{}} 

16:04:02 GMT-0500 (Colombia Standard Time) [ERROR]: Error: Could not get enabled capabilities 

16:04:03 GMT-0500 (Colombia Standard Time) [ERROR]: Error: Binary request timed out. {"Notifications":{}} 

16:04:04 GMT-0500 (Colombia Standard Time) [ERROR]: Error: Binary request timed out. {"StatusBar":{}} 

16:04:20 GMT-0500 (Colombia Standard Time) [DEBUG]: Updating root paths for project FastApliLearn: ["/home/devdragon/workspace/python/FastApliLearn"] 

16:04:24 GMT-0500 (Colombia Standard Time) [ERROR]: Error: Binary request timed out. {"Features":{}} 

16:04:24 GMT-0500 (Colombia Standard Time) [ERROR]: Error: Could not get enabled capabilities 

16:04:25 GMT-0500 (Colombia Standard Time) [ERROR]: Error: Binary request timed out. {"Autocomplete":{"filename":"/home/devdragon/workspace/python/FastApliLearn/conect_data_base/client.py","before":"from pymongo import MongoClient\n\ndb_clien: MongoClient\n\ntry:\n  db_clien =  MongoClient('mongodb://localhost:27017/')\n  #","after":"\nexcept:\n  pass","region_includes_beginning":true,"region_includes_end":true,"max_num_results":5,"offset":120,"line":6,"character":3,"indentation_size":2}} 

16:04:26 GMT-0500 (Colombia Standard Time) [ERROR]: Error: Binary request timed out. {"Workspace":{"root_paths":["/home/devdragon/workspace/python/FastApliLearn"]}} 

16:04:26 GMT-0500 (Colombia Standard Time) [WARN]: Binary not returning results, it is being restarted. 

16:04:28 GMT-0500 (Colombia Standard Time) [INFO]: spawning binary with command: /home/devdragon/.config/Code/User/globalStorage/tabnine.tabnine-vscode/binaries/4.75.0/x86_64-unknown-linux-musl/TabNine args: --tls_config insecure=false --no-lsp=true --client=vscode --client-metadata clientVersion=1.85.1 pluginVersion=3.60.0 t9-vscode-AutoImportEnabled=true t9-vscode-TSAutoImportEnabled=true t9-vscode-JSAutoImportEnabled=true vscode-telemetry-enabled=true vscode-remote=false vscode-extension-kind=1 vscode-theme-name=Dark Red vscode-theme-kind=Dark vscode-machine-id=e59b11f8498651854345bd2ff491bcecd04acb309df1729fd283539cb51b9193 vscode-is-new-app-install=false vscode-session-id=acd12add-d533-49fe-9abc-a7a45047c8251705352527026 vscode-language=es vscode-app-name=Visual Studio Code vscode-beta-channel-enabled=false vscode-status-customization=unknown vscode-inline-api-enabled=true vscode-code-lens-enabled=true vscode-found-intellicode=true ide-restart-counter=1 

16:04:29 GMT-0500 (Colombia Standard Time) [ERROR]: Error: Binary request timed out. {"Notifications":{}} 

16:04:29 GMT-0500 (Colombia Standard Time) [WARN]: Binary not returning results, it is being restarted. 

16:04:33 GMT-0500 (Colombia Standard Time) [INFO]: spawning binary with command: /home/devdragon/.config/Code/User/globalStorage/tabnine.tabnine-vscode/binaries/4.75.0/x86_64-unknown-linux-musl/TabNine args: --tls_config insecure=false --no-lsp=true --client=vscode --client-metadata clientVersion=1.85.1 pluginVersion=3.60.0 t9-vscode-AutoImportEnabled=true t9-vscode-TSAutoImportEnabled=true t9-vscode-JSAutoImportEnabled=true vscode-telemetry-enabled=true vscode-remote=false vscode-extension-kind=1 vscode-theme-name=Dark Red vscode-theme-kind=Dark vscode-machine-id=e59b11f8498651854345bd2ff491bcecd04acb309df1729fd283539cb51b9193 vscode-is-new-app-install=false vscode-session-id=acd12add-d533-49fe-9abc-a7a45047c8251705352527026 vscode-language=es vscode-app-name=Visual Studio Code vscode-beta-channel-enabled=false vscode-status-customization=unknown vscode-inline-api-enabled=true vscode-code-lens-enabled=true vscode-found-intellicode=true ide-restart-counter=2 

16:04:34 GMT-0500 (Colombia Standard Time) [ERROR]: Error: Binary request timed out. {"StatusBar":{}} 

16:04:34 GMT-0500 (Colombia Standard Time) [WARN]: Binary not returning results, it is being restarted. 

16:04:42 GMT-0500 (Colombia Standard Time) [INFO]: spawning binary with command: /home/devdragon/.config/Code/User/globalStorage/tabnine.tabnine-vscode/binaries/4.75.0/x86_64-unknown-linux-musl/TabNine args: --tls_config insecure=false --no-lsp=true --client=vscode --client-metadata clientVersion=1.85.1 pluginVersion=3.60.0 t9-vscode-AutoImportEnabled=true t9-vscode-TSAutoImportEnabled=true t9-vscode-JSAutoImportEnabled=true vscode-telemetry-enabled=true vscode-remote=false vscode-extension-kind=1 vscode-theme-name=Dark Red vscode-theme-kind=Dark vscode-machine-id=e59b11f8498651854345bd2ff491bcecd04acb309df1729fd283539cb51b9193 vscode-is-new-app-install=false vscode-session-id=acd12add-d533-49fe-9abc-a7a45047c8251705352527026 vscode-language=es vscode-app-name=Visual Studio Code vscode-beta-channel-enabled=false vscode-status-customization=unknown vscode-inline-api-enabled=true vscode-code-lens-enabled=true vscode-found-intellicode=true ide-restart-counter=3 

16:04:46 GMT-0500 (Colombia Standard Time) [ERROR]: Error: Binary request timed out. {"Autocomplete":{"filename":"/home/devdragon/workspace/python/FastApliLearn/conect_data_base/client.py","before":"from pymongo import MongoClient\n\ndb_clien: MongoClient\n\ntry:\n  db_clien =  MongoClient('mongodb://localhost:27017/')\n  #tambiem ","after":"\nexcept:\n  pass","region_includes_beginning":true,"region_includes_end":true,"max_num_results":5,"offset":128,"line":6,"character":11,"indentation_size":2}} 

16:04:47 GMT-0500 (Colombia Standard Time) [ERROR]: Error: Binary request timed out. {"Autocomplete":{"filename":"/home/devdragon/workspace/python/FastApliLearn/conect_data_base/client.py","before":"from pymongo import MongoClient\n\ndb_clien: MongoClient\n\ntry:\n  db_clien =  MongoClient('mongodb://localhost:27017/')\n  #tambiem funciona ","after":"\nexcept:\n  pass","region_includes_beginning":true,"region_includes_end":true,"max_num_results":5,"offset":137,"line":6,"character":20,"indentation_size":2}} 

16:04:50 GMT-0500 (Colombia Standard Time) [DEBUG]: Updating root paths for project FastApliLearn: ["/home/devdragon/workspace/python/FastApliLearn"] 

16:04:58 GMT-0500 (Colombia Standard Time) [ERROR]: Error: Binary request timed out. {"SetState":{"state_type":{"StatusShown":{"id":"see-tabnine-insights_2024-01-15 21:04:43.590972047 UTC","text":"See Tabnine Insights 游눩","notification_type":"System","state":null}}}} 

16:05:20 GMT-0500 (Colombia Standard Time) [DEBUG]: Updating root paths for project FastApliLearn: ["/home/devdragon/workspace/python/FastApliLearn"] 

16:05:50 GMT-0500 (Colombia Standard Time) [DEBUG]: Updating root paths for project FastApliLearn: ["/home/devdragon/workspace/python/FastApliLearn"] 

16:06:20 GMT-0500 (Colombia Standard Time) [DEBUG]: Updating root paths for project FastApliLearn: ["/home/devdragon/workspace/python/FastApliLearn"] 

16:06:50 GMT-0500 (Colombia Standard Time) [DEBUG]: Updating root paths for project FastApliLearn: ["/home/devdragon/workspace/python/FastApliLearn"] 

16:07:20 GMT-0500 (Colombia Standard Time) [DEBUG]: Updating root paths for project FastApliLearn: ["/home/devdragon/workspace/python/FastApliLearn"] 

16:07:50 GMT-0500 (Colombia Standard Time) [DEBUG]: Updating root paths for project FastApliLearn: ["/home/devdragon/workspace/python/FastApliLearn"] 

16:08:20 GMT-0500 (Colombia Standard Time) [DEBUG]: Updating root paths for project FastApliLearn: ["/home/devdragon/workspace/python/FastApliLearn"] 

16:08:50 GMT-0500 (Colombia Standard Time) [DEBUG]: Updating root paths for project FastApliLearn: ["/home/devdragon/workspace/python/FastApliLearn"] 

16:09:20 GMT-0500 (Colombia Standard Time) [DEBUG]: Updating root paths for project FastApliLearn: ["/home/devdragon/workspace/python/FastApliLearn"] 

16:09:50 GMT-0500 (Colombia Standard Time) [DEBUG]: Updating root paths for project FastApliLearn: ["/home/devdragon/workspace/python/FastApliLearn"] 

16:10:20 GMT-0500 (Colombia Standard Time) [DEBUG]: Updating root paths for project FastApliLearn: ["/home/devdragon/workspace/python/FastApliLearn"] 

16:10:50 GMT-0500 (Colombia Standard Time) [DEBUG]: Updating root paths for project FastApliLearn: ["/home/devdragon/workspace/python/FastApliLearn"] 

16:11:20 GMT-0500 (Colombia Standard Time) [DEBUG]: Updating root paths for project FastApliLearn: ["/home/devdragon/workspace/python/FastApliLearn"] 

16:11:50 GMT-0500 (Colombia Standard Time) [DEBUG]: Updating root paths for project FastApliLearn: ["/home/devdragon/workspace/python/FastApliLearn"] 

16:12:20 GMT-0500 (Colombia Standard Time) [DEBUG]: Updating root paths for project FastApliLearn: ["/home/devdragon/workspace/python/FastApliLearn"] 

16:12:50 GMT-0500 (Colombia Standard Time) [DEBUG]: Updating root paths for project FastApliLearn: ["/home/devdragon/workspace/python/FastApliLearn"] 

16:13:20 GMT-0500 (Colombia Standard Time) [DEBUG]: Updating root paths for project FastApliLearn: ["/home/devdragon/workspace/python/FastApliLearn"] 

16:13:50 GMT-0500 (Colombia Standard Time) [DEBUG]: Updating root paths for project FastApliLearn: ["/home/devdragon/workspace/python/FastApliLearn"] 

16:14:20 GMT-0500 (Colombia Standard Time) [DEBUG]: Updating root paths for project FastApliLearn: ["/home/devdragon/workspace/python/FastApliLearn"] 

16:14:50 GMT-0500 (Colombia Standard Time) [DEBUG]: Updating root paths for project FastApliLearn: ["/home/devdragon/workspace/python/FastApliLearn"] 

16:15:20 GMT-0500 (Colombia Standard Time) [DEBUG]: Updating root paths for project FastApliLearn: ["/home/devdragon/workspace/python/FastApliLearn"] 

16:15:50 GMT-0500 (Colombia Standard Time) [DEBUG]: Updating root paths for project FastApliLearn: ["/home/devdragon/workspace/python/FastApliLearn"] 

16:16:20 GMT-0500 (Colombia Standard Time) [DEBUG]: Updating root paths for project FastApliLearn: ["/home/devdragon/workspace/python/FastApliLearn"] 

16:16:50 GMT-0500 (Colombia Standard Time) [DEBUG]: Updating root paths for project FastApliLearn: ["/home/devdragon/workspace/python/FastApliLearn"] 

16:17:20 GMT-0500 (Colombia Standard Time) [DEBUG]: Updating root paths for project FastApliLearn: ["/home/devdragon/workspace/python/FastApliLearn"] 

16:17:50 GMT-0500 (Colombia Standard Time) [DEBUG]: Updating root paths for project FastApliLearn: ["/home/devdragon/workspace/python/FastApliLearn"] 

16:18:20 GMT-0500 (Colombia Standard Time) [DEBUG]: Updating root paths for project FastApliLearn: ["/home/devdragon/workspace/python/FastApliLearn"] 

16:18:50 GMT-0500 (Colombia Standard Time) [DEBUG]: Updating root paths for project FastApliLearn: ["/home/devdragon/workspace/python/FastApliLearn"] 

16:19:20 GMT-0500 (Colombia Standard Time) [DEBUG]: Updating root paths for project FastApliLearn: ["/home/devdragon/workspace/python/FastApliLearn"] 

16:19:41 GMT-0500 (Colombia Standard Time) [ERROR]: Error: Binary request timed out. {"Autocomplete":{"filename":"/home/devdragon/workspace/python/FastApliLearn/conect_data_base/client.py","before":"from pymongo import MongoClient\n\ndb_clien: MongoClient\n\ntry:\n  db_clien =  MongoClient('mongodb://localhost:27017/')\n  #tambiem funciona este\n  #db_clien =  MongoClient('mongodb://localhost:27017/').local # ahora se eliminan todos los ficheros que tengan local\n  ","after":"\nexcept:\n  pass","region_includes_beginning":true,"region_includes_end":true,"max_num_results":5,"offset":263,"line":8,"character":2,"indentation_size":2,"cached_only":true}} 

16:19:43 GMT-0500 (Colombia Standard Time) [ERROR]: Error: Binary request timed out. {"Autocomplete":{"filename":"/home/devdragon/workspace/python/FastApliLearn/conect_data_base/client.py","before":"from pymongo import MongoClient\n\ndb_clien: MongoClient\n\ntry:\n  db_clien =  MongoClient('mongodb://localhost:27017/')\n  #tambiem funciona este\n  #db_clien =  MongoClient('mongodb://localhost:27017/').local # ahora se eliminan todos los ficheros que tengan local\n  ","after":"\nexcept:\n  pass","region_includes_beginning":true,"region_includes_end":true,"max_num_results":5,"offset":263,"line":8,"character":2,"indentation_size":2,"cached_only":true}} 

16:19:44 GMT-0500 (Colombia Standard Time) [ERROR]: Error: Binary request timed out. {"Autocomplete":{"filename":"/home/devdragon/workspace/python/FastApliLearn/conect_data_base/client.py","before":"from pymongo import MongoClient\n\ndb_clien: MongoClient\n\ntry:\n  db_clien =  MongoClient('mongodb://localhost:27017/')\n  #tambiem funciona este\n  #db_clien =  MongoClient('mongodb://localhost:27017/').local # ahora se eliminan todos los ficheros que tengan local\n  #","after":"\nexcept:\n  pass","region_includes_beginning":true,"region_includes_end":true,"max_num_results":5,"offset":264,"line":8,"character":3,"indentation_size":2}} 

16:19:45 GMT-0500 (Colombia Standard Time) [ERROR]: Error: Binary request timed out. {"Autocomplete":{"filename":"/home/devdragon/workspace/python/FastApliLearn/conect_data_base/client.py","before":"from pymongo import MongoClient\n\ndb_clien: MongoClient\n\ntry:\n  db_clien =  MongoClient('mongodb://localhost:27017/')\n  #tambiem funciona este\n  #db_clien =  MongoClient('mongodb://localhost:27017/').local # ahora se eliminan todos los ficheros que tengan local\n  # ","after":"\nexcept:\n  pass","region_includes_beginning":true,"region_includes_end":true,"max_num_results":5,"offset":265,"line":8,"character":4,"indentation_size":2}} 

16:19:50 GMT-0500 (Colombia Standard Time) [DEBUG]: Updating root paths for project FastApliLearn: ["/home/devdragon/workspace/python/FastApliLearn"] 

16:20:20 GMT-0500 (Colombia Standard Time) [DEBUG]: Updating root paths for project FastApliLearn: ["/home/devdragon/workspace/python/FastApliLearn"] 

16:20:50 GMT-0500 (Colombia Standard Time) [DEBUG]: Updating root paths for project FastApliLearn: ["/home/devdragon/workspace/python/FastApliLearn"] 

16:21:20 GMT-0500 (Colombia Standard Time) [DEBUG]: Updating root paths for project FastApliLearn: ["/home/devdragon/workspace/python/FastApliLearn"] 

16:21:50 GMT-0500 (Colombia Standard Time) [DEBUG]: Updating root paths for project FastApliLearn: ["/home/devdragon/workspace/python/FastApliLearn"] 

16:22:20 GMT-0500 (Colombia Standard Time) [DEBUG]: Updating root paths for project FastApliLearn: ["/home/devdragon/workspace/python/FastApliLearn"] 

16:22:50 GMT-0500 (Colombia Standard Time) [DEBUG]: Updating root paths for project FastApliLearn: ["/home/devdragon/workspace/python/FastApliLearn"] 

16:23:16 GMT-0500 (Colombia Standard Time) [ERROR]: Error: Binary request timed out. {"Autocomplete":{"filename":"/home/devdragon/workspace/python/FastApliLearn/conect_data_base/client.py","before":"from pymongo import MongoClient\n\ndb_clien: MongoClient\n\ntry:\n  db_clien =  MongoClient('mongodb://localhost:27017/')\n  #tambiem funciona este\n  #db_clien =  MongoClient('mongodb://localhost:27017/').local # ahora se eliminan todos los ficheros que tengan local\n  # code database in the nube hP9HBMYa492aYZ1i\n  # pa","after":"\nexcept:\n  pass","region_includes_beginning":true,"region_includes_end":true,"max_num_results":5,"offset":314,"line":9,"character":6,"indentation_size":2}} 

16:23:17 GMT-0500 (Colombia Standard Time) [ERROR]: Error: Binary request timed out. {"Autocomplete":{"filename":"/home/devdragon/workspace/python/FastApliLearn/conect_data_base/client.py","before":"from pymongo import MongoClient\n\ndb_clien: MongoClient\n\ntry:\n  db_clien =  MongoClient('mongodb://localhost:27017/')\n  #tambiem funciona este\n  #db_clien =  MongoClient('mongodb://localhost:27017/').local # ahora se eliminan todos los ficheros que tengan local\n  # code database in the nube hP9HBMYa492aYZ1i\n  # pas","after":"\nexcept:\n  pass","region_includes_beginning":true,"region_includes_end":true,"max_num_results":5,"offset":315,"line":9,"character":7,"indentation_size":2}} 

16:23:20 GMT-0500 (Colombia Standard Time) [ERROR]: Error: Binary request timed out. {"Autocomplete":{"filename":"/home/devdragon/workspace/python/FastApliLearn/conect_data_base/client.py","before":"from pymongo import MongoClient\n\ndb_clien: MongoClient\n\ntry:\n  db_clien =  MongoClient('mongodb://localhost:27017/')\n  #tambiem funciona este\n  #db_clien =  MongoClient('mongodb://localhost:27017/').local # ahora se eliminan todos los ficheros que tengan local\n  # code database in the nube hP9HBMYa492aYZ1i\n  # passwo","after":"\nexcept:\n  pass","region_includes_beginning":true,"region_includes_end":true,"max_num_results":5,"offset":318,"line":9,"character":10,"indentation_size":2}} 

16:23:20 GMT-0500 (Colombia Standard Time) [DEBUG]: Updating root paths for project FastApliLearn: ["/home/devdragon/workspace/python/FastApliLearn"] 

16:23:21 GMT-0500 (Colombia Standard Time) [ERROR]: Error: Binary request timed out. {"Autocomplete":{"filename":"/home/devdragon/workspace/python/FastApliLearn/conect_data_base/client.py","before":"from pymongo import MongoClient\n\ndb_clien: MongoClient\n\ntry:\n  db_clien =  MongoClient('mongodb://localhost:27017/')\n  #tambiem funciona este\n  #db_clien =  MongoClient('mongodb://localhost:27017/').local # ahora se eliminan todos los ficheros que tengan local\n  # code database in the nube hP9HBMYa492aYZ1i\n  # passwor","after":"\nexcept:\n  pass","region_includes_beginning":true,"region_includes_end":true,"max_num_results":5,"offset":319,"line":9,"character":11,"indentation_size":2}} 

16:23:22 GMT-0500 (Colombia Standard Time) [ERROR]: Error: Binary request timed out. {"Autocomplete":{"filename":"/home/devdragon/workspace/python/FastApliLearn/conect_data_base/client.py","before":"from pymongo import MongoClient\n\ndb_clien: MongoClient\n\ntry:\n  db_clien =  MongoClient('mongodb://localhost:27017/')\n  #tambiem funciona este\n  #db_clien =  MongoClient('mongodb://localhost:27017/').local # ahora se eliminan todos los ficheros que tengan local\n  # code database in the nube hP9HBMYa492aYZ1i\n  # password","after":"\nexcept:\n  pass","region_includes_beginning":true,"region_includes_end":true,"max_num_results":5,"offset":320,"line":9,"character":12,"indentation_size":2}} 

16:23:23 GMT-0500 (Colombia Standard Time) [ERROR]: Error: Binary request timed out. {"State":{}} 

16:23:24 GMT-0500 (Colombia Standard Time) [ERROR]: Error: Binary request timed out. {"Autocomplete":{"filename":"/home/devdragon/workspace/python/FastApliLearn/conect_data_base/client.py","before":"from pymongo import MongoClient\n\ndb_clien: MongoClient\n\ntry:\n  db_clien =  MongoClient('mongodb://localhost:27017/')\n  #tambiem funciona este\n  #db_clien =  MongoClient('mongodb://localhost:27017/').local # ahora se eliminan todos los ficheros que tengan local\n  # code database in the nube hP9HBMYa492aYZ1i\n  # password ","after":"\nexcept:\n  pass","region_includes_beginning":true,"region_includes_end":true,"max_num_results":5,"offset":321,"line":9,"character":13,"indentation_size":2}} 

16:23:50 GMT-0500 (Colombia Standard Time) [DEBUG]: Updating root paths for project FastApliLearn: ["/home/devdragon/workspace/python/FastApliLearn"] 

16:24:20 GMT-0500 (Colombia Standard Time) [DEBUG]: Updating root paths for project FastApliLearn: ["/home/devdragon/workspace/python/FastApliLearn"] 

16:24:50 GMT-0500 (Colombia Standard Time) [DEBUG]: Updating root paths for project FastApliLearn: ["/home/devdragon/workspace/python/FastApliLearn"] 

16:25:20 GMT-0500 (Colombia Standard Time) [DEBUG]: Updating root paths for project FastApliLearn: ["/home/devdragon/workspace/python/FastApliLearn"] 

16:25:50 GMT-0500 (Colombia Standard Time) [DEBUG]: Updating root paths for project FastApliLearn: ["/home/devdragon/workspace/python/FastApliLearn"] 

16:26:20 GMT-0500 (Colombia Standard Time) [DEBUG]: Updating root paths for project FastApliLearn: ["/home/devdragon/workspace/python/FastApliLearn"] 

16:26:50 GMT-0500 (Colombia Standard Time) [DEBUG]: Updating root paths for project FastApliLearn: ["/home/devdragon/workspace/python/FastApliLearn"] 

16:27:20 GMT-0500 (Colombia Standard Time) [DEBUG]: Updating root paths for project FastApliLearn: ["/home/devdragon/workspace/python/FastApliLearn"] 

16:27:50 GMT-0500 (Colombia Standard Time) [DEBUG]: Updating root paths for project FastApliLearn: ["/home/devdragon/workspace/python/FastApliLearn"] 

16:28:20 GMT-0500 (Colombia Standard Time) [DEBUG]: Updating root paths for project FastApliLearn: ["/home/devdragon/workspace/python/FastApliLearn"] 

16:28:50 GMT-0500 (Colombia Standard Time) [DEBUG]: Updating root paths for project FastApliLearn: ["/home/devdragon/workspace/python/FastApliLearn"] 

16:29:20 GMT-0500 (Colombia Standard Time) [DEBUG]: Updating root paths for project FastApliLearn: ["/home/devdragon/workspace/python/FastApliLearn"] 

16:29:50 GMT-0500 (Colombia Standard Time) [DEBUG]: Updating root paths for project FastApliLearn: ["/home/devdragon/workspace/python/FastApliLearn"] 

16:30:20 GMT-0500 (Colombia Standard Time) [DEBUG]: Updating root paths for project FastApliLearn: ["/home/devdragon/workspace/python/FastApliLearn"] 

16:30:50 GMT-0500 (Colombia Standard Time) [DEBUG]: Updating root paths for project FastApliLearn: ["/home/devdragon/workspace/python/FastApliLearn"] 

16:31:20 GMT-0500 (Colombia Standard Time) [DEBUG]: Updating root paths for project FastApliLearn: ["/home/devdragon/workspace/python/FastApliLearn"] 

16:31:50 GMT-0500 (Colombia Standard Time) [DEBUG]: Updating root paths for project FastApliLearn: ["/home/devdragon/workspace/python/FastApliLearn"] 

16:32:20 GMT-0500 (Colombia Standard Time) [DEBUG]: Updating root paths for project FastApliLearn: ["/home/devdragon/workspace/python/FastApliLearn"] 

16:32:50 GMT-0500 (Colombia Standard Time) [DEBUG]: Updating root paths for project FastApliLearn: ["/home/devdragon/workspace/python/FastApliLearn"] 

16:33:20 GMT-0500 (Colombia Standard Time) [DEBUG]: Updating root paths for project FastApliLearn: ["/home/devdragon/workspace/python/FastApliLearn"] 

16:33:50 GMT-0500 (Colombia Standard Time) [DEBUG]: Updating root paths for project FastApliLearn: ["/home/devdragon/workspace/python/FastApliLearn"] 

16:34:20 GMT-0500 (Colombia Standard Time) [DEBUG]: Updating root paths for project FastApliLearn: ["/home/devdragon/workspace/python/FastApliLearn"] 

16:34:50 GMT-0500 (Colombia Standard Time) [DEBUG]: Updating root paths for project FastApliLearn: ["/home/devdragon/workspace/python/FastApliLearn"] 

16:35:20 GMT-0500 (Colombia Standard Time) [DEBUG]: Updating root paths for project FastApliLearn: ["/home/devdragon/workspace/python/FastApliLearn"] 

16:35:50 GMT-0500 (Colombia Standard Time) [DEBUG]: Updating root paths for project FastApliLearn: ["/home/devdragon/workspace/python/FastApliLearn"] 

16:36:20 GMT-0500 (Colombia Standard Time) [DEBUG]: Updating root paths for project FastApliLearn: ["/home/devdragon/workspace/python/FastApliLearn"] 

16:36:50 GMT-0500 (Colombia Standard Time) [DEBUG]: Updating root paths for project FastApliLearn: ["/home/devdragon/workspace/python/FastApliLearn"] 

16:36:59 GMT-0500 (Colombia Standard Time) [INFO]: look ahead suggestion text doesn't the newly added text in the document, dropping it 

16:37:05 GMT-0500 (Colombia Standard Time) [ERROR]: Error: Binary request timed out. {"Autocomplete":{"filename":"/home/devdragon/workspace/python/FastApliLearn/conect_data_base/client.py","before":"from pymongo import MongoClient\n\ndb_clien: MongoClient\n\ntry:\n  # remota: db_clien =  MongoClient('mongodb://localhost:27017/')\n  db_clien = MongoClient","after":"\n  #tambiem funciona este\n  #db_clien =  MongoClient('mongodb://localhost:27017/').local # ahora se eliminan todos los ficheros que tengan local\n  # code database in the nube hP9HBMYa492aYZ1i\n  # password al침ejoinvskajoejiow\nexcept:\n  pass","region_includes_beginning":true,"region_includes_end":true,"max_num_results":5,"offset":143,"line":6,"character":16,"indentation_size":2}} 

16:37:20 GMT-0500 (Colombia Standard Time) [DEBUG]: Updating root paths for project FastApliLearn: ["/home/devdragon/workspace/python/FastApliLearn"] 

16:37:50 GMT-0500 (Colombia Standard Time) [DEBUG]: Updating root paths for project FastApliLearn: ["/home/devdragon/workspace/python/FastApliLearn"] 

16:38:20 GMT-0500 (Colombia Standard Time) [DEBUG]: Updating root paths for project FastApliLearn: ["/home/devdragon/workspace/python/FastApliLearn"] 

16:38:50 GMT-0500 (Colombia Standard Time) [DEBUG]: Updating root paths for project FastApliLearn: ["/home/devdragon/workspace/python/FastApliLearn"] 

16:39:20 GMT-0500 (Colombia Standard Time) [DEBUG]: Updating root paths for project FastApliLearn: ["/home/devdragon/workspace/python/FastApliLearn"] 

16:39:50 GMT-0500 (Colombia Standard Time) [DEBUG]: Updating root paths for project FastApliLearn: ["/home/devdragon/workspace/python/FastApliLearn"] 

16:40:19 GMT-0500 (Colombia Standard Time) [ERROR]: Error: Binary request timed out. {"Autocomplete":{"filename":"/home/devdragon/workspace/python/FastApliLearn/conect_data_base/client.py","before":"from pymongo import MongoClient\n\ndb_clien: MongoClient\n\ntry:\n  # remota: db_clien =  MongoClient('mongodb://localhost:27017/')\n  # Ser","after":"\n  db_clien = MongoClient('mongodb+srv://Dev:al침ejoinvskajoejiow@jhojan.e611l30.mongodb.net/?retryWrites=true&w=majority')\n  #tambiem funciona este\n  #db_clien =  MongoClient('mongodb://localhost:27017/').local # ahora se eliminan todos los ficheros que tengan local\n  # code database in the nube hP9HBMYa492aYZ1i\n  # password: al침ejoinvskajoejiow\nexcept:\n  pass","region_includes_beginning":true,"region_includes_end":true,"max_num_results":5,"offset":134,"line":6,"character":7,"indentation_size":2}} 

16:40:20 GMT-0500 (Colombia Standard Time) [DEBUG]: Updating root paths for project FastApliLearn: ["/home/devdragon/workspace/python/FastApliLearn"] 

16:40:28 GMT-0500 (Colombia Standard Time) [ERROR]: Error: Binary request timed out. {"Autocomplete":{"filename":"/home/devdragon/workspace/python/FastApliLearn/conect_data_base/client.py","before":"from pymongo import MongoClient\n\ndb_clien: MongoClient\n\ntry:\n  # remota: db_clien =  MongoClient('mongodb://localhost:27017/')\n  # Base d","after":"\n  db_clien = MongoClient('mongodb+srv://Dev:al침ejoinvskajoejiow@jhojan.e611l30.mongodb.net/?retryWrites=true&w=majority')\n  #tambiem funciona este\n  #db_clien =  MongoClient('mongodb://localhost:27017/').local # ahora se eliminan todos los ficheros que tengan local\n  # code database in the nube hP9HBMYa492aYZ1i\n  # password: al침ejoinvskajoejiow\nexcept:\n  pass","region_includes_beginning":true,"region_includes_end":true,"max_num_results":5,"offset":137,"line":6,"character":10,"indentation_size":2}} 

16:40:32 GMT-0500 (Colombia Standard Time) [ERROR]: Error: Binary request timed out. {"Autocomplete":{"filename":"/home/devdragon/workspace/python/FastApliLearn/conect_data_base/client.py","before":"from pymongo import MongoClient\n\ndb_clien: MongoClient\n\ntry:\n  # remota: db_clien =  MongoClient('mongodb://localhost:27017/')\n  # Base de datos","after":"\n  db_clien = MongoClient('mongodb+srv://Dev:al침ejoinvskajoejiow@jhojan.e611l30.mongodb.net/?retryWrites=true&w=majority')\n  #tambiem funciona este\n  #db_clien =  MongoClient('mongodb://localhost:27017/').local # ahora se eliminan todos los ficheros que tengan local\n  # code database in the nube hP9HBMYa492aYZ1i\n  # password: al침ejoinvskajoejiow\nexcept:\n  pass","region_includes_beginning":true,"region_includes_end":true,"max_num_results":5,"offset":144,"line":6,"character":17,"indentation_size":2}} 

16:40:33 GMT-0500 (Colombia Standard Time) [ERROR]: Error: Binary request timed out. {"Autocomplete":{"filename":"/home/devdragon/workspace/python/FastApliLearn/conect_data_base/client.py","before":"from pymongo import MongoClient\n\ndb_clien: MongoClient\n\ntry:\n  # remota: db_clien =  MongoClient('mongodb://localhost:27017/')\n  # Base de datos ","after":"\n  db_clien = MongoClient('mongodb+srv://Dev:al침ejoinvskajoejiow@jhojan.e611l30.mongodb.net/?retryWrites=true&w=majority')\n  #tambiem funciona este\n  #db_clien =  MongoClient('mongodb://localhost:27017/').local # ahora se eliminan todos los ficheros que tengan local\n  # code database in the nube hP9HBMYa492aYZ1i\n  # password: al침ejoinvskajoejiow\nexcept:\n  pass","region_includes_beginning":true,"region_includes_end":true,"max_num_results":5,"offset":145,"line":6,"character":18,"indentation_size":2}} 

16:40:34 GMT-0500 (Colombia Standard Time) [ERROR]: Error: Binary request timed out. {"Autocomplete":{"filename":"/home/devdragon/workspace/python/FastApliLearn/conect_data_base/client.py","before":"from pymongo import MongoClient\n\ndb_clien: MongoClient\n\ntry:\n  # remota: db_clien =  MongoClient('mongodb://localhost:27017/')\n  # Base de datos f","after":"\n  db_clien = MongoClient('mongodb+srv://Dev:al침ejoinvskajoejiow@jhojan.e611l30.mongodb.net/?retryWrites=true&w=majority')\n  #tambiem funciona este\n  #db_clien =  MongoClient('mongodb://localhost:27017/').local # ahora se eliminan todos los ficheros que tengan local\n  # code database in the nube hP9HBMYa492aYZ1i\n  # password: al침ejoinvskajoejiow\nexcept:\n  pass","region_includes_beginning":true,"region_includes_end":true,"max_num_results":5,"offset":146,"line":6,"character":19,"indentation_size":2}} 

16:40:35 GMT-0500 (Colombia Standard Time) [ERROR]: Error: Binary request timed out. {"Autocomplete":{"filename":"/home/devdragon/workspace/python/FastApliLearn/conect_data_base/client.py","before":"from pymongo import MongoClient\n\ndb_clien: MongoClient\n\ntry:\n  # remota: db_clien =  MongoClient('mongodb://localhost:27017/')\n  # Base de datos fu","after":"\n  db_clien = MongoClient('mongodb+srv://Dev:al침ejoinvskajoejiow@jhojan.e611l30.mongodb.net/?retryWrites=true&w=majority')\n  #tambiem funciona este\n  #db_clien =  MongoClient('mongodb://localhost:27017/').local # ahora se eliminan todos los ficheros que tengan local\n  # code database in the nube hP9HBMYa492aYZ1i\n  # password: al침ejoinvskajoejiow\nexcept:\n  pass","region_includes_beginning":true,"region_includes_end":true,"max_num_results":5,"offset":147,"line":6,"character":20,"indentation_size":2}} 

16:40:36 GMT-0500 (Colombia Standard Time) [ERROR]: Error: Binary request timed out. {"SuggestionShown":{"net_length":44,"filename":"/home/devdragon/workspace/python/FastApliLearn/conect_data_base/client.py","metadata":{"origin":"LOCAL","detail":" 1%","completion_kind":"Classic","snippet_context":{"snippet_id":null,"user_intent":null,"intent_metadata":null,"completion_index":null},"is_cached":null}}} 

16:40:37 GMT-0500 (Colombia Standard Time) [ERROR]: Error: Binary request timed out. {"Autocomplete":{"filename":"/home/devdragon/workspace/python/FastApliLearn/conect_data_base/client.py","before":"from pymongo import MongoClient\n\ndb_clien: MongoClient\n\ntry:\n  # remota: db_clien =  MongoClient('mongodb://localhost:27017/')\n  # Base de datos fun","after":"\n  db_clien = MongoClient('mongodb+srv://Dev:al침ejoinvskajoejiow@jhojan.e611l30.mongodb.net/?retryWrites=true&w=majority')\n  #tambiem funciona este\n  #db_clien =  MongoClient('mongodb://localhost:27017/').local # ahora se eliminan todos los ficheros que tengan local\n  # code database in the nube hP9HBMYa492aYZ1i\n  # password: al침ejoinvskajoejiow\nexcept:\n  pass","region_includes_beginning":true,"region_includes_end":true,"max_num_results":5,"offset":148,"line":6,"character":21,"indentation_size":2}} 

16:40:38 GMT-0500 (Colombia Standard Time) [ERROR]: Error: Binary request timed out. {"Autocomplete":{"filename":"/home/devdragon/workspace/python/FastApliLearn/conect_data_base/client.py","before":"from pymongo import MongoClient\n\ndb_clien: MongoClient\n\ntry:\n  # remota: db_clien =  MongoClient('mongodb://localhost:27017/')\n  # Base de datos func","after":"\n  db_clien = MongoClient('mongodb+srv://Dev:al침ejoinvskajoejiow@jhojan.e611l30.mongodb.net/?retryWrites=true&w=majority')\n  #tambiem funciona este\n  #db_clien =  MongoClient('mongodb://localhost:27017/').local # ahora se eliminan todos los ficheros que tengan local\n  # code database in the nube hP9HBMYa492aYZ1i\n  # password: al침ejoinvskajoejiow\nexcept:\n  pass","region_includes_beginning":true,"region_includes_end":true,"max_num_results":5,"offset":149,"line":6,"character":22,"indentation_size":2}} 

16:40:43 GMT-0500 (Colombia Standard Time) [ERROR]: Error: Binary request timed out. {"Autocomplete":{"filename":"/home/devdragon/workspace/python/FastApliLearn/conect_data_base/client.py","before":"from pymongo import MongoClient\n\ndb_clien: MongoClient\n\ntry:\n  # remota: db_clien =  MongoClient('mongodb://localhost:27017/')\n  # Base de datos funcionando ","after":"\n  db_clien = MongoClient('mongodb+srv://Dev:al침ejoinvskajoejiow@jhojan.e611l30.mongodb.net/?retryWrites=true&w=majority')\n  #tambiem funciona este\n  #db_clien =  MongoClient('mongodb://localhost:27017/').local # ahora se eliminan todos los ficheros que tengan local\n  # code database in the nube hP9HBMYa492aYZ1i\n  # password: al침ejoinvskajoejiow\nexcept:\n  pass","region_includes_beginning":true,"region_includes_end":true,"max_num_results":5,"offset":157,"line":6,"character":30,"indentation_size":2}} 

16:40:44 GMT-0500 (Colombia Standard Time) [ERROR]: Error: Binary request timed out. {"Autocomplete":{"filename":"/home/devdragon/workspace/python/FastApliLearn/conect_data_base/client.py","before":"from pymongo import MongoClient\n\ndb_clien: MongoClient\n\ntry:\n  # remota: db_clien =  MongoClient('mongodb://localhost:27017/')\n  # Base de datos funcionando e","after":"\n  db_clien = MongoClient('mongodb+srv://Dev:al침ejoinvskajoejiow@jhojan.e611l30.mongodb.net/?retryWrites=true&w=majority')\n  #tambiem funciona este\n  #db_clien =  MongoClient('mongodb://localhost:27017/').local # ahora se eliminan todos los ficheros que tengan local\n  # code database in the nube hP9HBMYa492aYZ1i\n  # password: al침ejoinvskajoejiow\nexcept:\n  pass","region_includes_beginning":true,"region_includes_end":true,"max_num_results":5,"offset":158,"line":6,"character":31,"indentation_size":2}} 

16:40:50 GMT-0500 (Colombia Standard Time) [DEBUG]: Updating root paths for project FastApliLearn: ["/home/devdragon/workspace/python/FastApliLearn"] 

16:41:20 GMT-0500 (Colombia Standard Time) [DEBUG]: Updating root paths for project FastApliLearn: ["/home/devdragon/workspace/python/FastApliLearn"] 

16:41:50 GMT-0500 (Colombia Standard Time) [DEBUG]: Updating root paths for project FastApliLearn: ["/home/devdragon/workspace/python/FastApliLearn"] 

16:42:20 GMT-0500 (Colombia Standard Time) [DEBUG]: Updating root paths for project FastApliLearn: ["/home/devdragon/workspace/python/FastApliLearn"] 

16:42:50 GMT-0500 (Colombia Standard Time) [DEBUG]: Updating root paths for project FastApliLearn: ["/home/devdragon/workspace/python/FastApliLearn"] 

16:43:20 GMT-0500 (Colombia Standard Time) [DEBUG]: Updating root paths for project FastApliLearn: ["/home/devdragon/workspace/python/FastApliLearn"] 

16:43:50 GMT-0500 (Colombia Standard Time) [DEBUG]: Updating root paths for project FastApliLearn: ["/home/devdragon/workspace/python/FastApliLearn"] 

16:44:20 GMT-0500 (Colombia Standard Time) [DEBUG]: Updating root paths for project FastApliLearn: ["/home/devdragon/workspace/python/FastApliLearn"] 

16:44:50 GMT-0500 (Colombia Standard Time) [DEBUG]: Updating root paths for project FastApliLearn: ["/home/devdragon/workspace/python/FastApliLearn"] 

16:45:20 GMT-0500 (Colombia Standard Time) [DEBUG]: Updating root paths for project FastApliLearn: ["/home/devdragon/workspace/python/FastApliLearn"] 

16:45:50 GMT-0500 (Colombia Standard Time) [DEBUG]: Updating root paths for project FastApliLearn: ["/home/devdragon/workspace/python/FastApliLearn"] 

16:46:20 GMT-0500 (Colombia Standard Time) [DEBUG]: Updating root paths for project FastApliLearn: ["/home/devdragon/workspace/python/FastApliLearn"] 

16:46:50 GMT-0500 (Colombia Standard Time) [DEBUG]: Updating root paths for project FastApliLearn: ["/home/devdragon/workspace/python/FastApliLearn"] 

16:47:20 GMT-0500 (Colombia Standard Time) [DEBUG]: Updating root paths for project FastApliLearn: ["/home/devdragon/workspace/python/FastApliLearn"] 

16:47:50 GMT-0500 (Colombia Standard Time) [DEBUG]: Updating root paths for project FastApliLearn: ["/home/devdragon/workspace/python/FastApliLearn"] 

16:48:16 GMT-0500 (Colombia Standard Time) [ERROR]: Error: Binary request timed out. {"Autocomplete":{"filename":"/home/devdragon/workspace/python/FastApliLearn/conect_data_base/client.py","before":"from pymongo import MongoClient\n\ndb_clien: MongoClient\n\ntry:\n  # remota: db_clien =  MongoClient('mongodb://localhost:27017/')\n  # Base de datos funcionando en remoto\n  db_clien = MongoClient('mongodb+srv://Dev:al침ejoinvskajoejiow@jhojan.e611l30.mongodb.net/","after":"')\n  #tambiem funciona este\n  #db_clien =  MongoClient('mongodb://localhost:27017/').local # ahora se eliminan todos los ficheros que tengan local\n  # code database in the nube hP9HBMYa492aYZ1i\n  # password: al침ejoinvskajoejiow\nexcept:\n  pass","region_includes_beginning":true,"region_includes_end":true,"max_num_results":5,"offset":258,"line":7,"character":91,"indentation_size":2,"cached_only":true}} 

16:48:17 GMT-0500 (Colombia Standard Time) [ERROR]: Error: Binary request timed out. {"Autocomplete":{"filename":"/home/devdragon/workspace/python/FastApliLearn/conect_data_base/client.py","before":"from pymongo import MongoClient\n\ndb_clien: MongoClient\n\ntry:\n  # remota: db_clien =  MongoClient('mongodb://localhost:27017/')\n  # Base de datos funcionando en remoto\n  db_clien = MongoClient('mongodb+srv://Dev:al침ejoinvskajoejiow@jhojan.e611l30.mongodb.net/","after":"')\n  #tambiem funciona este\n  #db_clien =  MongoClient('mongodb://localhost:27017/').local # ahora se eliminan todos los ficheros que tengan local\n  # code database in the nube hP9HBMYa492aYZ1i\n  # password: al침ejoinvskajoejiow\nexcept:\n  pass","region_includes_beginning":true,"region_includes_end":true,"max_num_results":5,"offset":258,"line":7,"character":91,"indentation_size":2,"cached_only":true}} 

16:48:18 GMT-0500 (Colombia Standard Time) [ERROR]: Error: Binary request timed out. {"Autocomplete":{"filename":"/home/devdragon/workspace/python/FastApliLearn/conect_data_base/client.py","before":"from pymongo import MongoClient\n\ndb_clien: MongoClient\n\ntry:\n  # remota: db_clien =  MongoClient('mongodb://localhost:27017/')\n  # Base de datos funcionando en remoto\n  db_clien = MongoClient('mongodb+srv://Dev:al침ejoinvskajoejiow@jhojan.e611l30.mongodb.net/","after":"')\n  #tambiem funciona este\n  #db_clien =  MongoClient('mongodb://localhost:27017/').local # ahora se eliminan todos los ficheros que tengan local\n  # code database in the nube hP9HBMYa492aYZ1i\n  # password: al침ejoinvskajoejiow\nexcept:\n  pass","region_includes_beginning":true,"region_includes_end":true,"max_num_results":5,"offset":258,"line":7,"character":91,"indentation_size":2,"cached_only":true}} 

16:48:19 GMT-0500 (Colombia Standard Time) [ERROR]: Error: Binary request timed out. {"State":{}} 

16:48:20 GMT-0500 (Colombia Standard Time) [DEBUG]: Updating root paths for project FastApliLearn: ["/home/devdragon/workspace/python/FastApliLearn"] 

16:48:50 GMT-0500 (Colombia Standard Time) [DEBUG]: Updating root paths for project FastApliLearn: ["/home/devdragon/workspace/python/FastApliLearn"] 

16:49:20 GMT-0500 (Colombia Standard Time) [DEBUG]: Updating root paths for project FastApliLearn: ["/home/devdragon/workspace/python/FastApliLearn"] 

16:49:50 GMT-0500 (Colombia Standard Time) [DEBUG]: Updating root paths for project FastApliLearn: ["/home/devdragon/workspace/python/FastApliLearn"] 

16:50:20 GMT-0500 (Colombia Standard Time) [DEBUG]: Updating root paths for project FastApliLearn: ["/home/devdragon/workspace/python/FastApliLearn"] 

16:50:50 GMT-0500 (Colombia Standard Time) [DEBUG]: Updating root paths for project FastApliLearn: ["/home/devdragon/workspace/python/FastApliLearn"] 

16:51:20 GMT-0500 (Colombia Standard Time) [DEBUG]: Updating root paths for project FastApliLearn: ["/home/devdragon/workspace/python/FastApliLearn"] 

16:51:50 GMT-0500 (Colombia Standard Time) [DEBUG]: Updating root paths for project FastApliLearn: ["/home/devdragon/workspace/python/FastApliLearn"] 

16:52:20 GMT-0500 (Colombia Standard Time) [DEBUG]: Updating root paths for project FastApliLearn: ["/home/devdragon/workspace/python/FastApliLearn"] 

16:52:50 GMT-0500 (Colombia Standard Time) [DEBUG]: Updating root paths for project FastApliLearn: ["/home/devdragon/workspace/python/FastApliLearn"] 

16:53:20 GMT-0500 (Colombia Standard Time) [DEBUG]: Updating root paths for project FastApliLearn: ["/home/devdragon/workspace/python/FastApliLearn"] 

16:53:28 GMT-0500 (Colombia Standard Time) [ERROR]: Error: Binary request timed out. {"Autocomplete":{"filename":"/home/devdragon/workspace/python/FastApliLearn/conect_data_base/client.py","before":"from pymongo import MongoClient\n\ndb_clien: MongoClient\n\ntry:\n  # remota: db_clien =  MongoClient('mongodb://localhost:27017/')\n  # Base de datos funcionando en remoto\n  db_clien = MongoClient('mongodb+srv://Dev:al침ejoinvskajoejiow@jhojan.e611l30.mongodb.net/')\n  #tambiem funciona este\n  #db_clien =  MongoClient('mongodb://localhost:27017/').local # ahora se eliminan todos los ficheros que tengan local\n  # code database in the nube hP9HBMYa492aYZ1i\n  # password: al침ejoinvskajoejiow\nexcept:\n  print","after":"i\n  pass","region_includes_beginning":true,"region_includes_end":true,"max_num_results":5,"offset":498,"line":13,"character":4,"indentation_size":2}} 

16:53:31 GMT-0500 (Colombia Standard Time) [ERROR]: Error: Binary request timed out. {"Autocomplete":{"filename":"/home/devdragon/workspace/python/FastApliLearn/conect_data_base/client.py","before":"from pymongo import MongoClient\n\ndb_clien: MongoClient\n\ntry:\n  # remota: db_clien =  MongoClient('mongodb://localhost:27017/')\n  # Base de datos funcionando en remoto\n  db_clien = MongoClient('mongodb+srv://Dev:al침ejoinvskajoejiow@jhojan.e611l30.mongodb.net/')\n  #tambiem funciona este\n  #db_clien =  MongoClient('mongodb://localhost:27017/').local # ahora se eliminan todos los ficheros que tengan local\n  # code database in the nube hP9HBMYa492aYZ1i\n  # password: al침ejoinvskajoejiow\nexcept:\n  print(","after":")\n  pass","region_includes_beginning":true,"region_includes_end":true,"max_num_results":5,"offset":502,"line":13,"character":8,"indentation_size":2}} 

16:53:50 GMT-0500 (Colombia Standard Time) [DEBUG]: Updating root paths for project FastApliLearn: ["/home/devdragon/workspace/python/FastApliLearn"] 

16:54:20 GMT-0500 (Colombia Standard Time) [DEBUG]: Updating root paths for project FastApliLearn: ["/home/devdragon/workspace/python/FastApliLearn"] 

16:54:50 GMT-0500 (Colombia Standard Time) [DEBUG]: Updating root paths for project FastApliLearn: ["/home/devdragon/workspace/python/FastApliLearn"] 

16:55:20 GMT-0500 (Colombia Standard Time) [DEBUG]: Updating root paths for project FastApliLearn: ["/home/devdragon/workspace/python/FastApliLearn"] 

16:55:50 GMT-0500 (Colombia Standard Time) [DEBUG]: Updating root paths for project FastApliLearn: ["/home/devdragon/workspace/python/FastApliLearn"] 

16:56:20 GMT-0500 (Colombia Standard Time) [DEBUG]: Updating root paths for project FastApliLearn: ["/home/devdragon/workspace/python/FastApliLearn"] 

16:56:50 GMT-0500 (Colombia Standard Time) [DEBUG]: Updating root paths for project FastApliLearn: ["/home/devdragon/workspace/python/FastApliLearn"] 

16:57:20 GMT-0500 (Colombia Standard Time) [DEBUG]: Updating root paths for project FastApliLearn: ["/home/devdragon/workspace/python/FastApliLearn"] 

16:57:50 GMT-0500 (Colombia Standard Time) [DEBUG]: Updating root paths for project FastApliLearn: ["/home/devdragon/workspace/python/FastApliLearn"] 

16:58:20 GMT-0500 (Colombia Standard Time) [DEBUG]: Updating root paths for project FastApliLearn: ["/home/devdragon/workspace/python/FastApliLearn"] 

16:58:50 GMT-0500 (Colombia Standard Time) [DEBUG]: Updating root paths for project FastApliLearn: ["/home/devdragon/workspace/python/FastApliLearn"] 

16:59:20 GMT-0500 (Colombia Standard Time) [DEBUG]: Updating root paths for project FastApliLearn: ["/home/devdragon/workspace/python/FastApliLearn"] 

16:59:50 GMT-0500 (Colombia Standard Time) [DEBUG]: Updating root paths for project FastApliLearn: ["/home/devdragon/workspace/python/FastApliLearn"] 

17:00:20 GMT-0500 (Colombia Standard Time) [DEBUG]: Updating root paths for project FastApliLearn: ["/home/devdragon/workspace/python/FastApliLearn"] 

17:00:50 GMT-0500 (Colombia Standard Time) [DEBUG]: Updating root paths for project FastApliLearn: ["/home/devdragon/workspace/python/FastApliLearn"] 

17:01:20 GMT-0500 (Colombia Standard Time) [DEBUG]: Updating root paths for project FastApliLearn: ["/home/devdragon/workspace/python/FastApliLearn"] 

17:01:50 GMT-0500 (Colombia Standard Time) [DEBUG]: Updating root paths for project FastApliLearn: ["/home/devdragon/workspace/python/FastApliLearn"] 

17:02:20 GMT-0500 (Colombia Standard Time) [DEBUG]: Updating root paths for project FastApliLearn: ["/home/devdragon/workspace/python/FastApliLearn"] 

17:02:50 GMT-0500 (Colombia Standard Time) [DEBUG]: Updating root paths for project FastApliLearn: ["/home/devdragon/workspace/python/FastApliLearn"] 

17:03:20 GMT-0500 (Colombia Standard Time) [DEBUG]: Updating root paths for project FastApliLearn: ["/home/devdragon/workspace/python/FastApliLearn"] 

17:03:50 GMT-0500 (Colombia Standard Time) [DEBUG]: Updating root paths for project FastApliLearn: ["/home/devdragon/workspace/python/FastApliLearn"] 

17:04:20 GMT-0500 (Colombia Standard Time) [DEBUG]: Updating root paths for project FastApliLearn: ["/home/devdragon/workspace/python/FastApliLearn"] 

17:04:50 GMT-0500 (Colombia Standard Time) [DEBUG]: Updating root paths for project FastApliLearn: ["/home/devdragon/workspace/python/FastApliLearn"] 

17:05:20 GMT-0500 (Colombia Standard Time) [DEBUG]: Updating root paths for project FastApliLearn: ["/home/devdragon/workspace/python/FastApliLearn"] 

17:05:50 GMT-0500 (Colombia Standard Time) [DEBUG]: Updating root paths for project FastApliLearn: ["/home/devdragon/workspace/python/FastApliLearn"] 

17:06:20 GMT-0500 (Colombia Standard Time) [DEBUG]: Updating root paths for project FastApliLearn: ["/home/devdragon/workspace/python/FastApliLearn"] 

17:06:50 GMT-0500 (Colombia Standard Time) [DEBUG]: Updating root paths for project FastApliLearn: ["/home/devdragon/workspace/python/FastApliLearn"] 

17:07:20 GMT-0500 (Colombia Standard Time) [DEBUG]: Updating root paths for project FastApliLearn: ["/home/devdragon/workspace/python/FastApliLearn"] 

17:07:50 GMT-0500 (Colombia Standard Time) [DEBUG]: Updating root paths for project FastApliLearn: ["/home/devdragon/workspace/python/FastApliLearn"] 

17:08:20 GMT-0500 (Colombia Standard Time) [DEBUG]: Updating root paths for project FastApliLearn: ["/home/devdragon/workspace/python/FastApliLearn"] 

17:08:50 GMT-0500 (Colombia Standard Time) [DEBUG]: Updating root paths for project FastApliLearn: ["/home/devdragon/workspace/python/FastApliLearn"] 

17:09:20 GMT-0500 (Colombia Standard Time) [DEBUG]: Updating root paths for project FastApliLearn: ["/home/devdragon/workspace/python/FastApliLearn"] 

17:09:50 GMT-0500 (Colombia Standard Time) [DEBUG]: Updating root paths for project FastApliLearn: ["/home/devdragon/workspace/python/FastApliLearn"] 

17:10:20 GMT-0500 (Colombia Standard Time) [DEBUG]: Updating root paths for project FastApliLearn: ["/home/devdragon/workspace/python/FastApliLearn"] 

17:10:50 GMT-0500 (Colombia Standard Time) [DEBUG]: Updating root paths for project FastApliLearn: ["/home/devdragon/workspace/python/FastApliLearn"] 

17:11:20 GMT-0500 (Colombia Standard Time) [DEBUG]: Updating root paths for project FastApliLearn: ["/home/devdragon/workspace/python/FastApliLearn"] 

17:11:50 GMT-0500 (Colombia Standard Time) [DEBUG]: Updating root paths for project FastApliLearn: ["/home/devdragon/workspace/python/FastApliLearn"] 

17:12:20 GMT-0500 (Colombia Standard Time) [DEBUG]: Updating root paths for project FastApliLearn: ["/home/devdragon/workspace/python/FastApliLearn"] 

17:12:50 GMT-0500 (Colombia Standard Time) [DEBUG]: Updating root paths for project FastApliLearn: ["/home/devdragon/workspace/python/FastApliLearn"] 

17:13:20 GMT-0500 (Colombia Standard Time) [DEBUG]: Updating root paths for project FastApliLearn: ["/home/devdragon/workspace/python/FastApliLearn"] 

17:13:50 GMT-0500 (Colombia Standard Time) [DEBUG]: Updating root paths for project FastApliLearn: ["/home/devdragon/workspace/python/FastApliLearn"] 

17:14:20 GMT-0500 (Colombia Standard Time) [DEBUG]: Updating root paths for project FastApliLearn: ["/home/devdragon/workspace/python/FastApliLearn"] 

17:14:50 GMT-0500 (Colombia Standard Time) [DEBUG]: Updating root paths for project FastApliLearn: ["/home/devdragon/workspace/python/FastApliLearn"] 

17:15:20 GMT-0500 (Colombia Standard Time) [DEBUG]: Updating root paths for project FastApliLearn: ["/home/devdragon/workspace/python/FastApliLearn"] 

17:15:50 GMT-0500 (Colombia Standard Time) [DEBUG]: Updating root paths for project FastApliLearn: ["/home/devdragon/workspace/python/FastApliLearn"] 

17:16:20 GMT-0500 (Colombia Standard Time) [DEBUG]: Updating root paths for project FastApliLearn: ["/home/devdragon/workspace/python/FastApliLearn"] 

17:16:50 GMT-0500 (Colombia Standard Time) [DEBUG]: Updating root paths for project FastApliLearn: ["/home/devdragon/workspace/python/FastApliLearn"] 

17:17:20 GMT-0500 (Colombia Standard Time) [DEBUG]: Updating root paths for project FastApliLearn: ["/home/devdragon/workspace/python/FastApliLearn"] 

17:17:50 GMT-0500 (Colombia Standard Time) [DEBUG]: Updating root paths for project FastApliLearn: ["/home/devdragon/workspace/python/FastApliLearn"] 

17:18:20 GMT-0500 (Colombia Standard Time) [DEBUG]: Updating root paths for project FastApliLearn: ["/home/devdragon/workspace/python/FastApliLearn"] 

17:18:50 GMT-0500 (Colombia Standard Time) [DEBUG]: Updating root paths for project FastApliLearn: ["/home/devdragon/workspace/python/FastApliLearn"] 

17:19:20 GMT-0500 (Colombia Standard Time) [DEBUG]: Updating root paths for project FastApliLearn: ["/home/devdragon/workspace/python/FastApliLearn"] 

17:19:50 GMT-0500 (Colombia Standard Time) [DEBUG]: Updating root paths for project FastApliLearn: ["/home/devdragon/workspace/python/FastApliLearn"] 

17:20:20 GMT-0500 (Colombia Standard Time) [DEBUG]: Updating root paths for project FastApliLearn: ["/home/devdragon/workspace/python/FastApliLearn"] 

17:20:50 GMT-0500 (Colombia Standard Time) [DEBUG]: Updating root paths for project FastApliLearn: ["/home/devdragon/workspace/python/FastApliLearn"] 

17:21:20 GMT-0500 (Colombia Standard Time) [DEBUG]: Updating root paths for project FastApliLearn: ["/home/devdragon/workspace/python/FastApliLearn"] 

17:21:28 GMT-0500 (Colombia Standard Time) [ERROR]: Error: Binary request timed out. {"Autocomplete":{"filename":"/home/devdragon/workspace/python/FastApliLearn/conect_data_base/client.py","before":"from pymongo import MongoClient\n\ndb_clien: MongoClient\n\ntry:\n  # remota: db_clien =  MongoClient('mongodb://localhost:27017/')\n  # Base de datos funcionando en remoto\n  db_clien = MongoClient('mongodb+srv://Dev:al침ejoinvskajoejiow@jhojan.e611l30.mongodb.net/')\n  #tambiem funciona este\n  #db_clien =  MongoClient('mongodb://localhost:27017/').local # ahora se eliminan todos los ficheros que tengan local\n  # code database in the nube hP9HBMYa492aYZ1i\n  ValueError","after":"\n  # password: al침ejoinvskajoejiow\nexcept:\n  print(\"No hizo la conecci칩n\")\n  ","region_includes_beginning":true,"region_includes_end":true,"max_num_results":5,"offset":455,"line":11,"character":3,"indentation_size":2}} 

17:21:50 GMT-0500 (Colombia Standard Time) [DEBUG]: Updating root paths for project FastApliLearn: ["/home/devdragon/workspace/python/FastApliLearn"] 

17:22:20 GMT-0500 (Colombia Standard Time) [DEBUG]: Updating root paths for project FastApliLearn: ["/home/devdragon/workspace/python/FastApliLearn"] 

17:22:50 GMT-0500 (Colombia Standard Time) [DEBUG]: Updating root paths for project FastApliLearn: ["/home/devdragon/workspace/python/FastApliLearn"] 

17:23:20 GMT-0500 (Colombia Standard Time) [DEBUG]: Updating root paths for project FastApliLearn: ["/home/devdragon/workspace/python/FastApliLearn"] 

17:23:50 GMT-0500 (Colombia Standard Time) [DEBUG]: Updating root paths for project FastApliLearn: ["/home/devdragon/workspace/python/FastApliLearn"] 

17:24:20 GMT-0500 (Colombia Standard Time) [DEBUG]: Updating root paths for project FastApliLearn: ["/home/devdragon/workspace/python/FastApliLearn"] 

17:24:50 GMT-0500 (Colombia Standard Time) [DEBUG]: Updating root paths for project FastApliLearn: ["/home/devdragon/workspace/python/FastApliLearn"] 

17:25:20 GMT-0500 (Colombia Standard Time) [DEBUG]: Updating root paths for project FastApliLearn: ["/home/devdragon/workspace/python/FastApliLearn"] 

17:25:50 GMT-0500 (Colombia Standard Time) [DEBUG]: Updating root paths for project FastApliLearn: ["/home/devdragon/workspace/python/FastApliLearn"] 

17:26:20 GMT-0500 (Colombia Standard Time) [DEBUG]: Updating root paths for project FastApliLearn: ["/home/devdragon/workspace/python/FastApliLearn"] 

17:26:50 GMT-0500 (Colombia Standard Time) [DEBUG]: Updating root paths for project FastApliLearn: ["/home/devdragon/workspace/python/FastApliLearn"] 

17:27:20 GMT-0500 (Colombia Standard Time) [DEBUG]: Updating root paths for project FastApliLearn: ["/home/devdragon/workspace/python/FastApliLearn"] 

17:27:50 GMT-0500 (Colombia Standard Time) [DEBUG]: Updating root paths for project FastApliLearn: ["/home/devdragon/workspace/python/FastApliLearn"] 

17:28:20 GMT-0500 (Colombia Standard Time) [DEBUG]: Updating root paths for project FastApliLearn: ["/home/devdragon/workspace/python/FastApliLearn"] 

17:28:50 GMT-0500 (Colombia Standard Time) [DEBUG]: Updating root paths for project FastApliLearn: ["/home/devdragon/workspace/python/FastApliLearn"] 

17:29:20 GMT-0500 (Colombia Standard Time) [DEBUG]: Updating root paths for project FastApliLearn: ["/home/devdragon/workspace/python/FastApliLearn"] 

17:29:50 GMT-0500 (Colombia Standard Time) [DEBUG]: Updating root paths for project FastApliLearn: ["/home/devdragon/workspace/python/FastApliLearn"] 

17:30:20 GMT-0500 (Colombia Standard Time) [DEBUG]: Updating root paths for project FastApliLearn: ["/home/devdragon/workspace/python/FastApliLearn"] 

17:30:35 GMT-0500 (Colombia Standard Time) [WARN]: assistant is closing 

