2024-01-17 14:17:47.193 [warning] Via 'product.json#extensionEnabledApiProposals' extension 'ms-python.python' wants API proposal 'registerIssueDataProvider' but that proposal DOES NOT EXIST. Likely, the proposal has been finalized (check 'vscode.d.ts') or was abandoned.
2024-01-17 14:17:48.905 [info] Started local extension host with pid 139053.
2024-01-17 14:17:50.551 [error] [1tontech.angular-material]: Lenguaje desconocido en "contributes.angular-material.language". Valor proporcionado: blade
2024-01-17 14:17:50.552 [error] [1tontech.angular-material]: Lenguaje desconocido en "contributes.angular-material.language". Valor proporcionado: ejs
2024-01-17 14:17:50.553 [error] [1tontech.angular-material]: Lenguaje desconocido en "contributes.angular-material.language". Valor proporcionado: latte
2024-01-17 14:17:50.554 [error] [1tontech.angular-material]: Lenguaje desconocido en "contributes.angular-material.language". Valor proporcionado: tpl
2024-01-17 14:17:50.554 [error] [1tontech.angular-material]: Lenguaje desconocido en "contributes.angular-material.language". Valor proporcionado: twig
2024-01-17 14:17:52.740 [info] [perf] Render performance baseline is 42ms
2024-01-17 14:17:54.698 [error] [1tontech.angular-material]: Lenguaje desconocido en "contributes.angular-material.language". Valor proporcionado: blade
2024-01-17 14:17:54.698 [error] [1tontech.angular-material]: Lenguaje desconocido en "contributes.angular-material.language". Valor proporcionado: ejs
2024-01-17 14:17:54.698 [error] [1tontech.angular-material]: Lenguaje desconocido en "contributes.angular-material.language". Valor proporcionado: latte
2024-01-17 14:17:54.699 [error] [1tontech.angular-material]: Lenguaje desconocido en "contributes.angular-material.language". Valor proporcionado: tpl
2024-01-17 14:17:54.699 [error] [1tontech.angular-material]: Lenguaje desconocido en "contributes.angular-material.language". Valor proporcionado: twig
2024-01-17 14:18:05.186 [info] Extension host (LocalProcess pid: 139053) is unresponsive.
2024-01-17 14:18:10.375 [info] Extension host (LocalProcess pid: 139053) is responsive.
2024-01-17 14:18:12.261 [error] Error: Se anuló onWillSaveTextDocument-event después de 1750 ms
    at vscode-file://vscode-app/opt/visual-studio-code/resources/app/out/vs/workbench/workbench.desktop.main.js:1899:12495
2024-01-17 14:18:17.507 [info] Extension host (LocalProcess pid: 139053) is unresponsive.
2024-01-17 14:18:17.636 [info] Extension host (LocalProcess pid: 139053) is responsive.
2024-01-17 14:18:17.637 [info] UNRESPONSIVE extension host: received responsive event and cancelling profiling session
2024-01-17 16:32:25.950 [error] Error: No se puede escribir el archivo "/etc/udev/rules.d/99-android.rules" (NoPermissions (FileSystemError): Error: EACCES: permission denied, open '/etc/udev/rules.d/99-android.rules')
    at n.writeFile (vscode-file://vscode-app/opt/visual-studio-code/resources/app/out/vs/workbench/workbench.desktop.main.js:645:16867)
    at async n.createFile (vscode-file://vscode-app/opt/visual-studio-code/resources/app/out/vs/workbench/workbench.desktop.main.js:645:16178)
    at async Promise.all (index 0)
    at async Object._ [as settled] (vscode-file://vscode-app/opt/visual-studio-code/resources/app/out/vs/workbench/workbench.desktop.main.js:149:23305)
    at async i.doCreateFileOrFolder (vscode-file://vscode-app/opt/visual-studio-code/resources/app/out/vs/workbench/workbench.desktop.main.js:2163:48724)
    at async u.perform (vscode-file://vscode-app/opt/visual-studio-code/resources/app/out/vs/workbench/workbench.desktop.main.js:2169:20273)
    at async c.apply (vscode-file://vscode-app/opt/visual-studio-code/resources/app/out/vs/workbench/workbench.desktop.main.js:2169:23124)
    at async m.n (vscode-file://vscode-app/opt/visual-studio-code/resources/app/out/vs/workbench/workbench.desktop.main.js:2169:24975)
    at async m.perform (vscode-file://vscode-app/opt/visual-studio-code/resources/app/out/vs/workbench/workbench.desktop.main.js:2169:24684)
    at async l.apply (vscode-file://vscode-app/opt/visual-studio-code/resources/app/out/vs/workbench/workbench.desktop.main.js:2169:26504)
    at async vscode-file://vscode-app/opt/visual-studio-code/resources/app/out/vs/workbench/workbench.desktop.main.js:1570:158971
2024-01-17 16:32:25.954 [error] No se puede escribir el archivo "/etc/udev/rules.d/99-android.rules" (NoPermissions (FileSystemError): Error: EACCES: permission denied, open '/etc/udev/rules.d/99-android.rules'): Error: No se puede escribir el archivo "/etc/udev/rules.d/99-android.rules" (NoPermissions (FileSystemError): Error: EACCES: permission denied, open '/etc/udev/rules.d/99-android.rules')
    at n.writeFile (vscode-file://vscode-app/opt/visual-studio-code/resources/app/out/vs/workbench/workbench.desktop.main.js:645:16867)
    at async n.createFile (vscode-file://vscode-app/opt/visual-studio-code/resources/app/out/vs/workbench/workbench.desktop.main.js:645:16178)
    at async Promise.all (index 0)
    at async Object._ [as settled] (vscode-file://vscode-app/opt/visual-studio-code/resources/app/out/vs/workbench/workbench.desktop.main.js:149:23305)
    at async i.doCreateFileOrFolder (vscode-file://vscode-app/opt/visual-studio-code/resources/app/out/vs/workbench/workbench.desktop.main.js:2163:48724)
    at async u.perform (vscode-file://vscode-app/opt/visual-studio-code/resources/app/out/vs/workbench/workbench.desktop.main.js:2169:20273)
    at async c.apply (vscode-file://vscode-app/opt/visual-studio-code/resources/app/out/vs/workbench/workbench.desktop.main.js:2169:23124)
    at async m.n (vscode-file://vscode-app/opt/visual-studio-code/resources/app/out/vs/workbench/workbench.desktop.main.js:2169:24975)
    at async m.perform (vscode-file://vscode-app/opt/visual-studio-code/resources/app/out/vs/workbench/workbench.desktop.main.js:2169:24684)
    at async l.apply (vscode-file://vscode-app/opt/visual-studio-code/resources/app/out/vs/workbench/workbench.desktop.main.js:2169:26504)
    at async vscode-file://vscode-app/opt/visual-studio-code/resources/app/out/vs/workbench/workbench.desktop.main.js:1570:158971
2024-01-17 16:32:38.773 [error] Error: No se puede escribir el archivo "/etc/udev/rules.d/99-android.rules" (NoPermissions (FileSystemError): Error: EACCES: permission denied, open '/etc/udev/rules.d/99-android.rules')
    at n.writeFile (vscode-file://vscode-app/opt/visual-studio-code/resources/app/out/vs/workbench/workbench.desktop.main.js:645:16867)
    at async n.createFile (vscode-file://vscode-app/opt/visual-studio-code/resources/app/out/vs/workbench/workbench.desktop.main.js:645:16178)
    at async Promise.all (index 0)
    at async Object._ [as settled] (vscode-file://vscode-app/opt/visual-studio-code/resources/app/out/vs/workbench/workbench.desktop.main.js:149:23305)
    at async i.doCreateFileOrFolder (vscode-file://vscode-app/opt/visual-studio-code/resources/app/out/vs/workbench/workbench.desktop.main.js:2163:48724)
    at async u.perform (vscode-file://vscode-app/opt/visual-studio-code/resources/app/out/vs/workbench/workbench.desktop.main.js:2169:20273)
    at async c.apply (vscode-file://vscode-app/opt/visual-studio-code/resources/app/out/vs/workbench/workbench.desktop.main.js:2169:23124)
    at async m.n (vscode-file://vscode-app/opt/visual-studio-code/resources/app/out/vs/workbench/workbench.desktop.main.js:2169:24975)
    at async m.perform (vscode-file://vscode-app/opt/visual-studio-code/resources/app/out/vs/workbench/workbench.desktop.main.js:2169:24684)
    at async l.apply (vscode-file://vscode-app/opt/visual-studio-code/resources/app/out/vs/workbench/workbench.desktop.main.js:2169:26504)
    at async vscode-file://vscode-app/opt/visual-studio-code/resources/app/out/vs/workbench/workbench.desktop.main.js:1570:158971
2024-01-17 16:32:38.810 [error] No se puede escribir el archivo "/etc/udev/rules.d/99-android.rules" (NoPermissions (FileSystemError): Error: EACCES: permission denied, open '/etc/udev/rules.d/99-android.rules'): Error: No se puede escribir el archivo "/etc/udev/rules.d/99-android.rules" (NoPermissions (FileSystemError): Error: EACCES: permission denied, open '/etc/udev/rules.d/99-android.rules')
    at n.writeFile (vscode-file://vscode-app/opt/visual-studio-code/resources/app/out/vs/workbench/workbench.desktop.main.js:645:16867)
    at async n.createFile (vscode-file://vscode-app/opt/visual-studio-code/resources/app/out/vs/workbench/workbench.desktop.main.js:645:16178)
    at async Promise.all (index 0)
    at async Object._ [as settled] (vscode-file://vscode-app/opt/visual-studio-code/resources/app/out/vs/workbench/workbench.desktop.main.js:149:23305)
    at async i.doCreateFileOrFolder (vscode-file://vscode-app/opt/visual-studio-code/resources/app/out/vs/workbench/workbench.desktop.main.js:2163:48724)
    at async u.perform (vscode-file://vscode-app/opt/visual-studio-code/resources/app/out/vs/workbench/workbench.desktop.main.js:2169:20273)
    at async c.apply (vscode-file://vscode-app/opt/visual-studio-code/resources/app/out/vs/workbench/workbench.desktop.main.js:2169:23124)
    at async m.n (vscode-file://vscode-app/opt/visual-studio-code/resources/app/out/vs/workbench/workbench.desktop.main.js:2169:24975)
    at async m.perform (vscode-file://vscode-app/opt/visual-studio-code/resources/app/out/vs/workbench/workbench.desktop.main.js:2169:24684)
    at async l.apply (vscode-file://vscode-app/opt/visual-studio-code/resources/app/out/vs/workbench/workbench.desktop.main.js:2169:26504)
    at async vscode-file://vscode-app/opt/visual-studio-code/resources/app/out/vs/workbench/workbench.desktop.main.js:1570:158971
2024-01-17 16:32:48.628 [error] Error: No se puede escribir el archivo "/etc/udev/rules.d/99-android.rules" (NoPermissions (FileSystemError): Error: EACCES: permission denied, open '/etc/udev/rules.d/99-android.rules')
    at n.writeFile (vscode-file://vscode-app/opt/visual-studio-code/resources/app/out/vs/workbench/workbench.desktop.main.js:645:16867)
    at async n.createFile (vscode-file://vscode-app/opt/visual-studio-code/resources/app/out/vs/workbench/workbench.desktop.main.js:645:16178)
    at async Promise.all (index 0)
    at async Object._ [as settled] (vscode-file://vscode-app/opt/visual-studio-code/resources/app/out/vs/workbench/workbench.desktop.main.js:149:23305)
    at async i.doCreateFileOrFolder (vscode-file://vscode-app/opt/visual-studio-code/resources/app/out/vs/workbench/workbench.desktop.main.js:2163:48724)
    at async u.perform (vscode-file://vscode-app/opt/visual-studio-code/resources/app/out/vs/workbench/workbench.desktop.main.js:2169:20273)
    at async c.apply (vscode-file://vscode-app/opt/visual-studio-code/resources/app/out/vs/workbench/workbench.desktop.main.js:2169:23124)
    at async m.n (vscode-file://vscode-app/opt/visual-studio-code/resources/app/out/vs/workbench/workbench.desktop.main.js:2169:24975)
    at async m.perform (vscode-file://vscode-app/opt/visual-studio-code/resources/app/out/vs/workbench/workbench.desktop.main.js:2169:24684)
    at async l.apply (vscode-file://vscode-app/opt/visual-studio-code/resources/app/out/vs/workbench/workbench.desktop.main.js:2169:26504)
    at async vscode-file://vscode-app/opt/visual-studio-code/resources/app/out/vs/workbench/workbench.desktop.main.js:1570:158971
2024-01-17 16:32:48.629 [error] No se puede escribir el archivo "/etc/udev/rules.d/99-android.rules" (NoPermissions (FileSystemError): Error: EACCES: permission denied, open '/etc/udev/rules.d/99-android.rules'): Error: No se puede escribir el archivo "/etc/udev/rules.d/99-android.rules" (NoPermissions (FileSystemError): Error: EACCES: permission denied, open '/etc/udev/rules.d/99-android.rules')
    at n.writeFile (vscode-file://vscode-app/opt/visual-studio-code/resources/app/out/vs/workbench/workbench.desktop.main.js:645:16867)
    at async n.createFile (vscode-file://vscode-app/opt/visual-studio-code/resources/app/out/vs/workbench/workbench.desktop.main.js:645:16178)
    at async Promise.all (index 0)
    at async Object._ [as settled] (vscode-file://vscode-app/opt/visual-studio-code/resources/app/out/vs/workbench/workbench.desktop.main.js:149:23305)
    at async i.doCreateFileOrFolder (vscode-file://vscode-app/opt/visual-studio-code/resources/app/out/vs/workbench/workbench.desktop.main.js:2163:48724)
    at async u.perform (vscode-file://vscode-app/opt/visual-studio-code/resources/app/out/vs/workbench/workbench.desktop.main.js:2169:20273)
    at async c.apply (vscode-file://vscode-app/opt/visual-studio-code/resources/app/out/vs/workbench/workbench.desktop.main.js:2169:23124)
    at async m.n (vscode-file://vscode-app/opt/visual-studio-code/resources/app/out/vs/workbench/workbench.desktop.main.js:2169:24975)
    at async m.perform (vscode-file://vscode-app/opt/visual-studio-code/resources/app/out/vs/workbench/workbench.desktop.main.js:2169:24684)
    at async l.apply (vscode-file://vscode-app/opt/visual-studio-code/resources/app/out/vs/workbench/workbench.desktop.main.js:2169:26504)
    at async vscode-file://vscode-app/opt/visual-studio-code/resources/app/out/vs/workbench/workbench.desktop.main.js:1570:158971
