2024-01-17 14:17:48.223 [info] Added views:workbench.panel.markers.view in workbench.panel.markers
2024-01-17 14:17:48.223 [info] Added views:workbench.panel.output in workbench.panel.output
2024-01-17 14:17:48.223 [info] Added views:terminal in terminal
2024-01-17 14:17:48.223 [info] Added views:workbench.scm in workbench.views.service.sidebar.a3ebbb23-8516-462c-af80-0c7215bb60bd
2024-01-17 14:17:48.223 [info] Added views:workbench.view.search in workbench.views.service.sidebar.dcd86c92-3ce7-4d7b-852c-d8e188e29711
2024-01-17 14:17:48.223 [info] Added views:timeline in workbench.views.service.sidebar.2b19d8ed-b4ea-4580-acd9-aff94e504f32
2024-01-17 14:17:48.223 [info] Added views:workbench.explorer.fileView,workbench.explorer.openEditorsView in workbench.views.service.sidebar.2b19d8ed-b4ea-4580-acd9-aff94e504f32
2024-01-17 14:17:50.140 [info] Added views:projectsExplorerFavorites,projectManagerHelpAndFeedback in workbench.view.extension.project-manager
2024-01-17 14:17:50.141 [info] Added views:gitlens.views.home,gitlens.views.drafts,gitlens.views.workspaces,gitlens.views.account in workbench.view.extension.gitlens
2024-01-17 14:17:50.142 [info] Added views:gitlens.views.commitDetails,gitlens.views.lineHistory,gitlens.views.fileHistory,gitlens.views.searchAndCompare in workbench.view.extension.gitlensInspect
2024-01-17 14:17:50.143 [info] Added views:gitlens.views.remotes,gitlens.views.repositories,gitlens.views.commits,gitlens.views.tags,gitlens.views.branches in workbench.views.service.panel.e3d488fd-d16d-4888-a45a-1020fb16470b
2024-01-17 14:17:50.144 [info] Added views:gitlens.views.stashes in workbench.views.service.sidebar.2b19d8ed-b4ea-4580-acd9-aff94e504f32
2024-01-17 14:17:50.145 [info] Added views:gitlens.views.contributors in workbench.panel.markers
2024-01-17 14:17:50.146 [info] Added views:pr:github,issues:github in workbench.view.extension.github-pull-requests
2024-01-17 14:17:50.441 [info] Added views:workbench.debug.variablesView,workbench.debug.watchExpressionsView,workbench.debug.callStackView,workbench.debug.breakPointsView in workbench.view.debug
2024-01-17 14:17:50.583 [info] Added views:~remote.forwardedPorts in ~remote.forwardedPortsContainer
2024-01-17 14:17:54.752 [info] Added views:workspaceEnvironments,pythonEnvironments in workbench.view.extension.package-explorer
2024-01-17 14:17:54.756 [info] Added views:mongoDBConnectionExplorer,mongoDBPlaygroundsExplorer,mongoDBHelpExplorer in workbench.view.extension.mongoDB
2024-01-17 14:17:54.757 [info] Added views:sqltoolsViewConnectionExplorer,sqltoolsViewBookmarksExplorer,sqltoolsViewHistoryExplorer in workbench.view.extension.sqltoolsActivityBarContainer
2024-01-17 14:17:54.757 [info] Added views:sqltoolsViewConsoleMessages in workbench.view.extension.sqltoolsPanelContainer
2024-01-17 14:17:54.760 [info] Added views:postman-for-vscode.sidebar-panel in workbench.view.extension.sidebar-panel
2024-01-17 14:17:54.760 [info] Added views:postman-console-view in workbench.view.extension.postman-console-view-container
2024-01-17 14:17:56.433 [info] Added views:workbench.panel.repl.view in workbench.panel.repl
2024-01-17 14:17:56.438 [info] Removed views:workbench.debug.breakPointsView,workbench.debug.callStackView,workbench.debug.watchExpressionsView,workbench.debug.variablesView from workbench.view.debug
2024-01-17 14:17:56.439 [info] Added views:workbench.debug.welcome in workbench.view.debug
2024-01-17 14:18:09.179 [info] Added views:angular-schematics in workbench.view.extension.angular
2024-01-17 14:18:17.822 [info] Added views:projectsExplorerGit in workbench.view.extension.project-manager
2024-01-17 14:18:17.852 [info] Removed views:gitlens.views.searchAndCompare,gitlens.views.fileHistory,gitlens.views.lineHistory,gitlens.views.commitDetails from workbench.view.extension.gitlensInspect
2024-01-17 14:18:17.855 [info] Removed views:gitlens.views.stashes from workbench.views.service.sidebar.2b19d8ed-b4ea-4580-acd9-aff94e504f32
2024-01-17 14:18:17.857 [info] Removed views:gitlens.views.branches,gitlens.views.tags,gitlens.views.commits,gitlens.views.repositories,gitlens.views.remotes from workbench.views.service.panel.e3d488fd-d16d-4888-a45a-1020fb16470b
2024-01-17 14:18:17.861 [info] Removed views:gitlens.views.contributors from workbench.panel.markers
2024-01-17 14:18:18.699 [info] Added views:workbench.panel.comments in workbench.panel.comments
2024-01-17 14:18:35.882 [info] Added views:tabnine.loading in workbench.view.extension.tabnine
2024-01-17 14:18:35.883 [info] Removed views:tabnine.loading from workbench.view.extension.tabnine
2024-01-17 14:18:35.885 [info] Added views:tabnine.chat.preview_ended in workbench.view.extension.tabnine
