2024-01-15 15:59:23.174 [info] El experimento \"pythonaa\" está activo
2024-01-15 15:59:23.174 [info] El experimento \"pythonRecommendTensorboardExtcf\" está activo
2024-01-15 15:59:23.174 [info] El experimento \"pythonREPLSmartSend\" está activo
2024-01-15 15:59:23.174 [info] El experimento \"pythonSurveyNotificationcf\" está activo
2024-01-15 15:59:23.174 [info] El experimento \"pythonTerminalEnvVarActivationcf\" está activo
2024-01-15 15:59:23.174 [info] El experimento \"pythonTestAdapter\" está activo
2024-01-15 15:59:23.174 [info] Default formatter is set to null for workspace /home/devdragon/workspace/python/FastApliLearn
2024-01-15 15:59:23.174 [info] > conda info --json
2024-01-15 15:59:23.174 [info] Test server listening.
2024-01-15 15:59:23.174 [info] Ruta de acceso del intérprete de Python: ./evfs/bin/python
2024-01-15 15:59:23.174 [info] Send text to terminal: printenv > "/tmp/tmp-27000WChPGT9Cp3D5.txt"
2024-01-15 15:59:23.382 [info] Found: /bin/python --> /bin/python3.11
2024-01-15 15:59:23.714 [info] Found: /bin/python3 --> /bin/python3.11
2024-01-15 15:59:23.748 [info] Found: /bin/python3.11 --> /bin/python3.11
2024-01-15 15:59:24.862 [info] > ./evfs/bin/python -I ~/.vscode/extensions/ms-python.python-2023.22.1/pythonFiles/get_output_via_markers.py ~/.vscode/extensions/ms-python.python-2023.22.1/pythonFiles/interpreterInfo.py
2024-01-15 15:59:24.933 [info] Found: /sbin/python --> /sbin/python3.11
2024-01-15 15:59:25.062 [info] Found: /sbin/python3 --> /sbin/python3.11
2024-01-15 15:59:25.088 [info] Found: /sbin/python3.11 --> /sbin/python3.11
2024-01-15 15:59:25.783 [info] Found: /usr/bin/python --> /usr/bin/python3.11
2024-01-15 15:59:25.909 [info] Found: /usr/bin/python3 --> /usr/bin/python3.11
2024-01-15 15:59:26.138 [info] Found: /usr/bin/python3.11 --> /usr/bin/python3.11
2024-01-15 15:59:26.493 [info] Found: /usr/sbin/python --> /usr/sbin/python3.11
2024-01-15 15:59:26.493 [info] Found: /usr/sbin/python3 --> /usr/sbin/python3.11
2024-01-15 15:59:26.493 [info] Found: /usr/sbin/python3.11 --> /usr/sbin/python3.11
2024-01-15 15:59:26.532 [info] > /bin/python -I ~/.vscode/extensions/ms-python.python-2023.22.1/pythonFiles/get_output_via_markers.py ~/.vscode/extensions/ms-python.python-2023.22.1/pythonFiles/interpreterInfo.py
2024-01-15 15:59:26.573 [info] > /sbin/python -I ~/.vscode/extensions/ms-python.python-2023.22.1/pythonFiles/get_output_via_markers.py ~/.vscode/extensions/ms-python.python-2023.22.1/pythonFiles/interpreterInfo.py
2024-01-15 15:59:26.621 [info] Iniciando el servidor de lenguaje Pylance.
2024-01-15 15:59:26.721 [info] > /usr/bin/python -I ~/.vscode/extensions/ms-python.python-2023.22.1/pythonFiles/get_output_via_markers.py ~/.vscode/extensions/ms-python.python-2023.22.1/pythonFiles/interpreterInfo.py
2024-01-15 15:59:26.810 [info] > /usr/sbin/python -I ~/.vscode/extensions/ms-python.python-2023.22.1/pythonFiles/get_output_via_markers.py ~/.vscode/extensions/ms-python.python-2023.22.1/pythonFiles/interpreterInfo.py
2024-01-15 16:02:59.738 [info] El experimento \"pythonaa\" está activo
2024-01-15 16:02:59.738 [info] El experimento \"pythonRecommendTensorboardExtcf\" está activo
2024-01-15 16:02:59.738 [info] El experimento \"pythonREPLSmartSend\" está activo
2024-01-15 16:02:59.738 [info] El experimento \"pythonSurveyNotificationcf\" está activo
2024-01-15 16:02:59.738 [info] El experimento \"pythonTerminalEnvVarActivationcf\" está activo
2024-01-15 16:02:59.739 [info] El experimento \"pythonTestAdapter\" está activo
2024-01-15 16:02:59.739 [info] Default formatter is set to null for workspace /home/devdragon/workspace/python/FastApliLearn
2024-01-15 16:02:59.739 [info] Test server listening.
2024-01-15 16:02:59.739 [info] Ruta de acceso del intérprete de Python: ./evfs/bin/python
2024-01-15 16:03:01.376 [info] Iniciando el servidor de lenguaje Pylance.
2024-01-15 16:03:18.877 [info] Discover tests for workspace name: FastApliLearn - uri: /home/devdragon/workspace/python/FastApliLearn/conect_data_base/client.py
2024-01-15 16:03:24.598 [info] Discover tests for workspace name: FastApliLearn - uri: /home/devdragon/workspace/python/FastApliLearn/conect_data_base/client.py
2024-01-15 16:03:26.179 [info] Discover tests for workspace name: FastApliLearn - uri: /home/devdragon/workspace/python/FastApliLearn/conect_data_base/client.py
2024-01-15 16:03:59.037 [info] Discover tests for workspace name: FastApliLearn - uri: /home/devdragon/workspace/python/FastApliLearn/conect_data_base/client.py
2024-01-15 16:04:00.564 [info] Discover tests for workspace name: FastApliLearn - uri: /home/devdragon/workspace/python/FastApliLearn/conect_data_base/client.py
2024-01-15 16:04:02.163 [info] Discover tests for workspace name: FastApliLearn - uri: /home/devdragon/workspace/python/FastApliLearn/conect_data_base/client.py
2024-01-15 16:04:08.724 [info] Discover tests for workspace name: FastApliLearn - uri: /home/devdragon/workspace/python/FastApliLearn/conect_data_base/client.py
2024-01-15 16:04:10.579 [info] Discover tests for workspace name: FastApliLearn - uri: /home/devdragon/workspace/python/FastApliLearn/conect_data_base/client.py
2024-01-15 16:04:12.139 [info] Discover tests for workspace name: FastApliLearn - uri: /home/devdragon/workspace/python/FastApliLearn/conect_data_base/client.py
2024-01-15 16:04:14.547 [info] Discover tests for workspace name: FastApliLearn - uri: /home/devdragon/workspace/python/FastApliLearn/conect_data_base/client.py
2024-01-15 16:04:22.059 [info] Discover tests for workspace name: FastApliLearn - uri: /home/devdragon/workspace/python/FastApliLearn/conect_data_base/client.py
2024-01-15 16:04:24.895 [info] Discover tests for workspace name: FastApliLearn - uri: /home/devdragon/workspace/python/FastApliLearn/conect_data_base/client.py
2024-01-15 16:04:26.997 [info] Discover tests for workspace name: FastApliLearn - uri: /home/devdragon/workspace/python/FastApliLearn/conect_data_base/client.py
2024-01-15 16:04:50.869 [info] Discover tests for workspace name: FastApliLearn - uri: /home/devdragon/workspace/python/FastApliLearn/conect_data_base/client.py
2024-01-15 16:19:41.484 [info] Discover tests for workspace name: FastApliLearn - uri: /home/devdragon/workspace/python/FastApliLearn/conect_data_base/client.py
2024-01-15 16:19:43.450 [info] Discover tests for workspace name: FastApliLearn - uri: /home/devdragon/workspace/python/FastApliLearn/conect_data_base/client.py
2024-01-15 16:19:45.094 [info] Discover tests for workspace name: FastApliLearn - uri: /home/devdragon/workspace/python/FastApliLearn/conect_data_base/client.py
2024-01-15 16:19:51.741 [info] Discover tests for workspace name: FastApliLearn - uri: /home/devdragon/workspace/python/FastApliLearn/conect_data_base/client.py
2024-01-15 16:19:56.252 [info] Discover tests for workspace name: FastApliLearn - uri: /home/devdragon/workspace/python/FastApliLearn/conect_data_base/client.py
2024-01-15 16:23:14.823 [info] Discover tests for workspace name: FastApliLearn - uri: /home/devdragon/workspace/python/FastApliLearn/conect_data_base/client.py
2024-01-15 16:23:18.665 [info] Discover tests for workspace name: FastApliLearn - uri: /home/devdragon/workspace/python/FastApliLearn/conect_data_base/client.py
2024-01-15 16:23:21.027 [info] Discover tests for workspace name: FastApliLearn - uri: /home/devdragon/workspace/python/FastApliLearn/conect_data_base/client.py
2024-01-15 16:23:29.866 [info] Discover tests for workspace name: FastApliLearn - uri: /home/devdragon/workspace/python/FastApliLearn/conect_data_base/client.py
2024-01-15 16:36:48.755 [info] Discover tests for workspace name: FastApliLearn - uri: /home/devdragon/workspace/python/FastApliLearn/conect_data_base/client.py
2024-01-15 16:36:50.465 [info] Discover tests for workspace name: FastApliLearn - uri: /home/devdragon/workspace/python/FastApliLearn/conect_data_base/client.py
2024-01-15 16:36:51.798 [info] Discover tests for workspace name: FastApliLearn - uri: /home/devdragon/workspace/python/FastApliLearn/conect_data_base/client.py
2024-01-15 16:36:59.153 [info] Discover tests for workspace name: FastApliLearn - uri: /home/devdragon/workspace/python/FastApliLearn/conect_data_base/client.py
2024-01-15 16:37:00.794 [info] Discover tests for workspace name: FastApliLearn - uri: /home/devdragon/workspace/python/FastApliLearn/conect_data_base/client.py
2024-01-15 16:37:02.467 [info] Discover tests for workspace name: FastApliLearn - uri: /home/devdragon/workspace/python/FastApliLearn/conect_data_base/client.py
2024-01-15 16:37:04.376 [info] Discover tests for workspace name: FastApliLearn - uri: /home/devdragon/workspace/python/FastApliLearn/conect_data_base/client.py
2024-01-15 16:37:05.383 [info] Discover tests for workspace name: FastApliLearn - uri: /home/devdragon/workspace/python/FastApliLearn/conect_data_base/client.py
2024-01-15 16:37:42.098 [info] Discover tests for workspace name: FastApliLearn - uri: /home/devdragon/workspace/python/FastApliLearn/conect_data_base/client.py
2024-01-15 16:37:47.998 [info] Discover tests for workspace name: FastApliLearn - uri: /home/devdragon/workspace/python/FastApliLearn/conect_data_base/client.py
2024-01-15 16:37:52.171 [info] Discover tests for workspace name: FastApliLearn - uri: /home/devdragon/workspace/python/FastApliLearn/conect_data_base/client.py
2024-01-15 16:38:07.615 [info] Discover tests for workspace name: FastApliLearn - uri: /home/devdragon/workspace/python/FastApliLearn/conect_data_base/client.py
2024-01-15 16:38:13.372 [info] Discover tests for workspace name: FastApliLearn - uri: /home/devdragon/workspace/python/FastApliLearn/conect_data_base/client.py
2024-01-15 16:40:27.259 [info] Discover tests for workspace name: FastApliLearn - uri: /home/devdragon/workspace/python/FastApliLearn/conect_data_base/client.py
2024-01-15 16:48:14.423 [info] Discover tests for workspace name: FastApliLearn - uri: /home/devdragon/workspace/python/FastApliLearn/conect_data_base/client.py
2024-01-15 16:48:16.146 [info] Discover tests for workspace name: FastApliLearn - uri: /home/devdragon/workspace/python/FastApliLearn/conect_data_base/client.py
2024-01-15 16:53:23.159 [info] Discover tests for workspace name: FastApliLearn - uri: /home/devdragon/workspace/python/FastApliLearn/conect_data_base/client.py
2024-01-15 16:53:34.666 [info] Discover tests for workspace name: FastApliLearn - uri: /home/devdragon/workspace/python/FastApliLearn/conect_data_base/client.py
2024-01-15 16:53:36.403 [info] Discover tests for workspace name: FastApliLearn - uri: /home/devdragon/workspace/python/FastApliLearn/conect_data_base/client.py
2024-01-15 16:54:39.240 [info] Discover tests for workspace name: FastApliLearn - uri: /home/devdragon/workspace/python/FastApliLearn/conect_data_base/client.py
2024-01-15 16:57:14.083 [info] Discover tests for workspace name: FastApliLearn - uri: /home/devdragon/workspace/python/FastApliLearn/conect_data_base/client.py
2024-01-15 17:21:25.681 [info] Discover tests for workspace name: FastApliLearn - uri: /home/devdragon/workspace/python/FastApliLearn/conect_data_base/client.py
2024-01-15 17:21:28.800 [info] Discover tests for workspace name: FastApliLearn - uri: /home/devdragon/workspace/python/FastApliLearn/conect_data_base/client.py
2024-01-15 17:21:30.104 [info] Discover tests for workspace name: FastApliLearn - uri: /home/devdragon/workspace/python/FastApliLearn/conect_data_base/client.py
2024-01-15 17:21:32.077 [info] Discover tests for workspace name: FastApliLearn - uri: /home/devdragon/workspace/python/FastApliLearn/conect_data_base/client.py
2024-01-15 17:21:38.284 [info] Discover tests for workspace name: FastApliLearn - uri: /home/devdragon/workspace/python/FastApliLearn/conect_data_base/client.py
2024-01-15 17:21:39.667 [info] Discover tests for workspace name: FastApliLearn - uri: /home/devdragon/workspace/python/FastApliLearn/conect_data_base/client.py
2024-01-15 17:22:35.845 [info] Discover tests for workspace name: FastApliLearn - uri: /home/devdragon/workspace/python/FastApliLearn/conect_data_base/client.py
2024-01-15 17:27:41.818 [info] Discover tests for workspace name: FastApliLearn - uri: /home/devdragon/workspace/python/FastApliLearn/conect_data_base/client.py
2024-01-15 17:27:57.098 [info] Discover tests for workspace name: FastApliLearn - uri: /home/devdragon/workspace/python/FastApliLearn/conect_data_base/client.py
2024-01-15 17:27:58.453 [info] Discover tests for workspace name: FastApliLearn - uri: /home/devdragon/workspace/python/FastApliLearn/conect_data_base/client.py
2024-01-15 17:28:18.875 [info] Discover tests for workspace name: FastApliLearn - uri: /home/devdragon/workspace/python/FastApliLearn/conect_data_base/client.py
2024-01-15 17:29:09.229 [info] > conda info --json
2024-01-15 17:29:09.330 [info] Send text to terminal: printenv > "/tmp/tmp-30544DQDGmI2kwPE0.txt"
2024-01-15 17:29:09.350 [info] Found: /bin/python --> /bin/python3.11
2024-01-15 17:29:09.359 [info] Found: /bin/python3 --> /bin/python3.11
2024-01-15 17:29:09.359 [info] Found: /bin/python3.11 --> /bin/python3.11
2024-01-15 17:29:09.397 [info] > ./evfs/bin/python -I ~/.vscode/extensions/ms-python.python-2023.22.1/pythonFiles/get_output_via_markers.py ~/.vscode/extensions/ms-python.python-2023.22.1/pythonFiles/interpreterInfo.py
2024-01-15 17:29:09.415 [info] Found: /sbin/python --> /sbin/python3.11
2024-01-15 17:29:09.416 [info] Found: /sbin/python3 --> /sbin/python3.11
2024-01-15 17:29:09.418 [info] Found: /sbin/python3.11 --> /sbin/python3.11
2024-01-15 17:29:09.425 [info] Found: /usr/bin/python --> /usr/bin/python3.11
2024-01-15 17:29:09.425 [info] Found: /usr/bin/python3 --> /usr/bin/python3.11
2024-01-15 17:29:09.426 [info] Found: /usr/bin/python3.11 --> /usr/bin/python3.11
2024-01-15 17:29:09.458 [info] Found: /usr/sbin/python --> /usr/sbin/python3.11
2024-01-15 17:29:09.458 [info] Found: /usr/sbin/python3 --> /usr/sbin/python3.11
2024-01-15 17:29:09.458 [info] Found: /usr/sbin/python3.11 --> /usr/sbin/python3.11
2024-01-15 17:29:09.486 [info] > /bin/python -I ~/.vscode/extensions/ms-python.python-2023.22.1/pythonFiles/get_output_via_markers.py ~/.vscode/extensions/ms-python.python-2023.22.1/pythonFiles/interpreterInfo.py
2024-01-15 17:29:09.519 [info] > /sbin/python -I ~/.vscode/extensions/ms-python.python-2023.22.1/pythonFiles/get_output_via_markers.py ~/.vscode/extensions/ms-python.python-2023.22.1/pythonFiles/interpreterInfo.py
2024-01-15 17:29:09.551 [info] > /usr/bin/python -I ~/.vscode/extensions/ms-python.python-2023.22.1/pythonFiles/get_output_via_markers.py ~/.vscode/extensions/ms-python.python-2023.22.1/pythonFiles/interpreterInfo.py
2024-01-15 17:29:09.581 [info] > /usr/sbin/python -I ~/.vscode/extensions/ms-python.python-2023.22.1/pythonFiles/get_output_via_markers.py ~/.vscode/extensions/ms-python.python-2023.22.1/pythonFiles/interpreterInfo.py
