2024-01-15 15:59:57.843 [info] Configuration changed
2024-01-15 15:59:59.906 [info] Active editor: file:///home/devdragon/workspace/python/FastApliLearn/users/user_db.py
2024-01-15 15:59:59.950 [info] /home/devdragon/workspace/python/FastApliLearn/users/user_db.py.git closed
2024-01-15 16:00:22.872 [info] Active editor: output:vscode.git.Git
2024-01-15 16:00:28.922 [info] /home/devdragon/.config/Code/User/settings.json closed
2024-01-15 16:00:28.923 [info] Active editor: file:///home/devdragon/workspace/python/FastApliLearn/users/user_db.py
2024-01-15 16:00:29.785 [info] /home/devdragon/.config/Code/User/keybindings.json closed
2024-01-15 16:01:47.237 [info] /home/devdragon/workspace/python/FastApliLearn/users/user_db.py closed
2024-01-15 16:01:47.273 [info] Active editor: file:///home/devdragon/workspace/python/FastApliLearn/users/user_db.py
2024-01-15 16:01:49.073 [info] /home/devdragon/workspace/python/FastApliLearn/users/user_db.py closed
2024-01-15 16:01:49.137 [info] Active editor: file:///home/devdragon/workspace/python/FastApliLearn/conect_data_base/schemas/user.py
2024-01-15 16:01:49.186 [info] /home/devdragon/workspace/python/FastApliLearn/users/user_db.py.git closed
2024-01-15 16:01:51.109 [info] /home/devdragon/workspace/python/FastApliLearn/conect_data_base/schemas/user.py closed
2024-01-15 16:01:51.166 [info] Active editor: file:///home/devdragon/workspace/python/FastApliLearn/conect_data_base/client.py
2024-01-15 16:01:51.231 [info] /home/devdragon/workspace/python/FastApliLearn/conect_data_base/schemas/user.py.git closed
2024-01-15 16:01:52.559 [info] /home/devdragon/workspace/python/FastApliLearn/conect_data_base/client.py closed
2024-01-15 16:01:52.605 [info] Active editor: file:///home/devdragon/workspace/python/FastApliLearn/conect_data_base/models/user.py
2024-01-15 16:01:52.693 [info] /home/devdragon/workspace/python/FastApliLearn/conect_data_base/client.py.git closed
2024-01-15 16:01:53.935 [info] /home/devdragon/workspace/python/FastApliLearn/conect_data_base/models/user.py closed
2024-01-15 16:01:53.943 [info] /home/devdragon/workspace/python/FastApliLearn/conect_data_base/models/user.py.git closed
2024-01-15 16:01:56.285 [info] vscode.git.Git closed
2024-01-15 16:02:18.859 [info] /home/devdragon/.config/Code/User/settings.json closed
2024-01-15 16:02:18.944 [info] Configuration changed
2024-01-15 16:02:19.222 [info] /home/devdragon/.config/Code/User/settings.json closed
2024-01-15 16:02:19.328 [info] /home/devdragon/.config/Code/User/settings.json closed
2024-01-15 16:02:19.378 [info] /home/devdragon/.config/Code/User/settings.json closed
2024-01-15 16:02:19.466 [info] /home/devdragon/.config/Code/User/settings.json closed
2024-01-15 16:02:58.491 [info] Active editor: file:///home/devdragon/workspace/python/FastApliLearn/conect_data_base/client.py
2024-01-15 16:04:10.803 [warning] invalid cursor position. [[8, 3] | [8, 3]].
2024-01-15 16:04:10.803 [warning] invalid cursor position. [[8, 3] | [8, 3]].
2024-01-15 16:27:24.972 [info] /home/devdragon/workspace/python/FastApliLearn/conect_data_base/client.py.git closed
2024-01-15 16:31:16.707 [info] Active editor: file:///home/devdragon/workspace/python/FastApliLearn/conect_data_base/client.py
2024-01-15 16:31:48.374 [info] /home/devdragon/workspace/python/FastApliLearn/conect_data_base/client.py.git closed
2024-01-15 16:36:31.505 [info] Active editor: file:///home/devdragon/workspace/python/FastApliLearn/conect_data_base/client.py
2024-01-15 16:40:30.410 [info] /home/devdragon/workspace/python/FastApliLearn/conect_data_base/client.py.git closed
2024-01-15 16:40:36.522 [info] Active editor: file:///home/devdragon/workspace/python/FastApliLearn/conect_data_base/client.py
2024-01-15 16:40:41.814 [info] /home/devdragon/workspace/python/FastApliLearn/conect_data_base/client.py.git closed
2024-01-15 16:42:39.837 [info] Active editor: file:///home/devdragon/workspace/python/FastApliLearn/conect_data_base/client.py
2024-01-15 16:42:43.099 [info] /home/devdragon/workspace/python/FastApliLearn/conect_data_base/client.py.git closed
2024-01-15 16:43:43.419 [info] Active editor: file:///home/devdragon/workspace/python/FastApliLearn/conect_data_base/client.py
2024-01-15 16:56:58.436 [info] /home/devdragon/workspace/python/FastApliLearn/conect_data_base/client.py closed
2024-01-15 16:56:58.453 [info] /home/devdragon/workspace/python/FastApliLearn/conect_data_base/client.py.git closed
2024-01-15 16:57:02.439 [info] Active editor: file:///home/devdragon/workspace/python/FastApliLearn/conect_data_base/client.py
2024-01-15 16:57:29.052 [info] /home/devdragon/workspace/python/FastApliLearn/conect_data_base/client.py closed
2024-01-15 16:57:29.062 [info] /home/devdragon/workspace/python/FastApliLearn/conect_data_base/client.py.git closed
2024-01-15 16:57:31.966 [info] Active editor: file:///home/devdragon/workspace/python/FastApliLearn/conect_data_base/client.py
2024-01-15 17:02:03.515 [info] Configuration changed
2024-01-15 17:07:38.746 [info] /home/devdragon/workspace/python/FastApliLearn/conect_data_base/client.py.git closed
2024-01-15 17:08:43.776 [info] Active editor: file:///home/devdragon/workspace/python/FastApliLearn/conect_data_base/client.py
2024-01-15 17:17:27.033 [info] /home/devdragon/workspace/python/FastApliLearn/conect_data_base/client.py.git closed
2024-01-15 17:21:21.820 [info] Active editor: file:///home/devdragon/workspace/python/FastApliLearn/conect_data_base/client.py
2024-01-15 17:22:38.278 [info] /home/devdragon/workspace/python/FastApliLearn/conect_data_base/client.py.git closed
2024-01-15 17:24:02.466 [info] Active editor: file:///home/devdragon/workspace/python/FastApliLearn/conect_data_base/client.py
2024-01-15 17:27:30.223 [info] /home/devdragon/workspace/python/FastApliLearn/conect_data_base/client.py.git closed
2024-01-15 17:27:31.961 [info] Active editor: file:///home/devdragon/workspace/python/FastApliLearn/conect_data_base/client.py
2024-01-15 17:28:57.463 [info] /home/devdragon/workspace/python/FastApliLearn/conect_data_base/client.py.git closed
