2024-01-15 15:59:05.068 [error] electron #11: https://ms-vscode.gallery.vsassets.io/_apis/public/gallery/publisher/ms-vscode/extension/vscode-typescript-next/5.4.20240114/assetbyname/Microsoft.VisualStudio.Services.VSIXPackage?redirect=true&update=true - error GET net::ERR_NAME_NOT_RESOLVED
2024-01-15 15:59:05.069 [error] electron #13: https://tabnine.gallery.vsassets.io/_apis/public/gallery/publisher/TabNine/extension/tabnine-vscode/3.60.0/assetbyname/Microsoft.VisualStudio.Services.VSIXPackage?redirect=true&update=true - error GET net::ERR_NAME_NOT_RESOLVED
2024-01-15 15:59:05.070 [error] electron #12: https://yzhang.gallery.vsassets.io/_apis/public/gallery/publisher/yzhang/extension/markdown-all-in-one/3.6.2/assetbyname/Microsoft.VisualStudio.Services.VSIXPackage?redirect=true&update=true - error GET net::ERR_NAME_NOT_RESOLVED
2024-01-15 15:59:05.092 [error] electron #14: https://ms-vscode.gallery.vsassets.io/_apis/public/gallery/publisher/ms-vscode/extension/vscode-typescript-next/5.4.20240114/assetbyname/Microsoft.VisualStudio.Services.VSIXPackage?update=true - error GET net::ERR_NAME_NOT_RESOLVED
2024-01-15 15:59:05.093 [error] electron #15: https://tabnine.gallery.vsassets.io/_apis/public/gallery/publisher/TabNine/extension/tabnine-vscode/3.60.0/assetbyname/Microsoft.VisualStudio.Services.VSIXPackage?update=true - error GET net::ERR_NAME_NOT_RESOLVED
2024-01-15 15:59:05.093 [error] electron #16: https://yzhang.gallery.vsassets.io/_apis/public/gallery/publisher/yzhang/extension/markdown-all-in-one/3.6.2/assetbyname/Microsoft.VisualStudio.Services.VSIXPackage?update=true - error GET net::ERR_NAME_NOT_RESOLVED
2024-01-15 15:59:05.937 [error] electron #17: https://mobile.events.data.microsoft.com/OneCollector/1.0?cors=true&content-type=application/x-json-stream - error POST net::ERR_INTERNET_DISCONNECTED
2024-01-15 15:59:09.307 [error] electron #19: https://mobile.events.data.microsoft.com/OneCollector/1.0?cors=true&content-type=application/x-json-stream - error POST net::ERR_NAME_NOT_RESOLVED
2024-01-15 15:59:15.948 [error] electron #20: https://mobile.events.data.microsoft.com/OneCollector/1.0?cors=true&content-type=application/x-json-stream - error POST net::ERR_INTERNET_DISCONNECTED
2024-01-15 15:59:18.220 [error] electron #21: https://vscode-sync.trafficmanager.net/v1/manifest - error GET net::ERR_INTERNET_DISCONNECTED
2024-01-15 15:59:19.372 [error] electron #22: https://mobile.events.data.microsoft.com/OneCollector/1.0?cors=true&content-type=application/x-json-stream - error POST net::ERR_INTERNET_DISCONNECTED
2024-01-15 15:59:35.294 [error] electron #24: https://mobile.events.data.microsoft.com/OneCollector/1.0?cors=true&content-type=application/x-json-stream - error POST net::ERR_INTERNET_DISCONNECTED
2024-01-15 15:59:38.128 [error] electron #25: https://mobile.events.data.microsoft.com/OneCollector/1.0?cors=true&content-type=application/x-json-stream - error POST net::ERR_NAME_NOT_RESOLVED
2024-01-15 15:59:59.721 [error] electron #28: https://mobile.events.data.microsoft.com/OneCollector/1.0?cors=true&content-type=application/x-json-stream - error POST net::ERR_NAME_NOT_RESOLVED
2024-01-15 16:00:01.800 [error] electron #29: https://mobile.events.data.microsoft.com/OneCollector/1.0?cors=true&content-type=application/x-json-stream - error POST net::ERR_NAME_NOT_RESOLVED
2024-01-15 16:00:03.099 [error] electron #30: https://mobile.events.data.microsoft.com/OneCollector/1.0?cors=true&content-type=application/x-json-stream - error POST net::ERR_NAME_NOT_RESOLVED
2024-01-15 16:00:07.774 [error] electron #32: https://mobile.events.data.microsoft.com/OneCollector/1.0?cors=true&content-type=application/x-json-stream - error POST net::ERR_INTERNET_DISCONNECTED
2024-01-15 16:00:10.892 [error] electron #33: https://mobile.events.data.microsoft.com/OneCollector/1.0?cors=true&content-type=application/x-json-stream - error POST net::ERR_INTERNET_DISCONNECTED
2024-01-15 16:00:21.564 [error] electron #34: https://mobile.events.data.microsoft.com/OneCollector/1.0?cors=true&content-type=application/x-json-stream - error POST net::ERR_NAME_NOT_RESOLVED
2024-01-15 16:00:24.332 [error] electron #35: https://mobile.events.data.microsoft.com/OneCollector/1.0?cors=true&content-type=application/x-json-stream - error POST net::ERR_NAME_NOT_RESOLVED
2024-01-15 16:05:21.395 [error] electron #117: https://mobile.events.data.microsoft.com/OneCollector/1.0?cors=true&content-type=application/x-json-stream - error POST net::ERR_NAME_NOT_RESOLVED
2024-01-15 16:05:24.725 [error] electron #118: https://mobile.events.data.microsoft.com/OneCollector/1.0?cors=true&content-type=application/x-json-stream - error POST net::ERR_NAME_NOT_RESOLVED
2024-01-15 16:08:52.672 [error] electron #120: https://vscode-sync.trafficmanager.net/v1/manifest - error GET net::ERR_NAME_NOT_RESOLVED
2024-01-15 16:13:52.680 [error] electron #123: https://vscode-sync.trafficmanager.net/v1/manifest - error GET net::ERR_NAME_NOT_RESOLVED
2024-01-15 16:13:54.734 [error] electron #124: https://mobile.events.data.microsoft.com/OneCollector/1.0?cors=true&content-type=application/x-json-stream - error POST net::ERR_NAME_NOT_RESOLVED
2024-01-15 16:22:15.183 [error] electron #138: https://vscode-sync.trafficmanager.net/v1/manifest - error GET net::ERR_INTERNET_DISCONNECTED
2024-01-15 16:22:17.235 [error] electron #140: https://mobile.events.data.microsoft.com/OneCollector/1.0?cors=true&content-type=application/x-json-stream - error POST net::ERR_INTERNET_DISCONNECTED
2024-01-15 16:22:20.081 [error] electron #141: https://mobile.events.data.microsoft.com/OneCollector/1.0?cors=true&content-type=application/x-json-stream - error POST net::ERR_NAME_NOT_RESOLVED
2024-01-15 16:23:17.948 [error] electron #143: https://mobile.events.data.microsoft.com/OneCollector/1.0?cors=true&content-type=application/x-json-stream - error POST net::ERR_INTERNET_DISCONNECTED
2024-01-15 16:23:20.646 [error] electron #144: https://mobile.events.data.microsoft.com/OneCollector/1.0?cors=true&content-type=application/x-json-stream - error POST net::ERR_NAME_NOT_RESOLVED
2024-01-15 16:31:19.373 [error] electron #178: https://mobile.events.data.microsoft.com/OneCollector/1.0?cors=true&content-type=application/x-json-stream - error POST net::ERR_NETWORK_CHANGED
2024-01-15 16:31:20.784 [error] electron #179: https://mobile.events.data.microsoft.com/OneCollector/1.0?cors=true&content-type=application/x-json-stream - error POST net::ERR_INTERNET_DISCONNECTED
2024-01-15 16:31:22.232 [error] electron #180: https://mobile.events.data.microsoft.com/OneCollector/1.0?cors=true&content-type=application/x-json-stream - error POST net::ERR_NAME_NOT_RESOLVED
2024-01-15 16:31:23.519 [error] electron #181: https://mobile.events.data.microsoft.com/OneCollector/1.0?cors=true&content-type=application/x-json-stream - error POST net::ERR_NAME_NOT_RESOLVED
2024-01-15 16:31:35.297 [error] electron #182: https://mobile.events.data.microsoft.com/OneCollector/1.0?cors=true&content-type=application/x-json-stream - error POST net::ERR_INTERNET_DISCONNECTED
2024-01-15 16:31:38.042 [error] electron #183: https://mobile.events.data.microsoft.com/OneCollector/1.0?cors=true&content-type=application/x-json-stream - error POST net::ERR_INTERNET_DISCONNECTED
2024-01-15 16:32:20.987 [error] electron #185: https://mobile.events.data.microsoft.com/OneCollector/1.0?cors=true&content-type=application/x-json-stream - error POST net::ERR_NETWORK_CHANGED
2024-01-15 16:32:23.757 [error] electron #186: https://mobile.events.data.microsoft.com/OneCollector/1.0?cors=true&content-type=application/x-json-stream - error POST net::ERR_INTERNET_DISCONNECTED
2024-01-15 16:33:35.874 [error] electron #188: https://mobile.events.data.microsoft.com/OneCollector/1.0?cors=true&content-type=application/x-json-stream - error POST net::ERR_NAME_NOT_RESOLVED
2024-01-15 16:33:38.187 [error] electron #189: https://vscode-sync.trafficmanager.net/v1/manifest - error GET net::ERR_NAME_NOT_RESOLVED
2024-01-15 16:34:00.059 [error] electron #192: https://vscode-sync.trafficmanager.net/v1/manifest - error GET net::ERR_NAME_NOT_RESOLVED
2024-01-15 16:39:40.883 [error] electron #234: https://vscode-sync.trafficmanager.net/v1/manifest - error GET net::ERR_NAME_NOT_RESOLVED
2024-01-15 16:39:41.268 [error] electron #235: https://mobile.events.data.microsoft.com/OneCollector/1.0?cors=true&content-type=application/x-json-stream - error POST net::ERR_NAME_NOT_RESOLVED
2024-01-15 16:39:44.155 [error] electron #236: https://mobile.events.data.microsoft.com/OneCollector/1.0?cors=true&content-type=application/x-json-stream - error POST net::ERR_NAME_NOT_RESOLVED
2024-01-15 16:40:12.609 [error] electron #237: https://mobile.events.data.microsoft.com/OneCollector/1.0?cors=true&content-type=application/x-json-stream - error POST net::ERR_NAME_NOT_RESOLVED
2024-01-15 16:40:18.099 [error] electron #239: https://mobile.events.data.microsoft.com/OneCollector/1.0?cors=true&content-type=application/x-json-stream - error POST net::ERR_INTERNET_DISCONNECTED
2024-01-15 16:40:20.392 [error] electron #240: https://mobile.events.data.microsoft.com/OneCollector/1.0?cors=true&content-type=application/x-json-stream - error POST net::ERR_NAME_NOT_RESOLVED
2024-01-15 16:40:20.954 [error] electron #241: https://mobile.events.data.microsoft.com/OneCollector/1.0?cors=true&content-type=application/x-json-stream - error POST net::ERR_NAME_NOT_RESOLVED
2024-01-15 16:40:43.814 [error] electron #247: https://mobile.events.data.microsoft.com/OneCollector/1.0?cors=true&content-type=application/x-json-stream - error POST net::ERR_NAME_NOT_RESOLVED
2024-01-15 16:41:05.073 [error] electron #249: https://mobile.events.data.microsoft.com/OneCollector/1.0?cors=true&content-type=application/x-json-stream - error POST net::ERR_NETWORK_CHANGED
2024-01-15 16:41:08.207 [error] electron #250: https://mobile.events.data.microsoft.com/OneCollector/1.0?cors=true&content-type=application/x-json-stream - error POST net::ERR_NAME_NOT_RESOLVED
2024-01-15 16:41:36.209 [error] electron #251: https://mobile.events.data.microsoft.com/OneCollector/1.0?cors=true&content-type=application/x-json-stream - error POST net::ERR_NAME_NOT_RESOLVED
2024-01-15 16:42:41.821 [error] electron #255: https://mobile.events.data.microsoft.com/OneCollector/1.0?cors=true&content-type=application/x-json-stream - error POST net::ERR_INTERNET_DISCONNECTED
2024-01-15 16:42:42.319 [error] electron #256: https://vscode-sync.trafficmanager.net/v1/manifest - error GET net::ERR_INTERNET_DISCONNECTED
2024-01-15 16:42:44.320 [error] electron #257: https://mobile.events.data.microsoft.com/OneCollector/1.0?cors=true&content-type=application/x-json-stream - error POST net::ERR_INTERNET_DISCONNECTED
2024-01-15 16:42:44.657 [error] electron #258: https://mobile.events.data.microsoft.com/OneCollector/1.0?cors=true&content-type=application/x-json-stream - error POST net::ERR_NAME_NOT_RESOLVED
2024-01-15 16:42:46.947 [error] electron #259: https://mobile.events.data.microsoft.com/OneCollector/1.0?cors=true&content-type=application/x-json-stream - error POST net::ERR_NAME_NOT_RESOLVED
2024-01-15 16:47:52.903 [error] electron #283: https://vscode-sync.trafficmanager.net/v1/manifest - error GET net::ERR_NAME_NOT_RESOLVED
2024-01-15 16:48:19.863 [error] electron #289: https://mobile.events.data.microsoft.com/OneCollector/1.0?cors=true&content-type=application/x-json-stream - error POST net::ERR_NETWORK_CHANGED
2024-01-15 16:48:22.341 [error] electron #290: https://mobile.events.data.microsoft.com/OneCollector/1.0?cors=true&content-type=application/x-json-stream - error POST net::ERR_NAME_NOT_RESOLVED
2024-01-15 16:48:54.987 [error] electron #292: https://vscode-sync.trafficmanager.net/v1/manifest - error GET net::ERR_NAME_NOT_RESOLVED
2024-01-15 16:49:12.731 [error] electron #295: https://mobile.events.data.microsoft.com/OneCollector/1.0?cors=true&content-type=application/x-json-stream - error POST net::ERR_INTERNET_DISCONNECTED
2024-01-15 16:49:15.257 [error] electron #296: https://mobile.events.data.microsoft.com/OneCollector/1.0?cors=true&content-type=application/x-json-stream - error POST net::ERR_NAME_NOT_RESOLVED
2024-01-15 16:50:18.732 [error] electron #299: https://vscode-sync.trafficmanager.net/v1/manifest - error GET net::ERR_INTERNET_DISCONNECTED
2024-01-15 16:50:20.734 [error] electron #300: https://mobile.events.data.microsoft.com/OneCollector/1.0?cors=true&content-type=application/x-json-stream - error POST net::ERR_INTERNET_DISCONNECTED
2024-01-15 16:50:23.734 [error] electron #301: https://mobile.events.data.microsoft.com/OneCollector/1.0?cors=true&content-type=application/x-json-stream - error POST net::ERR_INTERNET_DISCONNECTED
2024-01-15 16:50:51.012 [error] electron #302: https://mobile.events.data.microsoft.com/OneCollector/1.0?cors=true&content-type=application/x-json-stream - error POST net::ERR_INTERNET_DISCONNECTED
2024-01-15 16:50:54.324 [error] electron #303: https://mobile.events.data.microsoft.com/OneCollector/1.0?cors=true&content-type=application/x-json-stream - error POST net::ERR_NAME_NOT_RESOLVED
2024-01-15 16:53:51.700 [error] electron #305: https://vscode-sync.trafficmanager.net/v1/manifest - error GET net::ERR_CONNECTION_TIMED_OUT
2024-01-15 16:57:01.218 [error] electron #329: https://mobile.events.data.microsoft.com/OneCollector/1.0?cors=true&content-type=application/x-json-stream - error POST net::ERR_INTERNET_DISCONNECTED
2024-01-15 16:57:02.647 [error] electron #330: https://mobile.events.data.microsoft.com/OneCollector/1.0?cors=true&content-type=application/x-json-stream - error POST net::ERR_INTERNET_DISCONNECTED
2024-01-15 16:57:03.876 [error] electron #331: https://mobile.events.data.microsoft.com/OneCollector/1.0?cors=true&content-type=application/x-json-stream - error POST net::ERR_INTERNET_DISCONNECTED
2024-01-15 16:57:05.984 [error] electron #332: https://mobile.events.data.microsoft.com/OneCollector/1.0?cors=true&content-type=application/x-json-stream - error POST net::ERR_INTERNET_DISCONNECTED
2024-01-15 16:57:18.158 [error] electron #334: https://mobile.events.data.microsoft.com/OneCollector/1.0?cors=true&content-type=application/x-json-stream - error POST net::ERR_INTERNET_DISCONNECTED
2024-01-15 16:57:20.992 [error] electron #335: https://mobile.events.data.microsoft.com/OneCollector/1.0?cors=true&content-type=application/x-json-stream - error POST net::ERR_INTERNET_DISCONNECTED
