2024-01-15 15:58:51.599 [info] Using settings sync service https://vscode-sync.trafficmanager.net/
2024-01-15 15:58:51.599 [info] Auto Sync is enabled.
2024-01-15 15:58:51.599 [info] Auto Sync: Suspended until auth token is available.
2024-01-15 15:58:58.375 [info] Deleting non existing profile from backup /home/devdragon/.config/Code/User/sync/extensions
2024-01-15 15:58:58.696 [info] Deleting non existing profile from backup /home/devdragon/.config/Code/User/sync/globalState
2024-01-15 15:58:58.826 [info] Deleting non existing profile from backup /home/devdragon/.config/Code/User/sync/keybindings
2024-01-15 15:59:00.195 [info] Deleting non existing profile from backup /home/devdragon/.config/Code/User/sync/profiles
2024-01-15 15:59:00.371 [info] Deleting non existing profile from backup /home/devdragon/.config/Code/User/sync/settings
2024-01-15 15:59:00.484 [info] Deleting non existing profile from backup /home/devdragon/.config/Code/User/sync/snippets
2024-01-15 15:59:00.495 [info] Deleting non existing profile from backup /home/devdragon/.config/Code/User/sync/tasks
2024-01-15 15:59:17.240 [info] Auto Sync: Triggered by Interval
2024-01-15 15:59:17.244 [info] Sync started.
2024-01-15 15:59:18.224 [info] Request failed https://vscode-sync.trafficmanager.net/v1/manifest
2024-01-15 15:59:18.224 [error] RequestFailed (UserDataSyncError) syncResource:unknown operationId:unknown: Connection refused for the request 'https://vscode-sync.trafficmanager.net/v1/manifest'.
    at f.D (/opt/visual-studio-code/resources/app/out/vs/code/node/sharedProcess/sharedProcessMain.js:109:127841)
    at async f.manifest (/opt/visual-studio-code/resources/app/out/vs/code/node/sharedProcess/sharedProcessMain.js:109:125544)
    at async r.createSyncTask (/opt/visual-studio-code/resources/app/out/vs/code/node/sharedProcess/sharedProcessMain.js:109:101424)
    at async o.I (/opt/visual-studio-code/resources/app/out/vs/code/node/sharedProcess/sharedProcessMain.js:109:91299)
    at async o.H (/opt/visual-studio-code/resources/app/out/vs/code/node/sharedProcess/sharedProcessMain.js:109:90939)
2024-01-15 15:59:18.224 [error] RequestFailed (UserDataSyncError) syncResource:unknown operationId:unknown: Connection refused for the request 'https://vscode-sync.trafficmanager.net/v1/manifest'.
    at f.D (/opt/visual-studio-code/resources/app/out/vs/code/node/sharedProcess/sharedProcessMain.js:109:127841)
    at async f.manifest (/opt/visual-studio-code/resources/app/out/vs/code/node/sharedProcess/sharedProcessMain.js:109:125544)
    at async r.createSyncTask (/opt/visual-studio-code/resources/app/out/vs/code/node/sharedProcess/sharedProcessMain.js:109:101424)
    at async o.I (/opt/visual-studio-code/resources/app/out/vs/code/node/sharedProcess/sharedProcessMain.js:109:91299)
    at async o.H (/opt/visual-studio-code/resources/app/out/vs/code/node/sharedProcess/sharedProcessMain.js:109:90939)
2024-01-15 16:00:27.667 [info] Auto Sync: Triggered by Activity
2024-01-15 16:00:27.667 [info] Sync started.
2024-01-15 16:00:28.500 [info] Settings: Last sync resource does not exist locally.
2024-01-15 16:00:29.208 [info] Settings: Updated remote settings
2024-01-15 16:00:29.284 [info] Settings: Updated last synchronized settings
2024-01-15 16:00:29.286 [info] Keybindings: Last sync resource does not exist locally.
2024-01-15 16:00:29.799 [info] Keybindings: No changes found during synchronizing keybindings.
2024-01-15 16:00:29.801 [info] Snippets: Last sync resource does not exist locally.
2024-01-15 16:00:30.023 [info] Snippets: No changes found during synchronizing snippets.
2024-01-15 16:00:30.026 [info] Tasks: Last sync resource does not exist locally.
2024-01-15 16:00:30.296 [info] Tasks: No changes found during synchronizing tasks.
2024-01-15 16:00:30.301 [info] GlobalState: Last sync resource does not exist locally.
2024-01-15 16:00:31.371 [info] GlobalState: Updated remote ui state. Updated: workbench.activity.pinnedViewlets2.
2024-01-15 16:00:31.738 [info] GlobalState: Updated last synchronized ui state
2024-01-15 16:00:31.745 [info] Extensions: Last sync resource does not exist locally.
2024-01-15 16:00:32.492 [info] Extensions: No changes found during synchronizing extensions.
2024-01-15 16:00:32.496 [info] Profiles: Last sync resource does not exist locally.
2024-01-15 16:00:33.313 [info] Profiles: No changes found during synchronizing profiles.
2024-01-15 16:00:33.317 [info] Sync done. Took 5650ms
2024-01-15 16:00:44.768 [info] Auto Sync: Triggered by Activity
2024-01-15 16:00:44.768 [info] Sync started.
2024-01-15 16:00:45.016 [info] Settings: No changes found during synchronizing settings.
2024-01-15 16:00:45.026 [info] Keybindings: No changes found during synchronizing keybindings.
2024-01-15 16:00:45.034 [info] Snippets: No changes found during synchronizing snippets.
2024-01-15 16:00:45.037 [info] Tasks: No changes found during synchronizing tasks.
2024-01-15 16:00:45.044 [info] GlobalState: No changes found during synchronizing ui state.
2024-01-15 16:00:45.272 [info] Extensions: No changes found during synchronizing extensions.
2024-01-15 16:00:45.276 [info] Profiles: No changes found during synchronizing profiles.
2024-01-15 16:00:45.280 [info] Sync done. Took 511ms
2024-01-15 16:02:15.648 [info] Auto Sync: Triggered by Activity
2024-01-15 16:02:15.649 [info] Sync started.
2024-01-15 16:02:15.792 [info] Settings: No changes found during synchronizing settings.
2024-01-15 16:02:15.802 [info] Keybindings: No changes found during synchronizing keybindings.
2024-01-15 16:02:15.807 [info] Snippets: No changes found during synchronizing snippets.
2024-01-15 16:02:15.812 [info] Tasks: No changes found during synchronizing tasks.
2024-01-15 16:02:15.823 [info] GlobalState: No changes found during synchronizing ui state.
2024-01-15 16:02:16.001 [info] Extensions: No changes found during synchronizing extensions.
2024-01-15 16:02:16.016 [info] Profiles: No changes found during synchronizing profiles.
2024-01-15 16:02:16.025 [info] Sync done. Took 377ms
2024-01-15 16:02:21.103 [info] Auto Sync: Triggered by Activity
2024-01-15 16:02:21.103 [info] Sync started.
2024-01-15 16:02:21.820 [info] Settings: Updated remote settings
2024-01-15 16:02:21.991 [info] Settings: Updated last synchronized settings
2024-01-15 16:02:21.996 [info] Keybindings: No changes found during synchronizing keybindings.
2024-01-15 16:02:22.000 [info] Snippets: No changes found during synchronizing snippets.
2024-01-15 16:02:22.004 [info] Tasks: No changes found during synchronizing tasks.
2024-01-15 16:02:22.008 [info] GlobalState: No changes found during synchronizing ui state.
2024-01-15 16:02:22.144 [info] Extensions: No changes found during synchronizing extensions.
2024-01-15 16:02:22.146 [info] Profiles: No changes found during synchronizing profiles.
2024-01-15 16:02:22.147 [info] Sync done. Took 1046ms
2024-01-15 16:03:17.580 [info] Auto Sync: Triggered by Activity
2024-01-15 16:03:17.581 [info] Sync started.
2024-01-15 16:03:17.883 [info] Settings: No changes found during synchronizing settings.
2024-01-15 16:03:17.924 [info] Keybindings: No changes found during synchronizing keybindings.
2024-01-15 16:03:17.930 [info] Snippets: No changes found during synchronizing snippets.
2024-01-15 16:03:17.935 [info] Tasks: No changes found during synchronizing tasks.
2024-01-15 16:03:17.953 [info] GlobalState: No changes found during synchronizing ui state.
2024-01-15 16:03:18.275 [info] Extensions: No changes found during synchronizing extensions.
2024-01-15 16:03:18.279 [info] Profiles: No changes found during synchronizing profiles.
2024-01-15 16:03:18.283 [info] Sync done. Took 700ms
2024-01-15 16:03:52.025 [info] Auto Sync: Triggered by Activity
2024-01-15 16:03:52.025 [info] Sync started.
2024-01-15 16:03:52.221 [info] Settings: No changes found during synchronizing settings.
2024-01-15 16:03:52.229 [info] Keybindings: No changes found during synchronizing keybindings.
2024-01-15 16:03:52.233 [info] Snippets: No changes found during synchronizing snippets.
2024-01-15 16:03:52.239 [info] Tasks: No changes found during synchronizing tasks.
2024-01-15 16:03:52.246 [info] GlobalState: No changes found during synchronizing ui state.
2024-01-15 16:03:52.498 [info] Extensions: No changes found during synchronizing extensions.
2024-01-15 16:03:52.502 [info] Profiles: No changes found during synchronizing profiles.
2024-01-15 16:03:52.506 [info] Sync done. Took 481ms
2024-01-15 16:08:52.510 [info] Auto Sync: Triggered by Interval
2024-01-15 16:08:52.511 [info] Sync started.
2024-01-15 16:08:52.674 [info] Request failed https://vscode-sync.trafficmanager.net/v1/manifest
2024-01-15 16:08:52.675 [error] RequestFailed (UserDataSyncError) syncResource:unknown operationId:unknown: Connection refused for the request 'https://vscode-sync.trafficmanager.net/v1/manifest'.
    at f.D (/opt/visual-studio-code/resources/app/out/vs/code/node/sharedProcess/sharedProcessMain.js:109:127841)
    at async f.manifest (/opt/visual-studio-code/resources/app/out/vs/code/node/sharedProcess/sharedProcessMain.js:109:125544)
    at async r.createSyncTask (/opt/visual-studio-code/resources/app/out/vs/code/node/sharedProcess/sharedProcessMain.js:109:101424)
    at async o.I (/opt/visual-studio-code/resources/app/out/vs/code/node/sharedProcess/sharedProcessMain.js:109:91299)
    at async o.H (/opt/visual-studio-code/resources/app/out/vs/code/node/sharedProcess/sharedProcessMain.js:109:90939)
2024-01-15 16:08:52.675 [error] RequestFailed (UserDataSyncError) syncResource:unknown operationId:unknown: Connection refused for the request 'https://vscode-sync.trafficmanager.net/v1/manifest'.
    at f.D (/opt/visual-studio-code/resources/app/out/vs/code/node/sharedProcess/sharedProcessMain.js:109:127841)
    at async f.manifest (/opt/visual-studio-code/resources/app/out/vs/code/node/sharedProcess/sharedProcessMain.js:109:125544)
    at async r.createSyncTask (/opt/visual-studio-code/resources/app/out/vs/code/node/sharedProcess/sharedProcessMain.js:109:101424)
    at async o.I (/opt/visual-studio-code/resources/app/out/vs/code/node/sharedProcess/sharedProcessMain.js:109:91299)
    at async o.H (/opt/visual-studio-code/resources/app/out/vs/code/node/sharedProcess/sharedProcessMain.js:109:90939)
2024-01-15 16:13:52.678 [info] Auto Sync: Triggered by Interval
2024-01-15 16:13:52.678 [info] Sync started.
2024-01-15 16:13:52.682 [info] Request failed https://vscode-sync.trafficmanager.net/v1/manifest
2024-01-15 16:13:52.682 [error] RequestFailed (UserDataSyncError) syncResource:unknown operationId:unknown: Connection refused for the request 'https://vscode-sync.trafficmanager.net/v1/manifest'.
    at f.D (/opt/visual-studio-code/resources/app/out/vs/code/node/sharedProcess/sharedProcessMain.js:109:127841)
    at async f.manifest (/opt/visual-studio-code/resources/app/out/vs/code/node/sharedProcess/sharedProcessMain.js:109:125544)
    at async r.createSyncTask (/opt/visual-studio-code/resources/app/out/vs/code/node/sharedProcess/sharedProcessMain.js:109:101424)
    at async o.I (/opt/visual-studio-code/resources/app/out/vs/code/node/sharedProcess/sharedProcessMain.js:109:91299)
    at async o.H (/opt/visual-studio-code/resources/app/out/vs/code/node/sharedProcess/sharedProcessMain.js:109:90939)
2024-01-15 16:13:52.682 [error] RequestFailed (UserDataSyncError) syncResource:unknown operationId:unknown: Connection refused for the request 'https://vscode-sync.trafficmanager.net/v1/manifest'.
    at f.D (/opt/visual-studio-code/resources/app/out/vs/code/node/sharedProcess/sharedProcessMain.js:109:127841)
    at async f.manifest (/opt/visual-studio-code/resources/app/out/vs/code/node/sharedProcess/sharedProcessMain.js:109:125544)
    at async r.createSyncTask (/opt/visual-studio-code/resources/app/out/vs/code/node/sharedProcess/sharedProcessMain.js:109:101424)
    at async o.I (/opt/visual-studio-code/resources/app/out/vs/code/node/sharedProcess/sharedProcessMain.js:109:91299)
    at async o.H (/opt/visual-studio-code/resources/app/out/vs/code/node/sharedProcess/sharedProcessMain.js:109:90939)
2024-01-15 16:18:52.685 [info] Auto Sync: Triggered by Interval
2024-01-15 16:18:52.686 [info] Sync started.
2024-01-15 16:18:53.370 [info] Settings: No changes found during synchronizing settings.
2024-01-15 16:18:53.411 [info] Keybindings: No changes found during synchronizing keybindings.
2024-01-15 16:18:53.416 [info] Snippets: No changes found during synchronizing snippets.
2024-01-15 16:18:53.420 [info] Tasks: No changes found during synchronizing tasks.
2024-01-15 16:18:53.426 [info] GlobalState: No changes found during synchronizing ui state.
2024-01-15 16:18:53.594 [info] Extensions: No changes found during synchronizing extensions.
2024-01-15 16:18:53.597 [info] Profiles: No changes found during synchronizing profiles.
2024-01-15 16:18:53.599 [info] Sync done. Took 914ms
2024-01-15 16:19:41.602 [info] Auto Sync: Triggered by Activity
2024-01-15 16:19:41.603 [info] Sync started.
2024-01-15 16:19:41.746 [info] Settings: No changes found during synchronizing settings.
2024-01-15 16:19:41.768 [info] Keybindings: No changes found during synchronizing keybindings.
2024-01-15 16:19:41.800 [info] Snippets: No changes found during synchronizing snippets.
2024-01-15 16:19:41.820 [info] Tasks: No changes found during synchronizing tasks.
2024-01-15 16:19:41.829 [info] GlobalState: No changes found during synchronizing ui state.
2024-01-15 16:19:42.292 [info] Extensions: No changes found during synchronizing extensions.
2024-01-15 16:19:42.295 [info] Profiles: No changes found during synchronizing profiles.
2024-01-15 16:19:42.300 [info] Sync done. Took 697ms
2024-01-15 16:22:15.178 [info] Auto Sync: Triggered by Activity
2024-01-15 16:22:15.179 [info] Sync started.
2024-01-15 16:22:15.188 [info] Request failed https://vscode-sync.trafficmanager.net/v1/manifest
2024-01-15 16:22:15.188 [error] RequestFailed (UserDataSyncError) syncResource:unknown operationId:unknown: Connection refused for the request 'https://vscode-sync.trafficmanager.net/v1/manifest'.
    at f.D (/opt/visual-studio-code/resources/app/out/vs/code/node/sharedProcess/sharedProcessMain.js:109:127841)
    at async f.manifest (/opt/visual-studio-code/resources/app/out/vs/code/node/sharedProcess/sharedProcessMain.js:109:125544)
    at async r.createSyncTask (/opt/visual-studio-code/resources/app/out/vs/code/node/sharedProcess/sharedProcessMain.js:109:101424)
    at async o.I (/opt/visual-studio-code/resources/app/out/vs/code/node/sharedProcess/sharedProcessMain.js:109:91299)
    at async o.H (/opt/visual-studio-code/resources/app/out/vs/code/node/sharedProcess/sharedProcessMain.js:109:90939)
2024-01-15 16:22:15.188 [error] RequestFailed (UserDataSyncError) syncResource:unknown operationId:unknown: Connection refused for the request 'https://vscode-sync.trafficmanager.net/v1/manifest'.
    at f.D (/opt/visual-studio-code/resources/app/out/vs/code/node/sharedProcess/sharedProcessMain.js:109:127841)
    at async f.manifest (/opt/visual-studio-code/resources/app/out/vs/code/node/sharedProcess/sharedProcessMain.js:109:125544)
    at async r.createSyncTask (/opt/visual-studio-code/resources/app/out/vs/code/node/sharedProcess/sharedProcessMain.js:109:101424)
    at async o.I (/opt/visual-studio-code/resources/app/out/vs/code/node/sharedProcess/sharedProcessMain.js:109:91299)
    at async o.H (/opt/visual-studio-code/resources/app/out/vs/code/node/sharedProcess/sharedProcessMain.js:109:90939)
2024-01-15 16:23:15.180 [info] Auto Sync: Triggered by Activity
2024-01-15 16:23:15.180 [info] Sync started.
2024-01-15 16:23:15.721 [info] Settings: No changes found during synchronizing settings.
2024-01-15 16:23:15.857 [info] Keybindings: No changes found during synchronizing keybindings.
2024-01-15 16:23:15.886 [info] Snippets: No changes found during synchronizing snippets.
2024-01-15 16:23:15.912 [info] Tasks: No changes found during synchronizing tasks.
2024-01-15 16:23:15.941 [info] GlobalState: No changes found during synchronizing ui state.
2024-01-15 16:23:16.407 [info] Extensions: No changes found during synchronizing extensions.
2024-01-15 16:23:16.415 [info] Profiles: No changes found during synchronizing profiles.
2024-01-15 16:23:16.422 [info] Sync done. Took 1248ms
2024-01-15 16:23:29.293 [info] Auto Sync: Triggered by Activity
2024-01-15 16:23:29.293 [info] Sync started.
2024-01-15 16:23:29.777 [info] Settings: No changes found during synchronizing settings.
2024-01-15 16:23:29.805 [info] Keybindings: No changes found during synchronizing keybindings.
2024-01-15 16:23:29.820 [info] Snippets: No changes found during synchronizing snippets.
2024-01-15 16:23:29.828 [info] Tasks: No changes found during synchronizing tasks.
2024-01-15 16:23:29.835 [info] GlobalState: No changes found during synchronizing ui state.
2024-01-15 16:23:30.167 [info] Extensions: No changes found during synchronizing extensions.
2024-01-15 16:23:30.172 [info] Profiles: No changes found during synchronizing profiles.
2024-01-15 16:23:30.175 [info] Sync done. Took 882ms
2024-01-15 16:27:17.741 [info] Auto Sync: Triggered by Activity
2024-01-15 16:27:17.741 [info] Sync started.
2024-01-15 16:27:18.252 [info] Settings: No changes found during synchronizing settings.
2024-01-15 16:27:18.337 [info] Keybindings: No changes found during synchronizing keybindings.
2024-01-15 16:27:18.343 [info] Snippets: No changes found during synchronizing snippets.
2024-01-15 16:27:18.350 [info] Tasks: No changes found during synchronizing tasks.
2024-01-15 16:27:18.356 [info] GlobalState: No changes found during synchronizing ui state.
2024-01-15 16:27:18.597 [info] Extensions: No changes found during synchronizing extensions.
2024-01-15 16:27:18.600 [info] Profiles: No changes found during synchronizing profiles.
2024-01-15 16:27:18.603 [info] Sync done. Took 863ms
2024-01-15 16:28:28.619 [info] Auto Sync: Triggered by Activity
2024-01-15 16:28:28.619 [info] Sync started.
2024-01-15 16:28:28.760 [info] Settings: No changes found during synchronizing settings.
2024-01-15 16:28:28.780 [info] Keybindings: No changes found during synchronizing keybindings.
2024-01-15 16:28:28.784 [info] Snippets: No changes found during synchronizing snippets.
2024-01-15 16:28:28.789 [info] Tasks: No changes found during synchronizing tasks.
2024-01-15 16:28:28.796 [info] GlobalState: No changes found during synchronizing ui state.
2024-01-15 16:28:28.989 [info] Extensions: No changes found during synchronizing extensions.
2024-01-15 16:28:28.992 [info] Profiles: No changes found during synchronizing profiles.
2024-01-15 16:28:28.995 [info] Sync done. Took 376ms
2024-01-15 16:28:54.581 [info] Auto Sync: Triggered by Activity
2024-01-15 16:28:54.581 [info] Sync started.
2024-01-15 16:28:54.759 [info] Settings: No changes found during synchronizing settings.
2024-01-15 16:28:54.771 [info] Keybindings: No changes found during synchronizing keybindings.
2024-01-15 16:28:54.782 [info] Snippets: No changes found during synchronizing snippets.
2024-01-15 16:28:54.786 [info] Tasks: No changes found during synchronizing tasks.
2024-01-15 16:28:54.792 [info] GlobalState: No changes found during synchronizing ui state.
2024-01-15 16:28:54.998 [info] Extensions: No changes found during synchronizing extensions.
2024-01-15 16:28:55.003 [info] Profiles: No changes found during synchronizing profiles.
2024-01-15 16:28:55.005 [info] Sync done. Took 425ms
2024-01-15 16:29:13.857 [info] Auto Sync: Triggered by Activity
2024-01-15 16:29:13.858 [info] Sync started.
2024-01-15 16:29:13.990 [info] Settings: No changes found during synchronizing settings.
2024-01-15 16:29:13.997 [info] Keybindings: No changes found during synchronizing keybindings.
2024-01-15 16:29:14.002 [info] Snippets: No changes found during synchronizing snippets.
2024-01-15 16:29:14.009 [info] Tasks: No changes found during synchronizing tasks.
2024-01-15 16:29:14.015 [info] GlobalState: No changes found during synchronizing ui state.
2024-01-15 16:29:14.202 [info] Extensions: No changes found during synchronizing extensions.
2024-01-15 16:29:14.208 [info] Profiles: No changes found during synchronizing profiles.
2024-01-15 16:29:14.210 [info] Sync done. Took 353ms
2024-01-15 16:29:30.601 [info] Auto Sync: Triggered by Activity
2024-01-15 16:29:30.601 [info] Sync started.
2024-01-15 16:29:30.754 [info] Settings: No changes found during synchronizing settings.
2024-01-15 16:29:30.764 [info] Keybindings: No changes found during synchronizing keybindings.
2024-01-15 16:29:30.767 [info] Snippets: No changes found during synchronizing snippets.
2024-01-15 16:29:30.771 [info] Tasks: No changes found during synchronizing tasks.
2024-01-15 16:29:30.777 [info] GlobalState: No changes found during synchronizing ui state.
2024-01-15 16:29:30.995 [info] Extensions: No changes found during synchronizing extensions.
2024-01-15 16:29:31.001 [info] Profiles: No changes found during synchronizing profiles.
2024-01-15 16:29:31.003 [info] Sync done. Took 403ms
2024-01-15 16:31:03.958 [info] Auto Sync: Triggered by Activity
2024-01-15 16:31:03.958 [info] Sync started.
2024-01-15 16:31:04.796 [info] Settings: No changes found during synchronizing settings.
2024-01-15 16:31:04.803 [info] Keybindings: No changes found during synchronizing keybindings.
2024-01-15 16:31:04.806 [info] Snippets: No changes found during synchronizing snippets.
2024-01-15 16:31:04.809 [info] Tasks: No changes found during synchronizing tasks.
2024-01-15 16:31:04.813 [info] GlobalState: No changes found during synchronizing ui state.
2024-01-15 16:31:05.015 [info] Extensions: No changes found during synchronizing extensions.
2024-01-15 16:31:05.018 [info] Profiles: No changes found during synchronizing profiles.
2024-01-15 16:31:05.020 [info] Sync done. Took 1062ms
2024-01-15 16:32:54.398 [info] Auto Sync: Triggered by Activity
2024-01-15 16:32:54.398 [info] Sync started.
2024-01-15 16:32:54.991 [info] Settings: No changes found during synchronizing settings.
2024-01-15 16:32:54.999 [info] Keybindings: No changes found during synchronizing keybindings.
2024-01-15 16:32:55.004 [info] Snippets: No changes found during synchronizing snippets.
2024-01-15 16:32:55.007 [info] Tasks: No changes found during synchronizing tasks.
2024-01-15 16:32:55.012 [info] GlobalState: No changes found during synchronizing ui state.
2024-01-15 16:32:55.208 [info] Extensions: No changes found during synchronizing extensions.
2024-01-15 16:32:55.211 [info] Profiles: No changes found during synchronizing profiles.
2024-01-15 16:32:55.213 [info] Sync done. Took 815ms
2024-01-15 16:33:38.168 [info] Auto Sync: Triggered by Activity
2024-01-15 16:33:38.168 [info] Sync started.
2024-01-15 16:33:38.189 [info] Request failed https://vscode-sync.trafficmanager.net/v1/manifest
2024-01-15 16:33:38.190 [error] RequestFailed (UserDataSyncError) syncResource:unknown operationId:unknown: Connection refused for the request 'https://vscode-sync.trafficmanager.net/v1/manifest'.
    at f.D (/opt/visual-studio-code/resources/app/out/vs/code/node/sharedProcess/sharedProcessMain.js:109:127841)
    at async f.manifest (/opt/visual-studio-code/resources/app/out/vs/code/node/sharedProcess/sharedProcessMain.js:109:125544)
    at async r.createSyncTask (/opt/visual-studio-code/resources/app/out/vs/code/node/sharedProcess/sharedProcessMain.js:109:101424)
    at async o.I (/opt/visual-studio-code/resources/app/out/vs/code/node/sharedProcess/sharedProcessMain.js:109:91299)
    at async o.H (/opt/visual-studio-code/resources/app/out/vs/code/node/sharedProcess/sharedProcessMain.js:109:90939)
2024-01-15 16:33:38.190 [error] RequestFailed (UserDataSyncError) syncResource:unknown operationId:unknown: Connection refused for the request 'https://vscode-sync.trafficmanager.net/v1/manifest'.
    at f.D (/opt/visual-studio-code/resources/app/out/vs/code/node/sharedProcess/sharedProcessMain.js:109:127841)
    at async f.manifest (/opt/visual-studio-code/resources/app/out/vs/code/node/sharedProcess/sharedProcessMain.js:109:125544)
    at async r.createSyncTask (/opt/visual-studio-code/resources/app/out/vs/code/node/sharedProcess/sharedProcessMain.js:109:101424)
    at async o.I (/opt/visual-studio-code/resources/app/out/vs/code/node/sharedProcess/sharedProcessMain.js:109:91299)
    at async o.H (/opt/visual-studio-code/resources/app/out/vs/code/node/sharedProcess/sharedProcessMain.js:109:90939)
2024-01-15 16:34:00.041 [info] Auto Sync: Triggered by Activity
2024-01-15 16:34:00.042 [info] Sync started.
2024-01-15 16:34:00.061 [info] Request failed https://vscode-sync.trafficmanager.net/v1/manifest
2024-01-15 16:34:00.061 [error] RequestFailed (UserDataSyncError) syncResource:unknown operationId:unknown: Connection refused for the request 'https://vscode-sync.trafficmanager.net/v1/manifest'.
    at f.D (/opt/visual-studio-code/resources/app/out/vs/code/node/sharedProcess/sharedProcessMain.js:109:127841)
    at async f.manifest (/opt/visual-studio-code/resources/app/out/vs/code/node/sharedProcess/sharedProcessMain.js:109:125544)
    at async r.createSyncTask (/opt/visual-studio-code/resources/app/out/vs/code/node/sharedProcess/sharedProcessMain.js:109:101424)
    at async o.I (/opt/visual-studio-code/resources/app/out/vs/code/node/sharedProcess/sharedProcessMain.js:109:91299)
    at async o.H (/opt/visual-studio-code/resources/app/out/vs/code/node/sharedProcess/sharedProcessMain.js:109:90939)
2024-01-15 16:34:00.061 [error] RequestFailed (UserDataSyncError) syncResource:unknown operationId:unknown: Connection refused for the request 'https://vscode-sync.trafficmanager.net/v1/manifest'.
    at f.D (/opt/visual-studio-code/resources/app/out/vs/code/node/sharedProcess/sharedProcessMain.js:109:127841)
    at async f.manifest (/opt/visual-studio-code/resources/app/out/vs/code/node/sharedProcess/sharedProcessMain.js:109:125544)
    at async r.createSyncTask (/opt/visual-studio-code/resources/app/out/vs/code/node/sharedProcess/sharedProcessMain.js:109:101424)
    at async o.I (/opt/visual-studio-code/resources/app/out/vs/code/node/sharedProcess/sharedProcessMain.js:109:91299)
    at async o.H (/opt/visual-studio-code/resources/app/out/vs/code/node/sharedProcess/sharedProcessMain.js:109:90939)
2024-01-15 16:35:15.127 [info] Auto Sync: Triggered by Activity
2024-01-15 16:35:15.128 [info] Sync started.
2024-01-15 16:35:15.613 [info] Settings: No changes found during synchronizing settings.
2024-01-15 16:35:15.620 [info] Keybindings: No changes found during synchronizing keybindings.
2024-01-15 16:35:15.624 [info] Snippets: No changes found during synchronizing snippets.
2024-01-15 16:35:15.629 [info] Tasks: No changes found during synchronizing tasks.
2024-01-15 16:35:15.635 [info] GlobalState: No changes found during synchronizing ui state.
2024-01-15 16:35:15.836 [info] Extensions: No changes found during synchronizing extensions.
2024-01-15 16:35:15.841 [info] Profiles: No changes found during synchronizing profiles.
2024-01-15 16:35:15.845 [info] Sync done. Took 718ms
2024-01-15 16:35:50.038 [info] Auto Sync: Triggered by Activity
2024-01-15 16:35:50.038 [info] Sync started.
2024-01-15 16:35:50.155 [info] Settings: No changes found during synchronizing settings.
2024-01-15 16:35:50.165 [info] Keybindings: No changes found during synchronizing keybindings.
2024-01-15 16:35:50.169 [info] Snippets: No changes found during synchronizing snippets.
2024-01-15 16:35:50.174 [info] Tasks: No changes found during synchronizing tasks.
2024-01-15 16:35:50.181 [info] GlobalState: No changes found during synchronizing ui state.
2024-01-15 16:35:50.386 [info] Extensions: No changes found during synchronizing extensions.
2024-01-15 16:35:50.389 [info] Profiles: No changes found during synchronizing profiles.
2024-01-15 16:35:50.393 [info] Sync done. Took 355ms
2024-01-15 16:36:02.794 [info] Auto Sync: Triggered by Activity
2024-01-15 16:36:02.794 [info] Sync started.
2024-01-15 16:36:02.922 [info] Settings: No changes found during synchronizing settings.
2024-01-15 16:36:02.928 [info] Keybindings: No changes found during synchronizing keybindings.
2024-01-15 16:36:02.933 [info] Snippets: No changes found during synchronizing snippets.
2024-01-15 16:36:02.936 [info] Tasks: No changes found during synchronizing tasks.
2024-01-15 16:36:02.941 [info] GlobalState: No changes found during synchronizing ui state.
2024-01-15 16:36:03.143 [info] Extensions: No changes found during synchronizing extensions.
2024-01-15 16:36:03.146 [info] Profiles: No changes found during synchronizing profiles.
2024-01-15 16:36:03.149 [info] Sync done. Took 355ms
2024-01-15 16:37:40.667 [info] Auto Sync: Triggered by Activity
2024-01-15 16:37:40.668 [info] Sync started.
2024-01-15 16:37:40.872 [info] Settings: No changes found during synchronizing settings.
2024-01-15 16:37:40.889 [info] Keybindings: No changes found during synchronizing keybindings.
2024-01-15 16:37:40.897 [info] Snippets: No changes found during synchronizing snippets.
2024-01-15 16:37:40.905 [info] Tasks: No changes found during synchronizing tasks.
2024-01-15 16:37:40.924 [info] GlobalState: No changes found during synchronizing ui state.
2024-01-15 16:37:41.134 [info] Extensions: No changes found during synchronizing extensions.
2024-01-15 16:37:41.139 [info] Profiles: No changes found during synchronizing profiles.
2024-01-15 16:37:41.140 [info] Sync done. Took 473ms
2024-01-15 16:39:40.867 [info] Auto Sync: Triggered by Activity
2024-01-15 16:39:40.867 [info] Sync started.
2024-01-15 16:39:40.885 [info] Request failed https://vscode-sync.trafficmanager.net/v1/manifest
2024-01-15 16:39:40.885 [error] RequestFailed (UserDataSyncError) syncResource:unknown operationId:unknown: Connection refused for the request 'https://vscode-sync.trafficmanager.net/v1/manifest'.
    at f.D (/opt/visual-studio-code/resources/app/out/vs/code/node/sharedProcess/sharedProcessMain.js:109:127841)
    at async f.manifest (/opt/visual-studio-code/resources/app/out/vs/code/node/sharedProcess/sharedProcessMain.js:109:125544)
    at async r.createSyncTask (/opt/visual-studio-code/resources/app/out/vs/code/node/sharedProcess/sharedProcessMain.js:109:101424)
    at async o.I (/opt/visual-studio-code/resources/app/out/vs/code/node/sharedProcess/sharedProcessMain.js:109:91299)
    at async o.H (/opt/visual-studio-code/resources/app/out/vs/code/node/sharedProcess/sharedProcessMain.js:109:90939)
2024-01-15 16:39:40.885 [error] RequestFailed (UserDataSyncError) syncResource:unknown operationId:unknown: Connection refused for the request 'https://vscode-sync.trafficmanager.net/v1/manifest'.
    at f.D (/opt/visual-studio-code/resources/app/out/vs/code/node/sharedProcess/sharedProcessMain.js:109:127841)
    at async f.manifest (/opt/visual-studio-code/resources/app/out/vs/code/node/sharedProcess/sharedProcessMain.js:109:125544)
    at async r.createSyncTask (/opt/visual-studio-code/resources/app/out/vs/code/node/sharedProcess/sharedProcessMain.js:109:101424)
    at async o.I (/opt/visual-studio-code/resources/app/out/vs/code/node/sharedProcess/sharedProcessMain.js:109:91299)
    at async o.H (/opt/visual-studio-code/resources/app/out/vs/code/node/sharedProcess/sharedProcessMain.js:109:90939)
2024-01-15 16:42:42.314 [info] Auto Sync: Triggered by Activity
2024-01-15 16:42:42.314 [info] Sync started.
2024-01-15 16:42:42.320 [info] Request failed https://vscode-sync.trafficmanager.net/v1/manifest
2024-01-15 16:42:42.320 [error] RequestFailed (UserDataSyncError) syncResource:unknown operationId:unknown: Connection refused for the request 'https://vscode-sync.trafficmanager.net/v1/manifest'.
    at f.D (/opt/visual-studio-code/resources/app/out/vs/code/node/sharedProcess/sharedProcessMain.js:109:127841)
    at async f.manifest (/opt/visual-studio-code/resources/app/out/vs/code/node/sharedProcess/sharedProcessMain.js:109:125544)
    at async r.createSyncTask (/opt/visual-studio-code/resources/app/out/vs/code/node/sharedProcess/sharedProcessMain.js:109:101424)
    at async o.I (/opt/visual-studio-code/resources/app/out/vs/code/node/sharedProcess/sharedProcessMain.js:109:91299)
    at async o.H (/opt/visual-studio-code/resources/app/out/vs/code/node/sharedProcess/sharedProcessMain.js:109:90939)
2024-01-15 16:42:42.321 [error] RequestFailed (UserDataSyncError) syncResource:unknown operationId:unknown: Connection refused for the request 'https://vscode-sync.trafficmanager.net/v1/manifest'.
    at f.D (/opt/visual-studio-code/resources/app/out/vs/code/node/sharedProcess/sharedProcessMain.js:109:127841)
    at async f.manifest (/opt/visual-studio-code/resources/app/out/vs/code/node/sharedProcess/sharedProcessMain.js:109:125544)
    at async r.createSyncTask (/opt/visual-studio-code/resources/app/out/vs/code/node/sharedProcess/sharedProcessMain.js:109:101424)
    at async o.I (/opt/visual-studio-code/resources/app/out/vs/code/node/sharedProcess/sharedProcessMain.js:109:91299)
    at async o.H (/opt/visual-studio-code/resources/app/out/vs/code/node/sharedProcess/sharedProcessMain.js:109:90939)
2024-01-15 16:43:44.664 [info] Auto Sync: Triggered by Activity
2024-01-15 16:43:44.664 [info] Sync started.
2024-01-15 16:43:45.490 [info] Settings: No changes found during synchronizing settings.
2024-01-15 16:43:45.503 [info] Keybindings: No changes found during synchronizing keybindings.
2024-01-15 16:43:45.506 [info] Snippets: No changes found during synchronizing snippets.
2024-01-15 16:43:45.509 [info] Tasks: No changes found during synchronizing tasks.
2024-01-15 16:43:45.514 [info] GlobalState: No changes found during synchronizing ui state.
2024-01-15 16:43:45.694 [info] Extensions: No changes found during synchronizing extensions.
2024-01-15 16:43:45.697 [info] Profiles: No changes found during synchronizing profiles.
2024-01-15 16:43:45.700 [info] Sync done. Took 1038ms
2024-01-15 16:44:00.060 [info] Auto Sync: Triggered by Activity
2024-01-15 16:44:00.061 [info] Sync started.
2024-01-15 16:44:00.247 [info] Settings: No changes found during synchronizing settings.
2024-01-15 16:44:00.257 [info] Keybindings: No changes found during synchronizing keybindings.
2024-01-15 16:44:00.261 [info] Snippets: No changes found during synchronizing snippets.
2024-01-15 16:44:00.263 [info] Tasks: No changes found during synchronizing tasks.
2024-01-15 16:44:00.270 [info] GlobalState: No changes found during synchronizing ui state.
2024-01-15 16:44:00.448 [info] Extensions: No changes found during synchronizing extensions.
2024-01-15 16:44:00.452 [info] Profiles: No changes found during synchronizing profiles.
2024-01-15 16:44:00.453 [info] Sync done. Took 392ms
2024-01-15 16:44:47.557 [info] Auto Sync: Triggered by Activity
2024-01-15 16:44:47.558 [info] Sync started.
2024-01-15 16:44:47.719 [info] Settings: No changes found during synchronizing settings.
2024-01-15 16:44:47.731 [info] Keybindings: No changes found during synchronizing keybindings.
2024-01-15 16:44:47.753 [info] Snippets: No changes found during synchronizing snippets.
2024-01-15 16:44:47.763 [info] Tasks: No changes found during synchronizing tasks.
2024-01-15 16:44:47.773 [info] GlobalState: No changes found during synchronizing ui state.
2024-01-15 16:44:47.980 [info] Extensions: No changes found during synchronizing extensions.
2024-01-15 16:44:47.985 [info] Profiles: No changes found during synchronizing profiles.
2024-01-15 16:44:47.991 [info] Sync done. Took 433ms
2024-01-15 16:45:53.274 [info] Auto Sync: Triggered by Activity
2024-01-15 16:45:53.274 [info] Sync started.
2024-01-15 16:46:58.865 [info] Settings: No changes found during synchronizing settings.
2024-01-15 16:46:58.872 [info] Keybindings: No changes found during synchronizing keybindings.
2024-01-15 16:46:58.875 [info] Snippets: No changes found during synchronizing snippets.
2024-01-15 16:46:58.879 [info] Tasks: No changes found during synchronizing tasks.
2024-01-15 16:46:58.887 [info] GlobalState: No changes found during synchronizing ui state.
2024-01-15 16:46:59.070 [info] Extensions: No changes found during synchronizing extensions.
2024-01-15 16:46:59.074 [info] Profiles: No changes found during synchronizing profiles.
2024-01-15 16:46:59.076 [info] Sync done. Took 65803ms
2024-01-15 16:47:52.885 [info] Auto Sync: Triggered by Activity
2024-01-15 16:47:52.885 [info] Sync started.
2024-01-15 16:47:52.906 [info] Request failed https://vscode-sync.trafficmanager.net/v1/manifest
2024-01-15 16:47:52.906 [error] RequestFailed (UserDataSyncError) syncResource:unknown operationId:unknown: Connection refused for the request 'https://vscode-sync.trafficmanager.net/v1/manifest'.
    at f.D (/opt/visual-studio-code/resources/app/out/vs/code/node/sharedProcess/sharedProcessMain.js:109:127841)
    at async f.manifest (/opt/visual-studio-code/resources/app/out/vs/code/node/sharedProcess/sharedProcessMain.js:109:125544)
    at async r.createSyncTask (/opt/visual-studio-code/resources/app/out/vs/code/node/sharedProcess/sharedProcessMain.js:109:101424)
    at async o.I (/opt/visual-studio-code/resources/app/out/vs/code/node/sharedProcess/sharedProcessMain.js:109:91299)
    at async o.H (/opt/visual-studio-code/resources/app/out/vs/code/node/sharedProcess/sharedProcessMain.js:109:90939)
2024-01-15 16:47:52.906 [error] RequestFailed (UserDataSyncError) syncResource:unknown operationId:unknown: Connection refused for the request 'https://vscode-sync.trafficmanager.net/v1/manifest'.
    at f.D (/opt/visual-studio-code/resources/app/out/vs/code/node/sharedProcess/sharedProcessMain.js:109:127841)
    at async f.manifest (/opt/visual-studio-code/resources/app/out/vs/code/node/sharedProcess/sharedProcessMain.js:109:125544)
    at async r.createSyncTask (/opt/visual-studio-code/resources/app/out/vs/code/node/sharedProcess/sharedProcessMain.js:109:101424)
    at async o.I (/opt/visual-studio-code/resources/app/out/vs/code/node/sharedProcess/sharedProcessMain.js:109:91299)
    at async o.H (/opt/visual-studio-code/resources/app/out/vs/code/node/sharedProcess/sharedProcessMain.js:109:90939)
2024-01-15 16:48:12.244 [info] Auto Sync: Triggered by Activity
2024-01-15 16:48:12.244 [info] Sync started.
2024-01-15 16:48:13.143 [info] Settings: No changes found during synchronizing settings.
2024-01-15 16:48:13.155 [info] Keybindings: No changes found during synchronizing keybindings.
2024-01-15 16:48:13.159 [info] Snippets: No changes found during synchronizing snippets.
2024-01-15 16:48:13.162 [info] Tasks: No changes found during synchronizing tasks.
2024-01-15 16:48:13.167 [info] GlobalState: No changes found during synchronizing ui state.
2024-01-15 16:48:13.377 [info] Extensions: No changes found during synchronizing extensions.
2024-01-15 16:48:13.379 [info] Profiles: No changes found during synchronizing profiles.
2024-01-15 16:48:13.381 [info] Sync done. Took 1137ms
2024-01-15 16:48:54.970 [info] Auto Sync: Triggered by Activity
2024-01-15 16:48:54.970 [info] Sync started.
2024-01-15 16:48:54.989 [info] Request failed https://vscode-sync.trafficmanager.net/v1/manifest
2024-01-15 16:48:54.989 [error] RequestFailed (UserDataSyncError) syncResource:unknown operationId:unknown: Connection refused for the request 'https://vscode-sync.trafficmanager.net/v1/manifest'.
    at f.D (/opt/visual-studio-code/resources/app/out/vs/code/node/sharedProcess/sharedProcessMain.js:109:127841)
    at async f.manifest (/opt/visual-studio-code/resources/app/out/vs/code/node/sharedProcess/sharedProcessMain.js:109:125544)
    at async r.createSyncTask (/opt/visual-studio-code/resources/app/out/vs/code/node/sharedProcess/sharedProcessMain.js:109:101424)
    at async o.I (/opt/visual-studio-code/resources/app/out/vs/code/node/sharedProcess/sharedProcessMain.js:109:91299)
    at async o.H (/opt/visual-studio-code/resources/app/out/vs/code/node/sharedProcess/sharedProcessMain.js:109:90939)
2024-01-15 16:48:54.989 [error] RequestFailed (UserDataSyncError) syncResource:unknown operationId:unknown: Connection refused for the request 'https://vscode-sync.trafficmanager.net/v1/manifest'.
    at f.D (/opt/visual-studio-code/resources/app/out/vs/code/node/sharedProcess/sharedProcessMain.js:109:127841)
    at async f.manifest (/opt/visual-studio-code/resources/app/out/vs/code/node/sharedProcess/sharedProcessMain.js:109:125544)
    at async r.createSyncTask (/opt/visual-studio-code/resources/app/out/vs/code/node/sharedProcess/sharedProcessMain.js:109:101424)
    at async o.I (/opt/visual-studio-code/resources/app/out/vs/code/node/sharedProcess/sharedProcessMain.js:109:91299)
    at async o.H (/opt/visual-studio-code/resources/app/out/vs/code/node/sharedProcess/sharedProcessMain.js:109:90939)
2024-01-15 16:49:53.616 [info] Auto Sync: Triggered by Activity
2024-01-15 16:49:53.616 [info] Sync started.
2024-01-15 16:49:54.127 [info] Settings: No changes found during synchronizing settings.
2024-01-15 16:49:54.138 [info] Keybindings: No changes found during synchronizing keybindings.
2024-01-15 16:49:54.142 [info] Snippets: No changes found during synchronizing snippets.
2024-01-15 16:49:54.147 [info] Tasks: No changes found during synchronizing tasks.
2024-01-15 16:49:54.153 [info] GlobalState: No changes found during synchronizing ui state.
2024-01-15 16:49:54.349 [info] Extensions: No changes found during synchronizing extensions.
2024-01-15 16:49:54.352 [info] Profiles: No changes found during synchronizing profiles.
2024-01-15 16:49:54.354 [info] Sync done. Took 738ms
2024-01-15 16:50:18.728 [info] Auto Sync: Triggered by Activity
2024-01-15 16:50:18.728 [info] Sync started.
2024-01-15 16:50:18.734 [info] Request failed https://vscode-sync.trafficmanager.net/v1/manifest
2024-01-15 16:50:18.735 [error] RequestFailed (UserDataSyncError) syncResource:unknown operationId:unknown: Connection refused for the request 'https://vscode-sync.trafficmanager.net/v1/manifest'.
    at f.D (/opt/visual-studio-code/resources/app/out/vs/code/node/sharedProcess/sharedProcessMain.js:109:127841)
    at async f.manifest (/opt/visual-studio-code/resources/app/out/vs/code/node/sharedProcess/sharedProcessMain.js:109:125544)
    at async r.createSyncTask (/opt/visual-studio-code/resources/app/out/vs/code/node/sharedProcess/sharedProcessMain.js:109:101424)
    at async o.I (/opt/visual-studio-code/resources/app/out/vs/code/node/sharedProcess/sharedProcessMain.js:109:91299)
    at async o.H (/opt/visual-studio-code/resources/app/out/vs/code/node/sharedProcess/sharedProcessMain.js:109:90939)
2024-01-15 16:50:18.735 [error] RequestFailed (UserDataSyncError) syncResource:unknown operationId:unknown: Connection refused for the request 'https://vscode-sync.trafficmanager.net/v1/manifest'.
    at f.D (/opt/visual-studio-code/resources/app/out/vs/code/node/sharedProcess/sharedProcessMain.js:109:127841)
    at async f.manifest (/opt/visual-studio-code/resources/app/out/vs/code/node/sharedProcess/sharedProcessMain.js:109:125544)
    at async r.createSyncTask (/opt/visual-studio-code/resources/app/out/vs/code/node/sharedProcess/sharedProcessMain.js:109:101424)
    at async o.I (/opt/visual-studio-code/resources/app/out/vs/code/node/sharedProcess/sharedProcessMain.js:109:91299)
    at async o.H (/opt/visual-studio-code/resources/app/out/vs/code/node/sharedProcess/sharedProcessMain.js:109:90939)
2024-01-15 16:51:38.343 [info] Auto Sync: Triggered by Activity
2024-01-15 16:51:38.343 [info] Sync started.
2024-01-15 16:53:51.702 [info] Request failed https://vscode-sync.trafficmanager.net/v1/manifest
2024-01-15 16:53:51.702 [error] RequestFailed (UserDataSyncError) syncResource:unknown operationId:unknown: Connection refused for the request 'https://vscode-sync.trafficmanager.net/v1/manifest'.
    at f.D (/opt/visual-studio-code/resources/app/out/vs/code/node/sharedProcess/sharedProcessMain.js:109:127841)
    at async f.manifest (/opt/visual-studio-code/resources/app/out/vs/code/node/sharedProcess/sharedProcessMain.js:109:125544)
    at async r.createSyncTask (/opt/visual-studio-code/resources/app/out/vs/code/node/sharedProcess/sharedProcessMain.js:109:101424)
    at async o.I (/opt/visual-studio-code/resources/app/out/vs/code/node/sharedProcess/sharedProcessMain.js:109:91299)
    at async o.H (/opt/visual-studio-code/resources/app/out/vs/code/node/sharedProcess/sharedProcessMain.js:109:90939)
2024-01-15 16:53:51.703 [error] RequestFailed (UserDataSyncError) syncResource:unknown operationId:unknown: Connection refused for the request 'https://vscode-sync.trafficmanager.net/v1/manifest'.
    at f.D (/opt/visual-studio-code/resources/app/out/vs/code/node/sharedProcess/sharedProcessMain.js:109:127841)
    at async f.manifest (/opt/visual-studio-code/resources/app/out/vs/code/node/sharedProcess/sharedProcessMain.js:109:125544)
    at async r.createSyncTask (/opt/visual-studio-code/resources/app/out/vs/code/node/sharedProcess/sharedProcessMain.js:109:101424)
    at async o.I (/opt/visual-studio-code/resources/app/out/vs/code/node/sharedProcess/sharedProcessMain.js:109:91299)
    at async o.H (/opt/visual-studio-code/resources/app/out/vs/code/node/sharedProcess/sharedProcessMain.js:109:90939)
2024-01-15 16:53:51.703 [info] Auto Sync: Triggered by Activity
2024-01-15 16:53:51.703 [info] Sync started.
2024-01-15 16:53:52.375 [info] Settings: No changes found during synchronizing settings.
2024-01-15 16:53:52.386 [info] Keybindings: No changes found during synchronizing keybindings.
2024-01-15 16:53:52.389 [info] Snippets: No changes found during synchronizing snippets.
2024-01-15 16:53:52.392 [info] Tasks: No changes found during synchronizing tasks.
2024-01-15 16:53:52.397 [info] GlobalState: No changes found during synchronizing ui state.
2024-01-15 16:53:52.607 [info] Extensions: No changes found during synchronizing extensions.
2024-01-15 16:53:52.610 [info] Profiles: No changes found during synchronizing profiles.
2024-01-15 16:53:52.612 [info] Sync done. Took 910ms
2024-01-15 16:54:06.324 [info] Auto Sync: Triggered by Activity
2024-01-15 16:54:06.325 [info] Sync started.
2024-01-15 16:54:06.485 [info] Settings: No changes found during synchronizing settings.
2024-01-15 16:54:06.494 [info] Keybindings: No changes found during synchronizing keybindings.
2024-01-15 16:54:06.498 [info] Snippets: No changes found during synchronizing snippets.
2024-01-15 16:54:06.503 [info] Tasks: No changes found during synchronizing tasks.
2024-01-15 16:54:06.510 [info] GlobalState: No changes found during synchronizing ui state.
2024-01-15 16:54:06.700 [info] Extensions: No changes found during synchronizing extensions.
2024-01-15 16:54:06.702 [info] Profiles: No changes found during synchronizing profiles.
2024-01-15 16:54:06.704 [info] Sync done. Took 380ms
2024-01-15 16:55:01.644 [info] Auto Sync: Triggered by Activity
2024-01-15 16:55:01.644 [info] Sync started.
2024-01-15 16:55:01.826 [info] Settings: No changes found during synchronizing settings.
2024-01-15 16:55:01.836 [info] Keybindings: No changes found during synchronizing keybindings.
2024-01-15 16:55:01.847 [info] Snippets: No changes found during synchronizing snippets.
2024-01-15 16:55:01.851 [info] Tasks: No changes found during synchronizing tasks.
2024-01-15 16:55:01.859 [info] GlobalState: No changes found during synchronizing ui state.
2024-01-15 16:55:02.072 [info] Extensions: No changes found during synchronizing extensions.
2024-01-15 16:55:02.075 [info] Profiles: No changes found during synchronizing profiles.
2024-01-15 16:55:02.077 [info] Sync done. Took 434ms
2024-01-15 16:56:39.357 [info] Auto Sync: Triggered by Activity
2024-01-15 16:56:39.358 [info] Sync started.
2024-01-15 16:56:39.889 [info] Settings: No changes found during synchronizing settings.
2024-01-15 16:56:39.897 [info] Keybindings: No changes found during synchronizing keybindings.
2024-01-15 16:56:39.902 [info] Snippets: No changes found during synchronizing snippets.
2024-01-15 16:56:39.906 [info] Tasks: No changes found during synchronizing tasks.
2024-01-15 16:56:39.912 [info] GlobalState: No changes found during synchronizing ui state.
2024-01-15 16:56:40.122 [info] Extensions: No changes found during synchronizing extensions.
2024-01-15 16:56:40.129 [info] Profiles: No changes found during synchronizing profiles.
2024-01-15 16:56:40.133 [info] Sync done. Took 776ms
2024-01-15 16:57:48.043 [info] Auto Sync: Triggered by Activity
2024-01-15 16:57:48.043 [info] Sync started.
2024-01-15 16:57:48.506 [info] Settings: No changes found during synchronizing settings.
2024-01-15 16:57:48.516 [info] Keybindings: No changes found during synchronizing keybindings.
2024-01-15 16:57:48.527 [info] Snippets: No changes found during synchronizing snippets.
2024-01-15 16:57:48.532 [info] Tasks: No changes found during synchronizing tasks.
2024-01-15 16:57:48.539 [info] GlobalState: No changes found during synchronizing ui state.
2024-01-15 16:57:48.713 [info] Extensions: No changes found during synchronizing extensions.
2024-01-15 16:57:48.715 [info] Profiles: No changes found during synchronizing profiles.
2024-01-15 16:57:48.717 [info] Sync done. Took 674ms
2024-01-15 16:58:02.514 [info] Auto Sync: Triggered by Activity
2024-01-15 16:58:02.514 [info] Sync started.
2024-01-15 16:58:02.722 [info] Settings: No changes found during synchronizing settings.
2024-01-15 16:58:02.728 [info] Keybindings: No changes found during synchronizing keybindings.
2024-01-15 16:58:02.735 [info] Snippets: No changes found during synchronizing snippets.
2024-01-15 16:58:02.738 [info] Tasks: No changes found during synchronizing tasks.
2024-01-15 16:58:02.746 [info] GlobalState: No changes found during synchronizing ui state.
2024-01-15 16:58:02.905 [info] Extensions: No changes found during synchronizing extensions.
2024-01-15 16:58:02.906 [info] Profiles: No changes found during synchronizing profiles.
2024-01-15 16:58:02.908 [info] Sync done. Took 394ms
2024-01-15 16:59:40.050 [info] Auto Sync: Triggered by Activity
2024-01-15 16:59:40.050 [info] Sync started.
2024-01-15 16:59:40.226 [info] Settings: No changes found during synchronizing settings.
2024-01-15 16:59:40.241 [info] Keybindings: No changes found during synchronizing keybindings.
2024-01-15 16:59:40.244 [info] Snippets: No changes found during synchronizing snippets.
2024-01-15 16:59:40.248 [info] Tasks: No changes found during synchronizing tasks.
2024-01-15 16:59:40.255 [info] GlobalState: No changes found during synchronizing ui state.
2024-01-15 16:59:40.456 [info] Extensions: No changes found during synchronizing extensions.
2024-01-15 16:59:40.460 [info] Profiles: No changes found during synchronizing profiles.
2024-01-15 16:59:40.467 [info] Sync done. Took 414ms
2024-01-15 17:01:54.690 [info] Auto Sync: Triggered by Activity
2024-01-15 17:01:54.690 [info] Sync started.
2024-01-15 17:01:55.370 [info] Settings: No changes found during synchronizing settings.
2024-01-15 17:01:55.376 [info] Keybindings: No changes found during synchronizing keybindings.
2024-01-15 17:01:55.382 [info] Snippets: No changes found during synchronizing snippets.
2024-01-15 17:01:55.400 [info] Tasks: No changes found during synchronizing tasks.
2024-01-15 17:01:55.420 [info] GlobalState: No changes found during synchronizing ui state.
2024-01-15 17:01:55.668 [info] Extensions: No changes found during synchronizing extensions.
2024-01-15 17:01:55.671 [info] Profiles: No changes found during synchronizing profiles.
2024-01-15 17:01:55.674 [info] Sync done. Took 983ms
2024-01-15 17:02:55.312 [info] Auto Sync: Triggered by Activity
2024-01-15 17:02:55.313 [info] Sync started.
2024-01-15 17:02:55.502 [info] Settings: No changes found during synchronizing settings.
2024-01-15 17:02:55.517 [info] Keybindings: No changes found during synchronizing keybindings.
2024-01-15 17:02:55.522 [info] Snippets: No changes found during synchronizing snippets.
2024-01-15 17:02:55.527 [info] Tasks: No changes found during synchronizing tasks.
2024-01-15 17:02:55.533 [info] GlobalState: No changes found during synchronizing ui state.
2024-01-15 17:02:55.735 [info] Extensions: No changes found during synchronizing extensions.
2024-01-15 17:02:55.739 [info] Profiles: No changes found during synchronizing profiles.
2024-01-15 17:02:55.740 [info] Sync done. Took 427ms
2024-01-15 17:03:07.800 [info] Auto Sync: Triggered by Activity
2024-01-15 17:03:07.800 [info] Sync started.
2024-01-15 17:03:07.975 [info] Settings: No changes found during synchronizing settings.
2024-01-15 17:03:07.984 [info] Keybindings: No changes found during synchronizing keybindings.
2024-01-15 17:03:07.989 [info] Snippets: No changes found during synchronizing snippets.
2024-01-15 17:03:07.994 [info] Tasks: No changes found during synchronizing tasks.
2024-01-15 17:03:08.000 [info] GlobalState: No changes found during synchronizing ui state.
2024-01-15 17:03:08.196 [info] Extensions: No changes found during synchronizing extensions.
2024-01-15 17:03:08.199 [info] Profiles: No changes found during synchronizing profiles.
2024-01-15 17:03:08.201 [info] Sync done. Took 400ms
2024-01-15 17:03:29.294 [info] Auto Sync: Triggered by Activity
2024-01-15 17:03:29.294 [info] Sync started.
2024-01-15 17:03:29.489 [info] Settings: No changes found during synchronizing settings.
2024-01-15 17:03:29.509 [info] Keybindings: No changes found during synchronizing keybindings.
2024-01-15 17:03:29.513 [info] Snippets: No changes found during synchronizing snippets.
2024-01-15 17:03:29.517 [info] Tasks: No changes found during synchronizing tasks.
2024-01-15 17:03:29.523 [info] GlobalState: No changes found during synchronizing ui state.
2024-01-15 17:03:29.735 [info] Extensions: No changes found during synchronizing extensions.
2024-01-15 17:03:29.740 [info] Profiles: No changes found during synchronizing profiles.
2024-01-15 17:03:29.742 [info] Sync done. Took 448ms
2024-01-15 17:07:32.840 [info] Auto Sync: Triggered by Activity
2024-01-15 17:07:32.840 [info] Sync started.
2024-01-15 17:07:33.395 [info] Settings: No changes found during synchronizing settings.
2024-01-15 17:07:33.408 [info] Keybindings: No changes found during synchronizing keybindings.
2024-01-15 17:07:33.413 [info] Snippets: No changes found during synchronizing snippets.
2024-01-15 17:07:33.416 [info] Tasks: No changes found during synchronizing tasks.
2024-01-15 17:07:33.423 [info] GlobalState: No changes found during synchronizing ui state.
2024-01-15 17:07:33.634 [info] Extensions: No changes found during synchronizing extensions.
2024-01-15 17:07:33.639 [info] Profiles: No changes found during synchronizing profiles.
2024-01-15 17:07:33.641 [info] Sync done. Took 802ms
2024-01-15 17:08:02.614 [info] Auto Sync: Triggered by Activity
2024-01-15 17:08:02.615 [info] Sync started.
2024-01-15 17:08:02.781 [info] Settings: No changes found during synchronizing settings.
2024-01-15 17:08:02.799 [info] Keybindings: No changes found during synchronizing keybindings.
2024-01-15 17:08:02.803 [info] Snippets: No changes found during synchronizing snippets.
2024-01-15 17:08:02.810 [info] Tasks: No changes found during synchronizing tasks.
2024-01-15 17:08:02.818 [info] GlobalState: No changes found during synchronizing ui state.
2024-01-15 17:08:03.117 [info] Extensions: No changes found during synchronizing extensions.
2024-01-15 17:08:03.122 [info] Profiles: No changes found during synchronizing profiles.
2024-01-15 17:08:03.126 [info] Sync done. Took 512ms
2024-01-15 17:10:46.144 [info] Auto Sync: Triggered by Activity
2024-01-15 17:10:46.144 [info] Sync started.
2024-01-15 17:10:46.727 [info] Settings: No changes found during synchronizing settings.
2024-01-15 17:10:46.735 [info] Keybindings: No changes found during synchronizing keybindings.
2024-01-15 17:10:46.739 [info] Snippets: No changes found during synchronizing snippets.
2024-01-15 17:10:46.743 [info] Tasks: No changes found during synchronizing tasks.
2024-01-15 17:10:46.748 [info] GlobalState: No changes found during synchronizing ui state.
2024-01-15 17:10:46.951 [info] Extensions: No changes found during synchronizing extensions.
2024-01-15 17:10:46.953 [info] Profiles: No changes found during synchronizing profiles.
2024-01-15 17:10:46.955 [info] Sync done. Took 812ms
2024-01-15 17:15:47.010 [info] Auto Sync: Triggered by Interval
2024-01-15 17:15:47.011 [info] Sync started.
2024-01-15 17:15:47.721 [info] Settings: No changes found during synchronizing settings.
2024-01-15 17:15:47.727 [info] Keybindings: No changes found during synchronizing keybindings.
2024-01-15 17:15:47.731 [info] Snippets: No changes found during synchronizing snippets.
2024-01-15 17:15:47.736 [info] Tasks: No changes found during synchronizing tasks.
2024-01-15 17:15:47.744 [info] GlobalState: No changes found during synchronizing ui state.
2024-01-15 17:15:47.912 [info] Extensions: No changes found during synchronizing extensions.
2024-01-15 17:15:47.917 [info] Profiles: No changes found during synchronizing profiles.
2024-01-15 17:15:47.919 [info] Sync done. Took 910ms
2024-01-15 17:17:28.676 [info] Auto Sync: Triggered by Activity
2024-01-15 17:17:28.676 [info] Sync started.
2024-01-15 17:17:28.977 [info] Settings: No changes found during synchronizing settings.
2024-01-15 17:17:28.984 [info] Keybindings: No changes found during synchronizing keybindings.
2024-01-15 17:17:28.988 [info] Snippets: No changes found during synchronizing snippets.
2024-01-15 17:17:28.992 [info] Tasks: No changes found during synchronizing tasks.
2024-01-15 17:17:28.998 [info] GlobalState: No changes found during synchronizing ui state.
2024-01-15 17:17:29.169 [info] Extensions: No changes found during synchronizing extensions.
2024-01-15 17:17:29.169 [info] Profiles: No changes found during synchronizing profiles.
2024-01-15 17:17:29.171 [info] Sync done. Took 495ms
2024-01-15 17:18:43.176 [info] Auto Sync: Triggered by Activity
2024-01-15 17:18:43.177 [info] Sync started.
2024-01-15 17:18:43.347 [info] Settings: No changes found during synchronizing settings.
2024-01-15 17:18:43.355 [info] Keybindings: No changes found during synchronizing keybindings.
2024-01-15 17:18:43.360 [info] Snippets: No changes found during synchronizing snippets.
2024-01-15 17:18:43.364 [info] Tasks: No changes found during synchronizing tasks.
2024-01-15 17:18:43.373 [info] GlobalState: No changes found during synchronizing ui state.
2024-01-15 17:18:43.532 [info] Extensions: No changes found during synchronizing extensions.
2024-01-15 17:18:43.537 [info] Profiles: No changes found during synchronizing profiles.
2024-01-15 17:18:43.538 [info] Sync done. Took 362ms
2024-01-15 17:21:18.914 [info] Auto Sync: Triggered by Activity
2024-01-15 17:21:18.914 [info] Sync started.
2024-01-15 17:21:19.580 [info] Settings: No changes found during synchronizing settings.
2024-01-15 17:21:19.592 [info] Keybindings: No changes found during synchronizing keybindings.
2024-01-15 17:21:19.595 [info] Snippets: No changes found during synchronizing snippets.
2024-01-15 17:21:19.598 [info] Tasks: No changes found during synchronizing tasks.
2024-01-15 17:21:19.603 [info] GlobalState: No changes found during synchronizing ui state.
2024-01-15 17:21:19.818 [info] Extensions: No changes found during synchronizing extensions.
2024-01-15 17:21:19.828 [info] Profiles: No changes found during synchronizing profiles.
2024-01-15 17:21:19.834 [info] Sync done. Took 918ms
2024-01-15 17:23:22.408 [info] Auto Sync: Triggered by Activity
2024-01-15 17:23:22.408 [info] Sync started.
2024-01-15 17:23:22.557 [info] Settings: No changes found during synchronizing settings.
2024-01-15 17:23:22.570 [info] Keybindings: No changes found during synchronizing keybindings.
2024-01-15 17:23:22.574 [info] Snippets: No changes found during synchronizing snippets.
2024-01-15 17:23:22.577 [info] Tasks: No changes found during synchronizing tasks.
2024-01-15 17:23:22.582 [info] GlobalState: No changes found during synchronizing ui state.
2024-01-15 17:23:22.785 [info] Extensions: No changes found during synchronizing extensions.
2024-01-15 17:23:22.789 [info] Profiles: No changes found during synchronizing profiles.
2024-01-15 17:23:22.792 [info] Sync done. Took 384ms
2024-01-15 17:27:31.364 [info] Auto Sync: Triggered by Activity
2024-01-15 17:27:31.364 [info] Sync started.
2024-01-15 17:27:31.907 [info] Settings: No changes found during synchronizing settings.
2024-01-15 17:27:31.920 [info] Keybindings: No changes found during synchronizing keybindings.
2024-01-15 17:27:31.923 [info] Snippets: No changes found during synchronizing snippets.
2024-01-15 17:27:31.926 [info] Tasks: No changes found during synchronizing tasks.
2024-01-15 17:27:31.932 [info] GlobalState: No changes found during synchronizing ui state.
2024-01-15 17:27:32.145 [info] Extensions: No changes found during synchronizing extensions.
2024-01-15 17:27:32.147 [info] Profiles: No changes found during synchronizing profiles.
2024-01-15 17:27:32.150 [info] Sync done. Took 786ms
2024-01-15 17:28:56.568 [info] Auto Sync: Triggered by Activity
2024-01-15 17:28:56.568 [info] Sync started.
2024-01-15 17:28:56.804 [info] Settings: No changes found during synchronizing settings.
2024-01-15 17:28:56.815 [info] Keybindings: No changes found during synchronizing keybindings.
2024-01-15 17:28:56.819 [info] Snippets: No changes found during synchronizing snippets.
2024-01-15 17:28:56.822 [info] Tasks: No changes found during synchronizing tasks.
2024-01-15 17:28:56.828 [info] GlobalState: No changes found during synchronizing ui state.
2024-01-15 17:28:57.014 [info] Extensions: No changes found during synchronizing extensions.
2024-01-15 17:28:57.022 [info] Profiles: No changes found during synchronizing profiles.
2024-01-15 17:28:57.025 [info] Sync done. Took 457ms
2024-01-15 17:30:21.313 [info] Auto Sync: Triggered by Activity
2024-01-15 17:30:21.313 [info] Sync started.
2024-01-15 17:30:21.471 [info] Settings: No changes found during synchronizing settings.
2024-01-15 17:30:21.483 [info] Keybindings: No changes found during synchronizing keybindings.
2024-01-15 17:30:21.492 [info] Snippets: No changes found during synchronizing snippets.
2024-01-15 17:30:21.497 [info] Tasks: No changes found during synchronizing tasks.
2024-01-15 17:30:21.504 [info] GlobalState: No changes found during synchronizing ui state.
2024-01-15 17:30:21.691 [info] Extensions: No changes found during synchronizing extensions.
2024-01-15 17:30:21.692 [info] Profiles: No changes found during synchronizing profiles.
2024-01-15 17:30:21.694 [info] Sync done. Took 381ms
