2024-01-17 12:49:40.583 [info] Reading sessions from keychain...
2024-01-17 12:49:40.583 [info] Getting sessions for all scopes...
2024-01-17 12:49:40.583 [info] Got stored sessions!
2024-01-17 12:49:40.583 [info] Got 2 verified sessions.
2024-01-17 12:49:40.583 [info] Got 2 sessions for ...
2024-01-17 12:49:40.583 [info] Getting sessions for all scopes...
2024-01-17 12:49:40.583 [info] Got 2 sessions for ...
2024-01-17 12:49:40.583 [info] Getting sessions for user:email...
2024-01-17 12:49:40.583 [info] Got 1 sessions for user:email...
2024-01-17 12:49:40.583 [info] Getting sessions for all scopes...
2024-01-17 12:49:40.583 [info] Got 2 sessions for ...
2024-01-17 12:49:40.583 [info] Getting sessions for all scopes...
2024-01-17 12:49:40.583 [info] Got 2 sessions for ...
2024-01-17 12:49:40.583 [info] Getting sessions for user:email...
2024-01-17 12:49:40.583 [info] Got 1 sessions for user:email...
2024-01-17 12:49:40.583 [info] Getting sessions for all scopes...
2024-01-17 12:49:40.583 [info] Got 2 sessions for ...
2024-01-17 12:49:40.583 [info] Getting sessions for project,read:org,read:user,repo,user:email,workflow...
2024-01-17 12:49:40.583 [info] Got 0 sessions for project,read:org,read:user,repo,user:email,workflow...
2024-01-17 12:49:40.685 [info] Getting sessions for read:user,repo,user:email,workflow...
2024-01-17 12:49:40.685 [info] Got 1 sessions for read:user,repo,user:email,workflow...
2024-01-17 12:49:43.063 [info] Getting sessions for read:user,repo,user:email,workflow...
2024-01-17 12:49:43.063 [info] Got 1 sessions for read:user,repo,user:email,workflow...
2024-01-17 12:49:44.597 [info] Getting sessions for read:user,repo,user:email,workflow...
2024-01-17 12:49:44.597 [info] Got 1 sessions for read:user,repo,user:email,workflow...
2024-01-17 12:49:45.854 [info] Getting sessions for all scopes...
2024-01-17 12:49:45.854 [info] Got 2 sessions for ...
2024-01-17 12:50:09.675 [info] Reading sessions from keychain...
2024-01-17 12:50:09.675 [info] Getting sessions for all scopes...
2024-01-17 12:50:09.675 [info] Getting sessions for user:email...
2024-01-17 12:50:09.675 [info] Got stored sessions!
2024-01-17 12:50:09.675 [info] Got 2 verified sessions.
2024-01-17 12:50:09.675 [info] Got 2 sessions for ...
2024-01-17 12:50:09.675 [info] Got 1 sessions for user:email...
2024-01-17 12:50:09.675 [info] Getting sessions for all scopes...
2024-01-17 12:50:09.675 [info] Got 2 sessions for ...
2024-01-17 12:50:09.675 [info] Getting sessions for all scopes...
2024-01-17 12:50:09.675 [info] Got 2 sessions for ...
2024-01-17 12:50:09.683 [info] Getting sessions for user:email...
2024-01-17 12:50:09.683 [info] Got 1 sessions for user:email...
2024-01-17 12:50:12.176 [info] Getting sessions for all scopes...
2024-01-17 12:50:12.176 [info] Got 2 sessions for ...
2024-01-17 12:50:12.569 [info] Getting sessions for project,read:org,read:user,repo,user:email,workflow...
2024-01-17 12:50:12.578 [info] Got 0 sessions for project,read:org,read:user,repo,user:email,workflow...
2024-01-17 12:50:12.820 [info] Getting sessions for read:user,repo,user:email,workflow...
2024-01-17 12:50:12.821 [info] Got 1 sessions for read:user,repo,user:email,workflow...
2024-01-17 12:50:12.976 [info] Getting sessions for read:user,repo,user:email,workflow...
2024-01-17 12:50:12.976 [info] Got 1 sessions for read:user,repo,user:email,workflow...
2024-01-17 12:50:13.820 [info] Getting sessions for read:user,repo,user:email,workflow...
2024-01-17 12:50:13.820 [info] Got 1 sessions for read:user,repo,user:email,workflow...
2024-01-17 12:50:20.437 [info] Getting sessions for all scopes...
2024-01-17 12:50:20.438 [info] Got 2 sessions for ...
2024-01-17 12:58:08.646 [info] Getting sessions for read:user,repo,user:email...
2024-01-17 12:58:08.677 [info] Got 0 sessions for read:user,repo,user:email...
