2024-01-16 10:43:43.685 [info] Configuration changed
2024-01-16 10:43:45.991 [info] Active editor: file:///home/devdragon/workspace/python/FastApliLearn/conect_data_base/client.py
2024-01-16 10:43:46.027 [info] /home/devdragon/workspace/python/FastApliLearn/conect_data_base/client.py.git closed
2024-01-16 10:43:48.209 [info] /home/devdragon/workspace/python/FastApliLearn/conect_data_base/client.py closed
2024-01-16 10:43:48.235 [info] Active editor: file:///home/devdragon/workspace/python/FastApliLearn/conect_data_base/client.py
2024-01-16 11:21:15.506 [info] /home/devdragon/workspace/python/FastApliLearn/conect_data_base/client.py.git closed
2024-01-16 11:23:04.098 [info] Active editor: file:///home/devdragon/workspace/python/FastApliLearn/conect_data_base/schemas/user.py
2024-01-16 11:23:16.992 [info] /home/devdragon/workspace/python/FastApliLearn/conect_data_base/schemas/user.py.git closed
2024-01-16 11:24:17.357 [info] Active editor: file:///home/devdragon/workspace/python/FastApliLearn/conect_data_base/client.py
2024-01-16 11:24:18.202 [info] Active editor: file:///home/devdragon/workspace/python/FastApliLearn/conect_data_base/schemas/user.py
2024-01-16 11:24:18.216 [info] /home/devdragon/workspace/python/FastApliLearn/conect_data_base/client.py.git closed
2024-01-16 11:24:40.166 [info] Active editor: file:///home/devdragon/workspace/python/FastApliLearn/conect_data_base/client.py
2024-01-16 11:24:40.183 [info] /home/devdragon/workspace/python/FastApliLearn/conect_data_base/schemas/user.py.git closed
2024-01-16 12:00:54.605 [info] /home/devdragon/workspace/python/FastApliLearn/conect_data_base/client.py.git closed
2024-01-16 12:01:07.493 [info] Active editor: file:///home/devdragon/workspace/python/FastApliLearn/conect_data_base/client.py
2024-01-16 16:23:30.825 [info] /home/devdragon/workspace/python/FastApliLearn/conect_data_base/client.py.git closed
2024-01-16 16:24:42.488 [info] Active editor: file:///home/devdragon/workspace/python/FastApliLearn/users/user_db.py
2024-01-16 16:25:48.190 [info] Active editor: file:///home/devdragon/workspace/python/FastApliLearn/conect_data_base/client.py
2024-01-16 16:25:48.204 [info] /home/devdragon/workspace/python/FastApliLearn/users/user_db.py.git closed
2024-01-16 16:25:54.562 [info] Active editor: file:///home/devdragon/workspace/python/FastApliLearn/users/user_db.py
2024-01-16 16:25:54.577 [info] /home/devdragon/workspace/python/FastApliLearn/conect_data_base/client.py.git closed
2024-01-16 16:25:57.788 [info] Active editor: file:///home/devdragon/workspace/python/FastApliLearn/conect_data_base/client.py
2024-01-16 16:25:57.804 [info] /home/devdragon/workspace/python/FastApliLearn/users/user_db.py.git closed
2024-01-16 16:26:02.247 [info] Active editor: file:///home/devdragon/workspace/python/FastApliLearn/users/user_db.py
2024-01-16 16:26:02.265 [info] /home/devdragon/workspace/python/FastApliLearn/conect_data_base/client.py.git closed
2024-01-16 16:27:09.080 [info] Active editor: file:///home/devdragon/workspace/python/FastApliLearn/conect_data_base/client.py
2024-01-16 16:27:09.097 [info] /home/devdragon/workspace/python/FastApliLearn/users/user_db.py.git closed
2024-01-16 16:27:48.166 [info] Active editor: file:///home/devdragon/workspace/python/FastApliLearn/users/user_db.py
2024-01-16 16:27:48.189 [info] /home/devdragon/workspace/python/FastApliLearn/conect_data_base/client.py.git closed
2024-01-16 16:27:56.291 [info] /home/devdragon/workspace/python/FastApliLearn/users/user_db.py.git closed
2024-01-16 16:29:03.566 [info] Active editor: file:///home/devdragon/workspace/python/FastApliLearn/users/user_db.py
2024-01-16 16:35:05.300 [info] Active editor: file:///home/devdragon/workspace/python/FastApliLearn/requirements.txt
2024-01-16 16:35:05.339 [info] /home/devdragon/workspace/python/FastApliLearn/users/user_db.py.git closed
