2024-01-17 13:02:03.904 [info] El experimento \"pythonaa\" está activo
2024-01-17 13:02:03.904 [info] El experimento \"pythonRecommendTensorboardExtcf\" está activo
2024-01-17 13:02:03.904 [info] El experimento \"pythonREPLSmartSend\" está activo
2024-01-17 13:02:03.904 [info] El experimento \"pythonSurveyNotificationcf\" está activo
2024-01-17 13:02:03.904 [info] El experimento \"pythonTerminalEnvVarActivationcf\" está activo
2024-01-17 13:02:03.904 [info] El experimento \"pythonTestAdapter\" está activo
2024-01-17 13:02:03.904 [info] Default formatter is set to null for workspace /home/devdragon/.config
2024-01-17 13:02:03.904 [info] Test server listening.
2024-01-17 13:02:03.904 [info] > conda info --json
2024-01-17 13:02:03.904 [info] Ruta de acceso del intérprete de Python: /bin/python
2024-01-17 13:02:03.904 [info] Send text to terminal: printenv > "/tmp/tmp-111740kKy47MCDhdL7.txt"
2024-01-17 13:02:03.914 [warning] Retry failed, storage update failed for key PYTHON_WORKSPACE_STORAGE_KEYS
2024-01-17 13:02:03.914 [warning] Retry failed, storage update failed for key PYTHON_WORKSPACE_STORAGE_KEYS
2024-01-17 13:02:03.959 [info] Found: /bin/python --> /bin/python3.11
2024-01-17 13:02:03.968 [info] Discover tests for workspace name: undefined - uri: /home/devdragon/.config/Code/User/settings.json
2024-01-17 13:02:03.970 [info] Found: /bin/python3 --> /bin/python3.11
2024-01-17 13:02:03.970 [info] Found: /bin/python3.11 --> /bin/python3.11
2024-01-17 13:02:04.057 [info] > /bin/python -I ~/.vscode/extensions/ms-python.python-2023.22.1/pythonFiles/get_output_via_markers.py ~/.vscode/extensions/ms-python.python-2023.22.1/pythonFiles/interpreterInfo.py
2024-01-17 13:02:04.147 [info] > ./ttyper/language/python -I ~/.vscode/extensions/ms-python.python-2023.22.1/pythonFiles/get_output_via_markers.py ~/.vscode/extensions/ms-python.python-2023.22.1/pythonFiles/interpreterInfo.py
2024-01-17 13:02:04.152 [error] Error: Command failed: /home/devdragon/.config/ttyper/language/python -I /home/devdragon/.vscode/extensions/ms-python.python-2023.22.1/pythonFiles/get_output_via_markers.py /home/devdragon/.vscode/extensions/ms-python.python-2023.22.1/pythonFiles/interpreterInfo.py
/bin/sh: line 1: /home/devdragon/.config/ttyper/language/python: Permission denied

    at ChildProcess.exithandler (node:child_process:431:12)
    at ChildProcess.emit (node:events:525:35)
    at maybeClose (node:internal/child_process:1091:16)
    at Socket.<anonymous> (node:internal/child_process:449:11)
    at Socket.emit (node:events:513:28)
    at Pipe.<anonymous> (node:net:322:12) {
  code: 126,
  killed: false,
  signal: null,
  cmd: '/home/devdragon/.config/ttyper/language/python -I /home/devdragon/.vscode/extensions/ms-python.python-2023.22.1/pythonFiles/get_output_via_markers.py /home/devdragon/.vscode/extensions/ms-python.python-2023.22.1/pythonFiles/interpreterInfo.py'
}
2024-01-17 13:02:04.352 [info] Found: /sbin/python --> /sbin/python3.11
2024-01-17 13:02:04.357 [info] Found: /sbin/python3 --> /sbin/python3.11
2024-01-17 13:02:04.357 [info] Found: /sbin/python3.11 --> /sbin/python3.11
2024-01-17 13:02:04.387 [info] Found: /usr/bin/python --> /usr/bin/python3.11
2024-01-17 13:02:04.387 [info] Found: /usr/bin/python3 --> /usr/bin/python3.11
2024-01-17 13:02:04.387 [info] Found: /usr/bin/python3.11 --> /usr/bin/python3.11
2024-01-17 13:02:04.902 [info] Found: /usr/sbin/python --> /usr/sbin/python3.11
2024-01-17 13:02:04.903 [info] Found: /usr/sbin/python3 --> /usr/sbin/python3.11
2024-01-17 13:02:04.905 [info] Found: /usr/sbin/python3.11 --> /usr/sbin/python3.11
2024-01-17 13:02:04.953 [info] > /sbin/python -I ~/.vscode/extensions/ms-python.python-2023.22.1/pythonFiles/get_output_via_markers.py ~/.vscode/extensions/ms-python.python-2023.22.1/pythonFiles/interpreterInfo.py
2024-01-17 13:02:05.004 [info] > /usr/bin/python -I ~/.vscode/extensions/ms-python.python-2023.22.1/pythonFiles/get_output_via_markers.py ~/.vscode/extensions/ms-python.python-2023.22.1/pythonFiles/interpreterInfo.py
2024-01-17 13:02:05.106 [info] > /usr/sbin/python -I ~/.vscode/extensions/ms-python.python-2023.22.1/pythonFiles/get_output_via_markers.py ~/.vscode/extensions/ms-python.python-2023.22.1/pythonFiles/interpreterInfo.py
2024-01-17 13:02:05.528 [info] Iniciando el servidor de lenguaje Pylance.
2024-01-17 13:02:06.230 [info] > ./ttyper/language/python -I ~/.vscode/extensions/ms-python.python-2023.22.1/pythonFiles/get_output_via_markers.py ~/.vscode/extensions/ms-python.python-2023.22.1/pythonFiles/interpreterInfo.py
2024-01-17 13:02:06.276 [error] Error: Command failed: /home/devdragon/.config/ttyper/language/python -I /home/devdragon/.vscode/extensions/ms-python.python-2023.22.1/pythonFiles/get_output_via_markers.py /home/devdragon/.vscode/extensions/ms-python.python-2023.22.1/pythonFiles/interpreterInfo.py
/bin/sh: line 1: /home/devdragon/.config/ttyper/language/python: Permission denied

    at ChildProcess.exithandler (node:child_process:431:12)
    at ChildProcess.emit (node:events:525:35)
    at maybeClose (node:internal/child_process:1091:16)
    at Socket.<anonymous> (node:internal/child_process:449:11)
    at Socket.emit (node:events:513:28)
    at Pipe.<anonymous> (node:net:322:12) {
  code: 126,
  killed: false,
  signal: null,
  cmd: '/home/devdragon/.config/ttyper/language/python -I /home/devdragon/.vscode/extensions/ms-python.python-2023.22.1/pythonFiles/get_output_via_markers.py /home/devdragon/.vscode/extensions/ms-python.python-2023.22.1/pythonFiles/interpreterInfo.py'
}
2024-01-17 14:17:53.713 [info] Discover tests for workspace name: undefined - uri: /home/devdragon/.config/Code/User/settings.json
2024-01-17 14:17:54.900 [info] Discover tests for workspace name: undefined - uri: /home/devdragon/.config/Code/User/sync/settings/preview/settings.json
2024-01-17 14:17:55.659 [info] Discover tests for workspace name: undefined - uri: /home/devdragon/.config/Code/User/sync/settings/preview/settings.json
2024-01-17 14:18:12.970 [info] Discover tests for workspace name: undefined - uri: /home/devdragon/.config/Code/User/settings.json
2024-01-17 14:18:15.252 [info] Discover tests for workspace name: undefined - uri: /home/devdragon/.config/Code/User/sync/settings/preview/settings.json
2024-01-17 14:18:15.970 [info] Discover tests for workspace name: undefined - uri: /home/devdragon/.config/Code/User/sync/settings/preview/settings.json
