Initializing document watcher...
.config/Code/User/settings.json: Using EditorConfig core...
.config/Code/User/settings.json: Using EditorConfig core...
.config/.gitignore: {}
.config/.gitignore: {}
.config/.gitignore: Using EditorConfig core...
.config/.gitignore: Using EditorConfig core...
.config/.gitignore: Using EditorConfig core...
.config/.gitignore: Using EditorConfig core...
.config/.gitignore: Using EditorConfig core...
.config/.gitignore: Using EditorConfig core...
.config/.gitignore: {}
.config/.gitignore: Using EditorConfig core...
.config/.gitignore: Using EditorConfig core...
.config/.gitignore: Using EditorConfig core...
.config/.gitignore: Using EditorConfig core...
.config/.gitignore: Using EditorConfig core...
.config/.gitignore: Using EditorConfig core...
.config/.gitignore: Using EditorConfig core...
.config/.gitignore: Using EditorConfig core...
.config/.gitignore: Using EditorConfig core...
.config/.gitignore: Using EditorConfig core...
.config/.gitignore: Using EditorConfig core...
.config/.gitignore: Using EditorConfig core...
.config/.gitignore: Using EditorConfig core...
.config/.gitignore: Using EditorConfig core...
.config/.gitignore: Using EditorConfig core...
.config/.gitignore: Using EditorConfig core...
.config/.gitignore: Using EditorConfig core...
.config/.gitignore: {}
.config/.gitignore: Using EditorConfig core...
.config/.gitignore: Using EditorConfig core...
.config/.gitignore: Using EditorConfig core...
.config/.gitignore: Using EditorConfig core...
.config/.gitignore: Using EditorConfig core...
.config/.gitignore: Using EditorConfig core...
.config/.gitignore: Using EditorConfig core...
.config/.gitignore: Using EditorConfig core...
.config/.gitignore: Using EditorConfig core...
.config/.gitignore: Using EditorConfig core...
.config/.gitignore: Using EditorConfig core...
.config/.gitignore: Using EditorConfig core...
.config/.gitignore: Using EditorConfig core...
.config/.gitignore: Using EditorConfig core...
.config/.gitignore: {}
.config/.gitignore: {}
.config/.gitignore: {}
.config/qtile/settings/groups.py: {}
