12:50:12 GMT-0500 (Colombia Standard Time) [INFO]: spawning binary with command: /home/devdragon/.config/Code/User/globalStorage/tabnine.tabnine-vscode/binaries/4.75.0/x86_64-unknown-linux-musl/TabNine args: --tls_config insecure=false --no-lsp=true --client=vscode --client-metadata clientVersion=1.85.1 pluginVersion=3.62.0 t9-vscode-AutoImportEnabled=true t9-vscode-TSAutoImportEnabled=true t9-vscode-JSAutoImportEnabled=true vscode-telemetry-enabled=true vscode-remote=false vscode-extension-kind=1 vscode-theme-name=Dark Red vscode-theme-kind=Dark vscode-machine-id=e59b11f8498651854345bd2ff491bcecd04acb309df1729fd283539cb51b9193 vscode-is-new-app-install=false vscode-session-id=52303198-425b-4dac-be6d-066f1b8ad6851705513803962 vscode-language=es vscode-app-name=Visual Studio Code vscode-beta-channel-enabled=false vscode-status-customization=unknown vscode-inline-api-enabled=true vscode-code-lens-enabled=true vscode-found-intellicode=false ide-restart-counter=0 

12:50:12 GMT-0500 (Colombia Standard Time) [DEBUG]: capabilities resolved immediately 

12:50:15 GMT-0500 (Colombia Standard Time) [DEBUG]: Updating root paths for project .config: ["/home/devdragon/.config"] 

12:50:45 GMT-0500 (Colombia Standard Time) [DEBUG]: Updating root paths for project .config: ["/home/devdragon/.config"] 

12:51:15 GMT-0500 (Colombia Standard Time) [DEBUG]: Updating root paths for project .config: ["/home/devdragon/.config"] 

12:51:45 GMT-0500 (Colombia Standard Time) [DEBUG]: Updating root paths for project .config: ["/home/devdragon/.config"] 

12:52:15 GMT-0500 (Colombia Standard Time) [DEBUG]: Updating root paths for project .config: ["/home/devdragon/.config"] 

12:52:45 GMT-0500 (Colombia Standard Time) [DEBUG]: Updating root paths for project .config: ["/home/devdragon/.config"] 

12:52:58 GMT-0500 (Colombia Standard Time) [ERROR]: Error: Binary request timed out. {"Autocomplete":{"filename":"/home/devdragon/.config/.gitignore","before":"BraveSoftware/*","after":"","region_includes_beginning":true,"region_includes_end":true,"max_num_results":5,"offset":15,"line":0,"character":15,"indentation_size":2,"cached_only":true}} 

12:53:15 GMT-0500 (Colombia Standard Time) [DEBUG]: Updating root paths for project .config: ["/home/devdragon/.config"] 

12:53:45 GMT-0500 (Colombia Standard Time) [DEBUG]: Updating root paths for project .config: ["/home/devdragon/.config"] 

12:54:15 GMT-0500 (Colombia Standard Time) [DEBUG]: Updating root paths for project .config: ["/home/devdragon/.config"] 

12:54:45 GMT-0500 (Colombia Standard Time) [DEBUG]: Updating root paths for project .config: ["/home/devdragon/.config"] 

12:55:15 GMT-0500 (Colombia Standard Time) [DEBUG]: Updating root paths for project .config: ["/home/devdragon/.config"] 

12:55:45 GMT-0500 (Colombia Standard Time) [DEBUG]: Updating root paths for project .config: ["/home/devdragon/.config"] 

12:56:09 GMT-0500 (Colombia Standard Time) [ERROR]: Error: Binary request timed out. {"Autocomplete":{"filename":"/home/devdragon/.config/.gitignore","before":"# Byte-compiled / optimized / DLL files\nBraveSoftware/\n¨","after":"","region_includes_beginning":true,"region_includes_end":true,"max_num_results":5,"offset":56,"line":2,"character":1,"indentation_size":2}} 

12:56:15 GMT-0500 (Colombia Standard Time) [DEBUG]: Updating root paths for project .config: ["/home/devdragon/.config"] 

12:56:45 GMT-0500 (Colombia Standard Time) [DEBUG]: Updating root paths for project .config: ["/home/devdragon/.config"] 

12:57:15 GMT-0500 (Colombia Standard Time) [DEBUG]: Updating root paths for project .config: ["/home/devdragon/.config"] 

12:57:46 GMT-0500 (Colombia Standard Time) [DEBUG]: Updating root paths for project .config: ["/home/devdragon/.config"] 

12:58:07 GMT-0500 (Colombia Standard Time) [ERROR]: Error: Binary request timed out. {"Prefetch":{"filename":"/home/devdragon/.config/qtile/settings/groups.py"}} 

12:58:16 GMT-0500 (Colombia Standard Time) [DEBUG]: Updating root paths for project .config: ["/home/devdragon/.config"] 

12:58:19 GMT-0500 (Colombia Standard Time) [WARN]: assistant is closing 

