2024-01-15 15:58:45.209 [warning] Via 'product.json#extensionEnabledApiProposals' extension 'ms-python.python' wants API proposal 'registerIssueDataProvider' but that proposal DOES NOT EXIST. Likely, the proposal has been finalized (check 'vscode.d.ts') or was abandoned.
2024-01-15 15:58:47.510 [info] Started local extension host with pid 27000.
2024-01-15 15:58:56.651 [error] [1tontech.angular-material]: Lenguaje desconocido en "contributes.angular-material.language". Valor proporcionado: blade
2024-01-15 15:58:56.651 [error] [1tontech.angular-material]: Lenguaje desconocido en "contributes.angular-material.language". Valor proporcionado: ejs
2024-01-15 15:58:56.652 [error] [1tontech.angular-material]: Lenguaje desconocido en "contributes.angular-material.language". Valor proporcionado: latte
2024-01-15 15:58:56.652 [error] [1tontech.angular-material]: Lenguaje desconocido en "contributes.angular-material.language". Valor proporcionado: tpl
2024-01-15 15:58:56.652 [error] [1tontech.angular-material]: Lenguaje desconocido en "contributes.angular-material.language". Valor proporcionado: twig
2024-01-15 15:59:00.040 [info] [perf] Render performance baseline is 37ms
2024-01-15 15:59:01.700 [info] Extension host (LocalProcess pid: 27000) is unresponsive.
2024-01-15 15:59:01.744 [error] [Extension Host] (node:27000) [DEP0005] DeprecationWarning: Buffer() is deprecated due to security and usability issues. Please use the Buffer.alloc(), Buffer.allocUnsafe(), or Buffer.from() methods instead.
(Use `exe --trace-deprecation ...` to show where the warning was created)
2024-01-15 15:59:03.128 [info] Extension host (LocalProcess pid: 27000) is responsive.
2024-01-15 15:59:05.102 [error] net::ERR_NAME_NOT_RESOLVED: Download: net::ERR_NAME_NOT_RESOLVED
    at d.download (/opt/visual-studio-code/resources/app/out/vs/code/node/sharedProcess/sharedProcessMain.js:81:16857)
    at async te.x (/opt/visual-studio-code/resources/app/out/vs/code/node/sharedProcess/sharedProcessMain.js:100:121718)
    at async te.h (/opt/visual-studio-code/resources/app/out/vs/code/node/sharedProcess/sharedProcessMain.js:100:119735)
2024-01-15 15:59:06.785 [info] Extension host (LocalProcess pid: 27000) is unresponsive.
2024-01-15 15:59:08.389 [info] Extension host (LocalProcess pid: 27000) is responsive.
2024-01-15 15:59:10.661 [error] Error: Se anuló onWillSaveTextDocument-event después de 1750 ms
    at vscode-file://vscode-app/opt/visual-studio-code/resources/app/out/vs/workbench/workbench.desktop.main.js:1899:12495
2024-01-15 15:59:15.858 [info] Extension host (LocalProcess pid: 27000) is unresponsive.
2024-01-15 15:59:17.134 [info] Extension host (LocalProcess pid: 27000) is responsive.
2024-01-15 15:59:19.249 [error] [Extension Host] Error: getaddrinfo EAI_AGAIN api.github.com
    at GetAddrInfoReqWrap.onlookup [as oncomplete] (node:dns:108:26)
2024-01-15 15:59:20.391 [error] spawn pyenv EACCES: Error: spawn pyenv EACCES
    at Process.ChildProcess._handle.onexit (node:internal/child_process:283:19)
    at onErrorNT (node:internal/child_process:476:16)
    at processTicksAndRejections (node:internal/process/task_queues:82:21)
2024-01-15 15:59:20.397 [error] [Extension Host] Error: spawn pyenv EACCES
    at Process.ChildProcess._handle.onexit (node:internal/child_process:283:19)
    at onErrorNT (node:internal/child_process:476:16)
    at processTicksAndRejections (node:internal/process/task_queues:82:21)
2024-01-15 15:59:23.734 [error] [Extension Host] HttpError: request to https://api.github.com/user failed, reason: getaddrinfo EAI_AGAIN api.github.com
    at /home/devdragon/.vscode/extensions/github.vscode-pull-request-github-0.78.1/dist/extension.js:2128:6565
    at processTicksAndRejections (node:internal/process/task_queues:95:5)
    at Zf.execute (/home/devdragon/.vscode/extensions/github.vscode-pull-request-github-0.78.1/dist/extension.js:2096:43969)
2024-01-15 15:59:25.944 [error] [Extension Host] HttpError: request to https://api.github.com/repos/DevJhojan/my_fits_project_with_python_and_fastapi failed, reason: getaddrinfo EAI_AGAIN api.github.com
    at /home/devdragon/.vscode/extensions/github.vscode-pull-request-github-0.78.1/dist/extension.js:2128:6565
    at processTicksAndRejections (node:internal/process/task_queues:95:5)
    at Zf.execute (/home/devdragon/.vscode/extensions/github.vscode-pull-request-github-0.78.1/dist/extension.js:2096:43969)
2024-01-15 15:59:26.910 [error] spawn pyenv EACCES: Error: spawn pyenv EACCES
    at Process.ChildProcess._handle.onexit (node:internal/child_process:283:19)
    at onErrorNT (node:internal/child_process:476:16)
    at processTicksAndRejections (node:internal/process/task_queues:82:21)
2024-01-15 15:59:26.912 [error] [Extension Host] Error: spawn pyenv EACCES
    at Process.ChildProcess._handle.onexit (node:internal/child_process:283:19)
    at onErrorNT (node:internal/child_process:476:16)
    at processTicksAndRejections (node:internal/process/task_queues:82:21)
2024-01-15 16:02:07.012 [warning] Via 'product.json#extensionEnabledApiProposals' extension 'ms-python.python' wants API proposal 'registerIssueDataProvider' but that proposal DOES NOT EXIST. Likely, the proposal has been finalized (check 'vscode.d.ts') or was abandoned.
2024-01-15 16:02:07.494 [info] Started local extension host with pid 30544.
2024-01-15 16:02:10.103 [error] [1tontech.angular-material]: Lenguaje desconocido en "contributes.angular-material.language". Valor proporcionado: blade
2024-01-15 16:02:10.103 [error] [1tontech.angular-material]: Lenguaje desconocido en "contributes.angular-material.language". Valor proporcionado: ejs
2024-01-15 16:02:10.103 [error] [1tontech.angular-material]: Lenguaje desconocido en "contributes.angular-material.language". Valor proporcionado: latte
2024-01-15 16:02:10.104 [error] [1tontech.angular-material]: Lenguaje desconocido en "contributes.angular-material.language". Valor proporcionado: tpl
2024-01-15 16:02:10.104 [error] [1tontech.angular-material]: Lenguaje desconocido en "contributes.angular-material.language". Valor proporcionado: twig
2024-01-15 16:02:11.347 [error] [Extension Host] (node:30544) [DEP0005] DeprecationWarning: Buffer() is deprecated due to security and usability issues. Please use the Buffer.alloc(), Buffer.allocUnsafe(), or Buffer.from() methods instead.
(Use `exe --trace-deprecation ...` to show where the warning was created)
2024-01-15 16:02:12.740 [info] [perf] Render performance baseline is 81ms
2024-01-15 16:02:16.386 [error] Error: Se anuló onWillSaveTextDocument-event después de 1750 ms
    at vscode-file://vscode-app/opt/visual-studio-code/resources/app/out/vs/workbench/workbench.desktop.main.js:1899:12495
2024-01-15 16:40:45.068 [error] [Extension Host] FetchError: request to https://bifrost-extension-https-global.gw.postman.com/request/27710643-af9077c4-cc41-44dd-a5e9-79af6b856aa2?populate=parent failed, reason: getaddrinfo ENOTFOUND bifrost-extension-https-global.gw.postman.com
    at ClientRequest.<anonymous> (/home/devdragon/.vscode/extensions/postman.postman-for-vscode-0.17.0/dist/extension.js:2:6230287)
    at ClientRequest.emit (node:events:525:35)
    at ClientRequest.emit (node:domain:489:12)
    at TLSSocket.socketErrorListener (node:_http_client:502:9)
    at TLSSocket.emit (node:events:513:28)
    at TLSSocket.emit (node:domain:489:12)
    at emitErrorNT (node:internal/streams/destroy:151:8)
    at emitErrorCloseNT (node:internal/streams/destroy:116:3)
    at processTicksAndRejections (node:internal/process/task_queues:82:21)
2024-01-15 16:40:45.093 [error] [Extension Host] FetchError: request to https://bifrost-extension-https-global.gw.postman.com/list/environment?workspace=cc24dd40-b226-46f6-8321-e61cd7ee691a failed, reason: getaddrinfo ENOTFOUND bifrost-extension-https-global.gw.postman.com
    at ClientRequest.<anonymous> (/home/devdragon/.vscode/extensions/postman.postman-for-vscode-0.17.0/dist/extension.js:2:6230287)
    at ClientRequest.emit (node:events:525:35)
    at ClientRequest.emit (node:domain:489:12)
    at TLSSocket.socketErrorListener (node:_http_client:502:9)
    at TLSSocket.emit (node:events:513:28)
    at TLSSocket.emit (node:domain:489:12)
    at emitErrorNT (node:internal/streams/destroy:151:8)
    at emitErrorCloseNT (node:internal/streams/destroy:116:3)
    at processTicksAndRejections (node:internal/process/task_queues:82:21)
2024-01-15 16:42:44.586 [error] [Extension Host] FetchError: request to https://bifrost-extension-https-global.gw.postman.com/request/27710643-af9077c4-cc41-44dd-a5e9-79af6b856aa2?populate=parent failed, reason: getaddrinfo EAI_AGAIN bifrost-extension-https-global.gw.postman.com
    at ClientRequest.<anonymous> (/home/devdragon/.vscode/extensions/postman.postman-for-vscode-0.17.0/dist/extension.js:2:6230287)
    at ClientRequest.emit (node:events:525:35)
    at ClientRequest.emit (node:domain:489:12)
    at TLSSocket.socketErrorListener (node:_http_client:502:9)
    at TLSSocket.emit (node:events:513:28)
    at TLSSocket.emit (node:domain:489:12)
    at emitErrorNT (node:internal/streams/destroy:151:8)
    at emitErrorCloseNT (node:internal/streams/destroy:116:3)
    at processTicksAndRejections (node:internal/process/task_queues:82:21)
2024-01-15 16:42:44.587 [error] [Extension Host] FetchError: request to https://bifrost-extension-https-global.gw.postman.com/list/environment?workspace=cc24dd40-b226-46f6-8321-e61cd7ee691a failed, reason: getaddrinfo EAI_AGAIN bifrost-extension-https-global.gw.postman.com
    at ClientRequest.<anonymous> (/home/devdragon/.vscode/extensions/postman.postman-for-vscode-0.17.0/dist/extension.js:2:6230287)
    at ClientRequest.emit (node:events:525:35)
    at ClientRequest.emit (node:domain:489:12)
    at TLSSocket.socketErrorListener (node:_http_client:502:9)
    at TLSSocket.emit (node:events:513:28)
    at TLSSocket.emit (node:domain:489:12)
    at emitErrorNT (node:internal/streams/destroy:151:8)
    at emitErrorCloseNT (node:internal/streams/destroy:116:3)
    at processTicksAndRejections (node:internal/process/task_queues:82:21)
2024-01-15 16:42:46.493 [error] [Extension Host] FetchError: request to https://events.getpostman.com/events failed, reason: getaddrinfo ENOTFOUND events.getpostman.com
    at ClientRequest.<anonymous> (/home/devdragon/.vscode/extensions/postman.postman-for-vscode-0.17.0/dist/extension.js:2:6230287)
    at ClientRequest.emit (node:events:525:35)
    at ClientRequest.emit (node:domain:489:12)
    at TLSSocket.socketErrorListener (node:_http_client:502:9)
    at TLSSocket.emit (node:events:513:28)
    at TLSSocket.emit (node:domain:489:12)
    at emitErrorNT (node:internal/streams/destroy:151:8)
    at emitErrorCloseNT (node:internal/streams/destroy:116:3)
    at processTicksAndRejections (node:internal/process/task_queues:82:21)
2024-01-15 16:57:02.428 [error] TextModelPart is disposed!: Error: TextModelPart is disposed!
    at f.g (vscode-file://vscode-app/opt/visual-studio-code/resources/app/out/vs/workbench/workbench.desktop.main.js:121:22521)
    at f.getWordAtPosition (vscode-file://vscode-app/opt/visual-studio-code/resources/app/out/vs/workbench/workbench.desktop.main.js:629:119736)
    at q.getWordAtPosition (vscode-file://vscode-app/opt/visual-studio-code/resources/app/out/vs/workbench/workbench.desktop.main.js:736:9052)
    at $.h (vscode-file://vscode-app/opt/visual-studio-code/resources/app/out/vs/workbench/workbench.desktop.main.js:760:68579)
    at new l (vscode-file://vscode-app/opt/visual-studio-code/resources/app/out/vs/workbench/workbench.desktop.main.js:760:68454)
    at new $ (vscode-file://vscode-app/opt/visual-studio-code/resources/app/out/vs/workbench/workbench.desktop.main.js:760:69037)
    at P (vscode-file://vscode-app/opt/visual-studio-code/resources/app/out/vs/workbench/workbench.desktop.main.js:760:69840)
    at T.F (vscode-file://vscode-app/opt/visual-studio-code/resources/app/out/vs/workbench/workbench.desktop.main.js:760:74429)
    at T.E (vscode-file://vscode-app/opt/visual-studio-code/resources/app/out/vs/workbench/workbench.desktop.main.js:760:74226)
    at new T (vscode-file://vscode-app/opt/visual-studio-code/resources/app/out/vs/workbench/workbench.desktop.main.js:760:70825)
    at q (vscode-file://vscode-app/opt/visual-studio-code/resources/app/out/vs/workbench/workbench.desktop.main.js:760:75301)
    at o.value (vscode-file://vscode-app/opt/visual-studio-code/resources/app/out/vs/workbench/workbench.desktop.main.js:760:75446)
    at u.y (vscode-file://vscode-app/opt/visual-studio-code/resources/app/out/vs/workbench/workbench.desktop.main.js:87:1902)
    at u.z (vscode-file://vscode-app/opt/visual-studio-code/resources/app/out/vs/workbench/workbench.desktop.main.js:87:1972)
    at u.fire (vscode-file://vscode-app/opt/visual-studio-code/resources/app/out/vs/workbench/workbench.desktop.main.js:87:2188)
    at x.setModel (vscode-file://vscode-app/opt/visual-studio-code/resources/app/out/vs/workbench/workbench.desktop.main.js:744:400)
    at M.setInput (vscode-file://vscode-app/opt/visual-studio-code/resources/app/out/vs/workbench/workbench.desktop.main.js:2148:23901)
    at async b.S (vscode-file://vscode-app/opt/visual-studio-code/resources/app/out/vs/workbench/workbench.desktop.main.js:2146:23046)
    at async b.L (vscode-file://vscode-app/opt/visual-studio-code/resources/app/out/vs/workbench/workbench.desktop.main.js:2146:21637)
    at async b.openEditor (vscode-file://vscode-app/opt/visual-studio-code/resources/app/out/vs/workbench/workbench.desktop.main.js:2146:20603)
    at async vscode-file://vscode-app/opt/visual-studio-code/resources/app/out/vs/workbench/workbench.desktop.main.js:2275:23005
    at async o.value (vscode-file://vscode-app/opt/visual-studio-code/resources/app/out/vs/workbench/workbench.desktop.main.js:2345:46962)
2024-01-15 16:57:31.958 [error] TextModelPart is disposed!: Error: TextModelPart is disposed!
    at f.g (vscode-file://vscode-app/opt/visual-studio-code/resources/app/out/vs/workbench/workbench.desktop.main.js:121:22521)
    at f.getWordAtPosition (vscode-file://vscode-app/opt/visual-studio-code/resources/app/out/vs/workbench/workbench.desktop.main.js:629:119736)
    at q.getWordAtPosition (vscode-file://vscode-app/opt/visual-studio-code/resources/app/out/vs/workbench/workbench.desktop.main.js:736:9052)
    at $.h (vscode-file://vscode-app/opt/visual-studio-code/resources/app/out/vs/workbench/workbench.desktop.main.js:760:68579)
    at new l (vscode-file://vscode-app/opt/visual-studio-code/resources/app/out/vs/workbench/workbench.desktop.main.js:760:68454)
    at new $ (vscode-file://vscode-app/opt/visual-studio-code/resources/app/out/vs/workbench/workbench.desktop.main.js:760:69037)
    at P (vscode-file://vscode-app/opt/visual-studio-code/resources/app/out/vs/workbench/workbench.desktop.main.js:760:69840)
    at T.F (vscode-file://vscode-app/opt/visual-studio-code/resources/app/out/vs/workbench/workbench.desktop.main.js:760:74429)
    at T.E (vscode-file://vscode-app/opt/visual-studio-code/resources/app/out/vs/workbench/workbench.desktop.main.js:760:74226)
    at new T (vscode-file://vscode-app/opt/visual-studio-code/resources/app/out/vs/workbench/workbench.desktop.main.js:760:70825)
    at q (vscode-file://vscode-app/opt/visual-studio-code/resources/app/out/vs/workbench/workbench.desktop.main.js:760:75301)
    at o.value (vscode-file://vscode-app/opt/visual-studio-code/resources/app/out/vs/workbench/workbench.desktop.main.js:760:75446)
    at u.y (vscode-file://vscode-app/opt/visual-studio-code/resources/app/out/vs/workbench/workbench.desktop.main.js:87:1902)
    at u.z (vscode-file://vscode-app/opt/visual-studio-code/resources/app/out/vs/workbench/workbench.desktop.main.js:87:1972)
    at u.fire (vscode-file://vscode-app/opt/visual-studio-code/resources/app/out/vs/workbench/workbench.desktop.main.js:87:2188)
    at x.setModel (vscode-file://vscode-app/opt/visual-studio-code/resources/app/out/vs/workbench/workbench.desktop.main.js:744:400)
    at M.setInput (vscode-file://vscode-app/opt/visual-studio-code/resources/app/out/vs/workbench/workbench.desktop.main.js:2148:23901)
    at async b.S (vscode-file://vscode-app/opt/visual-studio-code/resources/app/out/vs/workbench/workbench.desktop.main.js:2146:23046)
    at async b.L (vscode-file://vscode-app/opt/visual-studio-code/resources/app/out/vs/workbench/workbench.desktop.main.js:2146:21637)
    at async b.openEditor (vscode-file://vscode-app/opt/visual-studio-code/resources/app/out/vs/workbench/workbench.desktop.main.js:2146:20603)
    at async vscode-file://vscode-app/opt/visual-studio-code/resources/app/out/vs/workbench/workbench.desktop.main.js:2275:23005
    at async o.value (vscode-file://vscode-app/opt/visual-studio-code/resources/app/out/vs/workbench/workbench.desktop.main.js:2345:46962)
2024-01-15 16:57:31.964 [error] TextModelPart is disposed!: Error: TextModelPart is disposed!
    at f.g (vscode-file://vscode-app/opt/visual-studio-code/resources/app/out/vs/workbench/workbench.desktop.main.js:121:22521)
    at f.getWordAtPosition (vscode-file://vscode-app/opt/visual-studio-code/resources/app/out/vs/workbench/workbench.desktop.main.js:629:119736)
    at q.getWordAtPosition (vscode-file://vscode-app/opt/visual-studio-code/resources/app/out/vs/workbench/workbench.desktop.main.js:736:9052)
    at $.h (vscode-file://vscode-app/opt/visual-studio-code/resources/app/out/vs/workbench/workbench.desktop.main.js:760:68579)
    at new l (vscode-file://vscode-app/opt/visual-studio-code/resources/app/out/vs/workbench/workbench.desktop.main.js:760:68454)
    at new $ (vscode-file://vscode-app/opt/visual-studio-code/resources/app/out/vs/workbench/workbench.desktop.main.js:760:69037)
    at P (vscode-file://vscode-app/opt/visual-studio-code/resources/app/out/vs/workbench/workbench.desktop.main.js:760:69840)
    at T.F (vscode-file://vscode-app/opt/visual-studio-code/resources/app/out/vs/workbench/workbench.desktop.main.js:760:74429)
    at T.E (vscode-file://vscode-app/opt/visual-studio-code/resources/app/out/vs/workbench/workbench.desktop.main.js:760:74226)
    at o.value (vscode-file://vscode-app/opt/visual-studio-code/resources/app/out/vs/workbench/workbench.desktop.main.js:760:70608)
    at u.y (vscode-file://vscode-app/opt/visual-studio-code/resources/app/out/vs/workbench/workbench.desktop.main.js:87:1902)
    at u.z (vscode-file://vscode-app/opt/visual-studio-code/resources/app/out/vs/workbench/workbench.desktop.main.js:87:1972)
    at u.fire (vscode-file://vscode-app/opt/visual-studio-code/resources/app/out/vs/workbench/workbench.desktop.main.js:87:2036)
    at o.value (vscode-file://vscode-app/opt/visual-studio-code/resources/app/out/vs/workbench/workbench.desktop.main.js:744:15262)
    at u.y (vscode-file://vscode-app/opt/visual-studio-code/resources/app/out/vs/workbench/workbench.desktop.main.js:87:1902)
    at u.fire (vscode-file://vscode-app/opt/visual-studio-code/resources/app/out/vs/workbench/workbench.desktop.main.js:87:2119)
    at I.s (vscode-file://vscode-app/opt/visual-studio-code/resources/app/out/vs/workbench/workbench.desktop.main.js:132:108250)
    at I.emitOutgoingEvent (vscode-file://vscode-app/opt/visual-studio-code/resources/app/out/vs/workbench/workbench.desktop.main.js:132:108004)
    at o.value (vscode-file://vscode-app/opt/visual-studio-code/resources/app/out/vs/workbench/workbench.desktop.main.js:741:22176)
    at u.y (vscode-file://vscode-app/opt/visual-studio-code/resources/app/out/vs/workbench/workbench.desktop.main.js:87:1902)
    at u.z (vscode-file://vscode-app/opt/visual-studio-code/resources/app/out/vs/workbench/workbench.desktop.main.js:87:1972)
    at u.fire (vscode-file://vscode-app/opt/visual-studio-code/resources/app/out/vs/workbench/workbench.desktop.main.js:87:2188)
    at E.n (vscode-file://vscode-app/opt/visual-studio-code/resources/app/out/vs/workbench/workbench.desktop.main.js:87:17241)
    at E.setScrollDimensions (vscode-file://vscode-app/opt/visual-studio-code/resources/app/out/vs/workbench/workbench.desktop.main.js:87:15983)
    at k.setScrollDimensions (vscode-file://vscode-app/opt/visual-studio-code/resources/app/out/vs/workbench/workbench.desktop.main.js:132:113878)
    at v.n (vscode-file://vscode-app/opt/visual-studio-code/resources/app/out/vs/workbench/workbench.desktop.main.js:132:115929)
    at v.onHeightMaybeChanged (vscode-file://vscode-app/opt/visual-studio-code/resources/app/out/vs/workbench/workbench.desktop.main.js:132:114949)
    at v.changeWhitespace (vscode-file://vscode-app/opt/visual-studio-code/resources/app/out/vs/workbench/workbench.desktop.main.js:132:117204)
    at m.changeWhitespace (vscode-file://vscode-app/opt/visual-studio-code/resources/app/out/vs/workbench/workbench.desktop.main.js:742:3855)
    at w.changeViewZones (vscode-file://vscode-app/opt/visual-studio-code/resources/app/out/vs/workbench/workbench.desktop.main.js:132:74226)
    at U.change (vscode-file://vscode-app/opt/visual-studio-code/resources/app/out/vs/workbench/workbench.desktop.main.js:723:23918)
    at x.changeViewZones (vscode-file://vscode-app/opt/visual-studio-code/resources/app/out/vs/workbench/workbench.desktop.main.js:744:13687)
    at vscode-file://vscode-app/opt/visual-studio-code/resources/app/out/vs/workbench/workbench.desktop.main.js:764:54116
    at q.zb (vscode-file://vscode-app/opt/visual-studio-code/resources/app/out/vs/workbench/workbench.desktop.main.js:736:3415)
    at q.changeDecorations (vscode-file://vscode-app/opt/visual-studio-code/resources/app/out/vs/workbench/workbench.desktop.main.js:736:3051)
    at x.changeDecorations (vscode-file://vscode-app/opt/visual-studio-code/resources/app/out/vs/workbench/workbench.desktop.main.js:744:9366)
    at d.x (vscode-file://vscode-app/opt/visual-studio-code/resources/app/out/vs/workbench/workbench.desktop.main.js:764:54087)
    at d.v (vscode-file://vscode-app/opt/visual-studio-code/resources/app/out/vs/workbench/workbench.desktop.main.js:764:51921)
    at o.value (vscode-file://vscode-app/opt/visual-studio-code/resources/app/out/vs/workbench/workbench.desktop.main.js:764:50582)
    at u.y (vscode-file://vscode-app/opt/visual-studio-code/resources/app/out/vs/workbench/workbench.desktop.main.js:87:1902)
    at u.z (vscode-file://vscode-app/opt/visual-studio-code/resources/app/out/vs/workbench/workbench.desktop.main.js:87:1972)
    at u.fire (vscode-file://vscode-app/opt/visual-studio-code/resources/app/out/vs/workbench/workbench.desktop.main.js:87:2188)
    at x.setModel (vscode-file://vscode-app/opt/visual-studio-code/resources/app/out/vs/workbench/workbench.desktop.main.js:744:400)
    at M.setInput (vscode-file://vscode-app/opt/visual-studio-code/resources/app/out/vs/workbench/workbench.desktop.main.js:2148:23901)
    at async b.S (vscode-file://vscode-app/opt/visual-studio-code/resources/app/out/vs/workbench/workbench.desktop.main.js:2146:23046)
    at async b.L (vscode-file://vscode-app/opt/visual-studio-code/resources/app/out/vs/workbench/workbench.desktop.main.js:2146:21637)
    at async b.openEditor (vscode-file://vscode-app/opt/visual-studio-code/resources/app/out/vs/workbench/workbench.desktop.main.js:2146:20603)
    at async vscode-file://vscode-app/opt/visual-studio-code/resources/app/out/vs/workbench/workbench.desktop.main.js:2275:23005
    at async o.value (vscode-file://vscode-app/opt/visual-studio-code/resources/app/out/vs/workbench/workbench.desktop.main.js:2345:46962)
2024-01-15 17:29:09.160 [error] spawn pyenv EACCES: Error: spawn pyenv EACCES
    at Process.ChildProcess._handle.onexit (node:internal/child_process:283:19)
    at onErrorNT (node:internal/child_process:476:16)
    at processTicksAndRejections (node:internal/process/task_queues:82:21)
2024-01-15 17:29:09.160 [error] [Extension Host] Error: spawn pyenv EACCES
    at Process.ChildProcess._handle.onexit (node:internal/child_process:283:19)
    at onErrorNT (node:internal/child_process:476:16)
    at processTicksAndRejections (node:internal/process/task_queues:82:21)
2024-01-15 17:29:09.649 [error] [Extension Host] Error: spawn pyenv EACCES
    at Process.ChildProcess._handle.onexit (node:internal/child_process:283:19)
    at onErrorNT (node:internal/child_process:476:16)
    at processTicksAndRejections (node:internal/process/task_queues:82:21)
