2024-01-15 15:58:45.697 [info] Added views:workbench.panel.markers.view in workbench.panel.markers
2024-01-15 15:58:45.697 [info] Added views:workbench.panel.output in workbench.panel.output
2024-01-15 15:58:45.697 [info] Added views:terminal in terminal
2024-01-15 15:58:45.697 [info] Added views:workbench.scm in workbench.views.service.sidebar.a3ebbb23-8516-462c-af80-0c7215bb60bd
2024-01-15 15:58:45.697 [info] Added views:workbench.view.search in workbench.views.service.sidebar.dcd86c92-3ce7-4d7b-852c-d8e188e29711
2024-01-15 15:58:45.697 [info] Added views:timeline in workbench.views.service.sidebar.2b19d8ed-b4ea-4580-acd9-aff94e504f32
2024-01-15 15:58:45.697 [info] Added views:workbench.explorer.fileView,workbench.explorer.openEditorsView in workbench.views.service.sidebar.2b19d8ed-b4ea-4580-acd9-aff94e504f32
2024-01-15 15:58:47.508 [info] Added views:workbench.debug.welcome in workbench.view.debug
2024-01-15 15:58:56.836 [info] Added views:projectsExplorerFavorites,projectManagerHelpAndFeedback in workbench.view.extension.project-manager
2024-01-15 15:58:56.839 [info] Added views:workspaceEnvironments,pythonEnvironments in workbench.view.extension.package-explorer
2024-01-15 15:58:56.848 [info] Added views:gitlens.views.home,gitlens.views.drafts,gitlens.views.workspaces,gitlens.views.account in workbench.view.extension.gitlens
2024-01-15 15:58:56.849 [info] Added views:gitlens.views.commitDetails,gitlens.views.lineHistory,gitlens.views.fileHistory,gitlens.views.searchAndCompare in workbench.view.extension.gitlensInspect
2024-01-15 15:58:56.851 [info] Added views:gitlens.views.remotes,gitlens.views.repositories,gitlens.views.commits,gitlens.views.tags,gitlens.views.branches in workbench.views.service.panel.e3d488fd-d16d-4888-a45a-1020fb16470b
2024-01-15 15:58:56.878 [info] Added views:gitlens.views.stashes in workbench.views.service.sidebar.2b19d8ed-b4ea-4580-acd9-aff94e504f32
2024-01-15 15:58:56.878 [info] Added views:gitlens.views.contributors in workbench.panel.markers
2024-01-15 15:58:56.880 [info] Added views:pr:github,issues:github in workbench.view.extension.github-pull-requests
2024-01-15 15:58:56.882 [info] Added views:mongoDBConnectionExplorer,mongoDBPlaygroundsExplorer,mongoDBHelpExplorer in workbench.view.extension.mongoDB
2024-01-15 15:58:56.882 [info] Added views:sqltoolsViewConnectionExplorer,sqltoolsViewBookmarksExplorer,sqltoolsViewHistoryExplorer in workbench.view.extension.sqltoolsActivityBarContainer
2024-01-15 15:58:56.884 [info] Added views:sqltoolsViewConsoleMessages in workbench.view.extension.sqltoolsPanelContainer
2024-01-15 15:58:56.884 [info] Added views:postman-for-vscode.sidebar-panel in workbench.view.extension.sidebar-panel
2024-01-15 15:58:56.884 [info] Added views:postman-console-view in workbench.view.extension.postman-console-view-container
2024-01-15 15:58:57.074 [info] Added views:~remote.forwardedPorts in ~remote.forwardedPortsContainer
2024-01-15 15:58:57.731 [info] Added views:workbench.panel.repl.view in workbench.panel.repl
2024-01-15 15:59:17.636 [info] Added views:projectsExplorerGit in workbench.view.extension.project-manager
2024-01-15 15:59:17.663 [info] Added views:angular-schematics in workbench.view.extension.angular
2024-01-15 15:59:17.988 [info] Added views:workbench.panel.comments in workbench.panel.comments
2024-01-15 15:59:19.126 [info] Added views:gitlens.views.graph,gitlens.views.graphDetails in workbench.view.extension.gitlensPanel
2024-01-15 15:59:19.126 [info] Added views:gitlens.views.timeline in workbench.view.extension.gitlensInspect
2024-01-15 15:59:19.128 [info] Added views:gitlens.views.worktrees in workbench.views.service.panel.e3d488fd-d16d-4888-a45a-1020fb16470b
2024-01-15 15:59:19.201 [info] Added views:workbench.view.testing in workbench.view.extension.test
2024-01-15 15:59:23.513 [info] Added views:workbench.scm.repositories in workbench.views.service.panel.e3d488fd-d16d-4888-a45a-1020fb16470b
2024-01-15 15:59:40.544 [info] Added views:tabnine.loading in workbench.view.extension.tabnine
2024-01-15 15:59:42.400 [info] Removed views:tabnine.loading from workbench.view.extension.tabnine
2024-01-15 15:59:42.402 [info] Added views:tabnine.chat.authenticate in workbench.view.extension.tabnine
2024-01-15 15:59:50.587 [info] Removed views:tabnine.chat.authenticate from workbench.view.extension.tabnine
2024-01-15 15:59:50.592 [info] Added views:tabnine.chat.preview_ended in workbench.view.extension.tabnine
2024-01-15 15:59:57.907 [info] Added views:github:activePullRequest:welcome in workbench.view.extension.github-pull-request
2024-01-15 16:00:42.180 [info] Added views:workbench.views.extensions.installed,workbench.views.extensions.popular,extensions.recommendedList in workbench.view.extensions
2024-01-15 16:00:42.188 [info] Removed views:workbench.views.extensions.popular from workbench.view.extensions
2024-01-15 16:01:26.080 [info] Removed views:github:activePullRequest:welcome from workbench.view.extension.github-pull-request
2024-01-15 16:02:06.311 [info] Removed views:workbench.scm.repositories from workbench.views.service.panel.e3d488fd-d16d-4888-a45a-1020fb16470b
2024-01-15 16:02:06.320 [info] Removed views:workbench.view.testing from workbench.view.extension.test
2024-01-15 16:02:07.316 [info] Added views:workbench.panel.markers.view in workbench.panel.markers
2024-01-15 16:02:07.316 [info] Added views:workbench.panel.output in workbench.panel.output
2024-01-15 16:02:07.316 [info] Added views:terminal in terminal
2024-01-15 16:02:07.316 [info] Added views:workbench.scm in workbench.views.service.sidebar.a3ebbb23-8516-462c-af80-0c7215bb60bd
2024-01-15 16:02:07.316 [info] Added views:workbench.view.search in workbench.views.service.sidebar.dcd86c92-3ce7-4d7b-852c-d8e188e29711
2024-01-15 16:02:07.316 [info] Added views:timeline in workbench.views.service.sidebar.2b19d8ed-b4ea-4580-acd9-aff94e504f32
2024-01-15 16:02:07.316 [info] Added views:workbench.explorer.fileView,workbench.explorer.openEditorsView in workbench.views.service.sidebar.2b19d8ed-b4ea-4580-acd9-aff94e504f32
2024-01-15 16:02:09.025 [info] Added views:projectsExplorerFavorites,projectManagerHelpAndFeedback in workbench.view.extension.project-manager
2024-01-15 16:02:09.026 [info] Added views:workspaceEnvironments,pythonEnvironments in workbench.view.extension.package-explorer
2024-01-15 16:02:09.026 [info] Added views:gitlens.views.home,gitlens.views.drafts,gitlens.views.workspaces,gitlens.views.account in workbench.view.extension.gitlens
2024-01-15 16:02:09.029 [info] Added views:gitlens.views.commitDetails,gitlens.views.lineHistory,gitlens.views.fileHistory,gitlens.views.searchAndCompare in workbench.view.extension.gitlensInspect
2024-01-15 16:02:09.029 [info] Added views:gitlens.views.remotes,gitlens.views.repositories,gitlens.views.commits,gitlens.views.tags,gitlens.views.branches in workbench.views.service.panel.e3d488fd-d16d-4888-a45a-1020fb16470b
2024-01-15 16:02:09.042 [info] Added views:gitlens.views.stashes in workbench.views.service.sidebar.2b19d8ed-b4ea-4580-acd9-aff94e504f32
2024-01-15 16:02:09.042 [info] Added views:gitlens.views.contributors in workbench.panel.markers
2024-01-15 16:02:09.043 [info] Added views:pr:github,issues:github in workbench.view.extension.github-pull-requests
2024-01-15 16:02:09.043 [info] Added views:mongoDBConnectionExplorer,mongoDBPlaygroundsExplorer,mongoDBHelpExplorer in workbench.view.extension.mongoDB
2024-01-15 16:02:09.043 [info] Added views:sqltoolsViewConnectionExplorer,sqltoolsViewBookmarksExplorer,sqltoolsViewHistoryExplorer in workbench.view.extension.sqltoolsActivityBarContainer
2024-01-15 16:02:09.043 [info] Added views:sqltoolsViewConsoleMessages in workbench.view.extension.sqltoolsPanelContainer
2024-01-15 16:02:09.043 [info] Added views:postman-for-vscode.sidebar-panel in workbench.view.extension.sidebar-panel
2024-01-15 16:02:09.043 [info] Added views:postman-console-view in workbench.view.extension.postman-console-view-container
2024-01-15 16:02:09.235 [info] Added views:workbench.debug.welcome in workbench.view.debug
2024-01-15 16:02:09.604 [info] Added views:workbench.panel.repl.view in workbench.panel.repl
2024-01-15 16:02:10.123 [info] Added views:~remote.forwardedPorts in ~remote.forwardedPortsContainer
2024-01-15 16:02:10.461 [info] Added views:workbench.views.extensions.installed,extensions.recommendedList in workbench.view.extensions
2024-01-15 16:02:16.185 [info] Added views:projectsExplorerGit in workbench.view.extension.project-manager
2024-01-15 16:02:16.197 [info] Added views:angular-schematics in workbench.view.extension.angular
2024-01-15 16:02:16.438 [info] Added views:workbench.panel.comments in workbench.panel.comments
2024-01-15 16:02:17.080 [info] Added views:workbench.scm.repositories in workbench.views.service.panel.e3d488fd-d16d-4888-a45a-1020fb16470b
2024-01-15 16:02:17.270 [info] Added views:gitlens.views.graph,gitlens.views.graphDetails in workbench.view.extension.gitlensPanel
2024-01-15 16:02:17.271 [info] Added views:gitlens.views.timeline in workbench.view.extension.gitlensInspect
2024-01-15 16:02:17.277 [info] Added views:gitlens.views.worktrees in workbench.views.service.panel.e3d488fd-d16d-4888-a45a-1020fb16470b
2024-01-15 16:02:19.107 [info] Added views:github:activePullRequest:welcome in workbench.view.extension.github-pull-request
2024-01-15 16:02:19.393 [info] Removed views:github:activePullRequest:welcome from workbench.view.extension.github-pull-request
2024-01-15 16:02:20.685 [info] Added views:tabnine.loading in workbench.view.extension.tabnine
2024-01-15 16:02:20.698 [info] Removed views:tabnine.loading from workbench.view.extension.tabnine
2024-01-15 16:02:20.700 [info] Added views:tabnine.chat.preview_ended in workbench.view.extension.tabnine
2024-01-15 16:02:51.686 [info] Removed views:tabnine.chat.preview_ended from workbench.view.extension.tabnine
2024-01-15 16:02:51.687 [info] Added views:tabnine.chat.welcome in workbench.view.extension.tabnine
2024-01-15 16:02:59.255 [info] Added views:workbench.view.testing in workbench.view.extension.test
2024-01-15 16:04:45.040 [info] Removed views:tabnine.chat.welcome from workbench.view.extension.tabnine
2024-01-15 16:04:45.040 [info] Added views:tabnine.chat.preview_ended in workbench.view.extension.tabnine
2024-01-15 17:30:35.202 [info] Removed views:workbench.scm.repositories from workbench.views.service.panel.e3d488fd-d16d-4888-a45a-1020fb16470b
2024-01-15 17:30:35.217 [info] Removed views:workbench.view.testing from workbench.view.extension.test
