2024-01-17 14:18:22.478 [info] Reading sessions from keychain...
2024-01-17 14:18:22.478 [info] Getting sessions for all scopes...
2024-01-17 14:18:22.478 [info] Got stored sessions!
2024-01-17 14:18:22.478 [info] Got 2 verified sessions.
2024-01-17 14:18:22.478 [info] Got 2 sessions for ...
2024-01-17 14:18:22.478 [info] Getting sessions for all scopes...
2024-01-17 14:18:22.478 [info] Got 2 sessions for ...
2024-01-17 14:18:22.478 [info] Getting sessions for user:email...
2024-01-17 14:18:22.478 [info] Got 1 sessions for user:email...
2024-01-17 14:18:22.478 [info] Getting sessions for all scopes...
2024-01-17 14:18:22.478 [info] Got 2 sessions for ...
2024-01-17 14:18:22.478 [info] Getting sessions for all scopes...
2024-01-17 14:18:22.478 [info] Got 2 sessions for ...
2024-01-17 14:18:22.478 [info] Getting sessions for user:email...
2024-01-17 14:18:22.478 [info] Got 1 sessions for user:email...
2024-01-17 14:18:22.478 [info] Getting sessions for all scopes...
2024-01-17 14:18:22.478 [info] Got 2 sessions for ...
2024-01-17 14:18:22.527 [info] Getting sessions for project,read:org,read:user,repo,user:email,workflow...
2024-01-17 14:18:22.527 [info] Got 0 sessions for project,read:org,read:user,repo,user:email,workflow...
2024-01-17 14:18:22.586 [info] Getting sessions for read:user,repo,user:email,workflow...
2024-01-17 14:18:22.586 [info] Got 1 sessions for read:user,repo,user:email,workflow...
2024-01-17 14:18:35.894 [info] Getting sessions for all scopes...
2024-01-17 14:18:35.894 [info] Got 2 sessions for ...
