2024-01-15 15:59:23.228 [info] Reading sessions from keychain...
2024-01-15 15:59:23.228 [info] Getting sessions for all scopes...
2024-01-15 15:59:23.228 [info] Got stored sessions!
2024-01-15 15:59:23.228 [info] Got 2 verified sessions.
2024-01-15 15:59:23.228 [info] Got 2 sessions for ...
2024-01-15 15:59:23.228 [info] Getting sessions for user:email...
2024-01-15 15:59:23.228 [info] Got 1 sessions for user:email...
2024-01-15 15:59:23.228 [info] Getting sessions for all scopes...
2024-01-15 15:59:23.228 [info] Got 2 sessions for ...
2024-01-15 15:59:23.228 [info] Getting sessions for all scopes...
2024-01-15 15:59:23.228 [info] Got 2 sessions for ...
2024-01-15 15:59:23.228 [info] Getting sessions for all scopes...
2024-01-15 15:59:23.228 [info] Got 2 sessions for ...
2024-01-15 15:59:23.228 [info] Getting sessions for user:email...
2024-01-15 15:59:23.228 [info] Got 1 sessions for user:email...
2024-01-15 15:59:23.228 [info] Getting sessions for project,read:org,read:user,repo,user:email,workflow...
2024-01-15 15:59:23.228 [info] Got 0 sessions for project,read:org,read:user,repo,user:email,workflow...
2024-01-15 15:59:23.452 [info] Getting sessions for read:user,repo,user:email,workflow...
2024-01-15 15:59:23.452 [info] Got 1 sessions for read:user,repo,user:email,workflow...
2024-01-15 15:59:24.930 [info] Getting sessions for read:user,repo,user:email,workflow...
2024-01-15 15:59:24.930 [info] Got 1 sessions for read:user,repo,user:email,workflow...
2024-01-15 15:59:26.252 [info] Getting sessions for read:user,repo,user:email...
2024-01-15 15:59:26.253 [info] Got 0 sessions for read:user,repo,user:email...
2024-01-15 16:00:31.102 [info] Getting sessions for read:user,repo,user:email,workflow...
2024-01-15 16:00:31.102 [info] Got 1 sessions for read:user,repo,user:email,workflow...
2024-01-15 16:02:14.231 [info] Reading sessions from keychain...
2024-01-15 16:02:14.231 [info] Getting sessions for all scopes...
2024-01-15 16:02:14.231 [info] Getting sessions for user:email...
2024-01-15 16:02:14.231 [info] Got stored sessions!
2024-01-15 16:02:14.231 [info] Got 2 verified sessions.
2024-01-15 16:02:14.231 [info] Got 2 sessions for ...
2024-01-15 16:02:14.231 [info] Got 1 sessions for user:email...
2024-01-15 16:02:14.231 [info] Getting sessions for all scopes...
2024-01-15 16:02:14.231 [info] Got 2 sessions for ...
2024-01-15 16:02:14.231 [info] Getting sessions for user:email...
2024-01-15 16:02:14.231 [info] Got 1 sessions for user:email...
2024-01-15 16:02:17.255 [info] Getting sessions for all scopes...
2024-01-15 16:02:17.256 [info] Got 2 sessions for ...
2024-01-15 16:02:17.481 [info] Getting sessions for project,read:org,read:user,repo,user:email,workflow...
2024-01-15 16:02:17.481 [info] Got 0 sessions for project,read:org,read:user,repo,user:email,workflow...
2024-01-15 16:02:17.650 [info] Getting sessions for read:user,repo,user:email,workflow...
2024-01-15 16:02:17.650 [info] Got 1 sessions for read:user,repo,user:email,workflow...
2024-01-15 16:02:17.883 [info] Getting sessions for read:user,repo,user:email,workflow...
2024-01-15 16:02:17.883 [info] Got 1 sessions for read:user,repo,user:email,workflow...
2024-01-15 16:02:18.772 [info] Getting sessions for read:user,repo,user:email,workflow...
2024-01-15 16:02:18.772 [info] Got 1 sessions for read:user,repo,user:email,workflow...
2024-01-15 16:02:20.700 [info] Getting sessions for all scopes...
2024-01-15 16:02:20.700 [info] Got 2 sessions for ...
2024-01-15 16:02:59.721 [info] Getting sessions for read:user,repo,user:email...
2024-01-15 16:02:59.721 [info] Got 0 sessions for read:user,repo,user:email...
