[1705586151919] INFO  (ext): SQLTools is starting
[1705586151921] INFO  (ext): initializing language client...
[1705586151922] INFO  (ext): Registering client for languages [{"scheme":"sqltools"},{"language":"sql","scheme":"untitled"},{"language":"sql","scheme":"file"},{"language":"sql","scheme":"sqltools"}]
    ns: "lc"
[1705586151924] INFO  (ext): loading plugins...
[1705586151924] INFO  (ext): registering Formatter Plugin.
    plugin: {
      "name": "Formatter Plugin"
    }
[1705586151925] INFO  (ext): registering Connection Manager Plugin.
    plugin: {
      "name": "Connection Manager Plugin"
    }
[1705586151925] INFO  (ext): registering CodeLens Plugin.
    plugin: {
      "name": "CodeLens Plugin",
      "registeredLanguages": []
    }
[1705586151927] INFO  (ext): registering Dependency Manager Plugin.
    plugin: {
      "name": "Dependency Manager Plugin",
      "installingDrivers": []
    }
[1705586151931] INFO  (ext): Connection explorer changed. Will be updated.
    ns: "conn-man:explorer"
[1705586151932] INFO  (ext): registering History Manager Plugin.
    plugin: {
      "name": "History Manager Plugin"
    }
[1705586151933] INFO  (ext): registering Bookmarks Manager Plugin.
    plugin: {
      "name": "Bookmarks Manager Plugin"
    }
[1705586151979] INFO  (ext): registering Authentication Provider Plugin.
    plugin: {
      "name": "Authentication Provider Plugin",
      "isRegistered": false
    }
[1705586151980] INFO  (ext): registering Object Drop-in Provider (plugin).
    plugin: {
      "type": "plugin",
      "name": "Object Drop-in Provider",
      "isRegistered": false
    }
[1705586151981] INFO  (ext): SQLTools activation completed. 61.719428 ms
[1705586151981] INFO  (ext): Formatter Plugin registered!
[1705586151981] INFO  (ext): CodeLens Plugin registered!
[1705586151981] INFO  (ext): Dependency Manager Plugin registered!
[1705586151982] INFO  (ext): Connection Manager Plugin registered!
[1705586151982] INFO  (ext): History Manager Plugin registered!
[1705586151982] INFO  (ext): Bookmarks Manager Plugin registered!
[1705586151982] INFO  (ext): Authentication Provider Plugin registered!
[1705586151982] INFO  (ext): Object Drop-in Provider (plugin) registered!
[1705586155484] INFO  (ext): EXECUTING COMMAND => sqltools.refreshTree
[1705586155485] INFO  (ext): Connection explorer changed. Will be updated.
    ns: "conn-man:explorer"
[1705586155495] INFO  (ext): Connection explorer changed. Will be updated.
    ns: "conn-man:explorer"
[1705586158033] INFO  (ext): Connection explorer changed. Will be updated.
    ns: "conn-man:explorer"
[1705586155857] INFO  (ls): SQLTools Server started!
===============================
Using node runtime?: no
ExecPath: /opt/visual-studio-code/code 
===============================
[1705586158089] INFO  (ext): LanguageClient ready
    ns: "lc"
[1705586158094] INFO  (ext): Connection explorer changed. Will be updated.
    ns: "conn-man:explorer"
[1705586158565] INFO  (ext): Connection explorer changed. Will be updated.
    ns: "conn-man:explorer"
[1705586158090] INFO  (ls): Initialized with node version:v18.15.0
[1705586165808] INFO  (ext): Connection explorer changed. Will be updated.
    ns: "conn-man:explorer"
[1705586165864] INFO  (ext): Connection explorer changed. Will be updated.
    ns: "conn-man:explorer"
[1705586166820] INFO  (ext): Connection explorer changed. Will be updated.
    ns: "conn-man:explorer"
[1705586168581] INFO  (ext): Connection explorer changed. Will be updated.
    ns: "conn-man:explorer"
