[1705519089559] INFO  (ext): SQLTools is starting
[1705519089638] INFO  (ext): initializing language client...
[1705519089640] INFO  (ext): Registering client for languages [{"scheme":"sqltools"},{"language":"sql","scheme":"untitled"},{"language":"sql","scheme":"file"},{"language":"sql","scheme":"sqltools"}]
    ns: "lc"
[1705519089644] INFO  (ext): loading plugins...
[1705519089645] INFO  (ext): registering Formatter Plugin.
    plugin: {
      "name": "Formatter Plugin"
    }
[1705519089647] INFO  (ext): registering Connection Manager Plugin.
    plugin: {
      "name": "Connection Manager Plugin"
    }
[1705519089647] INFO  (ext): registering CodeLens Plugin.
    plugin: {
      "name": "CodeLens Plugin",
      "registeredLanguages": []
    }
[1705519089649] INFO  (ext): registering Dependency Manager Plugin.
    plugin: {
      "name": "Dependency Manager Plugin",
      "installingDrivers": []
    }
[1705519089655] INFO  (ext): Connection explorer changed. Will be updated.
    ns: "conn-man:explorer"
[1705519089655] INFO  (ext): registering History Manager Plugin.
    plugin: {
      "name": "History Manager Plugin"
    }
[1705519089656] INFO  (ext): registering Bookmarks Manager Plugin.
    plugin: {
      "name": "Bookmarks Manager Plugin"
    }
[1705519089706] INFO  (ext): registering Authentication Provider Plugin.
    plugin: {
      "name": "Authentication Provider Plugin",
      "isRegistered": false
    }
[1705519089707] INFO  (ext): registering Object Drop-in Provider (plugin).
    plugin: {
      "type": "plugin",
      "name": "Object Drop-in Provider",
      "isRegistered": false
    }
[1705519089718] INFO  (ext): SQLTools activation completed. 149.283091 ms
[1705519089718] INFO  (ext): Formatter Plugin registered!
[1705519089718] INFO  (ext): CodeLens Plugin registered!
[1705519089718] INFO  (ext): Dependency Manager Plugin registered!
[1705519089719] INFO  (ext): Connection Manager Plugin registered!
[1705519089719] INFO  (ext): History Manager Plugin registered!
[1705519089719] INFO  (ext): Bookmarks Manager Plugin registered!
[1705519089719] INFO  (ext): Authentication Provider Plugin registered!
[1705519089719] INFO  (ext): Object Drop-in Provider (plugin) registered!
[1705519093430] INFO  (ext): EXECUTING COMMAND => sqltools.refreshTree
[1705519093431] INFO  (ext): Connection explorer changed. Will be updated.
    ns: "conn-man:explorer"
[1705519093433] INFO  (ext): Connection explorer changed. Will be updated.
    ns: "conn-man:explorer"
[1705519091725] INFO  (ls): SQLTools Server started!
===============================
Using node runtime?: no
ExecPath: /opt/visual-studio-code/code 
===============================
[1705519093460] INFO  (ext): LanguageClient ready
    ns: "lc"
[1705519093465] INFO  (ext): Connection explorer changed. Will be updated.
    ns: "conn-man:explorer"
[1705519093711] INFO  (ext): Connection explorer changed. Will be updated.
    ns: "conn-man:explorer"
[1705519093460] INFO  (ls): Initialized with node version:v18.15.0
[1705519097634] INFO  (ext): Connection explorer changed. Will be updated.
    ns: "conn-man:explorer"
[1705519097637] INFO  (ext): Connection explorer changed. Will be updated.
    ns: "conn-man:explorer"
[1705519097639] INFO  (ext): Connection explorer changed. Will be updated.
    ns: "conn-man:explorer"
[1705519100168] INFO  (ext): Connection explorer changed. Will be updated.
    ns: "conn-man:explorer"
[1705519164301] INFO  (ext): Connection explorer changed. Will be updated.
    ns: "conn-man:explorer"
[1705519178057] INFO  (ext): Connection explorer changed. Will be updated.
    ns: "conn-man:explorer"
[1705519191420] INFO  (ext): Connection explorer changed. Will be updated.
    ns: "conn-man:explorer"
