2024-01-16 10:43:34.399 [info] Nivel de registro: Info
2024-01-16 10:43:34.399 [info] La validación encontró GIT en: “git“
2024-01-16 10:43:34.399 [info] Usando GIT “2.43.0” desde “git”
2024-01-16 10:43:34.399 [info] > git rev-parse --show-toplevel [7009ms]
2024-01-16 10:43:34.399 [info] > git rev-parse --git-dir --git-common-dir [286ms]
2024-01-16 10:43:34.399 [info] Open repository: /home/devdragon/workspace/python/FastApliLearn
2024-01-16 10:43:34.577 [info] > git rev-parse --show-toplevel [76ms]
2024-01-16 10:43:34.580 [info] > git config --get commit.template [108ms]
2024-01-16 10:43:34.674 [info] > git rev-parse --show-toplevel [53ms]
2024-01-16 10:43:34.707 [info] > git for-each-ref --format=%(refname)%00%(upstream:short)%00%(objectname)%00%(upstream:track)%00%(upstream:remotename)%00%(upstream:remoteref) refs/heads/main refs/remotes/main [36ms]
2024-01-16 10:43:35.501 [info] > git rev-parse --show-toplevel [795ms]
2024-01-16 10:43:35.667 [info] > git check-ignore -v -z --stdin [114ms]
2024-01-16 10:43:35.670 [info] > git rev-parse --show-toplevel [33ms]
2024-01-16 10:43:35.731 [info] > git status -z -uall [32ms]
2024-01-16 10:43:35.732 [info] > git rev-parse --show-toplevel [8ms]
2024-01-16 10:43:35.868 [info] > git config --get commit.template [45ms]
2024-01-16 10:43:35.876 [info] > git rev-parse --show-toplevel [73ms]
2024-01-16 10:43:36.051 [info] > git rev-parse --show-toplevel [40ms]
2024-01-16 10:43:36.100 [info] > git for-each-ref --format=%(refname)%00%(upstream:short)%00%(objectname)%00%(upstream:track)%00%(upstream:remotename)%00%(upstream:remoteref) refs/heads/main refs/remotes/main [61ms]
2024-01-16 10:43:36.114 [info] > git rev-parse --show-toplevel [17ms]
2024-01-16 10:43:36.192 [info] > git rev-parse --show-toplevel [57ms]
2024-01-16 10:43:36.418 [info] > git status -z -uall [36ms]
2024-01-16 10:43:36.476 [info] > git ls-files --stage -- /home/devdragon/workspace/python/FastApliLearn/conect_data_base/client.py [181ms]
2024-01-16 10:43:36.655 [info] > git show --textconv :conect_data_base/client.py [389ms]
2024-01-16 10:43:36.656 [info] > git cat-file -s bd906053507b41ed77cdc13fe0eac944bcdfc3e2 [153ms]
2024-01-16 10:43:37.587 [info] > git config --local branch.main.github-pr-owner-number [71ms]
2024-01-16 10:43:38.220 [info] > git fetch [3835ms]
2024-01-16 10:43:38.369 [info] > git config --get commit.template [61ms]
2024-01-16 10:43:38.392 [info] > git for-each-ref --format=%(refname)%00%(upstream:short)%00%(objectname)%00%(upstream:track)%00%(upstream:remotename)%00%(upstream:remoteref) refs/heads/main refs/remotes/main [2ms]
2024-01-16 10:43:38.418 [info] > git status -z -uall [3ms]
2024-01-16 10:43:39.435 [info] > git ls-files --stage -- /home/devdragon/workspace/python/FastApliLearn/conect_data_base/client.py [0ms]
2024-01-16 10:43:39.457 [info] > git cat-file -s bd906053507b41ed77cdc13fe0eac944bcdfc3e2 [1ms]
2024-01-16 10:43:39.481 [info] > git show --textconv :conect_data_base/client.py [2ms]
2024-01-16 10:43:43.772 [info] > git merge-base refs/heads/main refs/remotes/origin/main [3ms]
2024-01-16 10:43:43.794 [info] > git rev-list --count --left-right refs/heads/main...refs/remotes/origin/main [1ms]
2024-01-16 10:43:45.913 [info] > git show --textconv HEAD:conect_data_base/client.py [27ms]
2024-01-16 10:43:45.915 [info] > git ls-tree -l HEAD -- /home/devdragon/workspace/python/FastApliLearn/conect_data_base/client.py [3ms]
2024-01-16 10:43:48.523 [info] > git show --textconv :conect_data_base/client.py [41ms]
2024-01-16 10:43:48.524 [info] > git ls-files --stage -- /home/devdragon/workspace/python/FastApliLearn/conect_data_base/client.py [9ms]
2024-01-16 10:43:48.604 [info] > git cat-file -s bd906053507b41ed77cdc13fe0eac944bcdfc3e2 [48ms]
2024-01-16 10:43:50.773 [info] > git check-ignore -v -z --stdin [2ms]
2024-01-16 10:44:18.223 [info] > git config --get commit.template [1ms]
2024-01-16 10:44:18.240 [info] > git for-each-ref --format=%(refname)%00%(upstream:short)%00%(objectname)%00%(upstream:track)%00%(upstream:remotename)%00%(upstream:remoteref) refs/heads/main refs/remotes/main [1ms]
2024-01-16 10:44:18.259 [info] > git status -z -uall [2ms]
2024-01-16 10:48:35.792 [info] > git config --local branch.main.github-pr-owner-number [1ms]
2024-01-16 10:53:35.816 [info] > git config --local branch.main.github-pr-owner-number [2ms]
2024-01-16 10:56:16.368 [info] > git ls-files --stage -- /home/devdragon/workspace/python/FastApliLearn/conect_data_base/client.py [2ms]
2024-01-16 10:56:16.394 [info] > git cat-file -s bd906053507b41ed77cdc13fe0eac944bcdfc3e2 [2ms]
2024-01-16 10:56:16.419 [info] > git show --textconv :conect_data_base/client.py [1ms]
2024-01-16 10:56:16.606 [info] > git fetch [1448ms]
2024-01-16 10:56:16.649 [info] > git config --get commit.template [21ms]
2024-01-16 10:56:16.649 [info] > git for-each-ref --format=%(refname)%00%(upstream:short)%00%(objectname)%00%(upstream:track)%00%(upstream:remotename)%00%(upstream:remoteref) refs/heads/main refs/remotes/main [2ms]
2024-01-16 10:56:16.678 [info] > git status -z -uall [3ms]
2024-01-16 10:56:17.804 [info] > git ls-files --stage -- /home/devdragon/workspace/python/FastApliLearn/conect_data_base/client.py [2ms]
2024-01-16 10:56:17.828 [info] > git cat-file -s bd906053507b41ed77cdc13fe0eac944bcdfc3e2 [2ms]
2024-01-16 10:56:17.856 [info] > git show --textconv :conect_data_base/client.py [3ms]
2024-01-16 10:56:18.832 [info] > git config --get commit.template [26ms]
2024-01-16 10:56:18.833 [info] > git for-each-ref --format=%(refname)%00%(upstream:short)%00%(objectname)%00%(upstream:track)%00%(upstream:remotename)%00%(upstream:remoteref) refs/heads/main refs/remotes/main [2ms]
2024-01-16 10:56:18.860 [info] > git status -z -uall [3ms]
2024-01-16 10:58:35.842 [info] > git config --local branch.main.github-pr-owner-number [1ms]
2024-01-16 11:03:35.870 [info] > git config --local branch.main.github-pr-owner-number [1ms]
2024-01-16 11:05:21.522 [info] > git fetch [758ms]
2024-01-16 11:05:21.571 [info] > git config --get commit.template [22ms]
2024-01-16 11:05:21.571 [info] > git for-each-ref --format=%(refname)%00%(upstream:short)%00%(objectname)%00%(upstream:track)%00%(upstream:remotename)%00%(upstream:remoteref) refs/heads/main refs/remotes/main [2ms]
2024-01-16 11:05:21.596 [info] > git status -z -uall [2ms]
2024-01-16 11:05:22.722 [info] > git ls-files --stage -- /home/devdragon/workspace/python/FastApliLearn/conect_data_base/client.py [1ms]
2024-01-16 11:05:22.745 [info] > git cat-file -s bd906053507b41ed77cdc13fe0eac944bcdfc3e2 [1ms]
2024-01-16 11:05:22.766 [info] > git show --textconv :conect_data_base/client.py [1ms]
2024-01-16 11:05:23.722 [info] > git config --get commit.template [2ms]
2024-01-16 11:05:23.744 [info] > git for-each-ref --format=%(refname)%00%(upstream:short)%00%(objectname)%00%(upstream:track)%00%(upstream:remotename)%00%(upstream:remoteref) refs/heads/main refs/remotes/main [2ms]
2024-01-16 11:05:23.770 [info] > git status -z -uall [2ms]
2024-01-16 11:05:28.800 [info] > git config --get commit.template [2ms]
2024-01-16 11:05:28.823 [info] > git for-each-ref --format=%(refname)%00%(upstream:short)%00%(objectname)%00%(upstream:track)%00%(upstream:remotename)%00%(upstream:remoteref) refs/heads/main refs/remotes/main [2ms]
2024-01-16 11:05:28.850 [info] > git status -z -uall [3ms]
2024-01-16 11:06:24.718 [info] > git config --get commit.template [3ms]
2024-01-16 11:06:24.737 [info] > git for-each-ref --format=%(refname)%00%(upstream:short)%00%(objectname)%00%(upstream:track)%00%(upstream:remotename)%00%(upstream:remoteref) refs/heads/main refs/remotes/main [1ms]
2024-01-16 11:06:24.757 [info] > git status -z -uall [2ms]
2024-01-16 11:06:30.918 [info] > git config --get commit.template [4ms]
2024-01-16 11:06:30.940 [info] > git for-each-ref --format=%(refname)%00%(upstream:short)%00%(objectname)%00%(upstream:track)%00%(upstream:remotename)%00%(upstream:remoteref) refs/heads/main refs/remotes/main [3ms]
2024-01-16 11:06:30.979 [info] > git status -z -uall [15ms]
2024-01-16 11:06:36.846 [info] > git config --get commit.template [23ms]
2024-01-16 11:06:36.848 [info] > git for-each-ref --format=%(refname)%00%(upstream:short)%00%(objectname)%00%(upstream:track)%00%(upstream:remotename)%00%(upstream:remoteref) refs/heads/main refs/remotes/main [2ms]
2024-01-16 11:06:36.873 [info] > git status -z -uall [3ms]
2024-01-16 11:06:48.065 [info] > git config --get commit.template [4ms]
2024-01-16 11:06:48.088 [info] > git for-each-ref --format=%(refname)%00%(upstream:short)%00%(objectname)%00%(upstream:track)%00%(upstream:remotename)%00%(upstream:remoteref) refs/heads/main refs/remotes/main [3ms]
2024-01-16 11:06:48.107 [info] > git status -z -uall [1ms]
2024-01-16 11:06:53.133 [info] > git config --get commit.template [2ms]
2024-01-16 11:06:53.158 [info] > git for-each-ref --format=%(refname)%00%(upstream:short)%00%(objectname)%00%(upstream:track)%00%(upstream:remotename)%00%(upstream:remoteref) refs/heads/main refs/remotes/main [2ms]
2024-01-16 11:06:53.181 [info] > git status -z -uall [3ms]
2024-01-16 11:06:58.210 [info] > git config --get commit.template [4ms]
2024-01-16 11:06:58.235 [info] > git for-each-ref --format=%(refname)%00%(upstream:short)%00%(objectname)%00%(upstream:track)%00%(upstream:remotename)%00%(upstream:remoteref) refs/heads/main refs/remotes/main [4ms]
2024-01-16 11:06:58.263 [info] > git status -z -uall [3ms]
2024-01-16 11:07:11.029 [info] > git config --get commit.template [1ms]
2024-01-16 11:07:11.050 [info] > git for-each-ref --format=%(refname)%00%(upstream:short)%00%(objectname)%00%(upstream:track)%00%(upstream:remotename)%00%(upstream:remoteref) refs/heads/main refs/remotes/main [1ms]
2024-01-16 11:07:11.075 [info] > git status -z -uall [2ms]
2024-01-16 11:07:16.101 [info] > git config --get commit.template [4ms]
2024-01-16 11:07:16.127 [info] > git for-each-ref --format=%(refname)%00%(upstream:short)%00%(objectname)%00%(upstream:track)%00%(upstream:remotename)%00%(upstream:remoteref) refs/heads/main refs/remotes/main [5ms]
2024-01-16 11:07:16.147 [info] > git status -z -uall [1ms]
2024-01-16 11:07:21.197 [info] > git config --get commit.template [23ms]
2024-01-16 11:07:21.199 [info] > git for-each-ref --format=%(refname)%00%(upstream:short)%00%(objectname)%00%(upstream:track)%00%(upstream:remotename)%00%(upstream:remoteref) refs/heads/main refs/remotes/main [2ms]
2024-01-16 11:07:21.222 [info] > git status -z -uall [2ms]
2024-01-16 11:07:34.346 [info] > git config --get commit.template [18ms]
2024-01-16 11:07:34.347 [info] > git for-each-ref --format=%(refname)%00%(upstream:short)%00%(objectname)%00%(upstream:track)%00%(upstream:remotename)%00%(upstream:remoteref) refs/heads/main refs/remotes/main [2ms]
2024-01-16 11:07:34.367 [info] > git status -z -uall [1ms]
2024-01-16 11:08:32.938 [info] > git ls-files --stage -- /home/devdragon/workspace/python/FastApliLearn/conect_data_base/client.py [2ms]
2024-01-16 11:08:32.963 [info] > git cat-file -s bd906053507b41ed77cdc13fe0eac944bcdfc3e2 [2ms]
2024-01-16 11:08:32.991 [info] > git show --textconv :conect_data_base/client.py [2ms]
2024-01-16 11:08:33.624 [info] > git fetch [1893ms]
2024-01-16 11:08:33.643 [info] > git config --get commit.template [2ms]
2024-01-16 11:08:33.661 [info] > git for-each-ref --format=%(refname)%00%(upstream:short)%00%(objectname)%00%(upstream:track)%00%(upstream:remotename)%00%(upstream:remoteref) refs/heads/main refs/remotes/main [2ms]
2024-01-16 11:08:33.680 [info] > git status -z -uall [2ms]
2024-01-16 11:08:34.714 [info] > git config --get commit.template [1ms]
2024-01-16 11:08:34.732 [info] > git for-each-ref --format=%(refname)%00%(upstream:short)%00%(objectname)%00%(upstream:track)%00%(upstream:remotename)%00%(upstream:remoteref) refs/heads/main refs/remotes/main [2ms]
2024-01-16 11:08:34.759 [info] > git status -z -uall [3ms]
2024-01-16 11:08:34.820 [info] > git ls-files --stage -- /home/devdragon/workspace/python/FastApliLearn/conect_data_base/client.py [2ms]
2024-01-16 11:08:34.846 [info] > git cat-file -s bd906053507b41ed77cdc13fe0eac944bcdfc3e2 [1ms]
2024-01-16 11:08:34.879 [info] > git show --textconv :conect_data_base/client.py [3ms]
2024-01-16 11:08:35.895 [info] > git config --local branch.main.github-pr-owner-number [2ms]
2024-01-16 11:08:39.814 [info] > git for-each-ref --format=%(refname)%00%(upstream:short)%00%(objectname)%00%(upstream:track)%00%(upstream:remotename)%00%(upstream:remoteref) refs/heads/main refs/remotes/main [3ms]
2024-01-16 11:08:39.815 [info] > git config --get commit.template [27ms]
2024-01-16 11:08:39.840 [info] > git status -z -uall [3ms]
2024-01-16 11:13:35.917 [info] > git config --local branch.main.github-pr-owner-number [1ms]
2024-01-16 11:18:00.322 [info] > git config --get commit.template [1ms]
2024-01-16 11:18:00.341 [info] > git for-each-ref --format=%(refname)%00%(upstream:short)%00%(objectname)%00%(upstream:track)%00%(upstream:remotename)%00%(upstream:remoteref) refs/heads/main refs/remotes/main [1ms]
2024-01-16 11:18:00.360 [info] > git status -z -uall [2ms]
2024-01-16 11:18:01.505 [info] > git ls-files --stage -- /home/devdragon/workspace/python/FastApliLearn/conect_data_base/client.py [2ms]
2024-01-16 11:18:01.527 [info] > git cat-file -s bd906053507b41ed77cdc13fe0eac944bcdfc3e2 [2ms]
2024-01-16 11:18:01.551 [info] > git show --textconv :conect_data_base/client.py [1ms]
2024-01-16 11:18:03.195 [info] > git fetch [2897ms]
2024-01-16 11:18:03.219 [info] > git config --get commit.template [0ms]
2024-01-16 11:18:03.239 [info] > git for-each-ref --format=%(refname)%00%(upstream:short)%00%(objectname)%00%(upstream:track)%00%(upstream:remotename)%00%(upstream:remoteref) refs/heads/main refs/remotes/main [0ms]
2024-01-16 11:18:03.261 [info] > git status -z -uall [0ms]
2024-01-16 11:18:04.416 [info] > git ls-files --stage -- /home/devdragon/workspace/python/FastApliLearn/conect_data_base/client.py [1ms]
2024-01-16 11:18:04.435 [info] > git cat-file -s bd906053507b41ed77cdc13fe0eac944bcdfc3e2 [2ms]
2024-01-16 11:18:04.455 [info] > git show --textconv :conect_data_base/client.py [1ms]
2024-01-16 11:18:13.353 [info] Nivel de registro: Info
2024-01-16 11:18:13.353 [info] La validación encontró GIT en: “git“
2024-01-16 11:18:13.353 [info] Usando GIT “2.43.0” desde “git”
2024-01-16 11:18:13.353 [info] > git rev-parse --show-toplevel [32ms]
2024-01-16 11:18:14.525 [info] > git rev-parse --git-dir --git-common-dir [442ms]
2024-01-16 11:18:14.567 [info] Open repository: /home/devdragon/workspace/python/FastApliLearn
2024-01-16 11:18:14.846 [info] > git rev-parse --show-toplevel [139ms]
2024-01-16 11:18:14.847 [info] > git config --get commit.template [170ms]
2024-01-16 11:18:14.951 [info] > git rev-parse --show-toplevel [55ms]
2024-01-16 11:18:15.015 [info] > git for-each-ref --format=%(refname)%00%(upstream:short)%00%(objectname)%00%(upstream:track)%00%(upstream:remotename)%00%(upstream:remoteref) refs/heads/main refs/remotes/main [69ms]
2024-01-16 11:18:15.026 [info] > git rev-parse --show-toplevel [13ms]
2024-01-16 11:18:15.114 [info] > git rev-parse --show-toplevel [37ms]
2024-01-16 11:18:15.114 [info] > git fetch [549ms]
2024-01-16 11:18:15.194 [info] > git config --get commit.template [27ms]
2024-01-16 11:18:15.194 [info] > git rev-parse --show-toplevel [49ms]
2024-01-16 11:18:15.227 [info] > git config --get commit.template [35ms]
2024-01-16 11:18:15.295 [info] > git check-ignore -v -z --stdin [26ms]
2024-01-16 11:18:15.297 [info] > git rev-parse --show-toplevel [74ms]
2024-01-16 11:18:15.405 [info] > git for-each-ref --format=%(refname)%00%(upstream:short)%00%(objectname)%00%(upstream:track)%00%(upstream:remotename)%00%(upstream:remoteref) refs/heads/main refs/remotes/main [112ms]
2024-01-16 11:18:15.488 [info] > git rev-parse --show-toplevel [85ms]
2024-01-16 11:18:15.488 [info] > git for-each-ref --format=%(refname)%00%(upstream:short)%00%(objectname)%00%(upstream:track)%00%(upstream:remotename)%00%(upstream:remoteref) refs/heads/main refs/remotes/main [109ms]
2024-01-16 11:18:15.634 [info] > git rev-parse --show-toplevel [122ms]
2024-01-16 11:18:15.767 [info] > git status -z -uall [5ms]
2024-01-16 11:18:15.791 [info] > git rev-parse --show-toplevel [126ms]
2024-01-16 11:18:15.863 [info] > git show --textconv :conect_data_base/client.py [45ms]
2024-01-16 11:18:15.864 [info] > git ls-files --stage -- /home/devdragon/workspace/python/FastApliLearn/conect_data_base/client.py [25ms]
2024-01-16 11:18:15.906 [info] > git cat-file -s bd906053507b41ed77cdc13fe0eac944bcdfc3e2 [20ms]
2024-01-16 11:18:16.324 [info] > git ls-files --stage -- /home/devdragon/workspace/python/FastApliLearn/conect_data_base/client.py [1ms]
2024-01-16 11:18:16.350 [info] > git cat-file -s bd906053507b41ed77cdc13fe0eac944bcdfc3e2 [3ms]
2024-01-16 11:18:16.392 [info] > git show --textconv :conect_data_base/client.py [18ms]
2024-01-16 11:18:16.773 [info] > git config --local branch.main.github-pr-owner-number [91ms]
2024-01-16 11:18:17.000 [info] > git config --get commit.template [4ms]
2024-01-16 11:18:17.036 [info] > git for-each-ref --format=%(refname)%00%(upstream:short)%00%(objectname)%00%(upstream:track)%00%(upstream:remotename)%00%(upstream:remoteref) refs/heads/main refs/remotes/main [6ms]
2024-01-16 11:18:17.070 [info] > git status -z -uall [4ms]
2024-01-16 11:21:17.209 [info] > git fetch [1549ms]
2024-01-16 11:21:17.240 [info] > git config --get commit.template [7ms]
2024-01-16 11:21:17.262 [info] > git for-each-ref --format=%(refname)%00%(upstream:short)%00%(objectname)%00%(upstream:track)%00%(upstream:remotename)%00%(upstream:remoteref) refs/heads/main refs/remotes/main [0ms]
2024-01-16 11:21:17.289 [info] > git status -z -uall [1ms]
2024-01-16 11:21:36.246 [info] > git config --get commit.template [2ms]
2024-01-16 11:21:36.272 [info] > git for-each-ref --format=%(refname)%00%(upstream:short)%00%(objectname)%00%(upstream:track)%00%(upstream:remotename)%00%(upstream:remoteref) refs/heads/main refs/remotes/main [2ms]
2024-01-16 11:21:36.296 [info] > git status -z -uall [2ms]
2024-01-16 11:23:04.347 [info] > git ls-files --stage -- /home/devdragon/workspace/python/FastApliLearn/conect_data_base/schemas/user.py [2ms]
2024-01-16 11:23:04.431 [info] > git show --textconv :conect_data_base/schemas/user.py [112ms]
2024-01-16 11:23:04.432 [info] > git cat-file -s 3b4eaf3bdb94f47c8786690ecbb68bd5ceaf0a01 [61ms]
2024-01-16 11:23:05.916 [info] > git config --get commit.template [24ms]
2024-01-16 11:23:05.917 [info] > git for-each-ref --format=%(refname)%00%(upstream:short)%00%(objectname)%00%(upstream:track)%00%(upstream:remotename)%00%(upstream:remoteref) refs/heads/main refs/remotes/main [3ms]
2024-01-16 11:23:05.944 [info] > git status -z -uall [2ms]
2024-01-16 11:23:15.259 [info] > git config --local branch.main.github-pr-owner-number [1ms]
2024-01-16 11:24:17.649 [info] > git show --textconv :conect_data_base/client.py [36ms]
2024-01-16 11:24:17.650 [info] > git ls-files --stage -- /home/devdragon/workspace/python/FastApliLearn/conect_data_base/client.py [9ms]
2024-01-16 11:24:17.677 [info] > git cat-file -s bd906053507b41ed77cdc13fe0eac944bcdfc3e2 [4ms]
2024-01-16 11:24:18.443 [info] > git show --textconv :conect_data_base/schemas/user.py [25ms]
2024-01-16 11:24:18.445 [info] > git ls-files --stage -- /home/devdragon/workspace/python/FastApliLearn/conect_data_base/schemas/user.py [3ms]
2024-01-16 11:24:18.483 [info] > git cat-file -s 3b4eaf3bdb94f47c8786690ecbb68bd5ceaf0a01 [8ms]
2024-01-16 11:24:18.548 [info] > git ls-files --stage -- /home/devdragon/workspace/python/FastApliLearn/conect_data_base/schemas/user.py [1ms]
2024-01-16 11:24:18.570 [info] > git cat-file -s 3b4eaf3bdb94f47c8786690ecbb68bd5ceaf0a01 [1ms]
2024-01-16 11:24:18.594 [info] > git show --textconv :conect_data_base/schemas/user.py [1ms]
2024-01-16 11:24:19.033 [info] > git fetch [1713ms]
2024-01-16 11:24:19.079 [info] > git for-each-ref --format=%(refname)%00%(upstream:short)%00%(objectname)%00%(upstream:track)%00%(upstream:remotename)%00%(upstream:remoteref) refs/heads/main refs/remotes/main [4ms]
2024-01-16 11:24:19.080 [info] > git config --get commit.template [24ms]
2024-01-16 11:24:19.108 [info] > git status -z -uall [2ms]
2024-01-16 11:24:20.194 [info] > git for-each-ref --format=%(refname)%00%(upstream:short)%00%(objectname)%00%(upstream:track)%00%(upstream:remotename)%00%(upstream:remoteref) refs/heads/main refs/remotes/main [4ms]
2024-01-16 11:24:20.195 [info] > git config --get commit.template [33ms]
2024-01-16 11:24:20.223 [info] > git status -z -uall [3ms]
2024-01-16 11:24:20.275 [info] > git ls-files --stage -- /home/devdragon/workspace/python/FastApliLearn/conect_data_base/schemas/user.py [1ms]
2024-01-16 11:24:20.306 [info] > git cat-file -s 3b4eaf3bdb94f47c8786690ecbb68bd5ceaf0a01 [1ms]
2024-01-16 11:24:20.345 [info] > git show --textconv :conect_data_base/schemas/user.py [1ms]
2024-01-16 11:24:40.443 [info] > git show --textconv :conect_data_base/client.py [45ms]
2024-01-16 11:24:40.443 [info] > git ls-files --stage -- /home/devdragon/workspace/python/FastApliLearn/conect_data_base/client.py [11ms]
2024-01-16 11:24:40.486 [info] > git cat-file -s bd906053507b41ed77cdc13fe0eac944bcdfc3e2 [15ms]
2024-01-16 11:25:52.869 [info] > git config --get commit.template [26ms]
2024-01-16 11:25:52.870 [info] > git for-each-ref --format=%(refname)%00%(upstream:short)%00%(objectname)%00%(upstream:track)%00%(upstream:remotename)%00%(upstream:remoteref) refs/heads/main refs/remotes/main [3ms]
2024-01-16 11:25:52.896 [info] > git status -z -uall [3ms]
2024-01-16 11:26:03.443 [info] > git config --get commit.template [2ms]
2024-01-16 11:26:03.469 [info] > git for-each-ref --format=%(refname)%00%(upstream:short)%00%(objectname)%00%(upstream:track)%00%(upstream:remotename)%00%(upstream:remoteref) refs/heads/main refs/remotes/main [3ms]
2024-01-16 11:26:03.500 [info] > git status -z -uall [5ms]
2024-01-16 11:26:08.550 [info] > git config --get commit.template [24ms]
2024-01-16 11:26:08.550 [info] > git for-each-ref --format=%(refname)%00%(upstream:short)%00%(objectname)%00%(upstream:track)%00%(upstream:remotename)%00%(upstream:remoteref) refs/heads/main refs/remotes/main [2ms]
2024-01-16 11:26:08.575 [info] > git status -z -uall [2ms]
2024-01-16 11:26:13.629 [info] > git config --get commit.template [25ms]
2024-01-16 11:26:13.631 [info] > git for-each-ref --format=%(refname)%00%(upstream:short)%00%(objectname)%00%(upstream:track)%00%(upstream:remotename)%00%(upstream:remoteref) refs/heads/main refs/remotes/main [3ms]
2024-01-16 11:26:13.659 [info] > git status -z -uall [4ms]
2024-01-16 11:26:36.208 [info] > git config --get commit.template [24ms]
2024-01-16 11:26:36.208 [info] > git for-each-ref --format=%(refname)%00%(upstream:short)%00%(objectname)%00%(upstream:track)%00%(upstream:remotename)%00%(upstream:remoteref) refs/heads/main refs/remotes/main [1ms]
2024-01-16 11:26:36.238 [info] > git status -z -uall [3ms]
2024-01-16 11:26:42.803 [info] > git config --get commit.template [24ms]
2024-01-16 11:26:42.805 [info] > git for-each-ref --format=%(refname)%00%(upstream:short)%00%(objectname)%00%(upstream:track)%00%(upstream:remotename)%00%(upstream:remoteref) refs/heads/main refs/remotes/main [3ms]
2024-01-16 11:26:42.832 [info] > git status -z -uall [2ms]
2024-01-16 11:28:02.715 [info] > git ls-files --stage -- /home/devdragon/workspace/python/FastApliLearn/conect_data_base/client.py [1ms]
2024-01-16 11:28:02.736 [info] > git cat-file -s bd906053507b41ed77cdc13fe0eac944bcdfc3e2 [1ms]
2024-01-16 11:28:02.759 [info] > git show --textconv :conect_data_base/client.py [2ms]
2024-01-16 11:28:03.790 [info] > git fetch [2280ms]
2024-01-16 11:28:03.840 [info] > git config --get commit.template [25ms]
2024-01-16 11:28:03.841 [info] > git for-each-ref --format=%(refname)%00%(upstream:short)%00%(objectname)%00%(upstream:track)%00%(upstream:remotename)%00%(upstream:remoteref) refs/heads/main refs/remotes/main [2ms]
2024-01-16 11:28:03.872 [info] > git status -z -uall [3ms]
2024-01-16 11:28:04.999 [info] > git ls-files --stage -- /home/devdragon/workspace/python/FastApliLearn/conect_data_base/client.py [2ms]
2024-01-16 11:28:05.020 [info] > git cat-file -s bd906053507b41ed77cdc13fe0eac944bcdfc3e2 [1ms]
2024-01-16 11:28:05.041 [info] > git show --textconv :conect_data_base/client.py [1ms]
2024-01-16 11:28:15.288 [info] > git config --local branch.main.github-pr-owner-number [1ms]
2024-01-16 11:30:01.114 [info] > git config --get commit.template [1ms]
2024-01-16 11:30:01.137 [info] > git for-each-ref --format=%(refname)%00%(upstream:short)%00%(objectname)%00%(upstream:track)%00%(upstream:remotename)%00%(upstream:remoteref) refs/heads/main refs/remotes/main [2ms]
2024-01-16 11:30:01.161 [info] > git status -z -uall [2ms]
2024-01-16 11:30:06.245 [info] > git config --get commit.template [29ms]
2024-01-16 11:30:06.245 [info] > git for-each-ref --format=%(refname)%00%(upstream:short)%00%(objectname)%00%(upstream:track)%00%(upstream:remotename)%00%(upstream:remoteref) refs/heads/main refs/remotes/main [2ms]
2024-01-16 11:30:06.271 [info] > git status -z -uall [2ms]
2024-01-16 11:33:15.312 [info] > git config --local branch.main.github-pr-owner-number [2ms]
2024-01-16 11:38:15.331 [info] > git config --local branch.main.github-pr-owner-number [1ms]
2024-01-16 11:43:15.352 [info] > git config --local branch.main.github-pr-owner-number [1ms]
2024-01-16 11:48:15.376 [info] > git config --local branch.main.github-pr-owner-number [1ms]
2024-01-16 11:53:15.405 [info] > git config --local branch.main.github-pr-owner-number [6ms]
2024-01-16 11:58:15.428 [info] > git config --local branch.main.github-pr-owner-number [1ms]
2024-01-16 12:00:46.989 [info] > git config --get commit.template [1ms]
2024-01-16 12:00:47.010 [info] > git for-each-ref --format=%(refname)%00%(upstream:short)%00%(objectname)%00%(upstream:track)%00%(upstream:remotename)%00%(upstream:remoteref) refs/heads/main refs/remotes/main [3ms]
2024-01-16 12:00:47.039 [info] > git status -z -uall [2ms]
2024-01-16 12:00:47.398 [info] > git fetch [436ms]
2024-01-16 12:00:47.423 [info] > git config --get commit.template [1ms]
2024-01-16 12:00:47.446 [info] > git for-each-ref --format=%(refname)%00%(upstream:short)%00%(objectname)%00%(upstream:track)%00%(upstream:remotename)%00%(upstream:remoteref) refs/heads/main refs/remotes/main [3ms]
2024-01-16 12:00:47.470 [info] > git status -z -uall [2ms]
2024-01-16 12:00:48.707 [info] > git ls-files --stage -- /home/devdragon/workspace/python/FastApliLearn/conect_data_base/client.py [2ms]
2024-01-16 12:00:48.768 [info] > git cat-file -s bd906053507b41ed77cdc13fe0eac944bcdfc3e2 [23ms]
2024-01-16 12:00:48.820 [info] > git show --textconv :conect_data_base/client.py [3ms]
2024-01-16 12:00:52.103 [info] > git config --get commit.template [24ms]
2024-01-16 12:00:52.104 [info] > git for-each-ref --format=%(refname)%00%(upstream:short)%00%(objectname)%00%(upstream:track)%00%(upstream:remotename)%00%(upstream:remoteref) refs/heads/main refs/remotes/main [2ms]
2024-01-16 12:00:52.127 [info] > git status -z -uall [2ms]
2024-01-16 12:01:07.762 [info] > git show --textconv :conect_data_base/client.py [36ms]
2024-01-16 12:01:07.762 [info] > git ls-files --stage -- /home/devdragon/workspace/python/FastApliLearn/conect_data_base/client.py [5ms]
2024-01-16 12:01:07.788 [info] > git cat-file -s bd906053507b41ed77cdc13fe0eac944bcdfc3e2 [5ms]
2024-01-16 12:02:42.246 [info] > git config --get commit.template [1ms]
2024-01-16 12:02:42.268 [info] > git for-each-ref --format=%(refname)%00%(upstream:short)%00%(objectname)%00%(upstream:track)%00%(upstream:remotename)%00%(upstream:remoteref) refs/heads/main refs/remotes/main [2ms]
2024-01-16 12:02:42.291 [info] > git status -z -uall [3ms]
2024-01-16 12:03:15.453 [info] > git config --local branch.main.github-pr-owner-number [1ms]
2024-01-16 12:03:51.612 [info] > git config --get commit.template [1ms]
2024-01-16 12:03:51.633 [info] > git for-each-ref --format=%(refname)%00%(upstream:short)%00%(objectname)%00%(upstream:track)%00%(upstream:remotename)%00%(upstream:remoteref) refs/heads/main refs/remotes/main [1ms]
2024-01-16 12:03:51.652 [info] > git status -z -uall [2ms]
2024-01-16 12:03:52.790 [info] > git ls-files --stage -- /home/devdragon/workspace/python/FastApliLearn/conect_data_base/client.py [2ms]
2024-01-16 12:03:52.816 [info] > git cat-file -s bd906053507b41ed77cdc13fe0eac944bcdfc3e2 [2ms]
2024-01-16 12:03:52.837 [info] > git show --textconv :conect_data_base/client.py [2ms]
2024-01-16 12:03:52.856 [info] > git fetch [1272ms]
2024-01-16 12:03:52.907 [info] > git config --get commit.template [25ms]
2024-01-16 12:03:52.908 [info] > git for-each-ref --format=%(refname)%00%(upstream:short)%00%(objectname)%00%(upstream:track)%00%(upstream:remotename)%00%(upstream:remoteref) refs/heads/main refs/remotes/main [2ms]
2024-01-16 12:03:52.938 [info] > git status -z -uall [3ms]
2024-01-16 12:03:54.062 [info] > git ls-files --stage -- /home/devdragon/workspace/python/FastApliLearn/conect_data_base/client.py [1ms]
2024-01-16 12:03:54.084 [info] > git cat-file -s bd906053507b41ed77cdc13fe0eac944bcdfc3e2 [2ms]
2024-01-16 12:03:54.114 [info] > git show --textconv :conect_data_base/client.py [3ms]
2024-01-16 12:03:57.615 [info] > git config --get commit.template [24ms]
2024-01-16 12:03:57.616 [info] > git for-each-ref --format=%(refname)%00%(upstream:short)%00%(objectname)%00%(upstream:track)%00%(upstream:remotename)%00%(upstream:remoteref) refs/heads/main refs/remotes/main [2ms]
2024-01-16 12:03:57.642 [info] > git status -z -uall [2ms]
2024-01-16 12:04:02.694 [info] > git for-each-ref --format=%(refname)%00%(upstream:short)%00%(objectname)%00%(upstream:track)%00%(upstream:remotename)%00%(upstream:remoteref) refs/heads/main refs/remotes/main [3ms]
2024-01-16 12:04:02.695 [info] > git config --get commit.template [26ms]
2024-01-16 12:04:02.720 [info] > git status -z -uall [2ms]
2024-01-16 12:04:07.750 [info] > git config --get commit.template [3ms]
2024-01-16 12:04:07.778 [info] > git for-each-ref --format=%(refname)%00%(upstream:short)%00%(objectname)%00%(upstream:track)%00%(upstream:remotename)%00%(upstream:remoteref) refs/heads/main refs/remotes/main [3ms]
2024-01-16 12:04:07.805 [info] > git status -z -uall [4ms]
2024-01-16 12:04:12.864 [info] > git config --get commit.template [29ms]
2024-01-16 12:04:12.864 [info] > git for-each-ref --format=%(refname)%00%(upstream:short)%00%(objectname)%00%(upstream:track)%00%(upstream:remotename)%00%(upstream:remoteref) refs/heads/main refs/remotes/main [2ms]
2024-01-16 12:04:12.891 [info] > git status -z -uall [2ms]
2024-01-16 12:06:54.173 [info] > git ls-files --stage -- /home/devdragon/workspace/python/FastApliLearn/conect_data_base/client.py [1ms]
2024-01-16 12:06:54.196 [info] > git cat-file -s bd906053507b41ed77cdc13fe0eac944bcdfc3e2 [2ms]
2024-01-16 12:06:54.221 [info] > git show --textconv :conect_data_base/client.py [2ms]
2024-01-16 12:06:54.801 [info] > git fetch [1835ms]
2024-01-16 12:06:54.845 [info] > git config --get commit.template [22ms]
2024-01-16 12:06:54.846 [info] > git for-each-ref --format=%(refname)%00%(upstream:short)%00%(objectname)%00%(upstream:track)%00%(upstream:remotename)%00%(upstream:remoteref) refs/heads/main refs/remotes/main [2ms]
2024-01-16 12:06:54.870 [info] > git status -z -uall [2ms]
2024-01-16 12:06:55.928 [info] > git for-each-ref --format=%(refname)%00%(upstream:short)%00%(objectname)%00%(upstream:track)%00%(upstream:remotename)%00%(upstream:remoteref) refs/heads/main refs/remotes/main [3ms]
2024-01-16 12:06:55.929 [info] > git config --get commit.template [27ms]
2024-01-16 12:06:55.956 [info] > git status -z -uall [1ms]
2024-01-16 12:06:55.997 [info] > git ls-files --stage -- /home/devdragon/workspace/python/FastApliLearn/conect_data_base/client.py [0ms]
2024-01-16 12:06:56.018 [info] > git cat-file -s bd906053507b41ed77cdc13fe0eac944bcdfc3e2 [1ms]
2024-01-16 12:06:56.040 [info] > git show --textconv :conect_data_base/client.py [2ms]
2024-01-16 12:08:15.480 [info] > git config --local branch.main.github-pr-owner-number [2ms]
2024-01-16 12:09:55.919 [info] > git fetch [1019ms]
2024-01-16 12:09:55.940 [info] > git config --get commit.template [0ms]
2024-01-16 12:09:55.959 [info] > git for-each-ref --format=%(refname)%00%(upstream:short)%00%(objectname)%00%(upstream:track)%00%(upstream:remotename)%00%(upstream:remoteref) refs/heads/main refs/remotes/main [2ms]
2024-01-16 12:09:55.980 [info] > git status -z -uall [2ms]
2024-01-16 12:09:57.044 [info] > git config --get commit.template [28ms]
2024-01-16 12:09:57.045 [info] > git for-each-ref --format=%(refname)%00%(upstream:short)%00%(objectname)%00%(upstream:track)%00%(upstream:remotename)%00%(upstream:remoteref) refs/heads/main refs/remotes/main [3ms]
2024-01-16 12:09:57.068 [info] > git status -z -uall [1ms]
2024-01-16 12:09:57.109 [info] > git ls-files --stage -- /home/devdragon/workspace/python/FastApliLearn/conect_data_base/client.py [2ms]
2024-01-16 12:09:57.128 [info] > git cat-file -s bd906053507b41ed77cdc13fe0eac944bcdfc3e2 [1ms]
2024-01-16 12:09:57.149 [info] > git show --textconv :conect_data_base/client.py [1ms]
2024-01-16 12:13:15.499 [info] > git config --local branch.main.github-pr-owner-number [1ms]
2024-01-16 12:18:15.523 [info] > git config --local branch.main.github-pr-owner-number [2ms]
2024-01-16 12:23:15.551 [info] > git config --local branch.main.github-pr-owner-number [2ms]
2024-01-16 12:28:15.576 [info] > git config --local branch.main.github-pr-owner-number [2ms]
2024-01-16 12:33:15.599 [info] > git config --local branch.main.github-pr-owner-number [2ms]
2024-01-16 12:38:15.626 [info] > git config --local branch.main.github-pr-owner-number [1ms]
2024-01-16 12:43:15.649 [info] > git config --local branch.main.github-pr-owner-number [1ms]
2024-01-16 12:48:15.677 [info] > git config --local branch.main.github-pr-owner-number [2ms]
2024-01-16 12:53:15.700 [info] > git config --local branch.main.github-pr-owner-number [1ms]
2024-01-16 12:58:15.727 [info] > git config --local branch.main.github-pr-owner-number [2ms]
2024-01-16 13:03:15.753 [info] > git config --local branch.main.github-pr-owner-number [2ms]
2024-01-16 13:08:15.778 [info] > git config --local branch.main.github-pr-owner-number [2ms]
2024-01-16 13:12:23.056 [info] > git fetch [2523ms]
2024-01-16 13:12:23.102 [info] > git config --get commit.template [22ms]
2024-01-16 13:12:23.103 [info] > git for-each-ref --format=%(refname)%00%(upstream:short)%00%(objectname)%00%(upstream:track)%00%(upstream:remotename)%00%(upstream:remoteref) refs/heads/main refs/remotes/main [2ms]
2024-01-16 13:12:23.127 [info] > git status -z -uall [3ms]
2024-01-16 13:13:15.804 [info] > git config --local branch.main.github-pr-owner-number [1ms]
2024-01-16 13:18:15.835 [info] > git config --local branch.main.github-pr-owner-number [1ms]
2024-01-16 13:21:49.505 [info] > git ls-files --stage -- /home/devdragon/workspace/python/FastApliLearn/conect_data_base/client.py [3ms]
2024-01-16 13:21:49.534 [info] > git cat-file -s bd906053507b41ed77cdc13fe0eac944bcdfc3e2 [2ms]
2024-01-16 13:21:49.565 [info] > git show --textconv :conect_data_base/client.py [2ms]
2024-01-16 13:21:51.585 [info] > git fetch [2108ms]
2024-01-16 13:21:51.606 [info] > git config --get commit.template [2ms]
2024-01-16 13:21:51.627 [info] > git for-each-ref --format=%(refname)%00%(upstream:short)%00%(objectname)%00%(upstream:track)%00%(upstream:remotename)%00%(upstream:remoteref) refs/heads/main refs/remotes/main [2ms]
2024-01-16 13:21:51.647 [info] > git status -z -uall [2ms]
2024-01-16 13:22:12.295 [info] > git config --get commit.template [2ms]
2024-01-16 13:22:12.322 [info] > git for-each-ref --format=%(refname)%00%(upstream:short)%00%(objectname)%00%(upstream:track)%00%(upstream:remotename)%00%(upstream:remoteref) refs/heads/main refs/remotes/main [2ms]
2024-01-16 13:22:12.367 [info] > git ls-files --stage -- /home/devdragon/workspace/python/FastApliLearn/conect_data_base/client.py [23ms]
2024-01-16 13:22:12.386 [info] > git status -z -uall [19ms]
2024-01-16 13:22:12.389 [info] > git cat-file -s bd906053507b41ed77cdc13fe0eac944bcdfc3e2 [4ms]
2024-01-16 13:22:12.410 [info] > git show --textconv :conect_data_base/client.py [1ms]
2024-01-16 13:23:15.864 [info] > git config --local branch.main.github-pr-owner-number [3ms]
2024-01-16 13:28:15.888 [info] > git config --local branch.main.github-pr-owner-number [1ms]
2024-01-16 13:33:15.917 [info] > git config --local branch.main.github-pr-owner-number [2ms]
2024-01-16 13:38:15.945 [info] > git config --local branch.main.github-pr-owner-number [2ms]
2024-01-16 13:43:15.971 [info] > git config --local branch.main.github-pr-owner-number [2ms]
2024-01-16 13:48:15.995 [info] > git config --local branch.main.github-pr-owner-number [1ms]
2024-01-16 13:53:16.016 [info] > git config --local branch.main.github-pr-owner-number [2ms]
2024-01-16 13:58:16.043 [info] > git config --local branch.main.github-pr-owner-number [2ms]
2024-01-16 14:03:16.067 [info] > git config --local branch.main.github-pr-owner-number [1ms]
2024-01-16 14:08:16.090 [info] > git config --local branch.main.github-pr-owner-number [2ms]
2024-01-16 14:13:16.115 [info] > git config --local branch.main.github-pr-owner-number [2ms]
2024-01-16 14:18:16.138 [info] > git config --local branch.main.github-pr-owner-number [2ms]
2024-01-16 14:23:16.161 [info] > git config --local branch.main.github-pr-owner-number [1ms]
2024-01-16 14:28:16.184 [info] > git config --local branch.main.github-pr-owner-number [1ms]
2024-01-16 14:30:09.630 [info] > git fetch [557ms]
2024-01-16 14:30:09.673 [info] > git config --get commit.template [22ms]
2024-01-16 14:30:09.675 [info] > git for-each-ref --format=%(refname)%00%(upstream:short)%00%(objectname)%00%(upstream:track)%00%(upstream:remotename)%00%(upstream:remoteref) refs/heads/main refs/remotes/main [3ms]
2024-01-16 14:30:09.702 [info] > git status -z -uall [2ms]
2024-01-16 14:33:16.209 [info] > git config --local branch.main.github-pr-owner-number [1ms]
2024-01-16 14:38:16.238 [info] > git config --local branch.main.github-pr-owner-number [2ms]
2024-01-16 14:43:16.266 [info] > git config --local branch.main.github-pr-owner-number [2ms]
2024-01-16 14:48:16.291 [info] > git config --local branch.main.github-pr-owner-number [2ms]
2024-01-16 14:53:16.319 [info] > git config --local branch.main.github-pr-owner-number [2ms]
2024-01-16 14:58:16.339 [info] > git config --local branch.main.github-pr-owner-number [1ms]
2024-01-16 15:03:16.366 [info] > git config --local branch.main.github-pr-owner-number [2ms]
2024-01-16 15:08:16.388 [info] > git config --local branch.main.github-pr-owner-number [1ms]
2024-01-16 15:13:16.417 [info] > git config --local branch.main.github-pr-owner-number [2ms]
2024-01-16 15:18:16.443 [info] > git config --local branch.main.github-pr-owner-number [2ms]
2024-01-16 15:23:16.467 [info] > git config --local branch.main.github-pr-owner-number [1ms]
2024-01-16 15:28:16.493 [info] > git config --local branch.main.github-pr-owner-number [2ms]
2024-01-16 15:30:58.586 [info] > git config --get commit.template [1ms]
2024-01-16 15:30:58.626 [info] > git ls-files --stage -- /home/devdragon/workspace/python/FastApliLearn/conect_data_base/client.py [20ms]
2024-01-16 15:30:58.646 [info] > git cat-file -s bd906053507b41ed77cdc13fe0eac944bcdfc3e2 [2ms]
2024-01-16 15:30:58.647 [info] > git for-each-ref --format=%(refname)%00%(upstream:short)%00%(objectname)%00%(upstream:track)%00%(upstream:remotename)%00%(upstream:remoteref) refs/heads/main refs/remotes/main [22ms]
2024-01-16 15:30:58.688 [info] > git status -z -uall [22ms]
2024-01-16 15:30:58.690 [info] > git show --textconv :conect_data_base/client.py [3ms]
2024-01-16 15:30:59.119 [info] > git fetch [558ms]
2024-01-16 15:30:59.153 [info] > git config --get commit.template [17ms]
2024-01-16 15:30:59.154 [info] > git for-each-ref --format=%(refname)%00%(upstream:short)%00%(objectname)%00%(upstream:track)%00%(upstream:remotename)%00%(upstream:remoteref) refs/heads/main refs/remotes/main [2ms]
2024-01-16 15:30:59.179 [info] > git status -z -uall [2ms]
2024-01-16 15:33:04.359 [info] > git for-each-ref --format=%(refname)%00%(upstream:short)%00%(objectname)%00%(upstream:track)%00%(upstream:remotename)%00%(upstream:remoteref) refs/heads/main refs/remotes/main [22ms]
2024-01-16 15:33:04.360 [info] > git config --get commit.template [43ms]
2024-01-16 15:33:04.360 [info] > git ls-files --stage -- /home/devdragon/workspace/python/FastApliLearn/conect_data_base/client.py [2ms]
2024-01-16 15:33:04.395 [info] > git cat-file -s bd906053507b41ed77cdc13fe0eac944bcdfc3e2 [18ms]
2024-01-16 15:33:04.396 [info] > git status -z -uall [1ms]
2024-01-16 15:33:04.418 [info] > git show --textconv :conect_data_base/client.py [1ms]
2024-01-16 15:33:16.519 [info] > git config --local branch.main.github-pr-owner-number [2ms]
2024-01-16 15:38:16.546 [info] > git config --local branch.main.github-pr-owner-number [2ms]
2024-01-16 15:43:16.566 [info] > git config --local branch.main.github-pr-owner-number [1ms]
2024-01-16 15:48:16.589 [info] > git config --local branch.main.github-pr-owner-number [1ms]
2024-01-16 15:53:16.615 [info] > git config --local branch.main.github-pr-owner-number [2ms]
2024-01-16 15:58:16.641 [info] > git config --local branch.main.github-pr-owner-number [2ms]
2024-01-16 16:03:16.662 [info] > git config --local branch.main.github-pr-owner-number [1ms]
2024-01-16 16:08:16.690 [info] > git config --local branch.main.github-pr-owner-number [1ms]
2024-01-16 16:10:33.939 [info] > git fetch [614ms]
2024-01-16 16:10:33.981 [info] > git config --get commit.template [23ms]
2024-01-16 16:10:33.983 [info] > git for-each-ref --format=%(refname)%00%(upstream:short)%00%(objectname)%00%(upstream:track)%00%(upstream:remotename)%00%(upstream:remoteref) refs/heads/main refs/remotes/main [2ms]
2024-01-16 16:10:34.003 [info] > git status -z -uall [1ms]
2024-01-16 16:10:35.042 [info] > git config --get commit.template [0ms]
2024-01-16 16:10:35.067 [info] > git for-each-ref --format=%(refname)%00%(upstream:short)%00%(objectname)%00%(upstream:track)%00%(upstream:remotename)%00%(upstream:remoteref) refs/heads/main refs/remotes/main [3ms]
2024-01-16 16:10:35.090 [info] > git status -z -uall [4ms]
2024-01-16 16:10:35.171 [info] > git ls-files --stage -- /home/devdragon/workspace/python/FastApliLearn/conect_data_base/client.py [10ms]
2024-01-16 16:10:35.210 [info] > git cat-file -s bd906053507b41ed77cdc13fe0eac944bcdfc3e2 [7ms]
2024-01-16 16:10:35.246 [info] > git show --textconv :conect_data_base/client.py [2ms]
2024-01-16 16:13:16.716 [info] > git config --local branch.main.github-pr-owner-number [1ms]
2024-01-16 16:13:34.545 [info] > git fetch [517ms]
2024-01-16 16:13:34.586 [info] > git config --get commit.template [20ms]
2024-01-16 16:13:34.588 [info] > git for-each-ref --format=%(refname)%00%(upstream:short)%00%(objectname)%00%(upstream:track)%00%(upstream:remotename)%00%(upstream:remoteref) refs/heads/main refs/remotes/main [2ms]
2024-01-16 16:13:34.612 [info] > git status -z -uall [3ms]
2024-01-16 16:13:35.647 [info] > git config --get commit.template [2ms]
2024-01-16 16:13:35.673 [info] > git for-each-ref --format=%(refname)%00%(upstream:short)%00%(objectname)%00%(upstream:track)%00%(upstream:remotename)%00%(upstream:remoteref) refs/heads/main refs/remotes/main [2ms]
2024-01-16 16:13:35.697 [info] > git status -z -uall [2ms]
2024-01-16 16:13:35.747 [info] > git ls-files --stage -- /home/devdragon/workspace/python/FastApliLearn/conect_data_base/client.py [2ms]
2024-01-16 16:13:35.772 [info] > git cat-file -s bd906053507b41ed77cdc13fe0eac944bcdfc3e2 [2ms]
2024-01-16 16:13:35.797 [info] > git show --textconv :conect_data_base/client.py [2ms]
2024-01-16 16:16:35.213 [info] > git fetch [574ms]
2024-01-16 16:16:35.259 [info] > git config --get commit.template [24ms]
2024-01-16 16:16:35.260 [info] > git for-each-ref --format=%(refname)%00%(upstream:short)%00%(objectname)%00%(upstream:track)%00%(upstream:remotename)%00%(upstream:remoteref) refs/heads/main refs/remotes/main [3ms]
2024-01-16 16:16:35.287 [info] > git status -z -uall [3ms]
2024-01-16 16:16:36.412 [info] > git ls-files --stage -- /home/devdragon/workspace/python/FastApliLearn/conect_data_base/client.py [1ms]
2024-01-16 16:16:36.436 [info] > git cat-file -s bd906053507b41ed77cdc13fe0eac944bcdfc3e2 [2ms]
2024-01-16 16:16:36.460 [info] > git show --textconv :conect_data_base/client.py [3ms]
2024-01-16 16:18:16.743 [info] > git config --local branch.main.github-pr-owner-number [2ms]
2024-01-16 16:19:36.782 [info] > git fetch [565ms]
2024-01-16 16:19:36.804 [info] > git config --get commit.template [1ms]
2024-01-16 16:19:36.826 [info] > git for-each-ref --format=%(refname)%00%(upstream:short)%00%(objectname)%00%(upstream:track)%00%(upstream:remotename)%00%(upstream:remoteref) refs/heads/main refs/remotes/main [1ms]
2024-01-16 16:19:36.849 [info] > git status -z -uall [2ms]
2024-01-16 16:19:37.900 [info] > git config --get commit.template [23ms]
2024-01-16 16:19:37.902 [info] > git for-each-ref --format=%(refname)%00%(upstream:short)%00%(objectname)%00%(upstream:track)%00%(upstream:remotename)%00%(upstream:remoteref) refs/heads/main refs/remotes/main [2ms]
2024-01-16 16:19:37.925 [info] > git status -z -uall [3ms]
2024-01-16 16:19:37.984 [info] > git ls-files --stage -- /home/devdragon/workspace/python/FastApliLearn/conect_data_base/client.py [2ms]
2024-01-16 16:19:38.006 [info] > git cat-file -s bd906053507b41ed77cdc13fe0eac944bcdfc3e2 [2ms]
2024-01-16 16:19:38.025 [info] > git show --textconv :conect_data_base/client.py [1ms]
2024-01-16 16:22:37.506 [info] > git fetch [630ms]
2024-01-16 16:22:37.528 [info] > git config --get commit.template [2ms]
2024-01-16 16:22:37.554 [info] > git for-each-ref --format=%(refname)%00%(upstream:short)%00%(objectname)%00%(upstream:track)%00%(upstream:remotename)%00%(upstream:remoteref) refs/heads/main refs/remotes/main [3ms]
2024-01-16 16:22:37.582 [info] > git status -z -uall [4ms]
2024-01-16 16:22:38.708 [info] > git ls-files --stage -- /home/devdragon/workspace/python/FastApliLearn/conect_data_base/client.py [1ms]
2024-01-16 16:22:38.732 [info] > git cat-file -s bd906053507b41ed77cdc13fe0eac944bcdfc3e2 [2ms]
2024-01-16 16:22:38.760 [info] > git show --textconv :conect_data_base/client.py [2ms]
2024-01-16 16:23:16.771 [info] > git config --local branch.main.github-pr-owner-number [2ms]
2024-01-16 16:24:25.685 [info] > git check-ignore -v -z --stdin [2ms]
2024-01-16 16:24:42.753 [info] > git show --textconv :users/user_db.py [21ms]
2024-01-16 16:24:42.753 [info] > git ls-files --stage -- /home/devdragon/workspace/python/FastApliLearn/users/user_db.py [1ms]
2024-01-16 16:24:42.778 [info] > git cat-file -s 2535965e40b2fbf2bbbd4b4ac041f3c2f5e4b948 [6ms]
2024-01-16 16:24:46.888 [info] > git config --get commit.template [24ms]
2024-01-16 16:24:46.889 [info] > git for-each-ref --format=%(refname)%00%(upstream:short)%00%(objectname)%00%(upstream:track)%00%(upstream:remotename)%00%(upstream:remoteref) refs/heads/main refs/remotes/main [2ms]
2024-01-16 16:24:46.914 [info] > git status -z -uall [2ms]
2024-01-16 16:24:51.966 [info] > git config --get commit.template [23ms]
2024-01-16 16:24:51.967 [info] > git for-each-ref --format=%(refname)%00%(upstream:short)%00%(objectname)%00%(upstream:track)%00%(upstream:remotename)%00%(upstream:remoteref) refs/heads/main refs/remotes/main [2ms]
2024-01-16 16:24:51.993 [info] > git status -z -uall [2ms]
2024-01-16 16:25:01.610 [info] > git config --get commit.template [1ms]
2024-01-16 16:25:01.635 [info] > git for-each-ref --format=%(refname)%00%(upstream:short)%00%(objectname)%00%(upstream:track)%00%(upstream:remotename)%00%(upstream:remoteref) refs/heads/main refs/remotes/main [3ms]
2024-01-16 16:25:01.658 [info] > git status -z -uall [2ms]
2024-01-16 16:25:06.697 [info] > git config --get commit.template [18ms]
2024-01-16 16:25:06.697 [info] > git for-each-ref --format=%(refname)%00%(upstream:short)%00%(objectname)%00%(upstream:track)%00%(upstream:remotename)%00%(upstream:remoteref) refs/heads/main refs/remotes/main [1ms]
2024-01-16 16:25:06.717 [info] > git status -z -uall [2ms]
2024-01-16 16:25:11.772 [info] > git config --get commit.template [23ms]
2024-01-16 16:25:11.773 [info] > git for-each-ref --format=%(refname)%00%(upstream:short)%00%(objectname)%00%(upstream:track)%00%(upstream:remotename)%00%(upstream:remoteref) refs/heads/main refs/remotes/main [2ms]
2024-01-16 16:25:11.799 [info] > git status -z -uall [4ms]
2024-01-16 16:25:27.607 [info] > git config --get commit.template [5ms]
2024-01-16 16:25:27.639 [info] > git for-each-ref --format=%(refname)%00%(upstream:short)%00%(objectname)%00%(upstream:track)%00%(upstream:remotename)%00%(upstream:remoteref) refs/heads/main refs/remotes/main [2ms]
2024-01-16 16:25:27.671 [info] > git status -z -uall [3ms]
2024-01-16 16:25:32.697 [info] > git config --get commit.template [1ms]
2024-01-16 16:25:32.716 [info] > git for-each-ref --format=%(refname)%00%(upstream:short)%00%(objectname)%00%(upstream:track)%00%(upstream:remotename)%00%(upstream:remoteref) refs/heads/main refs/remotes/main [1ms]
2024-01-16 16:25:32.738 [info] > git status -z -uall [2ms]
2024-01-16 16:25:38.348 [info] > git fetch [745ms]
2024-01-16 16:25:38.386 [info] > git config --get commit.template [18ms]
2024-01-16 16:25:38.387 [info] > git for-each-ref --format=%(refname)%00%(upstream:short)%00%(objectname)%00%(upstream:track)%00%(upstream:remotename)%00%(upstream:remoteref) refs/heads/main refs/remotes/main [2ms]
2024-01-16 16:25:38.407 [info] > git status -z -uall [2ms]
2024-01-16 16:25:39.469 [info] > git config --get commit.template [25ms]
2024-01-16 16:25:39.471 [info] > git for-each-ref --format=%(refname)%00%(upstream:short)%00%(objectname)%00%(upstream:track)%00%(upstream:remotename)%00%(upstream:remoteref) refs/heads/main refs/remotes/main [2ms]
2024-01-16 16:25:39.499 [info] > git status -z -uall [3ms]
2024-01-16 16:25:39.597 [info] > git ls-files --stage -- /home/devdragon/workspace/python/FastApliLearn/users/user_db.py [2ms]
2024-01-16 16:25:39.619 [info] > git cat-file -s 2535965e40b2fbf2bbbd4b4ac041f3c2f5e4b948 [2ms]
2024-01-16 16:25:39.644 [info] > git show --textconv :users/user_db.py [3ms]
2024-01-16 16:25:48.439 [info] > git show --textconv :conect_data_base/client.py [22ms]
2024-01-16 16:25:48.441 [info] > git ls-files --stage -- /home/devdragon/workspace/python/FastApliLearn/conect_data_base/client.py [3ms]
2024-01-16 16:25:48.466 [info] > git cat-file -s bd906053507b41ed77cdc13fe0eac944bcdfc3e2 [5ms]
2024-01-16 16:25:54.809 [info] > git show --textconv :users/user_db.py [19ms]
2024-01-16 16:25:54.810 [info] > git ls-files --stage -- /home/devdragon/workspace/python/FastApliLearn/users/user_db.py [2ms]
2024-01-16 16:25:54.838 [info] > git cat-file -s 2535965e40b2fbf2bbbd4b4ac041f3c2f5e4b948 [6ms]
2024-01-16 16:25:58.032 [info] > git show --textconv :conect_data_base/client.py [19ms]
2024-01-16 16:25:58.034 [info] > git ls-files --stage -- /home/devdragon/workspace/python/FastApliLearn/conect_data_base/client.py [3ms]
2024-01-16 16:25:58.055 [info] > git cat-file -s bd906053507b41ed77cdc13fe0eac944bcdfc3e2 [5ms]
2024-01-16 16:26:02.502 [info] > git show --textconv :users/user_db.py [26ms]
2024-01-16 16:26:02.503 [info] > git ls-files --stage -- /home/devdragon/workspace/python/FastApliLearn/users/user_db.py [2ms]
2024-01-16 16:26:02.527 [info] > git cat-file -s 2535965e40b2fbf2bbbd4b4ac041f3c2f5e4b948 [3ms]
2024-01-16 16:27:09.335 [info] > git show --textconv :conect_data_base/client.py [24ms]
2024-01-16 16:27:09.337 [info] > git ls-files --stage -- /home/devdragon/workspace/python/FastApliLearn/conect_data_base/client.py [3ms]
2024-01-16 16:27:09.366 [info] > git cat-file -s bd906053507b41ed77cdc13fe0eac944bcdfc3e2 [5ms]
2024-01-16 16:27:19.731 [info] > git config --get commit.template [1ms]
2024-01-16 16:27:19.751 [info] > git for-each-ref --format=%(refname)%00%(upstream:short)%00%(objectname)%00%(upstream:track)%00%(upstream:remotename)%00%(upstream:remoteref) refs/heads/main refs/remotes/main [1ms]
2024-01-16 16:27:19.780 [info] > git status -z -uall [4ms]
2024-01-16 16:27:48.411 [info] > git show --textconv :users/user_db.py [23ms]
2024-01-16 16:27:48.411 [info] > git ls-files --stage -- /home/devdragon/workspace/python/FastApliLearn/users/user_db.py [2ms]
2024-01-16 16:27:48.437 [info] > git cat-file -s 2535965e40b2fbf2bbbd4b4ac041f3c2f5e4b948 [5ms]
2024-01-16 16:28:16.791 [info] > git config --local branch.main.github-pr-owner-number [1ms]
2024-01-16 16:29:01.630 [info] > git fetch [439ms]
2024-01-16 16:29:01.672 [info] > git config --get commit.template [21ms]
2024-01-16 16:29:01.673 [info] > git for-each-ref --format=%(refname)%00%(upstream:short)%00%(objectname)%00%(upstream:track)%00%(upstream:remotename)%00%(upstream:remoteref) refs/heads/main refs/remotes/main [1ms]
2024-01-16 16:29:01.699 [info] > git status -z -uall [2ms]
2024-01-16 16:29:02.777 [info] > git config --get commit.template [3ms]
2024-01-16 16:29:02.806 [info] > git for-each-ref --format=%(refname)%00%(upstream:short)%00%(objectname)%00%(upstream:track)%00%(upstream:remotename)%00%(upstream:remoteref) refs/heads/main refs/remotes/main [3ms]
2024-01-16 16:29:02.830 [info] > git status -z -uall [2ms]
2024-01-16 16:29:03.821 [info] > git show --textconv :users/user_db.py [25ms]
2024-01-16 16:29:03.822 [info] > git ls-files --stage -- /home/devdragon/workspace/python/FastApliLearn/users/user_db.py [2ms]
2024-01-16 16:29:03.845 [info] > git cat-file -s 2535965e40b2fbf2bbbd4b4ac041f3c2f5e4b948 [4ms]
2024-01-16 16:32:02.218 [info] > git fetch [495ms]
2024-01-16 16:32:02.272 [info] > git config --get commit.template [27ms]
2024-01-16 16:32:02.274 [info] > git for-each-ref --format=%(refname)%00%(upstream:short)%00%(objectname)%00%(upstream:track)%00%(upstream:remotename)%00%(upstream:remoteref) refs/heads/main refs/remotes/main [3ms]
2024-01-16 16:32:02.300 [info] > git status -z -uall [2ms]
2024-01-16 16:32:03.362 [info] > git config --get commit.template [1ms]
2024-01-16 16:32:03.392 [info] > git for-each-ref --format=%(refname)%00%(upstream:short)%00%(objectname)%00%(upstream:track)%00%(upstream:remotename)%00%(upstream:remoteref) refs/heads/main refs/remotes/main [0ms]
2024-01-16 16:32:03.416 [info] > git status -z -uall [2ms]
2024-01-16 16:32:03.493 [info] > git ls-files --stage -- /home/devdragon/workspace/python/FastApliLearn/users/user_db.py [1ms]
2024-01-16 16:32:03.513 [info] > git cat-file -s 2535965e40b2fbf2bbbd4b4ac041f3c2f5e4b948 [1ms]
2024-01-16 16:32:03.535 [info] > git show --textconv :users/user_db.py [2ms]
2024-01-16 16:33:16.812 [info] > git config --local branch.main.github-pr-owner-number [1ms]
2024-01-16 16:35:02.904 [info] > git fetch [575ms]
2024-01-16 16:35:02.930 [info] > git config --get commit.template [2ms]
2024-01-16 16:35:02.953 [info] > git for-each-ref --format=%(refname)%00%(upstream:short)%00%(objectname)%00%(upstream:track)%00%(upstream:remotename)%00%(upstream:remoteref) refs/heads/main refs/remotes/main [1ms]
2024-01-16 16:35:02.972 [info] > git status -z -uall [1ms]
2024-01-16 16:35:04.027 [info] > git config --get commit.template [2ms]
2024-01-16 16:35:04.051 [info] > git for-each-ref --format=%(refname)%00%(upstream:short)%00%(objectname)%00%(upstream:track)%00%(upstream:remotename)%00%(upstream:remoteref) refs/heads/main refs/remotes/main [1ms]
2024-01-16 16:35:04.074 [info] > git status -z -uall [1ms]
2024-01-16 16:35:04.102 [info] > git ls-files --stage -- /home/devdragon/workspace/python/FastApliLearn/users/user_db.py [1ms]
2024-01-16 16:35:04.122 [info] > git cat-file -s 2535965e40b2fbf2bbbd4b4ac041f3c2f5e4b948 [2ms]
2024-01-16 16:35:04.146 [info] > git show --textconv :users/user_db.py [1ms]
2024-01-16 16:35:05.556 [info] > git show --textconv :requirements.txt [21ms]
2024-01-16 16:35:05.557 [info] > git ls-files --stage -- /home/devdragon/workspace/python/FastApliLearn/requirements.txt [2ms]
2024-01-16 16:35:05.762 [info] > git check-ignore -v -z --stdin [1ms]
2024-01-16 16:35:09.104 [info] > git config --get commit.template [1ms]
2024-01-16 16:35:09.125 [info] > git for-each-ref --format=%(refname)%00%(upstream:short)%00%(objectname)%00%(upstream:track)%00%(upstream:remotename)%00%(upstream:remoteref) refs/heads/main refs/remotes/main [2ms]
2024-01-16 16:35:09.151 [info] > git status -z -uall [1ms]
2024-01-16 16:37:05.453 [info] > git config --get commit.template [1ms]
2024-01-16 16:37:05.477 [info] > git for-each-ref --format=%(refname)%00%(upstream:short)%00%(objectname)%00%(upstream:track)%00%(upstream:remotename)%00%(upstream:remoteref) refs/heads/main refs/remotes/main [1ms]
2024-01-16 16:37:05.502 [info] > git status -z -uall [1ms]
2024-01-16 16:37:10.542 [info] > git config --get commit.template [10ms]
2024-01-16 16:37:10.590 [info] > git for-each-ref --format=%(refname)%00%(upstream:short)%00%(objectname)%00%(upstream:track)%00%(upstream:remotename)%00%(upstream:remoteref) refs/heads/main refs/remotes/main [11ms]
2024-01-16 16:37:10.617 [info] > git status -z -uall [2ms]
2024-01-16 16:37:15.649 [info] > git config --get commit.template [2ms]
2024-01-16 16:37:15.670 [info] > git for-each-ref --format=%(refname)%00%(upstream:short)%00%(objectname)%00%(upstream:track)%00%(upstream:remotename)%00%(upstream:remoteref) refs/heads/main refs/remotes/main [2ms]
2024-01-16 16:37:15.690 [info] > git status -z -uall [2ms]
2024-01-16 16:37:20.746 [info] > git config --get commit.template [26ms]
2024-01-16 16:37:20.747 [info] > git for-each-ref --format=%(refname)%00%(upstream:short)%00%(objectname)%00%(upstream:track)%00%(upstream:remotename)%00%(upstream:remoteref) refs/heads/main refs/remotes/main [3ms]
2024-01-16 16:37:20.776 [info] > git status -z -uall [2ms]
2024-01-16 16:37:45.476 [info] > git config --get commit.template [3ms]
2024-01-16 16:37:45.504 [info] > git for-each-ref --format=%(refname)%00%(upstream:short)%00%(objectname)%00%(upstream:track)%00%(upstream:remotename)%00%(upstream:remoteref) refs/heads/main refs/remotes/main [3ms]
2024-01-16 16:37:45.533 [info] > git status -z -uall [4ms]
2024-01-16 16:38:03.686 [info] > git fetch [689ms]
2024-01-16 16:38:03.708 [info] > git config --get commit.template [2ms]
2024-01-16 16:38:03.734 [info] > git for-each-ref --format=%(refname)%00%(upstream:short)%00%(objectname)%00%(upstream:track)%00%(upstream:remotename)%00%(upstream:remoteref) refs/heads/main refs/remotes/main [3ms]
2024-01-16 16:38:03.757 [info] > git status -z -uall [2ms]
2024-01-16 16:38:16.835 [info] > git config --local branch.main.github-pr-owner-number [1ms]
2024-01-16 16:41:28.642 [info] > git config --get commit.template [2ms]
2024-01-16 16:41:28.682 [info] > git ls-files --stage -- /home/devdragon/workspace/python/FastApliLearn/requirements.txt [18ms]
2024-01-16 16:41:28.683 [info] > git for-each-ref --format=%(refname)%00%(upstream:short)%00%(objectname)%00%(upstream:track)%00%(upstream:remotename)%00%(upstream:remoteref) refs/heads/main refs/remotes/main [2ms]
2024-01-16 16:41:28.725 [info] > git show --textconv :requirements.txt [21ms]
2024-01-16 16:41:28.727 [info] > git status -z -uall [3ms]
2024-01-16 16:41:29.118 [info] > git fetch [504ms]
2024-01-16 16:41:29.162 [info] > git config --get commit.template [21ms]
2024-01-16 16:41:29.162 [info] > git for-each-ref --format=%(refname)%00%(upstream:short)%00%(objectname)%00%(upstream:track)%00%(upstream:remotename)%00%(upstream:remoteref) refs/heads/main refs/remotes/main [1ms]
2024-01-16 16:41:29.182 [info] > git status -z -uall [2ms]
2024-01-16 16:41:30.364 [info] > git ls-files --stage -- /home/devdragon/workspace/python/FastApliLearn/requirements.txt [1ms]
2024-01-16 16:41:30.391 [info] > git show --textconv :requirements.txt [2ms]
2024-01-16 16:41:33.775 [info] > git config --get commit.template [21ms]
2024-01-16 16:41:33.776 [info] > git for-each-ref --format=%(refname)%00%(upstream:short)%00%(objectname)%00%(upstream:track)%00%(upstream:remotename)%00%(upstream:remoteref) refs/heads/main refs/remotes/main [2ms]
2024-01-16 16:41:33.800 [info] > git status -z -uall [2ms]
2024-01-16 16:43:16.863 [info] > git config --local branch.main.github-pr-owner-number [1ms]
2024-01-16 16:44:29.856 [info] > git fetch [642ms]
2024-01-16 16:44:29.880 [info] > git config --get commit.template [1ms]
2024-01-16 16:44:29.903 [info] > git for-each-ref --format=%(refname)%00%(upstream:short)%00%(objectname)%00%(upstream:track)%00%(upstream:remotename)%00%(upstream:remoteref) refs/heads/main refs/remotes/main [1ms]
2024-01-16 16:44:29.926 [info] > git status -z -uall [2ms]
2024-01-16 16:44:30.981 [info] > git config --get commit.template [23ms]
2024-01-16 16:44:30.982 [info] > git for-each-ref --format=%(refname)%00%(upstream:short)%00%(objectname)%00%(upstream:track)%00%(upstream:remotename)%00%(upstream:remoteref) refs/heads/main refs/remotes/main [2ms]
2024-01-16 16:44:31.007 [info] > git status -z -uall [3ms]
2024-01-16 16:44:31.052 [info] > git ls-files --stage -- /home/devdragon/workspace/python/FastApliLearn/requirements.txt [1ms]
2024-01-16 16:44:31.073 [info] > git show --textconv :requirements.txt [2ms]
2024-01-16 16:47:30.516 [info] > git fetch [565ms]
2024-01-16 16:47:30.540 [info] > git config --get commit.template [1ms]
2024-01-16 16:47:30.562 [info] > git for-each-ref --format=%(refname)%00%(upstream:short)%00%(objectname)%00%(upstream:track)%00%(upstream:remotename)%00%(upstream:remoteref) refs/heads/main refs/remotes/main [1ms]
2024-01-16 16:47:30.593 [info] > git status -z -uall [3ms]
2024-01-16 16:47:31.713 [info] > git ls-files --stage -- /home/devdragon/workspace/python/FastApliLearn/requirements.txt [2ms]
2024-01-16 16:47:31.738 [info] > git show --textconv :requirements.txt [2ms]
2024-01-16 16:48:16.890 [info] > git config --local branch.main.github-pr-owner-number [2ms]
2024-01-16 16:50:31.149 [info] > git fetch [529ms]
2024-01-16 16:50:31.187 [info] > git config --get commit.template [21ms]
2024-01-16 16:50:31.189 [info] > git for-each-ref --format=%(refname)%00%(upstream:short)%00%(objectname)%00%(upstream:track)%00%(upstream:remotename)%00%(upstream:remoteref) refs/heads/main refs/remotes/main [2ms]
2024-01-16 16:50:31.213 [info] > git status -z -uall [3ms]
2024-01-16 16:50:32.241 [info] > git config --get commit.template [1ms]
2024-01-16 16:50:32.261 [info] > git for-each-ref --format=%(refname)%00%(upstream:short)%00%(objectname)%00%(upstream:track)%00%(upstream:remotename)%00%(upstream:remoteref) refs/heads/main refs/remotes/main [2ms]
2024-01-16 16:50:32.280 [info] > git status -z -uall [2ms]
2024-01-16 16:50:32.345 [info] > git ls-files --stage -- /home/devdragon/workspace/python/FastApliLearn/requirements.txt [1ms]
2024-01-16 16:50:32.374 [info] > git show --textconv :requirements.txt [2ms]
2024-01-16 16:53:16.916 [info] > git config --local branch.main.github-pr-owner-number [1ms]
2024-01-16 16:53:31.845 [info] > git fetch [606ms]
2024-01-16 16:53:31.869 [info] > git config --get commit.template [2ms]
2024-01-16 16:53:31.891 [info] > git for-each-ref --format=%(refname)%00%(upstream:short)%00%(objectname)%00%(upstream:track)%00%(upstream:remotename)%00%(upstream:remoteref) refs/heads/main refs/remotes/main [2ms]
2024-01-16 16:53:31.915 [info] > git status -z -uall [2ms]
2024-01-16 16:53:32.969 [info] > git config --get commit.template [24ms]
2024-01-16 16:53:32.970 [info] > git for-each-ref --format=%(refname)%00%(upstream:short)%00%(objectname)%00%(upstream:track)%00%(upstream:remotename)%00%(upstream:remoteref) refs/heads/main refs/remotes/main [2ms]
2024-01-16 16:53:32.997 [info] > git status -z -uall [3ms]
2024-01-16 16:53:33.045 [info] > git ls-files --stage -- /home/devdragon/workspace/python/FastApliLearn/requirements.txt [2ms]
2024-01-16 16:53:33.070 [info] > git show --textconv :requirements.txt [2ms]
2024-01-16 16:56:32.568 [info] > git fetch [626ms]
2024-01-16 16:56:32.615 [info] > git config --get commit.template [22ms]
2024-01-16 16:56:32.616 [info] > git for-each-ref --format=%(refname)%00%(upstream:short)%00%(objectname)%00%(upstream:track)%00%(upstream:remotename)%00%(upstream:remoteref) refs/heads/main refs/remotes/main [2ms]
2024-01-16 16:56:32.641 [info] > git status -z -uall [4ms]
2024-01-16 16:56:33.766 [info] > git ls-files --stage -- /home/devdragon/workspace/python/FastApliLearn/requirements.txt [1ms]
2024-01-16 16:56:33.794 [info] > git show --textconv :requirements.txt [2ms]
2024-01-16 16:58:16.942 [info] > git config --local branch.main.github-pr-owner-number [2ms]
2024-01-16 16:59:33.207 [info] > git fetch [543ms]
2024-01-16 16:59:33.250 [info] > git config --get commit.template [22ms]
2024-01-16 16:59:33.251 [info] > git for-each-ref --format=%(refname)%00%(upstream:short)%00%(objectname)%00%(upstream:track)%00%(upstream:remotename)%00%(upstream:remoteref) refs/heads/main refs/remotes/main [2ms]
2024-01-16 16:59:33.274 [info] > git status -z -uall [2ms]
2024-01-16 16:59:34.326 [info] > git config --get commit.template [23ms]
2024-01-16 16:59:34.327 [info] > git for-each-ref --format=%(refname)%00%(upstream:short)%00%(objectname)%00%(upstream:track)%00%(upstream:remotename)%00%(upstream:remoteref) refs/heads/main refs/remotes/main [2ms]
2024-01-16 16:59:34.352 [info] > git status -z -uall [3ms]
2024-01-16 16:59:34.400 [info] > git ls-files --stage -- /home/devdragon/workspace/python/FastApliLearn/requirements.txt [1ms]
2024-01-16 16:59:34.424 [info] > git show --textconv :requirements.txt [1ms]
2024-01-16 17:02:33.931 [info] > git fetch [630ms]
2024-01-16 17:02:33.972 [info] > git config --get commit.template [19ms]
2024-01-16 17:02:33.973 [info] > git for-each-ref --format=%(refname)%00%(upstream:short)%00%(objectname)%00%(upstream:track)%00%(upstream:remotename)%00%(upstream:remoteref) refs/heads/main refs/remotes/main [2ms]
2024-01-16 17:02:33.992 [info] > git status -z -uall [2ms]
2024-01-16 17:02:35.046 [info] > git config --get commit.template [20ms]
2024-01-16 17:02:35.046 [info] > git for-each-ref --format=%(refname)%00%(upstream:short)%00%(objectname)%00%(upstream:track)%00%(upstream:remotename)%00%(upstream:remoteref) refs/heads/main refs/remotes/main [1ms]
2024-01-16 17:02:35.071 [info] > git status -z -uall [1ms]
2024-01-16 17:02:35.132 [info] > git ls-files --stage -- /home/devdragon/workspace/python/FastApliLearn/requirements.txt [2ms]
2024-01-16 17:02:35.153 [info] > git show --textconv :requirements.txt [2ms]
2024-01-16 17:03:16.967 [info] > git config --local branch.main.github-pr-owner-number [3ms]
2024-01-16 17:05:34.759 [info] > git fetch [740ms]
2024-01-16 17:05:34.807 [info] > git config --get commit.template [23ms]
2024-01-16 17:05:34.807 [info] > git for-each-ref --format=%(refname)%00%(upstream:short)%00%(objectname)%00%(upstream:track)%00%(upstream:remotename)%00%(upstream:remoteref) refs/heads/main refs/remotes/main [2ms]
2024-01-16 17:05:34.836 [info] > git status -z -uall [3ms]
2024-01-16 17:05:35.963 [info] > git ls-files --stage -- /home/devdragon/workspace/python/FastApliLearn/requirements.txt [2ms]
2024-01-16 17:05:35.991 [info] > git show --textconv :requirements.txt [2ms]
2024-01-16 17:08:16.993 [info] > git config --local branch.main.github-pr-owner-number [1ms]
2024-01-16 17:08:35.394 [info] > git fetch [530ms]
2024-01-16 17:08:35.446 [info] > git config --get commit.template [26ms]
2024-01-16 17:08:35.447 [info] > git for-each-ref --format=%(refname)%00%(upstream:short)%00%(objectname)%00%(upstream:track)%00%(upstream:remotename)%00%(upstream:remoteref) refs/heads/main refs/remotes/main [2ms]
2024-01-16 17:08:35.475 [info] > git status -z -uall [3ms]
2024-01-16 17:08:36.602 [info] > git ls-files --stage -- /home/devdragon/workspace/python/FastApliLearn/requirements.txt [2ms]
2024-01-16 17:08:36.627 [info] > git show --textconv :requirements.txt [1ms]
2024-01-16 17:11:36.234 [info] > git fetch [735ms]
2024-01-16 17:11:36.270 [info] > git config --get commit.template [18ms]
2024-01-16 17:11:36.272 [info] > git for-each-ref --format=%(refname)%00%(upstream:short)%00%(objectname)%00%(upstream:track)%00%(upstream:remotename)%00%(upstream:remoteref) refs/heads/main refs/remotes/main [3ms]
2024-01-16 17:11:36.301 [info] > git status -z -uall [2ms]
2024-01-16 17:11:37.354 [info] > git config --get commit.template [25ms]
2024-01-16 17:11:37.355 [info] > git for-each-ref --format=%(refname)%00%(upstream:short)%00%(objectname)%00%(upstream:track)%00%(upstream:remotename)%00%(upstream:remoteref) refs/heads/main refs/remotes/main [2ms]
2024-01-16 17:11:37.383 [info] > git status -z -uall [3ms]
2024-01-16 17:11:37.433 [info] > git ls-files --stage -- /home/devdragon/workspace/python/FastApliLearn/requirements.txt [2ms]
2024-01-16 17:11:37.456 [info] > git show --textconv :requirements.txt [1ms]
