2024-01-17 13:01:59.155 [warning] [mypy-type-checker]: No se encontró un mensaje para la clave settings.cwd.description.
2024-01-17 13:01:59.155 [warning] [mypy-type-checker]: No se encontró un mensaje para la clave settings.ignorePatterns.description.
2024-01-17 13:01:59.201 [warning] [mypy-type-checker]: No se encontró un mensaje para la clave settings.cwd.description.
2024-01-17 13:01:59.201 [warning] [mypy-type-checker]: No se encontró un mensaje para la clave settings.ignorePatterns.description.
2024-01-17 13:01:59.213 [warning] [mypy-type-checker]: No se encontró un mensaje para la clave settings.cwd.description.
2024-01-17 13:01:59.213 [warning] [mypy-type-checker]: No se encontró un mensaje para la clave settings.ignorePatterns.description.
2024-01-17 13:01:59.222 [warning] [mypy-type-checker]: No se encontró un mensaje para la clave settings.cwd.description.
2024-01-17 13:01:59.222 [warning] [mypy-type-checker]: No se encontró un mensaje para la clave settings.ignorePatterns.description.
2024-01-17 13:01:59.412 [warning] [mypy-type-checker]: No se encontró un mensaje para la clave settings.cwd.description.
2024-01-17 13:01:59.413 [warning] [mypy-type-checker]: No se encontró un mensaje para la clave settings.ignorePatterns.description.
2024-01-17 13:01:59.428 [warning] [mypy-type-checker]: No se encontró un mensaje para la clave settings.cwd.description.
2024-01-17 13:01:59.428 [warning] [mypy-type-checker]: No se encontró un mensaje para la clave settings.ignorePatterns.description.
2024-01-17 13:01:59.545 [warning] [mypy-type-checker]: No se encontró un mensaje para la clave settings.cwd.description.
2024-01-17 13:01:59.546 [warning] [mypy-type-checker]: No se encontró un mensaje para la clave settings.ignorePatterns.description.
2024-01-17 13:01:59.632 [warning] [mypy-type-checker]: No se encontró un mensaje para la clave settings.cwd.description.
2024-01-17 13:01:59.635 [warning] [mypy-type-checker]: No se encontró un mensaje para la clave settings.ignorePatterns.description.
2024-01-17 13:01:59.864 [warning] [mypy-type-checker]: No se encontró un mensaje para la clave settings.cwd.description.
2024-01-17 13:01:59.866 [warning] [mypy-type-checker]: No se encontró un mensaje para la clave settings.ignorePatterns.description.
2024-01-17 13:02:05.482 [warning] [mypy-type-checker]: No se encontró un mensaje para la clave settings.cwd.description.
2024-01-17 13:02:05.482 [warning] [mypy-type-checker]: No se encontró un mensaje para la clave settings.ignorePatterns.description.
2024-01-17 13:02:05.796 [info] Deleted uninstalled extension from disk ms-ceintl.vscode-language-pack-es /home/devdragon/.vscode/extensions/ms-ceintl.vscode-language-pack-es-1.85.2024011009
2024-01-17 13:02:05.839 [info] Deleted uninstalled extension from disk tabnine.tabnine-vscode /home/devdragon/.vscode/extensions/tabnine.tabnine-vscode-3.61.0
2024-01-17 13:02:05.919 [warning] [mypy-type-checker]: No se encontró un mensaje para la clave settings.cwd.description.
2024-01-17 13:02:05.919 [warning] [mypy-type-checker]: No se encontró un mensaje para la clave settings.ignorePatterns.description.
2024-01-17 13:02:05.941 [warning] [mypy-type-checker]: No se encontró un mensaje para la clave settings.cwd.description.
2024-01-17 13:02:05.941 [warning] [mypy-type-checker]: No se encontró un mensaje para la clave settings.ignorePatterns.description.
2024-01-17 13:02:06.034 [error] [uncaught exception in sharedProcess]: Error: ENOENT: no such file or directory, stat '/home/devdragon/.vscode/extensions/tabnine.tabnine-vscode-3.61.0.331aa973.vsctmp': EntryNotFound (FileSystemError): Error: ENOENT: no such file or directory, stat '/home/devdragon/.vscode/extensions/tabnine.tabnine-vscode-3.61.0.331aa973.vsctmp'
    at r.create (/opt/visual-studio-code/resources/app/out/vs/code/node/sharedProcess/sharedProcessMain.js:51:30056)
    at a (/opt/visual-studio-code/resources/app/out/vs/code/node/sharedProcess/sharedProcessMain.js:51:30170)
    at s.fb (/opt/visual-studio-code/resources/app/out/vs/code/node/sharedProcess/sharedProcessMain.js:56:36175)
    at s.stat (/opt/visual-studio-code/resources/app/out/vs/code/node/sharedProcess/sharedProcessMain.js:56:28621)
    at async E.stat (/opt/visual-studio-code/resources/app/out/vs/code/node/sharedProcess/sharedProcessMain.js:56:15732)
    at async Y.tb (/opt/visual-studio-code/resources/app/out/vs/code/node/sharedProcess/sharedProcessMain.js:100:111319)
2024-01-17 13:02:06.484 [info] Deleted uninstalled extension from disk postman.postman-for-vscode /home/devdragon/.vscode/extensions/postman.postman-for-vscode-0.17.0
2024-01-17 13:02:06.617 [warning] [mypy-type-checker]: No se encontró un mensaje para la clave settings.cwd.description.
2024-01-17 13:02:06.620 [warning] [mypy-type-checker]: No se encontró un mensaje para la clave settings.ignorePatterns.description.
2024-01-17 13:02:06.961 [info] Deleted uninstalled extension from disk wallabyjs.console-ninja /home/devdragon/.vscode/extensions/wallabyjs.console-ninja-1.0.273
2024-01-17 13:02:06.961 [info] Deleted uninstalled extension from disk angular.ng-template /home/devdragon/.vscode/extensions/angular.ng-template-17.0.3
2024-01-17 13:02:07.099 [warning] [mypy-type-checker]: No se encontró un mensaje para la clave settings.cwd.description.
2024-01-17 13:02:07.099 [warning] [mypy-type-checker]: No se encontró un mensaje para la clave settings.ignorePatterns.description.
2024-01-17 13:02:07.469 [warning] [mypy-type-checker]: No se encontró un mensaje para la clave settings.cwd.description.
2024-01-17 13:02:07.469 [warning] [mypy-type-checker]: No se encontró un mensaje para la clave settings.ignorePatterns.description.
2024-01-17 13:02:07.819 [warning] [mypy-type-checker]: No se encontró un mensaje para la clave settings.cwd.description.
2024-01-17 13:02:07.819 [warning] [mypy-type-checker]: No se encontró un mensaje para la clave settings.ignorePatterns.description.
2024-01-17 13:02:08.286 [warning] [mypy-type-checker]: No se encontró un mensaje para la clave settings.cwd.description.
2024-01-17 13:02:08.287 [warning] [mypy-type-checker]: No se encontró un mensaje para la clave settings.ignorePatterns.description.
2024-01-17 13:02:08.561 [warning] [mypy-type-checker]: No se encontró un mensaje para la clave settings.cwd.description.
2024-01-17 13:02:08.561 [warning] [mypy-type-checker]: No se encontró un mensaje para la clave settings.ignorePatterns.description.
2024-01-17 13:02:08.791 [warning] [mypy-type-checker]: No se encontró un mensaje para la clave settings.cwd.description.
2024-01-17 13:02:08.791 [warning] [mypy-type-checker]: No se encontró un mensaje para la clave settings.ignorePatterns.description.
2024-01-17 13:02:12.643 [warning] [mypy-type-checker]: No se encontró un mensaje para la clave settings.cwd.description.
2024-01-17 13:02:12.644 [warning] [mypy-type-checker]: No se encontró un mensaje para la clave settings.ignorePatterns.description.
2024-01-17 13:02:30.213 [warning] [mypy-type-checker]: No se encontró un mensaje para la clave settings.cwd.description.
2024-01-17 13:02:30.214 [warning] [mypy-type-checker]: No se encontró un mensaje para la clave settings.ignorePatterns.description.
2024-01-17 13:07:14.047 [warning] [mypy-type-checker]: No se encontró un mensaje para la clave settings.cwd.description.
2024-01-17 13:07:14.243 [warning] [mypy-type-checker]: No se encontró un mensaje para la clave settings.ignorePatterns.description.
2024-01-17 13:07:34.432 [warning] [mypy-type-checker]: No se encontró un mensaje para la clave settings.cwd.description.
2024-01-17 13:07:34.434 [warning] [mypy-type-checker]: No se encontró un mensaje para la clave settings.ignorePatterns.description.
2024-01-17 13:12:15.383 [warning] [mypy-type-checker]: No se encontró un mensaje para la clave settings.cwd.description.
2024-01-17 13:12:15.406 [warning] [mypy-type-checker]: No se encontró un mensaje para la clave settings.ignorePatterns.description.
2024-01-17 13:12:35.886 [warning] [mypy-type-checker]: No se encontró un mensaje para la clave settings.cwd.description.
2024-01-17 13:12:35.886 [warning] [mypy-type-checker]: No se encontró un mensaje para la clave settings.ignorePatterns.description.
2024-01-17 13:17:15.612 [warning] [mypy-type-checker]: No se encontró un mensaje para la clave settings.cwd.description.
2024-01-17 13:17:15.613 [warning] [mypy-type-checker]: No se encontró un mensaje para la clave settings.ignorePatterns.description.
2024-01-17 13:17:36.667 [warning] [mypy-type-checker]: No se encontró un mensaje para la clave settings.cwd.description.
2024-01-17 13:17:36.667 [warning] [mypy-type-checker]: No se encontró un mensaje para la clave settings.ignorePatterns.description.
2024-01-17 13:22:15.771 [warning] [mypy-type-checker]: No se encontró un mensaje para la clave settings.cwd.description.
2024-01-17 13:22:15.771 [warning] [mypy-type-checker]: No se encontró un mensaje para la clave settings.ignorePatterns.description.
2024-01-17 13:22:38.010 [warning] [mypy-type-checker]: No se encontró un mensaje para la clave settings.cwd.description.
2024-01-17 13:22:38.011 [warning] [mypy-type-checker]: No se encontró un mensaje para la clave settings.ignorePatterns.description.
2024-01-17 13:27:16.117 [warning] [mypy-type-checker]: No se encontró un mensaje para la clave settings.cwd.description.
2024-01-17 13:27:16.118 [warning] [mypy-type-checker]: No se encontró un mensaje para la clave settings.ignorePatterns.description.
2024-01-17 13:27:39.090 [warning] [mypy-type-checker]: No se encontró un mensaje para la clave settings.cwd.description.
2024-01-17 13:27:39.090 [warning] [mypy-type-checker]: No se encontró un mensaje para la clave settings.ignorePatterns.description.
2024-01-17 13:32:16.286 [warning] [mypy-type-checker]: No se encontró un mensaje para la clave settings.cwd.description.
2024-01-17 13:32:16.287 [warning] [mypy-type-checker]: No se encontró un mensaje para la clave settings.ignorePatterns.description.
2024-01-17 13:32:39.825 [warning] [mypy-type-checker]: No se encontró un mensaje para la clave settings.cwd.description.
2024-01-17 13:32:39.826 [warning] [mypy-type-checker]: No se encontró un mensaje para la clave settings.ignorePatterns.description.
2024-01-17 13:37:16.451 [warning] [mypy-type-checker]: No se encontró un mensaje para la clave settings.cwd.description.
2024-01-17 13:37:16.451 [warning] [mypy-type-checker]: No se encontró un mensaje para la clave settings.ignorePatterns.description.
2024-01-17 13:37:40.668 [warning] [mypy-type-checker]: No se encontró un mensaje para la clave settings.cwd.description.
2024-01-17 13:37:40.668 [warning] [mypy-type-checker]: No se encontró un mensaje para la clave settings.ignorePatterns.description.
2024-01-17 13:42:16.620 [warning] [mypy-type-checker]: No se encontró un mensaje para la clave settings.cwd.description.
2024-01-17 13:42:16.621 [warning] [mypy-type-checker]: No se encontró un mensaje para la clave settings.ignorePatterns.description.
2024-01-17 13:42:41.587 [warning] [mypy-type-checker]: No se encontró un mensaje para la clave settings.cwd.description.
2024-01-17 13:42:41.587 [warning] [mypy-type-checker]: No se encontró un mensaje para la clave settings.ignorePatterns.description.
2024-01-17 13:47:16.812 [warning] [mypy-type-checker]: No se encontró un mensaje para la clave settings.cwd.description.
2024-01-17 13:47:16.812 [warning] [mypy-type-checker]: No se encontró un mensaje para la clave settings.ignorePatterns.description.
2024-01-17 13:47:42.480 [warning] [mypy-type-checker]: No se encontró un mensaje para la clave settings.cwd.description.
2024-01-17 13:47:42.480 [warning] [mypy-type-checker]: No se encontró un mensaje para la clave settings.ignorePatterns.description.
2024-01-17 13:52:17.124 [warning] [mypy-type-checker]: No se encontró un mensaje para la clave settings.cwd.description.
2024-01-17 13:52:17.143 [warning] [mypy-type-checker]: No se encontró un mensaje para la clave settings.ignorePatterns.description.
2024-01-17 13:52:44.602 [warning] [mypy-type-checker]: No se encontró un mensaje para la clave settings.cwd.description.
2024-01-17 13:52:44.603 [warning] [mypy-type-checker]: No se encontró un mensaje para la clave settings.ignorePatterns.description.
2024-01-17 13:57:19.884 [warning] [mypy-type-checker]: No se encontró un mensaje para la clave settings.cwd.description.
2024-01-17 13:57:19.885 [warning] [mypy-type-checker]: No se encontró un mensaje para la clave settings.ignorePatterns.description.
2024-01-17 13:57:47.146 [warning] [mypy-type-checker]: No se encontró un mensaje para la clave settings.cwd.description.
2024-01-17 13:57:47.146 [warning] [mypy-type-checker]: No se encontró un mensaje para la clave settings.ignorePatterns.description.
2024-01-17 14:02:20.313 [warning] [mypy-type-checker]: No se encontró un mensaje para la clave settings.cwd.description.
2024-01-17 14:02:20.470 [warning] [mypy-type-checker]: No se encontró un mensaje para la clave settings.ignorePatterns.description.
2024-01-17 14:02:48.460 [warning] [mypy-type-checker]: No se encontró un mensaje para la clave settings.cwd.description.
2024-01-17 14:02:48.461 [warning] [mypy-type-checker]: No se encontró un mensaje para la clave settings.ignorePatterns.description.
2024-01-17 14:07:20.622 [warning] [mypy-type-checker]: No se encontró un mensaje para la clave settings.cwd.description.
2024-01-17 14:07:20.622 [warning] [mypy-type-checker]: No se encontró un mensaje para la clave settings.ignorePatterns.description.
2024-01-17 14:07:49.375 [warning] [mypy-type-checker]: No se encontró un mensaje para la clave settings.cwd.description.
2024-01-17 14:07:49.375 [warning] [mypy-type-checker]: No se encontró un mensaje para la clave settings.ignorePatterns.description.
2024-01-17 14:12:20.798 [warning] [mypy-type-checker]: No se encontró un mensaje para la clave settings.cwd.description.
2024-01-17 14:12:20.799 [warning] [mypy-type-checker]: No se encontró un mensaje para la clave settings.ignorePatterns.description.
2024-01-17 14:12:50.160 [warning] [mypy-type-checker]: No se encontró un mensaje para la clave settings.cwd.description.
2024-01-17 14:12:50.160 [warning] [mypy-type-checker]: No se encontró un mensaje para la clave settings.ignorePatterns.description.
2024-01-17 14:17:20.960 [warning] [mypy-type-checker]: No se encontró un mensaje para la clave settings.cwd.description.
2024-01-17 14:17:20.960 [warning] [mypy-type-checker]: No se encontró un mensaje para la clave settings.ignorePatterns.description.
2024-01-17 14:17:47.316 [warning] [mypy-type-checker]: No se encontró un mensaje para la clave settings.cwd.description.
2024-01-17 14:17:47.318 [warning] [mypy-type-checker]: No se encontró un mensaje para la clave settings.ignorePatterns.description.
2024-01-17 14:17:48.936 [warning] [mypy-type-checker]: No se encontró un mensaje para la clave settings.cwd.description.
2024-01-17 14:17:48.937 [warning] [mypy-type-checker]: No se encontró un mensaje para la clave settings.ignorePatterns.description.
2024-01-17 14:17:50.348 [warning] [mypy-type-checker]: No se encontró un mensaje para la clave settings.cwd.description.
2024-01-17 14:17:50.350 [warning] [mypy-type-checker]: No se encontró un mensaje para la clave settings.ignorePatterns.description.
2024-01-17 14:17:50.764 [warning] [mypy-type-checker]: No se encontró un mensaje para la clave settings.cwd.description.
2024-01-17 14:17:50.764 [warning] [mypy-type-checker]: No se encontró un mensaje para la clave settings.ignorePatterns.description.
2024-01-17 14:17:50.957 [warning] [mypy-type-checker]: No se encontró un mensaje para la clave settings.cwd.description.
2024-01-17 14:17:50.958 [warning] [mypy-type-checker]: No se encontró un mensaje para la clave settings.ignorePatterns.description.
2024-01-17 14:17:50.995 [warning] [mypy-type-checker]: No se encontró un mensaje para la clave settings.cwd.description.
2024-01-17 14:17:50.996 [warning] [mypy-type-checker]: No se encontró un mensaje para la clave settings.ignorePatterns.description.
2024-01-17 14:17:51.041 [warning] [mypy-type-checker]: No se encontró un mensaje para la clave settings.cwd.description.
2024-01-17 14:17:51.054 [warning] [mypy-type-checker]: No se encontró un mensaje para la clave settings.ignorePatterns.description.
2024-01-17 14:17:51.897 [warning] [mypy-type-checker]: No se encontró un mensaje para la clave settings.cwd.description.
2024-01-17 14:17:51.897 [warning] [mypy-type-checker]: No se encontró un mensaje para la clave settings.ignorePatterns.description.
2024-01-17 14:17:51.964 [warning] [mypy-type-checker]: No se encontró un mensaje para la clave settings.cwd.description.
2024-01-17 14:17:51.964 [warning] [mypy-type-checker]: No se encontró un mensaje para la clave settings.ignorePatterns.description.
2024-01-17 14:17:52.054 [warning] [mypy-type-checker]: No se encontró un mensaje para la clave settings.cwd.description.
2024-01-17 14:17:52.054 [warning] [mypy-type-checker]: No se encontró un mensaje para la clave settings.ignorePatterns.description.
2024-01-17 14:17:52.227 [warning] [mypy-type-checker]: No se encontró un mensaje para la clave settings.cwd.description.
2024-01-17 14:17:52.227 [warning] [mypy-type-checker]: No se encontró un mensaje para la clave settings.ignorePatterns.description.
2024-01-17 14:17:52.475 [warning] [mypy-type-checker]: No se encontró un mensaje para la clave settings.cwd.description.
2024-01-17 14:17:52.475 [warning] [mypy-type-checker]: No se encontró un mensaje para la clave settings.ignorePatterns.description.
2024-01-17 14:17:52.706 [warning] [mypy-type-checker]: No se encontró un mensaje para la clave settings.cwd.description.
2024-01-17 14:17:52.707 [warning] [mypy-type-checker]: No se encontró un mensaje para la clave settings.ignorePatterns.description.
2024-01-17 14:17:53.101 [warning] [mypy-type-checker]: No se encontró un mensaje para la clave settings.cwd.description.
2024-01-17 14:17:53.104 [warning] [mypy-type-checker]: No se encontró un mensaje para la clave settings.ignorePatterns.description.
2024-01-17 14:17:57.265 [warning] [mypy-type-checker]: No se encontró un mensaje para la clave settings.cwd.description.
2024-01-17 14:17:57.266 [warning] [mypy-type-checker]: No se encontró un mensaje para la clave settings.ignorePatterns.description.
2024-01-17 14:17:57.556 [warning] [mypy-type-checker]: No se encontró un mensaje para la clave settings.cwd.description.
2024-01-17 14:17:57.556 [warning] [mypy-type-checker]: No se encontró un mensaje para la clave settings.ignorePatterns.description.
2024-01-17 14:18:16.149 [warning] [mypy-type-checker]: No se encontró un mensaje para la clave settings.cwd.description.
2024-01-17 14:18:16.149 [warning] [mypy-type-checker]: No se encontró un mensaje para la clave settings.ignorePatterns.description.
2024-01-17 14:19:02.538 [warning] [mypy-type-checker]: No se encontró un mensaje para la clave settings.cwd.description.
2024-01-17 14:19:02.539 [warning] [mypy-type-checker]: No se encontró un mensaje para la clave settings.ignorePatterns.description.
2024-01-17 14:19:18.423 [warning] [mypy-type-checker]: No se encontró un mensaje para la clave settings.cwd.description.
2024-01-17 14:19:18.424 [warning] [mypy-type-checker]: No se encontró un mensaje para la clave settings.ignorePatterns.description.
2024-01-17 14:20:32.240 [warning] [mypy-type-checker]: No se encontró un mensaje para la clave settings.cwd.description.
2024-01-17 14:20:32.240 [warning] [mypy-type-checker]: No se encontró un mensaje para la clave settings.ignorePatterns.description.
2024-01-17 14:20:47.947 [warning] [mypy-type-checker]: No se encontró un mensaje para la clave settings.cwd.description.
2024-01-17 14:20:47.947 [warning] [mypy-type-checker]: No se encontró un mensaje para la clave settings.ignorePatterns.description.
2024-01-17 14:21:37.242 [warning] [mypy-type-checker]: No se encontró un mensaje para la clave settings.cwd.description.
2024-01-17 14:21:37.242 [warning] [mypy-type-checker]: No se encontró un mensaje para la clave settings.ignorePatterns.description.
2024-01-17 14:22:52.276 [warning] [mypy-type-checker]: No se encontró un mensaje para la clave settings.cwd.description.
2024-01-17 14:22:52.276 [warning] [mypy-type-checker]: No se encontró un mensaje para la clave settings.ignorePatterns.description.
2024-01-17 14:26:37.913 [warning] [mypy-type-checker]: No se encontró un mensaje para la clave settings.cwd.description.
2024-01-17 14:26:37.914 [warning] [mypy-type-checker]: No se encontró un mensaje para la clave settings.ignorePatterns.description.
2024-01-17 14:27:52.702 [warning] [mypy-type-checker]: No se encontró un mensaje para la clave settings.cwd.description.
2024-01-17 14:27:52.702 [warning] [mypy-type-checker]: No se encontró un mensaje para la clave settings.ignorePatterns.description.
2024-01-17 14:31:38.842 [warning] [mypy-type-checker]: No se encontró un mensaje para la clave settings.cwd.description.
2024-01-17 14:31:38.843 [warning] [mypy-type-checker]: No se encontró un mensaje para la clave settings.ignorePatterns.description.
2024-01-17 14:32:52.835 [warning] [mypy-type-checker]: No se encontró un mensaje para la clave settings.cwd.description.
2024-01-17 14:32:52.835 [warning] [mypy-type-checker]: No se encontró un mensaje para la clave settings.ignorePatterns.description.
2024-01-17 14:36:39.667 [warning] [mypy-type-checker]: No se encontró un mensaje para la clave settings.cwd.description.
2024-01-17 14:36:39.667 [warning] [mypy-type-checker]: No se encontró un mensaje para la clave settings.ignorePatterns.description.
2024-01-17 14:37:52.978 [warning] [mypy-type-checker]: No se encontró un mensaje para la clave settings.cwd.description.
2024-01-17 14:37:52.979 [warning] [mypy-type-checker]: No se encontró un mensaje para la clave settings.ignorePatterns.description.
2024-01-17 14:41:40.457 [warning] [mypy-type-checker]: No se encontró un mensaje para la clave settings.cwd.description.
2024-01-17 14:41:40.457 [warning] [mypy-type-checker]: No se encontró un mensaje para la clave settings.ignorePatterns.description.
2024-01-17 14:42:53.148 [warning] [mypy-type-checker]: No se encontró un mensaje para la clave settings.cwd.description.
2024-01-17 14:42:53.148 [warning] [mypy-type-checker]: No se encontró un mensaje para la clave settings.ignorePatterns.description.
2024-01-17 14:46:41.235 [warning] [mypy-type-checker]: No se encontró un mensaje para la clave settings.cwd.description.
2024-01-17 14:46:41.235 [warning] [mypy-type-checker]: No se encontró un mensaje para la clave settings.ignorePatterns.description.
2024-01-17 14:47:53.337 [warning] [mypy-type-checker]: No se encontró un mensaje para la clave settings.cwd.description.
2024-01-17 14:47:53.337 [warning] [mypy-type-checker]: No se encontró un mensaje para la clave settings.ignorePatterns.description.
2024-01-17 14:51:41.956 [warning] [mypy-type-checker]: No se encontró un mensaje para la clave settings.cwd.description.
2024-01-17 14:51:41.957 [warning] [mypy-type-checker]: No se encontró un mensaje para la clave settings.ignorePatterns.description.
2024-01-17 14:52:53.498 [warning] [mypy-type-checker]: No se encontró un mensaje para la clave settings.cwd.description.
2024-01-17 14:52:53.498 [warning] [mypy-type-checker]: No se encontró un mensaje para la clave settings.ignorePatterns.description.
2024-01-17 14:56:42.759 [warning] [mypy-type-checker]: No se encontró un mensaje para la clave settings.cwd.description.
2024-01-17 14:56:42.760 [warning] [mypy-type-checker]: No se encontró un mensaje para la clave settings.ignorePatterns.description.
2024-01-17 14:57:53.628 [warning] [mypy-type-checker]: No se encontró un mensaje para la clave settings.cwd.description.
2024-01-17 14:57:53.628 [warning] [mypy-type-checker]: No se encontró un mensaje para la clave settings.ignorePatterns.description.
2024-01-17 15:01:43.446 [warning] [mypy-type-checker]: No se encontró un mensaje para la clave settings.cwd.description.
2024-01-17 15:01:43.446 [warning] [mypy-type-checker]: No se encontró un mensaje para la clave settings.ignorePatterns.description.
2024-01-17 15:02:53.781 [warning] [mypy-type-checker]: No se encontró un mensaje para la clave settings.cwd.description.
2024-01-17 15:02:53.782 [warning] [mypy-type-checker]: No se encontró un mensaje para la clave settings.ignorePatterns.description.
2024-01-17 15:06:44.133 [warning] [mypy-type-checker]: No se encontró un mensaje para la clave settings.cwd.description.
2024-01-17 15:06:44.133 [warning] [mypy-type-checker]: No se encontró un mensaje para la clave settings.ignorePatterns.description.
2024-01-17 15:07:53.921 [warning] [mypy-type-checker]: No se encontró un mensaje para la clave settings.cwd.description.
2024-01-17 15:07:53.922 [warning] [mypy-type-checker]: No se encontró un mensaje para la clave settings.ignorePatterns.description.
2024-01-17 15:11:44.994 [warning] [mypy-type-checker]: No se encontró un mensaje para la clave settings.cwd.description.
2024-01-17 15:11:44.995 [warning] [mypy-type-checker]: No se encontró un mensaje para la clave settings.ignorePatterns.description.
2024-01-17 15:12:54.067 [warning] [mypy-type-checker]: No se encontró un mensaje para la clave settings.cwd.description.
2024-01-17 15:12:54.067 [warning] [mypy-type-checker]: No se encontró un mensaje para la clave settings.ignorePatterns.description.
2024-01-17 15:16:45.841 [warning] [mypy-type-checker]: No se encontró un mensaje para la clave settings.cwd.description.
2024-01-17 15:16:45.841 [warning] [mypy-type-checker]: No se encontró un mensaje para la clave settings.ignorePatterns.description.
2024-01-17 15:17:54.227 [warning] [mypy-type-checker]: No se encontró un mensaje para la clave settings.cwd.description.
2024-01-17 15:17:54.228 [warning] [mypy-type-checker]: No se encontró un mensaje para la clave settings.ignorePatterns.description.
2024-01-17 15:21:46.581 [warning] [mypy-type-checker]: No se encontró un mensaje para la clave settings.cwd.description.
2024-01-17 15:21:46.581 [warning] [mypy-type-checker]: No se encontró un mensaje para la clave settings.ignorePatterns.description.
2024-01-17 15:22:54.370 [warning] [mypy-type-checker]: No se encontró un mensaje para la clave settings.cwd.description.
2024-01-17 15:22:54.371 [warning] [mypy-type-checker]: No se encontró un mensaje para la clave settings.ignorePatterns.description.
2024-01-17 15:26:47.314 [warning] [mypy-type-checker]: No se encontró un mensaje para la clave settings.cwd.description.
2024-01-17 15:26:47.315 [warning] [mypy-type-checker]: No se encontró un mensaje para la clave settings.ignorePatterns.description.
2024-01-17 15:27:54.743 [warning] [mypy-type-checker]: No se encontró un mensaje para la clave settings.cwd.description.
2024-01-17 15:27:54.744 [warning] [mypy-type-checker]: No se encontró un mensaje para la clave settings.ignorePatterns.description.
2024-01-17 15:31:47.992 [warning] [mypy-type-checker]: No se encontró un mensaje para la clave settings.cwd.description.
2024-01-17 15:31:47.992 [warning] [mypy-type-checker]: No se encontró un mensaje para la clave settings.ignorePatterns.description.
2024-01-17 15:32:54.922 [warning] [mypy-type-checker]: No se encontró un mensaje para la clave settings.cwd.description.
2024-01-17 15:32:54.923 [warning] [mypy-type-checker]: No se encontró un mensaje para la clave settings.ignorePatterns.description.
2024-01-17 15:36:48.746 [warning] [mypy-type-checker]: No se encontró un mensaje para la clave settings.cwd.description.
2024-01-17 15:36:48.746 [warning] [mypy-type-checker]: No se encontró un mensaje para la clave settings.ignorePatterns.description.
2024-01-17 15:37:55.118 [warning] [mypy-type-checker]: No se encontró un mensaje para la clave settings.cwd.description.
2024-01-17 15:37:55.118 [warning] [mypy-type-checker]: No se encontró un mensaje para la clave settings.ignorePatterns.description.
2024-01-17 15:41:49.451 [warning] [mypy-type-checker]: No se encontró un mensaje para la clave settings.cwd.description.
2024-01-17 15:41:49.452 [warning] [mypy-type-checker]: No se encontró un mensaje para la clave settings.ignorePatterns.description.
2024-01-17 15:42:55.273 [warning] [mypy-type-checker]: No se encontró un mensaje para la clave settings.cwd.description.
2024-01-17 15:42:55.273 [warning] [mypy-type-checker]: No se encontró un mensaje para la clave settings.ignorePatterns.description.
2024-01-17 15:46:50.205 [warning] [mypy-type-checker]: No se encontró un mensaje para la clave settings.cwd.description.
2024-01-17 15:46:50.205 [warning] [mypy-type-checker]: No se encontró un mensaje para la clave settings.ignorePatterns.description.
2024-01-17 15:47:55.549 [warning] [mypy-type-checker]: No se encontró un mensaje para la clave settings.cwd.description.
2024-01-17 15:47:55.549 [warning] [mypy-type-checker]: No se encontró un mensaje para la clave settings.ignorePatterns.description.
2024-01-17 15:51:51.039 [warning] [mypy-type-checker]: No se encontró un mensaje para la clave settings.cwd.description.
2024-01-17 15:51:51.039 [warning] [mypy-type-checker]: No se encontró un mensaje para la clave settings.ignorePatterns.description.
2024-01-17 15:52:55.691 [warning] [mypy-type-checker]: No se encontró un mensaje para la clave settings.cwd.description.
2024-01-17 15:52:55.691 [warning] [mypy-type-checker]: No se encontró un mensaje para la clave settings.ignorePatterns.description.
2024-01-17 15:56:52.118 [warning] [mypy-type-checker]: No se encontró un mensaje para la clave settings.cwd.description.
2024-01-17 15:56:52.118 [warning] [mypy-type-checker]: No se encontró un mensaje para la clave settings.ignorePatterns.description.
2024-01-17 15:57:55.842 [warning] [mypy-type-checker]: No se encontró un mensaje para la clave settings.cwd.description.
2024-01-17 15:57:55.842 [warning] [mypy-type-checker]: No se encontró un mensaje para la clave settings.ignorePatterns.description.
2024-01-17 16:01:52.800 [warning] [mypy-type-checker]: No se encontró un mensaje para la clave settings.cwd.description.
2024-01-17 16:01:52.801 [warning] [mypy-type-checker]: No se encontró un mensaje para la clave settings.ignorePatterns.description.
2024-01-17 16:02:55.991 [warning] [mypy-type-checker]: No se encontró un mensaje para la clave settings.cwd.description.
2024-01-17 16:02:55.991 [warning] [mypy-type-checker]: No se encontró un mensaje para la clave settings.ignorePatterns.description.
2024-01-17 16:06:53.484 [warning] [mypy-type-checker]: No se encontró un mensaje para la clave settings.cwd.description.
2024-01-17 16:06:53.485 [warning] [mypy-type-checker]: No se encontró un mensaje para la clave settings.ignorePatterns.description.
2024-01-17 16:07:56.185 [warning] [mypy-type-checker]: No se encontró un mensaje para la clave settings.cwd.description.
2024-01-17 16:07:56.185 [warning] [mypy-type-checker]: No se encontró un mensaje para la clave settings.ignorePatterns.description.
2024-01-17 16:11:54.259 [warning] [mypy-type-checker]: No se encontró un mensaje para la clave settings.cwd.description.
2024-01-17 16:11:54.259 [warning] [mypy-type-checker]: No se encontró un mensaje para la clave settings.ignorePatterns.description.
2024-01-17 16:12:56.356 [warning] [mypy-type-checker]: No se encontró un mensaje para la clave settings.cwd.description.
2024-01-17 16:12:56.356 [warning] [mypy-type-checker]: No se encontró un mensaje para la clave settings.ignorePatterns.description.
2024-01-17 16:16:55.030 [warning] [mypy-type-checker]: No se encontró un mensaje para la clave settings.cwd.description.
2024-01-17 16:16:55.030 [warning] [mypy-type-checker]: No se encontró un mensaje para la clave settings.ignorePatterns.description.
2024-01-17 16:17:56.496 [warning] [mypy-type-checker]: No se encontró un mensaje para la clave settings.cwd.description.
2024-01-17 16:17:56.496 [warning] [mypy-type-checker]: No se encontró un mensaje para la clave settings.ignorePatterns.description.
2024-01-17 16:21:55.811 [warning] [mypy-type-checker]: No se encontró un mensaje para la clave settings.cwd.description.
2024-01-17 16:21:55.811 [warning] [mypy-type-checker]: No se encontró un mensaje para la clave settings.ignorePatterns.description.
2024-01-17 16:22:56.625 [warning] [mypy-type-checker]: No se encontró un mensaje para la clave settings.cwd.description.
2024-01-17 16:22:56.625 [warning] [mypy-type-checker]: No se encontró un mensaje para la clave settings.ignorePatterns.description.
2024-01-17 16:26:56.625 [warning] [mypy-type-checker]: No se encontró un mensaje para la clave settings.cwd.description.
2024-01-17 16:26:56.625 [warning] [mypy-type-checker]: No se encontró un mensaje para la clave settings.ignorePatterns.description.
2024-01-17 16:27:57.016 [warning] [mypy-type-checker]: No se encontró un mensaje para la clave settings.cwd.description.
2024-01-17 16:27:57.017 [warning] [mypy-type-checker]: No se encontró un mensaje para la clave settings.ignorePatterns.description.
2024-01-17 16:31:53.602 [warning] [mypy-type-checker]: No se encontró un mensaje para la clave settings.cwd.description.
2024-01-17 16:31:53.602 [warning] [mypy-type-checker]: No se encontró un mensaje para la clave settings.ignorePatterns.description.
2024-01-17 16:32:35.910 [warning] [mypy-type-checker]: No se encontró un mensaje para la clave settings.cwd.description.
2024-01-17 16:32:35.911 [warning] [mypy-type-checker]: No se encontró un mensaje para la clave settings.ignorePatterns.description.
2024-01-17 16:32:57.210 [warning] [mypy-type-checker]: No se encontró un mensaje para la clave settings.cwd.description.
2024-01-17 16:32:57.212 [warning] [mypy-type-checker]: No se encontró un mensaje para la clave settings.ignorePatterns.description.
2024-01-17 16:33:42.461 [warning] [mypy-type-checker]: No se encontró un mensaje para la clave settings.cwd.description.
2024-01-17 16:33:42.461 [warning] [mypy-type-checker]: No se encontró un mensaje para la clave settings.ignorePatterns.description.
