2024-01-17 13:01:58.255 [info] Using settings sync service https://vscode-sync.trafficmanager.net/
2024-01-17 13:01:58.255 [info] Auto Sync is enabled.
2024-01-17 13:01:58.255 [info] Auto Sync: Suspended until auth token is available.
2024-01-17 13:01:59.644 [info] Deleting non existing profile from backup /home/devdragon/.config/Code/User/sync/extensions
2024-01-17 13:02:04.437 [info] Deleting non existing profile from backup /home/devdragon/.config/Code/User/sync/globalState
2024-01-17 13:02:06.236 [info] Deleting non existing profile from backup /home/devdragon/.config/Code/User/sync/keybindings
2024-01-17 13:02:06.639 [info] Deleting non existing profile from backup /home/devdragon/.config/Code/User/sync/profiles
2024-01-17 13:02:07.145 [info] Auto Sync: Triggered by Interval
2024-01-17 13:02:07.146 [info] Sync started.
2024-01-17 13:02:07.226 [info] Deleting non existing profile from backup /home/devdragon/.config/Code/User/sync/settings
2024-01-17 13:02:07.520 [info] Deleting non existing profile from backup /home/devdragon/.config/Code/User/sync/snippets
2024-01-17 13:02:07.584 [info] Deleting non existing profile from backup /home/devdragon/.config/Code/User/sync/tasks
2024-01-17 13:02:07.969 [info] Settings: Last sync resource does not exist locally.
2024-01-17 13:02:09.540 [info] Settings: Updated remote settings
2024-01-17 13:02:09.784 [info] Settings: Updated last synchronized settings
2024-01-17 13:02:09.788 [info] Keybindings: Last sync resource does not exist locally.
2024-01-17 13:02:10.573 [info] Keybindings: No changes found during synchronizing keybindings.
2024-01-17 13:02:10.575 [info] Snippets: Last sync resource does not exist locally.
2024-01-17 13:02:11.019 [info] Snippets: No changes found during synchronizing snippets.
2024-01-17 13:02:11.025 [info] Tasks: Last sync resource does not exist locally.
2024-01-17 13:02:11.436 [info] Tasks: No changes found during synchronizing tasks.
2024-01-17 13:02:11.439 [info] GlobalState: Last sync resource does not exist locally.
2024-01-17 13:02:12.209 [info] GlobalState: No changes found during synchronizing ui state.
2024-01-17 13:02:12.209 [info] Extensions: Last sync resource does not exist locally.
2024-01-17 13:02:12.713 [info] Extensions: No changes found during synchronizing extensions.
2024-01-17 13:02:12.717 [info] Profiles: Last sync resource does not exist locally.
2024-01-17 13:02:13.404 [info] Profiles: No changes found during synchronizing profiles.
2024-01-17 13:02:13.407 [info] Sync done. Took 6263ms
2024-01-17 13:02:29.729 [info] Auto Sync: Triggered by Activity
2024-01-17 13:02:29.729 [info] Sync started.
2024-01-17 13:02:29.981 [info] Settings: No changes found during synchronizing settings.
2024-01-17 13:02:30.000 [info] Keybindings: No changes found during synchronizing keybindings.
2024-01-17 13:02:30.011 [info] Snippets: No changes found during synchronizing snippets.
2024-01-17 13:02:30.016 [info] Tasks: No changes found during synchronizing tasks.
2024-01-17 13:02:30.027 [info] GlobalState: No changes found during synchronizing ui state.
2024-01-17 13:02:30.301 [info] Extensions: No changes found during synchronizing extensions.
2024-01-17 13:02:30.310 [info] Profiles: No changes found during synchronizing profiles.
2024-01-17 13:02:30.312 [info] Sync done. Took 584ms
2024-01-17 13:07:30.330 [info] Auto Sync: Triggered by Interval
2024-01-17 13:07:30.376 [info] Sync started.
2024-01-17 13:07:31.357 [info] Settings: No changes found during synchronizing settings.
2024-01-17 13:07:31.459 [info] Keybindings: No changes found during synchronizing keybindings.
2024-01-17 13:07:31.652 [info] Snippets: No changes found during synchronizing snippets.
2024-01-17 13:07:31.748 [info] Tasks: No changes found during synchronizing tasks.
2024-01-17 13:07:31.929 [info] GlobalState: No changes found during synchronizing ui state.
2024-01-17 13:07:34.920 [info] Extensions: No changes found during synchronizing extensions.
2024-01-17 13:07:35.247 [info] Profiles: No changes found during synchronizing profiles.
2024-01-17 13:07:35.253 [info] Sync done. Took 4923ms
2024-01-17 13:12:35.273 [info] Auto Sync: Triggered by Interval
2024-01-17 13:12:35.274 [info] Sync started.
2024-01-17 13:12:35.756 [info] Settings: No changes found during synchronizing settings.
2024-01-17 13:12:35.793 [info] Keybindings: No changes found during synchronizing keybindings.
2024-01-17 13:12:35.798 [info] Snippets: No changes found during synchronizing snippets.
2024-01-17 13:12:35.803 [info] Tasks: No changes found during synchronizing tasks.
2024-01-17 13:12:35.812 [info] GlobalState: No changes found during synchronizing ui state.
2024-01-17 13:12:36.024 [info] Extensions: No changes found during synchronizing extensions.
2024-01-17 13:12:36.031 [info] Profiles: No changes found during synchronizing profiles.
2024-01-17 13:12:36.037 [info] Sync done. Took 763ms
2024-01-17 13:17:36.058 [info] Auto Sync: Triggered by Interval
2024-01-17 13:17:36.058 [info] Sync started.
2024-01-17 13:17:36.511 [info] Settings: No changes found during synchronizing settings.
2024-01-17 13:17:36.521 [info] Keybindings: No changes found during synchronizing keybindings.
2024-01-17 13:17:36.525 [info] Snippets: No changes found during synchronizing snippets.
2024-01-17 13:17:36.528 [info] Tasks: No changes found during synchronizing tasks.
2024-01-17 13:17:36.534 [info] GlobalState: No changes found during synchronizing ui state.
2024-01-17 13:17:36.715 [info] Extensions: No changes found during synchronizing extensions.
2024-01-17 13:17:36.718 [info] Profiles: No changes found during synchronizing profiles.
2024-01-17 13:17:36.721 [info] Sync done. Took 663ms
2024-01-17 13:22:36.744 [info] Auto Sync: Triggered by Interval
2024-01-17 13:22:36.744 [info] Sync started.
2024-01-17 13:22:37.378 [info] Settings: No changes found during synchronizing settings.
2024-01-17 13:22:37.413 [info] Keybindings: No changes found during synchronizing keybindings.
2024-01-17 13:22:37.498 [info] Snippets: No changes found during synchronizing snippets.
2024-01-17 13:22:37.531 [info] Tasks: No changes found during synchronizing tasks.
2024-01-17 13:22:37.556 [info] GlobalState: No changes found during synchronizing ui state.
2024-01-17 13:22:38.067 [info] Extensions: No changes found during synchronizing extensions.
2024-01-17 13:22:38.069 [info] Profiles: No changes found during synchronizing profiles.
2024-01-17 13:22:38.072 [info] Sync done. Took 1328ms
2024-01-17 13:27:38.094 [info] Auto Sync: Triggered by Interval
2024-01-17 13:27:38.094 [info] Sync started.
2024-01-17 13:27:38.924 [info] Settings: No changes found during synchronizing settings.
2024-01-17 13:27:38.931 [info] Keybindings: No changes found during synchronizing keybindings.
2024-01-17 13:27:38.935 [info] Snippets: No changes found during synchronizing snippets.
2024-01-17 13:27:38.939 [info] Tasks: No changes found during synchronizing tasks.
2024-01-17 13:27:38.947 [info] GlobalState: No changes found during synchronizing ui state.
2024-01-17 13:27:39.133 [info] Extensions: No changes found during synchronizing extensions.
2024-01-17 13:27:39.136 [info] Profiles: No changes found during synchronizing profiles.
2024-01-17 13:27:39.139 [info] Sync done. Took 1044ms
2024-01-17 13:32:39.160 [info] Auto Sync: Triggered by Interval
2024-01-17 13:32:39.160 [info] Sync started.
2024-01-17 13:32:39.600 [info] Settings: No changes found during synchronizing settings.
2024-01-17 13:32:39.616 [info] Keybindings: No changes found during synchronizing keybindings.
2024-01-17 13:32:39.622 [info] Snippets: No changes found during synchronizing snippets.
2024-01-17 13:32:39.631 [info] Tasks: No changes found during synchronizing tasks.
2024-01-17 13:32:39.639 [info] GlobalState: No changes found during synchronizing ui state.
2024-01-17 13:32:39.906 [info] Extensions: No changes found during synchronizing extensions.
2024-01-17 13:32:39.910 [info] Profiles: No changes found during synchronizing profiles.
2024-01-17 13:32:39.913 [info] Sync done. Took 753ms
2024-01-17 13:37:39.936 [info] Auto Sync: Triggered by Interval
2024-01-17 13:37:39.937 [info] Sync started.
2024-01-17 13:37:40.450 [info] Settings: No changes found during synchronizing settings.
2024-01-17 13:37:40.489 [info] Keybindings: No changes found during synchronizing keybindings.
2024-01-17 13:37:40.518 [info] Snippets: No changes found during synchronizing snippets.
2024-01-17 13:37:40.522 [info] Tasks: No changes found during synchronizing tasks.
2024-01-17 13:37:40.553 [info] GlobalState: No changes found during synchronizing ui state.
2024-01-17 13:37:40.755 [info] Extensions: No changes found during synchronizing extensions.
2024-01-17 13:37:40.759 [info] Profiles: No changes found during synchronizing profiles.
2024-01-17 13:37:40.762 [info] Sync done. Took 825ms
2024-01-17 13:42:40.775 [info] Auto Sync: Triggered by Interval
2024-01-17 13:42:40.776 [info] Sync started.
2024-01-17 13:42:41.418 [info] Settings: No changes found during synchronizing settings.
2024-01-17 13:42:41.431 [info] Keybindings: No changes found during synchronizing keybindings.
2024-01-17 13:42:41.440 [info] Snippets: No changes found during synchronizing snippets.
2024-01-17 13:42:41.442 [info] Tasks: No changes found during synchronizing tasks.
2024-01-17 13:42:41.449 [info] GlobalState: No changes found during synchronizing ui state.
2024-01-17 13:42:41.629 [info] Extensions: No changes found during synchronizing extensions.
2024-01-17 13:42:41.632 [info] Profiles: No changes found during synchronizing profiles.
2024-01-17 13:42:41.634 [info] Sync done. Took 859ms
2024-01-17 13:47:41.659 [info] Auto Sync: Triggered by Interval
2024-01-17 13:47:41.659 [info] Sync started.
2024-01-17 13:47:42.264 [info] Settings: No changes found during synchronizing settings.
2024-01-17 13:47:42.311 [info] Keybindings: No changes found during synchronizing keybindings.
2024-01-17 13:47:42.315 [info] Snippets: No changes found during synchronizing snippets.
2024-01-17 13:47:42.319 [info] Tasks: No changes found during synchronizing tasks.
2024-01-17 13:47:42.327 [info] GlobalState: No changes found during synchronizing ui state.
2024-01-17 13:47:42.523 [info] Extensions: No changes found during synchronizing extensions.
2024-01-17 13:47:42.526 [info] Profiles: No changes found during synchronizing profiles.
2024-01-17 13:47:42.528 [info] Sync done. Took 869ms
2024-01-17 13:52:42.557 [info] Auto Sync: Triggered by Interval
2024-01-17 13:52:42.639 [info] Sync started.
2024-01-17 13:52:43.919 [info] Settings: No changes found during synchronizing settings.
2024-01-17 13:52:44.086 [info] Keybindings: No changes found during synchronizing keybindings.
2024-01-17 13:52:44.269 [info] Snippets: No changes found during synchronizing snippets.
2024-01-17 13:52:44.312 [info] Tasks: No changes found during synchronizing tasks.
2024-01-17 13:52:44.355 [info] GlobalState: No changes found during synchronizing ui state.
2024-01-17 13:52:45.375 [info] Extensions: No changes found during synchronizing extensions.
2024-01-17 13:52:45.390 [info] Profiles: No changes found during synchronizing profiles.
2024-01-17 13:52:45.407 [info] Sync done. Took 2844ms
2024-01-17 13:57:45.423 [info] Auto Sync: Triggered by Interval
2024-01-17 13:57:45.444 [info] Sync started.
2024-01-17 13:57:46.382 [info] Settings: No changes found during synchronizing settings.
2024-01-17 13:57:46.483 [info] Keybindings: No changes found during synchronizing keybindings.
2024-01-17 13:57:46.529 [info] Snippets: No changes found during synchronizing snippets.
2024-01-17 13:57:46.593 [info] Tasks: No changes found during synchronizing tasks.
2024-01-17 13:57:46.705 [info] GlobalState: No changes found during synchronizing ui state.
2024-01-17 13:57:47.429 [info] Extensions: No changes found during synchronizing extensions.
2024-01-17 13:57:47.460 [info] Profiles: No changes found during synchronizing profiles.
2024-01-17 13:57:47.466 [info] Sync done. Took 2042ms
2024-01-17 14:02:47.475 [info] Auto Sync: Triggered by Interval
2024-01-17 14:02:47.476 [info] Sync started.
2024-01-17 14:02:48.046 [info] Settings: No changes found during synchronizing settings.
2024-01-17 14:02:48.165 [info] Keybindings: No changes found during synchronizing keybindings.
2024-01-17 14:02:48.191 [info] Snippets: No changes found during synchronizing snippets.
2024-01-17 14:02:48.201 [info] Tasks: No changes found during synchronizing tasks.
2024-01-17 14:02:48.228 [info] GlobalState: No changes found during synchronizing ui state.
2024-01-17 14:02:48.542 [info] Extensions: No changes found during synchronizing extensions.
2024-01-17 14:02:48.553 [info] Profiles: No changes found during synchronizing profiles.
2024-01-17 14:02:48.554 [info] Sync done. Took 1077ms
2024-01-17 14:07:48.582 [info] Auto Sync: Triggered by Interval
2024-01-17 14:07:48.582 [info] Sync started.
2024-01-17 14:07:49.193 [info] Settings: No changes found during synchronizing settings.
2024-01-17 14:07:49.200 [info] Keybindings: No changes found during synchronizing keybindings.
2024-01-17 14:07:49.205 [info] Snippets: No changes found during synchronizing snippets.
2024-01-17 14:07:49.217 [info] Tasks: No changes found during synchronizing tasks.
2024-01-17 14:07:49.226 [info] GlobalState: No changes found during synchronizing ui state.
2024-01-17 14:07:49.416 [info] Extensions: No changes found during synchronizing extensions.
2024-01-17 14:07:49.421 [info] Profiles: No changes found during synchronizing profiles.
2024-01-17 14:07:49.424 [info] Sync done. Took 842ms
2024-01-17 14:12:49.454 [info] Auto Sync: Triggered by Interval
2024-01-17 14:12:49.455 [info] Sync started.
2024-01-17 14:12:49.948 [info] Settings: No changes found during synchronizing settings.
2024-01-17 14:12:49.968 [info] Keybindings: No changes found during synchronizing keybindings.
2024-01-17 14:12:49.982 [info] Snippets: No changes found during synchronizing snippets.
2024-01-17 14:12:49.987 [info] Tasks: No changes found during synchronizing tasks.
2024-01-17 14:12:49.993 [info] GlobalState: No changes found during synchronizing ui state.
2024-01-17 14:12:50.219 [info] Extensions: No changes found during synchronizing extensions.
2024-01-17 14:12:50.221 [info] Profiles: No changes found during synchronizing profiles.
2024-01-17 14:12:50.223 [info] Sync done. Took 769ms
2024-01-17 14:17:46.485 [info] Auto Sync: Triggered by Activity
2024-01-17 14:17:46.485 [info] Sync started.
2024-01-17 14:17:47.120 [info] Settings: No changes found during synchronizing settings.
2024-01-17 14:17:47.125 [info] Keybindings: No changes found during synchronizing keybindings.
2024-01-17 14:17:47.129 [info] Snippets: No changes found during synchronizing snippets.
2024-01-17 14:17:47.132 [info] Tasks: No changes found during synchronizing tasks.
2024-01-17 14:17:47.138 [info] GlobalState: No changes found during synchronizing ui state.
2024-01-17 14:17:47.390 [info] Extensions: No changes found during synchronizing extensions.
2024-01-17 14:17:47.393 [info] Profiles: No changes found during synchronizing profiles.
2024-01-17 14:17:47.396 [info] Sync done. Took 911ms
2024-01-17 14:17:54.375 [info] Auto Sync: Triggered by Activity
2024-01-17 14:17:54.376 [info] Sync started.
2024-01-17 14:17:55.277 [info] Settings: Updated remote settings
2024-01-17 14:17:55.722 [info] Settings: Updated last synchronized settings
2024-01-17 14:17:55.730 [info] Keybindings: No changes found during synchronizing keybindings.
2024-01-17 14:17:55.736 [info] Snippets: No changes found during synchronizing snippets.
2024-01-17 14:17:55.740 [info] Tasks: No changes found during synchronizing tasks.
2024-01-17 14:17:56.612 [info] GlobalState: Updated remote ui state. Updated: workbench.activity.pinnedViewlets2,workbench.statusbar.hidden.
2024-01-17 14:17:57.179 [info] GlobalState: Updated last synchronized ui state
2024-01-17 14:17:57.303 [info] Extensions: No changes found during synchronizing extensions.
2024-01-17 14:17:57.308 [info] Profiles: No changes found during synchronizing profiles.
2024-01-17 14:17:57.311 [info] Sync done. Took 2935ms
2024-01-17 14:17:57.311 [info] Auto Sync: Triggered by Activity
2024-01-17 14:17:57.311 [info] Sync started.
2024-01-17 14:17:57.440 [info] Settings: No changes found during synchronizing settings.
2024-01-17 14:17:57.449 [info] Keybindings: No changes found during synchronizing keybindings.
2024-01-17 14:17:57.453 [info] Snippets: No changes found during synchronizing snippets.
2024-01-17 14:17:57.458 [info] Tasks: No changes found during synchronizing tasks.
2024-01-17 14:17:57.463 [info] GlobalState: No changes found during synchronizing ui state.
2024-01-17 14:17:57.591 [info] Extensions: No changes found during synchronizing extensions.
2024-01-17 14:17:57.593 [info] Profiles: No changes found during synchronizing profiles.
2024-01-17 14:17:57.595 [info] Sync done. Took 283ms
2024-01-17 14:18:14.726 [info] Auto Sync: Triggered by Activity
2024-01-17 14:18:14.726 [info] Sync started.
2024-01-17 14:18:15.576 [info] Settings: Updated remote settings
2024-01-17 14:18:15.935 [info] Settings: Updated last synchronized settings
2024-01-17 14:18:15.949 [info] Keybindings: No changes found during synchronizing keybindings.
2024-01-17 14:18:15.955 [info] Snippets: No changes found during synchronizing snippets.
2024-01-17 14:18:15.963 [info] Tasks: No changes found during synchronizing tasks.
2024-01-17 14:18:15.971 [info] GlobalState: No changes found during synchronizing ui state.
2024-01-17 14:18:16.248 [info] Extensions: No changes found during synchronizing extensions.
2024-01-17 14:18:16.257 [info] Profiles: No changes found during synchronizing profiles.
2024-01-17 14:18:16.261 [info] Sync done. Took 1535ms
2024-01-17 14:19:02.263 [info] Auto Sync: Triggered by Activity
2024-01-17 14:19:02.263 [info] Sync started.
2024-01-17 14:19:02.387 [info] Settings: No changes found during synchronizing settings.
2024-01-17 14:19:02.395 [info] Keybindings: No changes found during synchronizing keybindings.
2024-01-17 14:19:02.399 [info] Snippets: No changes found during synchronizing snippets.
2024-01-17 14:19:02.404 [info] Tasks: No changes found during synchronizing tasks.
2024-01-17 14:19:02.409 [info] GlobalState: No changes found during synchronizing ui state.
2024-01-17 14:19:02.592 [info] Extensions: No changes found during synchronizing extensions.
2024-01-17 14:19:02.595 [info] Profiles: No changes found during synchronizing profiles.
2024-01-17 14:19:02.598 [info] Sync done. Took 335ms
2024-01-17 14:19:18.133 [info] Auto Sync: Triggered by Activity
2024-01-17 14:19:18.133 [info] Sync started.
2024-01-17 14:19:18.265 [info] Settings: No changes found during synchronizing settings.
2024-01-17 14:19:18.273 [info] Keybindings: No changes found during synchronizing keybindings.
2024-01-17 14:19:18.279 [info] Snippets: No changes found during synchronizing snippets.
2024-01-17 14:19:18.287 [info] Tasks: No changes found during synchronizing tasks.
2024-01-17 14:19:18.300 [info] GlobalState: No changes found during synchronizing ui state.
2024-01-17 14:19:18.489 [info] Extensions: No changes found during synchronizing extensions.
2024-01-17 14:19:18.493 [info] Profiles: No changes found during synchronizing profiles.
2024-01-17 14:19:18.502 [info] Sync done. Took 368ms
2024-01-17 14:20:31.949 [info] Auto Sync: Triggered by Activity
2024-01-17 14:20:31.950 [info] Sync started.
2024-01-17 14:20:32.070 [info] Settings: No changes found during synchronizing settings.
2024-01-17 14:20:32.077 [info] Keybindings: No changes found during synchronizing keybindings.
2024-01-17 14:20:32.082 [info] Snippets: No changes found during synchronizing snippets.
2024-01-17 14:20:32.085 [info] Tasks: No changes found during synchronizing tasks.
2024-01-17 14:20:32.094 [info] GlobalState: No changes found during synchronizing ui state.
2024-01-17 14:20:32.311 [info] Extensions: No changes found during synchronizing extensions.
2024-01-17 14:20:32.314 [info] Profiles: No changes found during synchronizing profiles.
2024-01-17 14:20:32.318 [info] Sync done. Took 369ms
2024-01-17 14:20:47.595 [info] Auto Sync: Triggered by Activity
2024-01-17 14:20:47.595 [info] Sync started.
2024-01-17 14:20:47.763 [info] Settings: No changes found during synchronizing settings.
2024-01-17 14:20:47.776 [info] Keybindings: No changes found during synchronizing keybindings.
2024-01-17 14:20:47.788 [info] Snippets: No changes found during synchronizing snippets.
2024-01-17 14:20:47.793 [info] Tasks: No changes found during synchronizing tasks.
2024-01-17 14:20:47.799 [info] GlobalState: No changes found during synchronizing ui state.
2024-01-17 14:20:48.016 [info] Extensions: No changes found during synchronizing extensions.
2024-01-17 14:20:48.022 [info] Profiles: No changes found during synchronizing profiles.
2024-01-17 14:20:48.026 [info] Sync done. Took 430ms
2024-01-17 14:21:36.874 [info] Auto Sync: Triggered by Activity
2024-01-17 14:21:36.875 [info] Sync started.
2024-01-17 14:21:37.088 [info] Settings: No changes found during synchronizing settings.
2024-01-17 14:21:37.097 [info] Keybindings: No changes found during synchronizing keybindings.
2024-01-17 14:21:37.102 [info] Snippets: No changes found during synchronizing snippets.
2024-01-17 14:21:37.107 [info] Tasks: No changes found during synchronizing tasks.
2024-01-17 14:21:37.112 [info] GlobalState: No changes found during synchronizing ui state.
2024-01-17 14:21:37.299 [info] Extensions: No changes found during synchronizing extensions.
2024-01-17 14:21:37.302 [info] Profiles: No changes found during synchronizing profiles.
2024-01-17 14:21:37.304 [info] Sync done. Took 430ms
2024-01-17 14:26:37.339 [info] Auto Sync: Triggered by Interval
2024-01-17 14:26:37.339 [info] Sync started.
2024-01-17 14:26:37.788 [info] Settings: No changes found during synchronizing settings.
2024-01-17 14:26:37.800 [info] Keybindings: No changes found during synchronizing keybindings.
2024-01-17 14:26:37.806 [info] Snippets: No changes found during synchronizing snippets.
2024-01-17 14:26:37.811 [info] Tasks: No changes found during synchronizing tasks.
2024-01-17 14:26:37.817 [info] GlobalState: No changes found during synchronizing ui state.
2024-01-17 14:26:37.994 [info] Extensions: No changes found during synchronizing extensions.
2024-01-17 14:26:37.995 [info] Profiles: No changes found during synchronizing profiles.
2024-01-17 14:26:37.997 [info] Sync done. Took 659ms
2024-01-17 14:31:38.035 [info] Auto Sync: Triggered by Interval
2024-01-17 14:31:38.035 [info] Sync started.
2024-01-17 14:31:38.690 [info] Settings: No changes found during synchronizing settings.
2024-01-17 14:31:38.700 [info] Keybindings: No changes found during synchronizing keybindings.
2024-01-17 14:31:38.706 [info] Snippets: No changes found during synchronizing snippets.
2024-01-17 14:31:38.710 [info] Tasks: No changes found during synchronizing tasks.
2024-01-17 14:31:38.716 [info] GlobalState: No changes found during synchronizing ui state.
2024-01-17 14:31:38.883 [info] Extensions: No changes found during synchronizing extensions.
2024-01-17 14:31:38.891 [info] Profiles: No changes found during synchronizing profiles.
2024-01-17 14:31:38.893 [info] Sync done. Took 858ms
2024-01-17 14:36:38.929 [info] Auto Sync: Triggered by Interval
2024-01-17 14:36:38.929 [info] Sync started.
2024-01-17 14:36:39.472 [info] Settings: No changes found during synchronizing settings.
2024-01-17 14:36:39.480 [info] Keybindings: No changes found during synchronizing keybindings.
2024-01-17 14:36:39.486 [info] Snippets: No changes found during synchronizing snippets.
2024-01-17 14:36:39.489 [info] Tasks: No changes found during synchronizing tasks.
2024-01-17 14:36:39.498 [info] GlobalState: No changes found during synchronizing ui state.
2024-01-17 14:36:39.715 [info] Extensions: No changes found during synchronizing extensions.
2024-01-17 14:36:39.718 [info] Profiles: No changes found during synchronizing profiles.
2024-01-17 14:36:39.719 [info] Sync done. Took 790ms
2024-01-17 14:41:39.746 [info] Auto Sync: Triggered by Interval
2024-01-17 14:41:39.746 [info] Sync started.
2024-01-17 14:41:40.306 [info] Settings: No changes found during synchronizing settings.
2024-01-17 14:41:40.319 [info] Keybindings: No changes found during synchronizing keybindings.
2024-01-17 14:41:40.329 [info] Snippets: No changes found during synchronizing snippets.
2024-01-17 14:41:40.333 [info] Tasks: No changes found during synchronizing tasks.
2024-01-17 14:41:40.339 [info] GlobalState: No changes found during synchronizing ui state.
2024-01-17 14:41:40.502 [info] Extensions: No changes found during synchronizing extensions.
2024-01-17 14:41:40.505 [info] Profiles: No changes found during synchronizing profiles.
2024-01-17 14:41:40.507 [info] Sync done. Took 761ms
2024-01-17 14:46:40.546 [info] Auto Sync: Triggered by Interval
2024-01-17 14:46:40.546 [info] Sync started.
2024-01-17 14:46:41.033 [info] Settings: No changes found during synchronizing settings.
2024-01-17 14:46:41.038 [info] Keybindings: No changes found during synchronizing keybindings.
2024-01-17 14:46:41.041 [info] Snippets: No changes found during synchronizing snippets.
2024-01-17 14:46:41.044 [info] Tasks: No changes found during synchronizing tasks.
2024-01-17 14:46:41.049 [info] GlobalState: No changes found during synchronizing ui state.
2024-01-17 14:46:41.292 [info] Extensions: No changes found during synchronizing extensions.
2024-01-17 14:46:41.306 [info] Profiles: No changes found during synchronizing profiles.
2024-01-17 14:46:41.309 [info] Sync done. Took 761ms
2024-01-17 14:51:41.347 [info] Auto Sync: Triggered by Interval
2024-01-17 14:51:41.347 [info] Sync started.
2024-01-17 14:51:41.782 [info] Settings: No changes found during synchronizing settings.
2024-01-17 14:51:41.795 [info] Keybindings: No changes found during synchronizing keybindings.
2024-01-17 14:51:41.805 [info] Snippets: No changes found during synchronizing snippets.
2024-01-17 14:51:41.809 [info] Tasks: No changes found during synchronizing tasks.
2024-01-17 14:51:41.815 [info] GlobalState: No changes found during synchronizing ui state.
2024-01-17 14:51:42.003 [info] Extensions: No changes found during synchronizing extensions.
2024-01-17 14:51:42.006 [info] Profiles: No changes found during synchronizing profiles.
2024-01-17 14:51:42.008 [info] Sync done. Took 661ms
2024-01-17 14:56:42.049 [info] Auto Sync: Triggered by Interval
2024-01-17 14:56:42.049 [info] Sync started.
2024-01-17 14:56:42.603 [info] Settings: No changes found during synchronizing settings.
2024-01-17 14:56:42.611 [info] Keybindings: No changes found during synchronizing keybindings.
2024-01-17 14:56:42.616 [info] Snippets: No changes found during synchronizing snippets.
2024-01-17 14:56:42.620 [info] Tasks: No changes found during synchronizing tasks.
2024-01-17 14:56:42.626 [info] GlobalState: No changes found during synchronizing ui state.
2024-01-17 14:56:42.801 [info] Extensions: No changes found during synchronizing extensions.
2024-01-17 14:56:42.802 [info] Profiles: No changes found during synchronizing profiles.
2024-01-17 14:56:42.804 [info] Sync done. Took 755ms
2024-01-17 15:01:42.846 [info] Auto Sync: Triggered by Interval
2024-01-17 15:01:42.847 [info] Sync started.
2024-01-17 15:01:43.284 [info] Settings: No changes found during synchronizing settings.
2024-01-17 15:01:43.296 [info] Keybindings: No changes found during synchronizing keybindings.
2024-01-17 15:01:43.301 [info] Snippets: No changes found during synchronizing snippets.
2024-01-17 15:01:43.305 [info] Tasks: No changes found during synchronizing tasks.
2024-01-17 15:01:43.312 [info] GlobalState: No changes found during synchronizing ui state.
2024-01-17 15:01:43.503 [info] Extensions: No changes found during synchronizing extensions.
2024-01-17 15:01:43.506 [info] Profiles: No changes found during synchronizing profiles.
2024-01-17 15:01:43.509 [info] Sync done. Took 662ms
2024-01-17 15:06:43.549 [info] Auto Sync: Triggered by Interval
2024-01-17 15:06:43.549 [info] Sync started.
2024-01-17 15:06:43.986 [info] Settings: No changes found during synchronizing settings.
2024-01-17 15:06:43.998 [info] Keybindings: No changes found during synchronizing keybindings.
2024-01-17 15:06:44.007 [info] Snippets: No changes found during synchronizing snippets.
2024-01-17 15:06:44.010 [info] Tasks: No changes found during synchronizing tasks.
2024-01-17 15:06:44.014 [info] GlobalState: No changes found during synchronizing ui state.
2024-01-17 15:06:44.174 [info] Extensions: No changes found during synchronizing extensions.
2024-01-17 15:06:44.176 [info] Profiles: No changes found during synchronizing profiles.
2024-01-17 15:06:44.178 [info] Sync done. Took 629ms
2024-01-17 15:11:44.179 [info] Auto Sync: Triggered by Interval
2024-01-17 15:11:44.180 [info] Sync started.
2024-01-17 15:11:44.807 [info] Settings: No changes found during synchronizing settings.
2024-01-17 15:11:44.814 [info] Keybindings: No changes found during synchronizing keybindings.
2024-01-17 15:11:44.818 [info] Snippets: No changes found during synchronizing snippets.
2024-01-17 15:11:44.822 [info] Tasks: No changes found during synchronizing tasks.
2024-01-17 15:11:44.831 [info] GlobalState: No changes found during synchronizing ui state.
2024-01-17 15:11:45.048 [info] Extensions: No changes found during synchronizing extensions.
2024-01-17 15:11:45.055 [info] Profiles: No changes found during synchronizing profiles.
2024-01-17 15:11:45.057 [info] Sync done. Took 877ms
2024-01-17 15:16:45.101 [info] Auto Sync: Triggered by Interval
2024-01-17 15:16:45.101 [info] Sync started.
2024-01-17 15:16:45.657 [info] Settings: No changes found during synchronizing settings.
2024-01-17 15:16:45.664 [info] Keybindings: No changes found during synchronizing keybindings.
2024-01-17 15:16:45.668 [info] Snippets: No changes found during synchronizing snippets.
2024-01-17 15:16:45.672 [info] Tasks: No changes found during synchronizing tasks.
2024-01-17 15:16:45.683 [info] GlobalState: No changes found during synchronizing ui state.
2024-01-17 15:16:45.881 [info] Extensions: No changes found during synchronizing extensions.
2024-01-17 15:16:45.884 [info] Profiles: No changes found during synchronizing profiles.
2024-01-17 15:16:45.886 [info] Sync done. Took 785ms
2024-01-17 15:21:45.930 [info] Auto Sync: Triggered by Interval
2024-01-17 15:21:45.931 [info] Sync started.
2024-01-17 15:21:46.396 [info] Settings: No changes found during synchronizing settings.
2024-01-17 15:21:46.407 [info] Keybindings: No changes found during synchronizing keybindings.
2024-01-17 15:21:46.412 [info] Snippets: No changes found during synchronizing snippets.
2024-01-17 15:21:46.416 [info] Tasks: No changes found during synchronizing tasks.
2024-01-17 15:21:46.422 [info] GlobalState: No changes found during synchronizing ui state.
2024-01-17 15:21:46.620 [info] Extensions: No changes found during synchronizing extensions.
2024-01-17 15:21:46.623 [info] Profiles: No changes found during synchronizing profiles.
2024-01-17 15:21:46.625 [info] Sync done. Took 694ms
2024-01-17 15:26:46.669 [info] Auto Sync: Triggered by Interval
2024-01-17 15:26:46.669 [info] Sync started.
2024-01-17 15:26:47.172 [info] Settings: No changes found during synchronizing settings.
2024-01-17 15:26:47.179 [info] Keybindings: No changes found during synchronizing keybindings.
2024-01-17 15:26:47.186 [info] Snippets: No changes found during synchronizing snippets.
2024-01-17 15:26:47.192 [info] Tasks: No changes found during synchronizing tasks.
2024-01-17 15:26:47.200 [info] GlobalState: No changes found during synchronizing ui state.
2024-01-17 15:26:47.364 [info] Extensions: No changes found during synchronizing extensions.
2024-01-17 15:26:47.366 [info] Profiles: No changes found during synchronizing profiles.
2024-01-17 15:26:47.367 [info] Sync done. Took 699ms
2024-01-17 15:31:47.373 [info] Auto Sync: Triggered by Interval
2024-01-17 15:31:47.374 [info] Sync started.
2024-01-17 15:31:47.806 [info] Settings: No changes found during synchronizing settings.
2024-01-17 15:31:47.812 [info] Keybindings: No changes found during synchronizing keybindings.
2024-01-17 15:31:47.816 [info] Snippets: No changes found during synchronizing snippets.
2024-01-17 15:31:47.820 [info] Tasks: No changes found during synchronizing tasks.
2024-01-17 15:31:47.830 [info] GlobalState: No changes found during synchronizing ui state.
2024-01-17 15:31:48.055 [info] Extensions: No changes found during synchronizing extensions.
2024-01-17 15:31:48.065 [info] Profiles: No changes found during synchronizing profiles.
2024-01-17 15:31:48.068 [info] Sync done. Took 695ms
2024-01-17 15:36:48.087 [info] Auto Sync: Triggered by Interval
2024-01-17 15:36:48.088 [info] Sync started.
2024-01-17 15:36:48.596 [info] Settings: No changes found during synchronizing settings.
2024-01-17 15:36:48.608 [info] Keybindings: No changes found during synchronizing keybindings.
2024-01-17 15:36:48.612 [info] Snippets: No changes found during synchronizing snippets.
2024-01-17 15:36:48.616 [info] Tasks: No changes found during synchronizing tasks.
2024-01-17 15:36:48.622 [info] GlobalState: No changes found during synchronizing ui state.
2024-01-17 15:36:48.795 [info] Extensions: No changes found during synchronizing extensions.
2024-01-17 15:36:48.798 [info] Profiles: No changes found during synchronizing profiles.
2024-01-17 15:36:48.799 [info] Sync done. Took 713ms
2024-01-17 15:41:48.839 [info] Auto Sync: Triggered by Interval
2024-01-17 15:41:48.839 [info] Sync started.
2024-01-17 15:41:49.298 [info] Settings: No changes found during synchronizing settings.
2024-01-17 15:41:49.313 [info] Keybindings: No changes found during synchronizing keybindings.
2024-01-17 15:41:49.316 [info] Snippets: No changes found during synchronizing snippets.
2024-01-17 15:41:49.319 [info] Tasks: No changes found during synchronizing tasks.
2024-01-17 15:41:49.324 [info] GlobalState: No changes found during synchronizing ui state.
2024-01-17 15:41:49.498 [info] Extensions: No changes found during synchronizing extensions.
2024-01-17 15:41:49.501 [info] Profiles: No changes found during synchronizing profiles.
2024-01-17 15:41:49.502 [info] Sync done. Took 664ms
2024-01-17 15:46:49.549 [info] Auto Sync: Triggered by Interval
2024-01-17 15:46:49.550 [info] Sync started.
2024-01-17 15:46:50.038 [info] Settings: No changes found during synchronizing settings.
2024-01-17 15:46:50.048 [info] Keybindings: No changes found during synchronizing keybindings.
2024-01-17 15:46:50.055 [info] Snippets: No changes found during synchronizing snippets.
2024-01-17 15:46:50.062 [info] Tasks: No changes found during synchronizing tasks.
2024-01-17 15:46:50.067 [info] GlobalState: No changes found during synchronizing ui state.
2024-01-17 15:46:50.244 [info] Extensions: No changes found during synchronizing extensions.
2024-01-17 15:46:50.247 [info] Profiles: No changes found during synchronizing profiles.
2024-01-17 15:46:50.249 [info] Sync done. Took 700ms
2024-01-17 15:51:50.296 [info] Auto Sync: Triggered by Interval
2024-01-17 15:51:50.296 [info] Sync started.
2024-01-17 15:51:50.886 [info] Settings: No changes found during synchronizing settings.
2024-01-17 15:51:50.895 [info] Keybindings: No changes found during synchronizing keybindings.
2024-01-17 15:51:50.901 [info] Snippets: No changes found during synchronizing snippets.
2024-01-17 15:51:50.905 [info] Tasks: No changes found during synchronizing tasks.
2024-01-17 15:51:50.911 [info] GlobalState: No changes found during synchronizing ui state.
2024-01-17 15:51:51.138 [info] Extensions: No changes found during synchronizing extensions.
2024-01-17 15:51:51.155 [info] Profiles: No changes found during synchronizing profiles.
2024-01-17 15:51:51.163 [info] Sync done. Took 867ms
2024-01-17 15:56:51.211 [info] Auto Sync: Triggered by Interval
2024-01-17 15:56:51.211 [info] Sync started.
2024-01-17 15:56:51.950 [info] Settings: No changes found during synchronizing settings.
2024-01-17 15:56:51.960 [info] Keybindings: No changes found during synchronizing keybindings.
2024-01-17 15:56:51.964 [info] Snippets: No changes found during synchronizing snippets.
2024-01-17 15:56:51.968 [info] Tasks: No changes found during synchronizing tasks.
2024-01-17 15:56:51.977 [info] GlobalState: No changes found during synchronizing ui state.
2024-01-17 15:56:52.157 [info] Extensions: No changes found during synchronizing extensions.
2024-01-17 15:56:52.159 [info] Profiles: No changes found during synchronizing profiles.
2024-01-17 15:56:52.161 [info] Sync done. Took 950ms
2024-01-17 16:01:52.208 [info] Auto Sync: Triggered by Interval
2024-01-17 16:01:52.208 [info] Sync started.
2024-01-17 16:01:52.655 [info] Settings: No changes found during synchronizing settings.
2024-01-17 16:01:52.668 [info] Keybindings: No changes found during synchronizing keybindings.
2024-01-17 16:01:52.672 [info] Snippets: No changes found during synchronizing snippets.
2024-01-17 16:01:52.675 [info] Tasks: No changes found during synchronizing tasks.
2024-01-17 16:01:52.682 [info] GlobalState: No changes found during synchronizing ui state.
2024-01-17 16:01:52.857 [info] Extensions: No changes found during synchronizing extensions.
2024-01-17 16:01:52.861 [info] Profiles: No changes found during synchronizing profiles.
2024-01-17 16:01:52.862 [info] Sync done. Took 654ms
2024-01-17 16:06:52.912 [info] Auto Sync: Triggered by Interval
2024-01-17 16:06:52.913 [info] Sync started.
2024-01-17 16:06:53.327 [info] Settings: No changes found during synchronizing settings.
2024-01-17 16:06:53.335 [info] Keybindings: No changes found during synchronizing keybindings.
2024-01-17 16:06:53.338 [info] Snippets: No changes found during synchronizing snippets.
2024-01-17 16:06:53.341 [info] Tasks: No changes found during synchronizing tasks.
2024-01-17 16:06:53.347 [info] GlobalState: No changes found during synchronizing ui state.
2024-01-17 16:06:53.538 [info] Extensions: No changes found during synchronizing extensions.
2024-01-17 16:06:53.540 [info] Profiles: No changes found during synchronizing profiles.
2024-01-17 16:06:53.542 [info] Sync done. Took 630ms
2024-01-17 16:11:53.592 [info] Auto Sync: Triggered by Interval
2024-01-17 16:11:53.592 [info] Sync started.
2024-01-17 16:11:54.094 [info] Settings: No changes found during synchronizing settings.
2024-01-17 16:11:54.105 [info] Keybindings: No changes found during synchronizing keybindings.
2024-01-17 16:11:54.109 [info] Snippets: No changes found during synchronizing snippets.
2024-01-17 16:11:54.112 [info] Tasks: No changes found during synchronizing tasks.
2024-01-17 16:11:54.117 [info] GlobalState: No changes found during synchronizing ui state.
2024-01-17 16:11:54.308 [info] Extensions: No changes found during synchronizing extensions.
2024-01-17 16:11:54.312 [info] Profiles: No changes found during synchronizing profiles.
2024-01-17 16:11:54.314 [info] Sync done. Took 722ms
2024-01-17 16:16:54.362 [info] Auto Sync: Triggered by Interval
2024-01-17 16:16:54.362 [info] Sync started.
2024-01-17 16:16:54.864 [info] Settings: No changes found during synchronizing settings.
2024-01-17 16:16:54.875 [info] Keybindings: No changes found during synchronizing keybindings.
2024-01-17 16:16:54.880 [info] Snippets: No changes found during synchronizing snippets.
2024-01-17 16:16:54.883 [info] Tasks: No changes found during synchronizing tasks.
2024-01-17 16:16:54.890 [info] GlobalState: No changes found during synchronizing ui state.
2024-01-17 16:16:55.071 [info] Extensions: No changes found during synchronizing extensions.
2024-01-17 16:16:55.074 [info] Profiles: No changes found during synchronizing profiles.
2024-01-17 16:16:55.076 [info] Sync done. Took 715ms
2024-01-17 16:21:55.104 [info] Auto Sync: Triggered by Interval
2024-01-17 16:21:55.105 [info] Sync started.
2024-01-17 16:21:55.612 [info] Settings: No changes found during synchronizing settings.
2024-01-17 16:21:55.620 [info] Keybindings: No changes found during synchronizing keybindings.
2024-01-17 16:21:55.625 [info] Snippets: No changes found during synchronizing snippets.
2024-01-17 16:21:55.629 [info] Tasks: No changes found during synchronizing tasks.
2024-01-17 16:21:55.638 [info] GlobalState: No changes found during synchronizing ui state.
2024-01-17 16:21:55.865 [info] Extensions: No changes found during synchronizing extensions.
2024-01-17 16:21:55.869 [info] Profiles: No changes found during synchronizing profiles.
2024-01-17 16:21:55.872 [info] Sync done. Took 767ms
2024-01-17 16:26:55.905 [info] Auto Sync: Triggered by Interval
2024-01-17 16:26:55.905 [info] Sync started.
2024-01-17 16:26:56.453 [info] Settings: No changes found during synchronizing settings.
2024-01-17 16:26:56.461 [info] Keybindings: No changes found during synchronizing keybindings.
2024-01-17 16:26:56.465 [info] Snippets: No changes found during synchronizing snippets.
2024-01-17 16:26:56.469 [info] Tasks: No changes found during synchronizing tasks.
2024-01-17 16:26:56.478 [info] GlobalState: No changes found during synchronizing ui state.
2024-01-17 16:26:56.676 [info] Extensions: No changes found during synchronizing extensions.
2024-01-17 16:26:56.678 [info] Profiles: No changes found during synchronizing profiles.
2024-01-17 16:26:56.680 [info] Sync done. Took 775ms
2024-01-17 16:31:52.806 [info] Auto Sync: Triggered by Activity
2024-01-17 16:31:52.806 [info] Sync started.
2024-01-17 16:31:53.425 [info] Settings: No changes found during synchronizing settings.
2024-01-17 16:31:53.437 [info] Keybindings: No changes found during synchronizing keybindings.
2024-01-17 16:31:53.442 [info] Snippets: No changes found during synchronizing snippets.
2024-01-17 16:31:53.445 [info] Tasks: No changes found during synchronizing tasks.
2024-01-17 16:31:53.451 [info] GlobalState: No changes found during synchronizing ui state.
2024-01-17 16:31:53.645 [info] Extensions: No changes found during synchronizing extensions.
2024-01-17 16:31:53.648 [info] Profiles: No changes found during synchronizing profiles.
2024-01-17 16:31:53.650 [info] Sync done. Took 844ms
2024-01-17 16:32:35.588 [info] Auto Sync: Triggered by Activity
2024-01-17 16:32:35.589 [info] Sync started.
2024-01-17 16:32:35.712 [info] Settings: No changes found during synchronizing settings.
2024-01-17 16:32:35.720 [info] Keybindings: No changes found during synchronizing keybindings.
2024-01-17 16:32:35.724 [info] Snippets: No changes found during synchronizing snippets.
2024-01-17 16:32:35.729 [info] Tasks: No changes found during synchronizing tasks.
2024-01-17 16:32:35.738 [info] GlobalState: No changes found during synchronizing ui state.
2024-01-17 16:32:35.957 [info] Extensions: No changes found during synchronizing extensions.
2024-01-17 16:32:35.960 [info] Profiles: No changes found during synchronizing profiles.
2024-01-17 16:32:35.963 [info] Sync done. Took 375ms
2024-01-17 16:33:42.047 [info] Auto Sync: Triggered by Activity
2024-01-17 16:33:42.047 [info] Sync started.
2024-01-17 16:33:42.269 [info] Settings: No changes found during synchronizing settings.
2024-01-17 16:33:42.282 [info] Keybindings: No changes found during synchronizing keybindings.
2024-01-17 16:33:42.291 [info] Snippets: No changes found during synchronizing snippets.
2024-01-17 16:33:42.296 [info] Tasks: No changes found during synchronizing tasks.
2024-01-17 16:33:42.303 [info] GlobalState: No changes found during synchronizing ui state.
2024-01-17 16:33:42.521 [info] Extensions: No changes found during synchronizing extensions.
2024-01-17 16:33:42.522 [info] Profiles: No changes found during synchronizing profiles.
2024-01-17 16:33:42.524 [info] Sync done. Took 477ms
