2024-01-17 13:02:16.521 [warning] /home/devdragon/.ssh/config: ENOENT: no such file or directory, open '/home/devdragon/.ssh/config'
2024-01-17 13:02:16.521 [info] Activation> Extension version: 0.78.1
2024-01-17 13:02:16.772 [info] Looking for git repository
2024-01-17 13:02:16.772 [info] Found 0 repositories during activation
2024-01-17 13:02:16.772 [info] Git repository found, initializing review manager and pr tree view.
2024-01-17 13:02:16.776 [info] Registering git provider
2024-01-17 13:02:17.909 [info] Repo state for file:///home/devdragon/.config changed.
2024-01-17 13:02:17.909 [info] Repo file:///home/devdragon/.config has already been setup.
2024-01-17 13:02:19.546 [info] Git initialization state changed: state=initialized
2024-01-17 13:02:19.546 [info] Review+0> Validate state in progress
2024-01-17 13:02:19.546 [info] Review+0> Validating state...
2024-01-17 13:02:20.179 [info] Found GitHub remote for folder /home/devdragon/.config
2024-01-17 13:02:20.625 [info] Trying to use globalState for assignableUsers.
2024-01-17 13:02:20.804 [info] Review+0> No matching pull request metadata found locally for current branch main
2024-01-17 13:02:21.025 [info] Using globalState assignableUsers for 1.
2024-01-17 13:02:21.202 [info] Review+0> No matching pull request metadata found on GitHub for current branch main
2024-01-17 13:02:34.186 [info] Review+0> Validate state in progress
2024-01-17 13:02:34.186 [info] Review+0> Validating state...
2024-01-17 13:02:35.140 [info] Found GitHub remote for folder /home/devdragon/.config
2024-01-17 13:02:35.141 [info] Using in-memory cached assignable users.
2024-01-17 13:02:35.356 [info] Review+0> No matching pull request metadata found locally for current branch main
2024-01-17 13:02:35.784 [info] Review+0> No matching pull request metadata found on GitHub for current branch main
