2024-01-18 08:55:38.263 [warning] Via 'product.json#extensionEnabledApiProposals' extension 'ms-python.python' wants API proposal 'registerIssueDataProvider' but that proposal DOES NOT EXIST. Likely, the proposal has been finalized (check 'vscode.d.ts') or was abandoned.
2024-01-18 08:55:39.152 [info] Started local extension host with pid 13864.
2024-01-18 08:55:41.887 [error] [1tontech.angular-material]: Lenguaje desconocido en "contributes.angular-material.language". Valor proporcionado: blade
2024-01-18 08:55:41.888 [error] [1tontech.angular-material]: Lenguaje desconocido en "contributes.angular-material.language". Valor proporcionado: ejs
2024-01-18 08:55:41.888 [error] [1tontech.angular-material]: Lenguaje desconocido en "contributes.angular-material.language". Valor proporcionado: latte
2024-01-18 08:55:41.888 [error] [1tontech.angular-material]: Lenguaje desconocido en "contributes.angular-material.language". Valor proporcionado: tpl
2024-01-18 08:55:41.889 [error] [1tontech.angular-material]: Lenguaje desconocido en "contributes.angular-material.language". Valor proporcionado: twig
2024-01-18 08:55:43.581 [info] [perf] Render performance baseline is 39ms
2024-01-18 08:55:48.987 [info] Extension host (LocalProcess pid: 13864) is unresponsive.
2024-01-18 08:55:51.902 [info] Extension host (LocalProcess pid: 13864) is responsive.
2024-01-18 08:55:53.767 [error] Error: Se anuló onWillSaveTextDocument-event después de 1750 ms
    at vscode-file://vscode-app/opt/visual-studio-code/resources/app/out/vs/workbench/workbench.desktop.main.js:1899:12495
2024-01-18 08:56:01.973 [info] Extension host (LocalProcess pid: 13864) is unresponsive.
2024-01-18 08:56:03.394 [info] Extension host (LocalProcess pid: 13864) is responsive.
2024-01-18 08:56:09.180 [error] spawn pyenv EACCES: Error: spawn pyenv EACCES
    at Process.ChildProcess._handle.onexit (node:internal/child_process:283:19)
    at onErrorNT (node:internal/child_process:476:16)
    at processTicksAndRejections (node:internal/process/task_queues:82:21)
2024-01-18 08:56:09.181 [error] [Extension Host] Error: spawn pyenv EACCES
    at Process.ChildProcess._handle.onexit (node:internal/child_process:283:19)
    at onErrorNT (node:internal/child_process:476:16)
    at processTicksAndRejections (node:internal/process/task_queues:82:21)
2024-01-18 08:56:12.967 [error] spawn pyenv EACCES: Error: spawn pyenv EACCES
    at Process.ChildProcess._handle.onexit (node:internal/child_process:283:19)
    at onErrorNT (node:internal/child_process:476:16)
    at processTicksAndRejections (node:internal/process/task_queues:82:21)
2024-01-18 08:56:12.969 [error] [Extension Host] Error: spawn pyenv EACCES
    at Process.ChildProcess._handle.onexit (node:internal/child_process:283:19)
    at onErrorNT (node:internal/child_process:476:16)
    at processTicksAndRejections (node:internal/process/task_queues:82:21)
