2024-01-18 08:55:38.577 [info] Added views:workbench.panel.markers.view in workbench.panel.markers
2024-01-18 08:55:38.578 [info] Added views:workbench.panel.output in workbench.panel.output
2024-01-18 08:55:38.578 [info] Added views:terminal in terminal
2024-01-18 08:55:38.578 [info] Added views:workbench.scm in workbench.views.service.sidebar.a3ebbb23-8516-462c-af80-0c7215bb60bd
2024-01-18 08:55:38.578 [info] Added views:workbench.view.search in workbench.views.service.sidebar.dcd86c92-3ce7-4d7b-852c-d8e188e29711
2024-01-18 08:55:38.578 [info] Added views:timeline in workbench.views.service.sidebar.2b19d8ed-b4ea-4580-acd9-aff94e504f32
2024-01-18 08:55:38.578 [info] Added views:workbench.explorer.fileView,workbench.explorer.openEditorsView in workbench.views.service.sidebar.2b19d8ed-b4ea-4580-acd9-aff94e504f32
2024-01-18 08:55:39.834 [info] Added views:projectsExplorerFavorites,projectManagerHelpAndFeedback in workbench.view.extension.project-manager
2024-01-18 08:55:39.834 [info] Added views:workspaceEnvironments,pythonEnvironments in workbench.view.extension.package-explorer
2024-01-18 08:55:39.834 [info] Added views:gitlens.views.home,gitlens.views.drafts,gitlens.views.workspaces,gitlens.views.account in workbench.view.extension.gitlens
2024-01-18 08:55:39.834 [info] Added views:gitlens.views.commitDetails,gitlens.views.lineHistory,gitlens.views.fileHistory,gitlens.views.searchAndCompare in workbench.view.extension.gitlensInspect
2024-01-18 08:55:39.835 [info] Added views:gitlens.views.remotes,gitlens.views.repositories,gitlens.views.commits,gitlens.views.tags,gitlens.views.branches in workbench.views.service.panel.e3d488fd-d16d-4888-a45a-1020fb16470b
2024-01-18 08:55:39.835 [info] Added views:gitlens.views.stashes in workbench.views.service.sidebar.2b19d8ed-b4ea-4580-acd9-aff94e504f32
2024-01-18 08:55:39.835 [info] Added views:gitlens.views.contributors in workbench.panel.markers
2024-01-18 08:55:39.835 [info] Added views:pr:github,issues:github in workbench.view.extension.github-pull-requests
2024-01-18 08:55:39.836 [info] Added views:mongoDBConnectionExplorer,mongoDBPlaygroundsExplorer,mongoDBHelpExplorer in workbench.view.extension.mongoDB
2024-01-18 08:55:39.836 [info] Added views:sqltoolsViewConnectionExplorer,sqltoolsViewBookmarksExplorer,sqltoolsViewHistoryExplorer in workbench.view.extension.sqltoolsActivityBarContainer
2024-01-18 08:55:39.836 [info] Added views:sqltoolsViewConsoleMessages in workbench.view.extension.sqltoolsPanelContainer
2024-01-18 08:55:39.836 [info] Added views:postman-for-vscode.sidebar-panel in workbench.view.extension.sidebar-panel
2024-01-18 08:55:39.836 [info] Added views:postman-console-view in workbench.view.extension.postman-console-view-container
2024-01-18 08:55:41.514 [info] Added views:workbench.debug.welcome in workbench.view.debug
2024-01-18 08:55:41.903 [info] Added views:~remote.forwardedPorts in ~remote.forwardedPortsContainer
2024-01-18 08:55:44.531 [info] Added views:workbench.panel.repl.view in workbench.panel.repl
2024-01-18 08:56:05.869 [info] Added views:projectsExplorerGit in workbench.view.extension.project-manager
2024-01-18 08:56:05.876 [info] Added views:angular-schematics in workbench.view.extension.angular
2024-01-18 08:56:06.685 [info] Added views:workbench.panel.comments in workbench.panel.comments
2024-01-18 08:56:07.460 [info] Added views:gitlens.views.graph,gitlens.views.graphDetails in workbench.view.extension.gitlensPanel
2024-01-18 08:56:07.460 [info] Added views:gitlens.views.timeline in workbench.view.extension.gitlensInspect
2024-01-18 08:56:07.461 [info] Added views:gitlens.views.worktrees in workbench.views.service.panel.e3d488fd-d16d-4888-a45a-1020fb16470b
2024-01-18 08:56:08.030 [info] Added views:workbench.view.testing in workbench.view.extension.test
2024-01-18 08:56:28.495 [info] Added views:tabnine.loading in workbench.view.extension.tabnine
2024-01-18 08:56:33.238 [info] Removed views:tabnine.loading from workbench.view.extension.tabnine
2024-01-18 08:56:33.240 [info] Added views:tabnine.chat.welcome in workbench.view.extension.tabnine
2024-01-18 08:56:38.556 [info] Removed views:tabnine.chat.welcome from workbench.view.extension.tabnine
2024-01-18 08:56:38.564 [info] Added views:tabnine.chat.preview_ended in workbench.view.extension.tabnine
2024-01-18 09:08:30.242 [info] Removed views:workbench.view.testing from workbench.view.extension.test
