2024-01-18 08:55:47.209 [warning] [mypy-type-checker]: No se encontró un mensaje para la clave settings.cwd.description.
2024-01-18 08:55:47.209 [warning] [mypy-type-checker]: No se encontró un mensaje para la clave settings.ignorePatterns.description.
2024-01-18 08:55:47.230 [warning] [mypy-type-checker]: No se encontró un mensaje para la clave settings.cwd.description.
2024-01-18 08:55:47.231 [warning] [mypy-type-checker]: No se encontró un mensaje para la clave settings.ignorePatterns.description.
2024-01-18 08:55:47.234 [warning] [mypy-type-checker]: No se encontró un mensaje para la clave settings.cwd.description.
2024-01-18 08:55:47.234 [warning] [mypy-type-checker]: No se encontró un mensaje para la clave settings.ignorePatterns.description.
2024-01-18 08:55:47.238 [warning] [mypy-type-checker]: No se encontró un mensaje para la clave settings.cwd.description.
2024-01-18 08:55:47.239 [warning] [mypy-type-checker]: No se encontró un mensaje para la clave settings.ignorePatterns.description.
2024-01-18 08:55:47.264 [warning] [mypy-type-checker]: No se encontró un mensaje para la clave settings.cwd.description.
2024-01-18 08:55:47.264 [warning] [mypy-type-checker]: No se encontró un mensaje para la clave settings.ignorePatterns.description.
2024-01-18 08:55:47.268 [warning] [mypy-type-checker]: No se encontró un mensaje para la clave settings.cwd.description.
2024-01-18 08:55:47.271 [warning] [mypy-type-checker]: No se encontró un mensaje para la clave settings.ignorePatterns.description.
2024-01-18 08:55:47.792 [warning] [mypy-type-checker]: No se encontró un mensaje para la clave settings.cwd.description.
2024-01-18 08:55:47.792 [warning] [mypy-type-checker]: No se encontró un mensaje para la clave settings.ignorePatterns.description.
2024-01-18 08:55:47.797 [warning] [mypy-type-checker]: No se encontró un mensaje para la clave settings.cwd.description.
2024-01-18 08:55:47.797 [warning] [mypy-type-checker]: No se encontró un mensaje para la clave settings.ignorePatterns.description.
2024-01-18 08:55:47.820 [warning] [mypy-type-checker]: No se encontró un mensaje para la clave settings.cwd.description.
2024-01-18 08:55:47.820 [warning] [mypy-type-checker]: No se encontró un mensaje para la clave settings.ignorePatterns.description.
2024-01-18 08:55:48.063 [warning] [mypy-type-checker]: No se encontró un mensaje para la clave settings.cwd.description.
2024-01-18 08:55:48.064 [warning] [mypy-type-checker]: No se encontró un mensaje para la clave settings.ignorePatterns.description.
2024-01-18 08:55:48.259 [warning] [mypy-type-checker]: No se encontró un mensaje para la clave settings.cwd.description.
2024-01-18 08:55:48.260 [warning] [mypy-type-checker]: No se encontró un mensaje para la clave settings.ignorePatterns.description.
2024-01-18 08:55:48.471 [warning] [mypy-type-checker]: No se encontró un mensaje para la clave settings.cwd.description.
2024-01-18 08:55:48.471 [warning] [mypy-type-checker]: No se encontró un mensaje para la clave settings.ignorePatterns.description.
2024-01-18 08:55:48.610 [warning] [mypy-type-checker]: No se encontró un mensaje para la clave settings.cwd.description.
2024-01-18 08:55:48.611 [warning] [mypy-type-checker]: No se encontró un mensaje para la clave settings.ignorePatterns.description.
2024-01-18 08:55:48.742 [warning] [mypy-type-checker]: No se encontró un mensaje para la clave settings.cwd.description.
2024-01-18 08:55:48.743 [warning] [mypy-type-checker]: No se encontró un mensaje para la clave settings.ignorePatterns.description.
2024-01-18 08:55:48.874 [warning] [mypy-type-checker]: No se encontró un mensaje para la clave settings.cwd.description.
2024-01-18 08:55:48.876 [warning] [mypy-type-checker]: No se encontró un mensaje para la clave settings.ignorePatterns.description.
2024-01-18 08:55:49.059 [warning] [mypy-type-checker]: No se encontró un mensaje para la clave settings.cwd.description.
2024-01-18 08:55:49.060 [warning] [mypy-type-checker]: No se encontró un mensaje para la clave settings.ignorePatterns.description.
2024-01-18 08:55:49.522 [warning] [mypy-type-checker]: No se encontró un mensaje para la clave settings.cwd.description.
2024-01-18 08:55:49.522 [warning] [mypy-type-checker]: No se encontró un mensaje para la clave settings.ignorePatterns.description.
2024-01-18 08:55:49.776 [warning] [mypy-type-checker]: No se encontró un mensaje para la clave settings.cwd.description.
2024-01-18 08:55:49.778 [warning] [mypy-type-checker]: No se encontró un mensaje para la clave settings.ignorePatterns.description.
2024-01-18 08:55:50.900 [info] Getting Manifest... eamodio.gitlens
2024-01-18 08:55:50.979 [info] Installing extension: eamodio.gitlens
2024-01-18 08:55:51.061 [warning] [mypy-type-checker]: No se encontró un mensaje para la clave settings.cwd.description.
2024-01-18 08:55:51.061 [warning] [mypy-type-checker]: No se encontró un mensaje para la clave settings.ignorePatterns.description.
2024-01-18 08:55:51.185 [warning] [mypy-type-checker]: No se encontró un mensaje para la clave settings.cwd.description.
2024-01-18 08:55:51.185 [warning] [mypy-type-checker]: No se encontró un mensaje para la clave settings.ignorePatterns.description.
2024-01-18 08:55:51.292 [warning] [mypy-type-checker]: No se encontró un mensaje para la clave settings.cwd.description.
2024-01-18 08:55:51.293 [warning] [mypy-type-checker]: No se encontró un mensaje para la clave settings.ignorePatterns.description.
2024-01-18 08:55:55.347 [warning] Extension signature verification failed with error 'UnknownError': eamodio.gitlens
2024-01-18 08:55:56.544 [info] Extracted extension to file:///home/devdragon/.vscode/extensions/eamodio.gitlens-14.7.0: eamodio.gitlens
2024-01-18 08:55:57.331 [info] Renamed to /home/devdragon/.vscode/extensions/eamodio.gitlens-14.7.0
2024-01-18 08:55:57.338 [info] Extracting extension completed. eamodio.gitlens
2024-01-18 08:55:57.653 [info] Extension installed successfully: eamodio.gitlens
2024-01-18 08:55:57.671 [info] Marked extension as uninstalled eamodio.gitlens-14.6.1
2024-01-18 08:56:03.414 [warning] [mypy-type-checker]: No se encontró un mensaje para la clave settings.cwd.description.
2024-01-18 08:56:03.415 [warning] [mypy-type-checker]: No se encontró un mensaje para la clave settings.ignorePatterns.description.
2024-01-18 08:56:43.256 [warning] [mypy-type-checker]: No se encontró un mensaje para la clave settings.cwd.description.
2024-01-18 08:56:43.257 [warning] [mypy-type-checker]: No se encontró un mensaje para la clave settings.ignorePatterns.description.
2024-01-18 09:00:48.465 [warning] [mypy-type-checker]: No se encontró un mensaje para la clave settings.cwd.description.
2024-01-18 09:00:48.465 [warning] [mypy-type-checker]: No se encontró un mensaje para la clave settings.ignorePatterns.description.
2024-01-18 09:01:44.210 [warning] [mypy-type-checker]: No se encontró un mensaje para la clave settings.cwd.description.
2024-01-18 09:01:44.211 [warning] [mypy-type-checker]: No se encontró un mensaje para la clave settings.ignorePatterns.description.
2024-01-18 09:05:48.622 [warning] [mypy-type-checker]: No se encontró un mensaje para la clave settings.cwd.description.
2024-01-18 09:05:48.622 [warning] [mypy-type-checker]: No se encontró un mensaje para la clave settings.ignorePatterns.description.
2024-01-18 09:06:45.080 [warning] [mypy-type-checker]: No se encontró un mensaje para la clave settings.cwd.description.
2024-01-18 09:06:45.081 [warning] [mypy-type-checker]: No se encontró un mensaje para la clave settings.ignorePatterns.description.
2024-01-18 09:07:32.210 [warning] [mypy-type-checker]: No se encontró un mensaje para la clave settings.cwd.description.
2024-01-18 09:07:32.210 [warning] [mypy-type-checker]: No se encontró un mensaje para la clave settings.ignorePatterns.description.
2024-01-18 09:08:07.916 [warning] [mypy-type-checker]: No se encontró un mensaje para la clave settings.cwd.description.
2024-01-18 09:08:07.917 [warning] [mypy-type-checker]: No se encontró un mensaje para la clave settings.ignorePatterns.description.
2024-01-18 09:08:28.082 [warning] [mypy-type-checker]: No se encontró un mensaje para la clave settings.cwd.description.
2024-01-18 09:08:28.082 [warning] [mypy-type-checker]: No se encontró un mensaje para la clave settings.ignorePatterns.description.
