2024-01-16 10:43:32.370 [info] Reading sessions from keychain...
2024-01-16 10:43:32.370 [info] Getting sessions for all scopes...
2024-01-16 10:43:32.370 [info] Got stored sessions!
2024-01-16 10:43:32.370 [info] Got 2 verified sessions.
2024-01-16 10:43:32.370 [info] Got 2 sessions for ...
2024-01-16 10:43:32.370 [info] Getting sessions for all scopes...
2024-01-16 10:43:32.370 [info] Got 2 sessions for ...
2024-01-16 10:43:32.370 [info] Getting sessions for user:email...
2024-01-16 10:43:32.370 [info] Got 1 sessions for user:email...
2024-01-16 10:43:32.370 [info] Getting sessions for all scopes...
2024-01-16 10:43:32.370 [info] Got 2 sessions for ...
2024-01-16 10:43:32.370 [info] Getting sessions for user:email...
2024-01-16 10:43:32.370 [info] Got 1 sessions for user:email...
2024-01-16 10:43:33.300 [info] Getting sessions for all scopes...
2024-01-16 10:43:33.300 [info] Got 2 sessions for ...
2024-01-16 10:43:34.389 [info] Getting sessions for project,read:org,read:user,repo,user:email,workflow...
2024-01-16 10:43:34.389 [info] Got 0 sessions for project,read:org,read:user,repo,user:email,workflow...
2024-01-16 10:43:34.710 [info] Getting sessions for read:user,repo,user:email,workflow...
2024-01-16 10:43:34.710 [info] Got 1 sessions for read:user,repo,user:email,workflow...
2024-01-16 10:43:35.911 [info] Getting sessions for read:user,repo,user:email,workflow...
2024-01-16 10:43:35.911 [info] Got 1 sessions for read:user,repo,user:email,workflow...
2024-01-16 10:43:37.284 [info] Getting sessions for read:user,repo,user:email,workflow...
2024-01-16 10:43:37.284 [info] Got 1 sessions for read:user,repo,user:email,workflow...
2024-01-16 10:56:41.042 [info] Getting sessions for read:user,repo,user:email...
2024-01-16 10:56:41.042 [info] Got 0 sessions for read:user,repo,user:email...
2024-01-16 11:18:11.079 [info] Reading sessions from keychain...
2024-01-16 11:18:11.079 [info] Getting sessions for all scopes...
2024-01-16 11:18:11.079 [info] Got stored sessions!
2024-01-16 11:18:11.079 [info] Got 2 verified sessions.
2024-01-16 11:18:11.079 [info] Got 2 sessions for ...
2024-01-16 11:18:11.079 [info] Getting sessions for user:email...
2024-01-16 11:18:11.079 [info] Got 1 sessions for user:email...
2024-01-16 11:18:11.079 [info] Getting sessions for all scopes...
2024-01-16 11:18:11.079 [info] Got 2 sessions for ...
2024-01-16 11:18:11.544 [info] Getting sessions for user:email...
2024-01-16 11:18:11.544 [info] Got 1 sessions for user:email...
2024-01-16 11:18:11.944 [info] Getting sessions for all scopes...
2024-01-16 11:18:11.944 [info] Got 2 sessions for ...
2024-01-16 11:18:14.257 [info] Getting sessions for all scopes...
2024-01-16 11:18:14.257 [info] Got 2 sessions for ...
2024-01-16 11:18:14.740 [info] Getting sessions for project,read:org,read:user,repo,user:email,workflow...
2024-01-16 11:18:14.740 [info] Got 0 sessions for project,read:org,read:user,repo,user:email,workflow...
2024-01-16 11:18:15.032 [info] Getting sessions for read:user,repo,user:email,workflow...
2024-01-16 11:18:15.032 [info] Got 1 sessions for read:user,repo,user:email,workflow...
2024-01-16 11:18:15.237 [info] Getting sessions for read:user,repo,user:email,workflow...
2024-01-16 11:18:15.237 [info] Got 1 sessions for read:user,repo,user:email,workflow...
2024-01-16 11:18:16.105 [info] Getting sessions for read:user,repo,user:email,workflow...
2024-01-16 11:18:16.105 [info] Got 1 sessions for read:user,repo,user:email,workflow...
2024-01-16 11:18:17.002 [info] Getting sessions for all scopes...
2024-01-16 11:18:17.002 [info] Got 2 sessions for ...
2024-01-16 11:23:04.567 [info] Getting sessions for read:user,repo,user:email...
2024-01-16 11:23:04.567 [info] Got 0 sessions for read:user,repo,user:email...
