2024-01-16 10:43:36.115 [info] (Client) Pylance async client (2023.12.1) started with python extension (2023.22.1)
2024-01-16 10:43:37.251 [info] [Info  - 10:43:37 AM] (76035) Pylance language server 2023.12.1 (pyright a78e2b10) starting
2024-01-16 10:43:37.251 [info] [Info  - 10:43:37 AM] (76035) Server root directory: /home/devdragon/.vscode/extensions/ms-python.vscode-pylance-2023.12.1/dist
2024-01-16 10:43:37.587 [info] [Info  - 10:43:37 AM] (76035) Starting service instance "FastApliLearn"
2024-01-16 10:43:37.690 [info] [Info  - 10:43:37 AM] (76035) Setting pythonPath for service "FastApliLearn": "/home/devdragon/workspace/python/FastApliLearn/evfs/bin/python"
2024-01-16 10:43:37.691 [info] [Info  - 10:43:37 AM] (76035) Setting environmentName for service "FastApliLearn": "3.11.6 (evfs venv)"
2024-01-16 10:43:37.740 [info] [Info  - 10:43:37 AM] (76035) Assuming Python version 3.11
2024-01-16 10:43:47.407 [info] [Info  - 10:43:47 AM] (76035) Auto-excluding /home/devdragon/workspace/python/FastApliLearn/evfs
2024-01-16 10:43:47.416 [info] [Info  - 10:43:47 AM] (76035) Found 9 source files
2024-01-16 10:43:48.353 [info] [Info  - 10:43:48 AM] (76035) Setting pythonPath for service "FastApliLearn": "/home/devdragon/workspace/python/FastApliLearn/evfs/bin/python"
2024-01-16 10:43:48.354 [info] [Info  - 10:43:48 AM] (76035) Setting environmentName for service "FastApliLearn": "3.11.6 (evfs venv)"
2024-01-16 10:43:48.419 [info] [Info  - 10:43:48 AM] (76035) Assuming Python version 3.11
2024-01-16 10:43:48.578 [info] [Info  - 10:43:48 AM] (76035) Auto-excluding /home/devdragon/workspace/python/FastApliLearn/evfs
2024-01-16 10:43:48.606 [info] [Info  - 10:43:48 AM] (76035) Found 9 source files
2024-01-16 10:43:51.852 [info] [Info  - 10:43:51 AM] (76035) [BG(1)] Long operation: checking: /home/devdragon/workspace/python/FastApliLearn/conect_data_base/client.py (2994ms)
2024-01-16 10:43:51.852 [info] [Info  - 10:43:51 AM] (76035) [BG(1)] Long operation: analyzing: /home/devdragon/workspace/python/FastApliLearn/conect_data_base/client.py (3553ms)
2024-01-16 10:44:13.749 [info] [Info  - 10:44:13 AM] (76035) [IDX(2)] Long operation: scan packages /home/devdragon/workspace/python/FastApliLearn (24985ms)
2024-01-16 11:18:04.983 [info] [Error - 11:18:04 AM] Server process exited with code 0.
2024-01-16 11:18:15.546 [info] (Client) Pylance async client (2023.12.1) started with python extension (2023.22.1)
2024-01-16 11:18:16.401 [info] [Info  - 11:18:16 AM] (79076) Pylance language server 2023.12.1 (pyright a78e2b10) starting
2024-01-16 11:18:16.402 [info] [Info  - 11:18:16 AM] (79076) Server root directory: /home/devdragon/.vscode/extensions/ms-python.vscode-pylance-2023.12.1/dist
2024-01-16 11:18:16.409 [info] [Info  - 11:18:16 AM] (79076) Starting service instance "FastApliLearn"
2024-01-16 11:18:16.475 [info] [Info  - 11:18:16 AM] (79076) Setting pythonPath for service "FastApliLearn": "/home/devdragon/workspace/python/FastApliLearn/evfs/bin/python"
2024-01-16 11:18:16.476 [info] [Info  - 11:18:16 AM] (79076) Setting environmentName for service "FastApliLearn": "3.11.6 (evfs venv)"
2024-01-16 11:18:16.511 [info] [Info  - 11:18:16 AM] (79076) Assuming Python version 3.11
2024-01-16 11:18:16.575 [info] [Info  - 11:18:16 AM] (79076) Auto-excluding /home/devdragon/workspace/python/FastApliLearn/evfs
2024-01-16 11:18:16.580 [info] [Info  - 11:18:16 AM] (79076) Found 9 source files
2024-01-16 16:24:45.490 [info] [Info  - 4:24:45 PM] (79076) [BG(1)] Long operation: checking: /home/devdragon/workspace/python/FastApliLearn/users/user_db.py (2942ms)
2024-01-16 16:24:45.490 [info] [Info  - 4:24:45 PM] (79076) [BG(1)] Long operation: analyzing: /home/devdragon/workspace/python/FastApliLearn/users/user_db.py (2978ms)
2024-01-16 17:11:54.594 [info] [Error - 5:11:54 PM] Server process exited with code 0.
