2024-01-16 10:43:11.344 [warning] [mypy-type-checker]: No se encontró un mensaje para la clave settings.cwd.description.
2024-01-16 10:43:11.344 [warning] [mypy-type-checker]: No se encontró un mensaje para la clave settings.ignorePatterns.description.
2024-01-16 10:43:11.423 [warning] [mypy-type-checker]: No se encontró un mensaje para la clave settings.cwd.description.
2024-01-16 10:43:11.423 [warning] [mypy-type-checker]: No se encontró un mensaje para la clave settings.ignorePatterns.description.
2024-01-16 10:43:11.462 [warning] [mypy-type-checker]: No se encontró un mensaje para la clave settings.cwd.description.
2024-01-16 10:43:11.463 [warning] [mypy-type-checker]: No se encontró un mensaje para la clave settings.ignorePatterns.description.
2024-01-16 10:43:12.090 [warning] [mypy-type-checker]: No se encontró un mensaje para la clave settings.cwd.description.
2024-01-16 10:43:12.090 [warning] [mypy-type-checker]: No se encontró un mensaje para la clave settings.ignorePatterns.description.
2024-01-16 10:43:12.337 [warning] [mypy-type-checker]: No se encontró un mensaje para la clave settings.cwd.description.
2024-01-16 10:43:12.339 [warning] [mypy-type-checker]: No se encontró un mensaje para la clave settings.ignorePatterns.description.
2024-01-16 10:43:12.508 [warning] [mypy-type-checker]: No se encontró un mensaje para la clave settings.cwd.description.
2024-01-16 10:43:12.509 [warning] [mypy-type-checker]: No se encontró un mensaje para la clave settings.ignorePatterns.description.
2024-01-16 10:43:12.613 [warning] [mypy-type-checker]: No se encontró un mensaje para la clave settings.cwd.description.
2024-01-16 10:43:12.614 [warning] [mypy-type-checker]: No se encontró un mensaje para la clave settings.ignorePatterns.description.
2024-01-16 10:43:12.616 [warning] [mypy-type-checker]: No se encontró un mensaje para la clave settings.cwd.description.
2024-01-16 10:43:12.616 [warning] [mypy-type-checker]: No se encontró un mensaje para la clave settings.ignorePatterns.description.
2024-01-16 10:43:12.661 [warning] [mypy-type-checker]: No se encontró un mensaje para la clave settings.cwd.description.
2024-01-16 10:43:12.661 [warning] [mypy-type-checker]: No se encontró un mensaje para la clave settings.ignorePatterns.description.
2024-01-16 10:43:12.759 [warning] [mypy-type-checker]: No se encontró un mensaje para la clave settings.cwd.description.
2024-01-16 10:43:12.760 [warning] [mypy-type-checker]: No se encontró un mensaje para la clave settings.ignorePatterns.description.
2024-01-16 10:43:12.905 [warning] [mypy-type-checker]: No se encontró un mensaje para la clave settings.cwd.description.
2024-01-16 10:43:12.907 [warning] [mypy-type-checker]: No se encontró un mensaje para la clave settings.ignorePatterns.description.
2024-01-16 10:43:12.976 [warning] [mypy-type-checker]: No se encontró un mensaje para la clave settings.cwd.description.
2024-01-16 10:43:12.976 [warning] [mypy-type-checker]: No se encontró un mensaje para la clave settings.ignorePatterns.description.
2024-01-16 10:43:12.984 [info] Deleted uninstalled extension from disk tabnine.tabnine-vscode /home/devdragon/.vscode/extensions/tabnine.tabnine-vscode-3.57.0
2024-01-16 10:43:13.221 [warning] [mypy-type-checker]: No se encontró un mensaje para la clave settings.cwd.description.
2024-01-16 10:43:13.222 [warning] [mypy-type-checker]: No se encontró un mensaje para la clave settings.ignorePatterns.description.
2024-01-16 10:43:13.366 [warning] [mypy-type-checker]: No se encontró un mensaje para la clave settings.cwd.description.
2024-01-16 10:43:13.366 [warning] [mypy-type-checker]: No se encontró un mensaje para la clave settings.ignorePatterns.description.
2024-01-16 10:43:13.437 [info] Deleted uninstalled extension from disk yzhang.markdown-all-in-one /home/devdragon/.vscode/extensions/yzhang.markdown-all-in-one-3.6.1
2024-01-16 10:43:13.458 [info] Deleted uninstalled extension from disk ms-vscode.vscode-typescript-next /home/devdragon/.vscode/extensions/ms-vscode.vscode-typescript-next-5.4.20240112
2024-01-16 10:43:13.598 [warning] [mypy-type-checker]: No se encontró un mensaje para la clave settings.cwd.description.
2024-01-16 10:43:13.598 [warning] [mypy-type-checker]: No se encontró un mensaje para la clave settings.ignorePatterns.description.
2024-01-16 10:43:13.774 [warning] [mypy-type-checker]: No se encontró un mensaje para la clave settings.cwd.description.
2024-01-16 10:43:13.775 [warning] [mypy-type-checker]: No se encontró un mensaje para la clave settings.ignorePatterns.description.
2024-01-16 10:43:14.025 [warning] [mypy-type-checker]: No se encontró un mensaje para la clave settings.cwd.description.
2024-01-16 10:43:14.025 [warning] [mypy-type-checker]: No se encontró un mensaje para la clave settings.ignorePatterns.description.
2024-01-16 10:43:14.278 [warning] [mypy-type-checker]: No se encontró un mensaje para la clave settings.cwd.description.
2024-01-16 10:43:14.278 [warning] [mypy-type-checker]: No se encontró un mensaje para la clave settings.ignorePatterns.description.
2024-01-16 10:43:14.563 [warning] [mypy-type-checker]: No se encontró un mensaje para la clave settings.cwd.description.
2024-01-16 10:43:14.563 [warning] [mypy-type-checker]: No se encontró un mensaje para la clave settings.ignorePatterns.description.
2024-01-16 10:43:21.607 [info] Getting Manifest... ms-vscode.vscode-typescript-next
2024-01-16 10:43:21.609 [info] Getting Manifest... tabnine.tabnine-vscode
2024-01-16 10:43:21.610 [info] Getting Manifest... wallabyjs.console-ninja
2024-01-16 10:43:21.611 [info] Getting Manifest... wallabyjs.quokka-vscode
2024-01-16 10:43:21.805 [info] Installing extension: ms-vscode.vscode-typescript-next
2024-01-16 10:43:21.808 [info] Installing extension: tabnine.tabnine-vscode
2024-01-16 10:43:21.810 [info] Installing extension: wallabyjs.quokka-vscode
2024-01-16 10:43:21.811 [info] Installing extension: wallabyjs.console-ninja
2024-01-16 10:43:22.361 [warning] [mypy-type-checker]: No se encontró un mensaje para la clave settings.cwd.description.
2024-01-16 10:43:22.363 [warning] [mypy-type-checker]: No se encontró un mensaje para la clave settings.ignorePatterns.description.
2024-01-16 10:43:22.536 [warning] [mypy-type-checker]: No se encontró un mensaje para la clave settings.cwd.description.
2024-01-16 10:43:22.544 [warning] [mypy-type-checker]: No se encontró un mensaje para la clave settings.ignorePatterns.description.
2024-01-16 10:43:22.607 [warning] [mypy-type-checker]: No se encontró un mensaje para la clave settings.cwd.description.
2024-01-16 10:43:22.607 [warning] [mypy-type-checker]: No se encontró un mensaje para la clave settings.ignorePatterns.description.
2024-01-16 10:43:22.733 [warning] [mypy-type-checker]: No se encontró un mensaje para la clave settings.cwd.description.
2024-01-16 10:43:22.733 [warning] [mypy-type-checker]: No se encontró un mensaje para la clave settings.ignorePatterns.description.
2024-01-16 10:43:23.671 [warning] [mypy-type-checker]: No se encontró un mensaje para la clave settings.cwd.description.
2024-01-16 10:43:23.673 [warning] [mypy-type-checker]: No se encontró un mensaje para la clave settings.ignorePatterns.description.
2024-01-16 10:43:23.788 [warning] [mypy-type-checker]: No se encontró un mensaje para la clave settings.cwd.description.
2024-01-16 10:43:23.789 [warning] [mypy-type-checker]: No se encontró un mensaje para la clave settings.ignorePatterns.description.
2024-01-16 10:43:23.859 [warning] [mypy-type-checker]: No se encontró un mensaje para la clave settings.cwd.description.
2024-01-16 10:43:23.860 [warning] [mypy-type-checker]: No se encontró un mensaje para la clave settings.ignorePatterns.description.
2024-01-16 10:43:23.940 [warning] [mypy-type-checker]: No se encontró un mensaje para la clave settings.cwd.description.
2024-01-16 10:43:23.940 [warning] [mypy-type-checker]: No se encontró un mensaje para la clave settings.ignorePatterns.description.
2024-01-16 10:43:24.415 [warning] [mypy-type-checker]: No se encontró un mensaje para la clave settings.cwd.description.
2024-01-16 10:43:24.415 [warning] [mypy-type-checker]: No se encontró un mensaje para la clave settings.ignorePatterns.description.
2024-01-16 10:43:24.482 [warning] [mypy-type-checker]: No se encontró un mensaje para la clave settings.cwd.description.
2024-01-16 10:43:24.482 [warning] [mypy-type-checker]: No se encontró un mensaje para la clave settings.ignorePatterns.description.
2024-01-16 10:43:24.553 [warning] [mypy-type-checker]: No se encontró un mensaje para la clave settings.cwd.description.
2024-01-16 10:43:24.554 [warning] [mypy-type-checker]: No se encontró un mensaje para la clave settings.ignorePatterns.description.
2024-01-16 10:43:24.627 [warning] [mypy-type-checker]: No se encontró un mensaje para la clave settings.cwd.description.
2024-01-16 10:43:24.628 [warning] [mypy-type-checker]: No se encontró un mensaje para la clave settings.ignorePatterns.description.
2024-01-16 10:43:28.409 [warning] [mypy-type-checker]: No se encontró un mensaje para la clave settings.cwd.description.
2024-01-16 10:43:28.410 [warning] [mypy-type-checker]: No se encontró un mensaje para la clave settings.ignorePatterns.description.
2024-01-16 10:43:28.604 [warning] Extension signature verification failed with error 'UnknownError': tabnine.tabnine-vscode
2024-01-16 10:43:28.794 [info] Extracted extension to file:///home/devdragon/.vscode/extensions/tabnine.tabnine-vscode-3.61.0: tabnine.tabnine-vscode
2024-01-16 10:43:29.236 [info] Renamed to /home/devdragon/.vscode/extensions/tabnine.tabnine-vscode-3.61.0
2024-01-16 10:43:29.241 [info] Extracting extension completed. tabnine.tabnine-vscode
2024-01-16 10:43:29.586 [info] Extension installed successfully: tabnine.tabnine-vscode
2024-01-16 10:43:29.604 [info] Marked extension as uninstalled tabnine.tabnine-vscode-3.60.0
2024-01-16 10:43:29.759 [warning] [mypy-type-checker]: No se encontró un mensaje para la clave settings.cwd.description.
2024-01-16 10:43:29.759 [warning] [mypy-type-checker]: No se encontró un mensaje para la clave settings.ignorePatterns.description.
2024-01-16 10:43:29.968 [warning] Extension signature verification failed with error 'UnknownError': ms-vscode.vscode-typescript-next
2024-01-16 10:43:31.064 [info] Extracted extension to file:///home/devdragon/.vscode/extensions/ms-vscode.vscode-typescript-next-5.4.20240115: ms-vscode.vscode-typescript-next
2024-01-16 10:43:31.756 [info] Renamed to /home/devdragon/.vscode/extensions/ms-vscode.vscode-typescript-next-5.4.20240115
2024-01-16 10:43:31.758 [info] Extracting extension completed. ms-vscode.vscode-typescript-next
2024-01-16 10:43:32.295 [info] Extension installed successfully: ms-vscode.vscode-typescript-next
2024-01-16 10:43:32.309 [info] Marked extension as uninstalled ms-vscode.vscode-typescript-next-5.4.20240114
2024-01-16 10:43:32.606 [warning] [mypy-type-checker]: No se encontró un mensaje para la clave settings.cwd.description.
2024-01-16 10:43:32.607 [warning] [mypy-type-checker]: No se encontró un mensaje para la clave settings.ignorePatterns.description.
2024-01-16 10:43:32.647 [warning] Extension signature verification failed with error 'UnknownError': wallabyjs.console-ninja
2024-01-16 10:43:32.658 [warning] Extension signature verification failed with error 'UnknownError': wallabyjs.quokka-vscode
2024-01-16 10:43:34.761 [info] Extracted extension to file:///home/devdragon/.vscode/extensions/wallabyjs.console-ninja-1.0.273: wallabyjs.console-ninja
2024-01-16 10:43:35.417 [info] Renamed to /home/devdragon/.vscode/extensions/wallabyjs.console-ninja-1.0.273
2024-01-16 10:43:35.419 [info] Extracting extension completed. wallabyjs.console-ninja
2024-01-16 10:43:36.177 [info] Extension installed successfully: wallabyjs.console-ninja
2024-01-16 10:43:36.194 [info] Marked extension as uninstalled wallabyjs.console-ninja-1.0.272
2024-01-16 10:43:36.498 [warning] [mypy-type-checker]: No se encontró un mensaje para la clave settings.cwd.description.
2024-01-16 10:43:36.498 [warning] [mypy-type-checker]: No se encontró un mensaje para la clave settings.ignorePatterns.description.
2024-01-16 10:43:38.880 [info] Extracted extension to file:///home/devdragon/.vscode/extensions/wallabyjs.quokka-vscode-1.0.615: wallabyjs.quokka-vscode
2024-01-16 10:43:39.279 [warning] [mypy-type-checker]: No se encontró un mensaje para la clave settings.cwd.description.
2024-01-16 10:43:39.279 [warning] [mypy-type-checker]: No se encontró un mensaje para la clave settings.ignorePatterns.description.
2024-01-16 10:43:39.387 [info] Renamed to /home/devdragon/.vscode/extensions/wallabyjs.quokka-vscode-1.0.615
2024-01-16 10:43:39.392 [info] Extracting extension completed. wallabyjs.quokka-vscode
2024-01-16 10:43:39.862 [info] Extension installed successfully: wallabyjs.quokka-vscode
2024-01-16 10:43:39.872 [info] Marked extension as uninstalled wallabyjs.quokka-vscode-1.0.614
2024-01-16 10:43:40.055 [warning] [mypy-type-checker]: No se encontró un mensaje para la clave settings.cwd.description.
2024-01-16 10:43:40.055 [warning] [mypy-type-checker]: No se encontró un mensaje para la clave settings.ignorePatterns.description.
2024-01-16 10:43:42.977 [warning] [mypy-type-checker]: No se encontró un mensaje para la clave settings.cwd.description.
2024-01-16 10:43:42.978 [warning] [mypy-type-checker]: No se encontró un mensaje para la clave settings.ignorePatterns.description.
2024-01-16 10:48:13.475 [warning] [mypy-type-checker]: No se encontró un mensaje para la clave settings.cwd.description.
2024-01-16 10:48:13.475 [warning] [mypy-type-checker]: No se encontró un mensaje para la clave settings.ignorePatterns.description.
2024-01-16 10:48:46.228 [warning] [mypy-type-checker]: No se encontró un mensaje para la clave settings.cwd.description.
2024-01-16 10:48:46.228 [warning] [mypy-type-checker]: No se encontró un mensaje para la clave settings.ignorePatterns.description.
2024-01-16 10:53:13.643 [warning] [mypy-type-checker]: No se encontró un mensaje para la clave settings.cwd.description.
2024-01-16 10:53:13.644 [warning] [mypy-type-checker]: No se encontró un mensaje para la clave settings.ignorePatterns.description.
2024-01-16 10:53:48.773 [warning] [mypy-type-checker]: No se encontró un mensaje para la clave settings.cwd.description.
2024-01-16 10:53:48.773 [warning] [mypy-type-checker]: No se encontró un mensaje para la clave settings.ignorePatterns.description.
2024-01-16 10:56:20.384 [warning] [mypy-type-checker]: No se encontró un mensaje para la clave settings.cwd.description.
2024-01-16 10:56:20.385 [warning] [mypy-type-checker]: No se encontró un mensaje para la clave settings.ignorePatterns.description.
2024-01-16 10:58:13.812 [warning] [mypy-type-checker]: No se encontró un mensaje para la clave settings.cwd.description.
2024-01-16 10:58:13.813 [warning] [mypy-type-checker]: No se encontró un mensaje para la clave settings.ignorePatterns.description.
2024-01-16 11:01:21.753 [warning] [mypy-type-checker]: No se encontró un mensaje para la clave settings.cwd.description.
2024-01-16 11:01:21.754 [warning] [mypy-type-checker]: No se encontró un mensaje para la clave settings.ignorePatterns.description.
2024-01-16 11:03:13.945 [warning] [mypy-type-checker]: No se encontró un mensaje para la clave settings.cwd.description.
2024-01-16 11:03:13.945 [warning] [mypy-type-checker]: No se encontró un mensaje para la clave settings.ignorePatterns.description.
2024-01-16 11:05:25.242 [warning] [mypy-type-checker]: No se encontró un mensaje para la clave settings.cwd.description.
2024-01-16 11:05:25.242 [warning] [mypy-type-checker]: No se encontró un mensaje para la clave settings.ignorePatterns.description.
2024-01-16 11:06:28.513 [warning] [mypy-type-checker]: No se encontró un mensaje para la clave settings.cwd.description.
2024-01-16 11:06:28.514 [warning] [mypy-type-checker]: No se encontró un mensaje para la clave settings.ignorePatterns.description.
2024-01-16 11:08:03.113 [warning] [mypy-type-checker]: No se encontró un mensaje para la clave settings.cwd.description.
2024-01-16 11:08:03.114 [warning] [mypy-type-checker]: No se encontró un mensaje para la clave settings.ignorePatterns.description.
2024-01-16 11:08:14.131 [warning] [mypy-type-checker]: No se encontró un mensaje para la clave settings.cwd.description.
2024-01-16 11:08:14.132 [warning] [mypy-type-checker]: No se encontró un mensaje para la clave settings.ignorePatterns.description.
2024-01-16 11:08:35.133 [warning] [mypy-type-checker]: No se encontró un mensaje para la clave settings.cwd.description.
2024-01-16 11:08:35.133 [warning] [mypy-type-checker]: No se encontró un mensaje para la clave settings.ignorePatterns.description.
2024-01-16 11:09:03.092 [warning] [mypy-type-checker]: No se encontró un mensaje para la clave settings.cwd.description.
2024-01-16 11:09:03.092 [warning] [mypy-type-checker]: No se encontró un mensaje para la clave settings.ignorePatterns.description.
2024-01-16 11:09:17.932 [warning] [mypy-type-checker]: No se encontró un mensaje para la clave settings.cwd.description.
2024-01-16 11:09:17.933 [warning] [mypy-type-checker]: No se encontró un mensaje para la clave settings.ignorePatterns.description.
2024-01-16 11:13:14.349 [warning] [mypy-type-checker]: No se encontró un mensaje para la clave settings.cwd.description.
2024-01-16 11:13:14.349 [warning] [mypy-type-checker]: No se encontró un mensaje para la clave settings.ignorePatterns.description.
2024-01-16 11:14:20.381 [warning] [mypy-type-checker]: No se encontró un mensaje para la clave settings.cwd.description.
2024-01-16 11:14:20.384 [warning] [mypy-type-checker]: No se encontró un mensaje para la clave settings.ignorePatterns.description.
2024-01-16 11:18:02.936 [warning] [mypy-type-checker]: No se encontró un mensaje para la clave settings.cwd.description.
2024-01-16 11:18:02.936 [warning] [mypy-type-checker]: No se encontró un mensaje para la clave settings.ignorePatterns.description.
2024-01-16 11:18:03.065 [warning] [mypy-type-checker]: No se encontró un mensaje para la clave settings.cwd.description.
2024-01-16 11:18:03.065 [warning] [mypy-type-checker]: No se encontró un mensaje para la clave settings.ignorePatterns.description.
2024-01-16 11:18:03.086 [warning] [mypy-type-checker]: No se encontró un mensaje para la clave settings.cwd.description.
2024-01-16 11:18:03.087 [warning] [mypy-type-checker]: No se encontró un mensaje para la clave settings.ignorePatterns.description.
2024-01-16 11:18:06.228 [warning] [mypy-type-checker]: No se encontró un mensaje para la clave settings.cwd.description.
2024-01-16 11:18:06.228 [warning] [mypy-type-checker]: No se encontró un mensaje para la clave settings.ignorePatterns.description.
2024-01-16 11:18:06.388 [warning] [mypy-type-checker]: No se encontró un mensaje para la clave settings.cwd.description.
2024-01-16 11:18:06.389 [warning] [mypy-type-checker]: No se encontró un mensaje para la clave settings.ignorePatterns.description.
2024-01-16 11:18:06.429 [warning] [mypy-type-checker]: No se encontró un mensaje para la clave settings.cwd.description.
2024-01-16 11:18:06.429 [warning] [mypy-type-checker]: No se encontró un mensaje para la clave settings.ignorePatterns.description.
2024-01-16 11:18:06.683 [warning] [mypy-type-checker]: No se encontró un mensaje para la clave settings.cwd.description.
2024-01-16 11:18:06.683 [warning] [mypy-type-checker]: No se encontró un mensaje para la clave settings.ignorePatterns.description.
2024-01-16 11:18:07.245 [warning] [mypy-type-checker]: No se encontró un mensaje para la clave settings.cwd.description.
2024-01-16 11:18:07.245 [warning] [mypy-type-checker]: No se encontró un mensaje para la clave settings.ignorePatterns.description.
2024-01-16 11:18:07.333 [warning] [mypy-type-checker]: No se encontró un mensaje para la clave settings.cwd.description.
2024-01-16 11:18:07.333 [warning] [mypy-type-checker]: No se encontró un mensaje para la clave settings.ignorePatterns.description.
2024-01-16 11:18:07.549 [warning] [mypy-type-checker]: No se encontró un mensaje para la clave settings.cwd.description.
2024-01-16 11:18:07.549 [warning] [mypy-type-checker]: No se encontró un mensaje para la clave settings.ignorePatterns.description.
2024-01-16 11:18:07.665 [warning] [mypy-type-checker]: No se encontró un mensaje para la clave settings.cwd.description.
2024-01-16 11:18:07.665 [warning] [mypy-type-checker]: No se encontró un mensaje para la clave settings.ignorePatterns.description.
2024-01-16 11:18:08.009 [warning] [mypy-type-checker]: No se encontró un mensaje para la clave settings.cwd.description.
2024-01-16 11:18:08.011 [warning] [mypy-type-checker]: No se encontró un mensaje para la clave settings.ignorePatterns.description.
2024-01-16 11:18:08.567 [warning] [mypy-type-checker]: No se encontró un mensaje para la clave settings.cwd.description.
2024-01-16 11:18:08.567 [warning] [mypy-type-checker]: No se encontró un mensaje para la clave settings.ignorePatterns.description.
2024-01-16 11:18:09.042 [warning] [mypy-type-checker]: No se encontró un mensaje para la clave settings.cwd.description.
2024-01-16 11:18:09.045 [warning] [mypy-type-checker]: No se encontró un mensaje para la clave settings.ignorePatterns.description.
2024-01-16 11:18:09.308 [warning] [mypy-type-checker]: No se encontró un mensaje para la clave settings.cwd.description.
2024-01-16 11:18:09.312 [warning] [mypy-type-checker]: No se encontró un mensaje para la clave settings.ignorePatterns.description.
2024-01-16 11:18:09.614 [warning] [mypy-type-checker]: No se encontró un mensaje para la clave settings.cwd.description.
2024-01-16 11:18:09.615 [warning] [mypy-type-checker]: No se encontró un mensaje para la clave settings.ignorePatterns.description.
2024-01-16 11:18:10.085 [warning] [mypy-type-checker]: No se encontró un mensaje para la clave settings.cwd.description.
2024-01-16 11:18:10.085 [warning] [mypy-type-checker]: No se encontró un mensaje para la clave settings.ignorePatterns.description.
2024-01-16 11:18:10.597 [warning] [mypy-type-checker]: No se encontró un mensaje para la clave settings.cwd.description.
2024-01-16 11:18:10.599 [warning] [mypy-type-checker]: No se encontró un mensaje para la clave settings.ignorePatterns.description.
2024-01-16 11:18:10.815 [warning] [mypy-type-checker]: No se encontró un mensaje para la clave settings.cwd.description.
2024-01-16 11:18:10.818 [warning] [mypy-type-checker]: No se encontró un mensaje para la clave settings.ignorePatterns.description.
2024-01-16 11:18:10.880 [warning] [mypy-type-checker]: No se encontró un mensaje para la clave settings.cwd.description.
2024-01-16 11:18:10.883 [warning] [mypy-type-checker]: No se encontró un mensaje para la clave settings.ignorePatterns.description.
2024-01-16 11:18:11.163 [warning] [mypy-type-checker]: No se encontró un mensaje para la clave settings.cwd.description.
2024-01-16 11:18:11.163 [warning] [mypy-type-checker]: No se encontró un mensaje para la clave settings.ignorePatterns.description.
2024-01-16 11:18:15.218 [warning] [mypy-type-checker]: No se encontró un mensaje para la clave settings.cwd.description.
2024-01-16 11:18:15.218 [warning] [mypy-type-checker]: No se encontró un mensaje para la clave settings.ignorePatterns.description.
2024-01-16 11:18:15.341 [warning] [mypy-type-checker]: No se encontró un mensaje para la clave settings.cwd.description.
2024-01-16 11:18:15.341 [warning] [mypy-type-checker]: No se encontró un mensaje para la clave settings.ignorePatterns.description.
2024-01-16 11:18:17.469 [warning] [mypy-type-checker]: No se encontró un mensaje para la clave settings.cwd.description.
2024-01-16 11:18:17.469 [warning] [mypy-type-checker]: No se encontró un mensaje para la clave settings.ignorePatterns.description.
2024-01-16 11:20:40.672 [warning] [mypy-type-checker]: No se encontró un mensaje para la clave settings.cwd.description.
2024-01-16 11:20:40.672 [warning] [mypy-type-checker]: No se encontró un mensaje para la clave settings.ignorePatterns.description.
2024-01-16 11:21:10.084 [warning] [mypy-type-checker]: No se encontró un mensaje para la clave settings.cwd.description.
2024-01-16 11:21:10.084 [warning] [mypy-type-checker]: No se encontró un mensaje para la clave settings.ignorePatterns.description.
2024-01-16 11:23:11.138 [warning] [mypy-type-checker]: No se encontró un mensaje para la clave settings.cwd.description.
2024-01-16 11:23:11.138 [warning] [mypy-type-checker]: No se encontró un mensaje para la clave settings.ignorePatterns.description.
2024-01-16 11:24:20.249 [warning] [mypy-type-checker]: No se encontró un mensaje para la clave settings.cwd.description.
2024-01-16 11:24:20.249 [warning] [mypy-type-checker]: No se encontró un mensaje para la clave settings.ignorePatterns.description.
2024-01-16 11:24:42.937 [warning] [mypy-type-checker]: No se encontró un mensaje para la clave settings.cwd.description.
2024-01-16 11:24:42.937 [warning] [mypy-type-checker]: No se encontró un mensaje para la clave settings.ignorePatterns.description.
2024-01-16 11:25:51.527 [warning] [mypy-type-checker]: No se encontró un mensaje para la clave settings.cwd.description.
2024-01-16 11:25:51.527 [warning] [mypy-type-checker]: No se encontró un mensaje para la clave settings.ignorePatterns.description.
2024-01-16 11:28:05.829 [warning] [mypy-type-checker]: No se encontró un mensaje para la clave settings.cwd.description.
2024-01-16 11:28:05.830 [warning] [mypy-type-checker]: No se encontró un mensaje para la clave settings.ignorePatterns.description.
2024-01-16 11:28:11.787 [warning] [mypy-type-checker]: No se encontró un mensaje para la clave settings.cwd.description.
2024-01-16 11:28:11.787 [warning] [mypy-type-checker]: No se encontró un mensaje para la clave settings.ignorePatterns.description.
2024-01-16 11:28:53.593 [warning] [mypy-type-checker]: No se encontró un mensaje para la clave settings.cwd.description.
2024-01-16 11:28:53.594 [warning] [mypy-type-checker]: No se encontró un mensaje para la clave settings.ignorePatterns.description.
2024-01-16 11:29:31.472 [warning] [mypy-type-checker]: No se encontró un mensaje para la clave settings.cwd.description.
2024-01-16 11:29:31.472 [warning] [mypy-type-checker]: No se encontró un mensaje para la clave settings.ignorePatterns.description.
2024-01-16 11:33:11.987 [warning] [mypy-type-checker]: No se encontró un mensaje para la clave settings.cwd.description.
2024-01-16 11:33:11.987 [warning] [mypy-type-checker]: No se encontró un mensaje para la clave settings.ignorePatterns.description.
2024-01-16 11:34:33.739 [warning] [mypy-type-checker]: No se encontró un mensaje para la clave settings.cwd.description.
2024-01-16 11:34:33.739 [warning] [mypy-type-checker]: No se encontró un mensaje para la clave settings.ignorePatterns.description.
2024-01-16 11:38:12.166 [warning] [mypy-type-checker]: No se encontró un mensaje para la clave settings.cwd.description.
2024-01-16 11:38:12.167 [warning] [mypy-type-checker]: No se encontró un mensaje para la clave settings.ignorePatterns.description.
2024-01-16 11:39:36.093 [warning] [mypy-type-checker]: No se encontró un mensaje para la clave settings.cwd.description.
2024-01-16 11:39:36.093 [warning] [mypy-type-checker]: No se encontró un mensaje para la clave settings.ignorePatterns.description.
2024-01-16 11:43:12.319 [warning] [mypy-type-checker]: No se encontró un mensaje para la clave settings.cwd.description.
2024-01-16 11:43:12.319 [warning] [mypy-type-checker]: No se encontró un mensaje para la clave settings.ignorePatterns.description.
2024-01-16 11:44:39.828 [warning] [mypy-type-checker]: No se encontró un mensaje para la clave settings.cwd.description.
2024-01-16 11:44:39.828 [warning] [mypy-type-checker]: No se encontró un mensaje para la clave settings.ignorePatterns.description.
2024-01-16 11:48:12.460 [warning] [mypy-type-checker]: No se encontró un mensaje para la clave settings.cwd.description.
2024-01-16 11:48:12.460 [warning] [mypy-type-checker]: No se encontró un mensaje para la clave settings.ignorePatterns.description.
2024-01-16 11:49:42.674 [warning] [mypy-type-checker]: No se encontró un mensaje para la clave settings.cwd.description.
2024-01-16 11:49:42.674 [warning] [mypy-type-checker]: No se encontró un mensaje para la clave settings.ignorePatterns.description.
2024-01-16 11:53:12.597 [warning] [mypy-type-checker]: No se encontró un mensaje para la clave settings.cwd.description.
2024-01-16 11:53:12.598 [warning] [mypy-type-checker]: No se encontró un mensaje para la clave settings.ignorePatterns.description.
2024-01-16 11:54:44.591 [warning] [mypy-type-checker]: No se encontró un mensaje para la clave settings.cwd.description.
2024-01-16 11:54:44.591 [warning] [mypy-type-checker]: No se encontró un mensaje para la clave settings.ignorePatterns.description.
2024-01-16 11:58:12.717 [warning] [mypy-type-checker]: No se encontró un mensaje para la clave settings.cwd.description.
2024-01-16 11:58:12.718 [warning] [mypy-type-checker]: No se encontró un mensaje para la clave settings.ignorePatterns.description.
2024-01-16 11:59:46.314 [warning] [mypy-type-checker]: No se encontró un mensaje para la clave settings.cwd.description.
2024-01-16 11:59:46.314 [warning] [mypy-type-checker]: No se encontró un mensaje para la clave settings.ignorePatterns.description.
2024-01-16 12:00:50.359 [warning] [mypy-type-checker]: No se encontró un mensaje para la clave settings.cwd.description.
2024-01-16 12:00:50.359 [warning] [mypy-type-checker]: No se encontró un mensaje para la clave settings.ignorePatterns.description.
2024-01-16 12:01:33.189 [warning] [mypy-type-checker]: No se encontró un mensaje para la clave settings.cwd.description.
2024-01-16 12:01:33.189 [warning] [mypy-type-checker]: No se encontró un mensaje para la clave settings.ignorePatterns.description.
2024-01-16 12:02:45.487 [warning] [mypy-type-checker]: No se encontró un mensaje para la clave settings.cwd.description.
2024-01-16 12:02:45.487 [warning] [mypy-type-checker]: No se encontró un mensaje para la clave settings.ignorePatterns.description.
2024-01-16 12:03:12.920 [warning] [mypy-type-checker]: No se encontró un mensaje para la clave settings.cwd.description.
2024-01-16 12:03:12.921 [warning] [mypy-type-checker]: No se encontró un mensaje para la clave settings.ignorePatterns.description.
2024-01-16 12:03:55.070 [warning] [mypy-type-checker]: No se encontró un mensaje para la clave settings.cwd.description.
2024-01-16 12:03:55.071 [warning] [mypy-type-checker]: No se encontró un mensaje para la clave settings.ignorePatterns.description.
2024-01-16 12:08:13.069 [warning] [mypy-type-checker]: No se encontró un mensaje para la clave settings.cwd.description.
2024-01-16 12:08:13.069 [warning] [mypy-type-checker]: No se encontró un mensaje para la clave settings.ignorePatterns.description.
2024-01-16 12:08:52.167 [warning] [mypy-type-checker]: No se encontró un mensaje para la clave settings.cwd.description.
2024-01-16 12:08:52.168 [warning] [mypy-type-checker]: No se encontró un mensaje para la clave settings.ignorePatterns.description.
2024-01-16 12:13:13.244 [warning] [mypy-type-checker]: No se encontró un mensaje para la clave settings.cwd.description.
2024-01-16 12:13:13.245 [warning] [mypy-type-checker]: No se encontró un mensaje para la clave settings.ignorePatterns.description.
2024-01-16 12:13:53.868 [warning] [mypy-type-checker]: No se encontró un mensaje para la clave settings.cwd.description.
2024-01-16 12:13:53.869 [warning] [mypy-type-checker]: No se encontró un mensaje para la clave settings.ignorePatterns.description.
2024-01-16 12:18:13.472 [warning] [mypy-type-checker]: No se encontró un mensaje para la clave settings.cwd.description.
2024-01-16 12:18:13.473 [warning] [mypy-type-checker]: No se encontró un mensaje para la clave settings.ignorePatterns.description.
2024-01-16 12:18:56.159 [warning] [mypy-type-checker]: No se encontró un mensaje para la clave settings.cwd.description.
2024-01-16 12:18:56.159 [warning] [mypy-type-checker]: No se encontró un mensaje para la clave settings.ignorePatterns.description.
2024-01-16 12:23:13.661 [warning] [mypy-type-checker]: No se encontró un mensaje para la clave settings.cwd.description.
2024-01-16 12:23:13.662 [warning] [mypy-type-checker]: No se encontró un mensaje para la clave settings.ignorePatterns.description.
2024-01-16 12:23:58.108 [warning] [mypy-type-checker]: No se encontró un mensaje para la clave settings.cwd.description.
2024-01-16 12:23:58.109 [warning] [mypy-type-checker]: No se encontró un mensaje para la clave settings.ignorePatterns.description.
2024-01-16 12:28:14.281 [warning] [mypy-type-checker]: No se encontró un mensaje para la clave settings.cwd.description.
2024-01-16 12:28:14.281 [warning] [mypy-type-checker]: No se encontró un mensaje para la clave settings.ignorePatterns.description.
2024-01-16 12:28:59.922 [warning] [mypy-type-checker]: No se encontró un mensaje para la clave settings.cwd.description.
2024-01-16 12:28:59.922 [warning] [mypy-type-checker]: No se encontró un mensaje para la clave settings.ignorePatterns.description.
2024-01-16 12:33:14.424 [warning] [mypy-type-checker]: No se encontró un mensaje para la clave settings.cwd.description.
2024-01-16 12:33:14.424 [warning] [mypy-type-checker]: No se encontró un mensaje para la clave settings.ignorePatterns.description.
2024-01-16 12:34:02.523 [warning] [mypy-type-checker]: No se encontró un mensaje para la clave settings.cwd.description.
2024-01-16 12:34:02.524 [warning] [mypy-type-checker]: No se encontró un mensaje para la clave settings.ignorePatterns.description.
2024-01-16 12:38:14.573 [warning] [mypy-type-checker]: No se encontró un mensaje para la clave settings.cwd.description.
2024-01-16 12:38:14.573 [warning] [mypy-type-checker]: No se encontró un mensaje para la clave settings.ignorePatterns.description.
2024-01-16 12:39:04.452 [warning] [mypy-type-checker]: No se encontró un mensaje para la clave settings.cwd.description.
2024-01-16 12:39:04.452 [warning] [mypy-type-checker]: No se encontró un mensaje para la clave settings.ignorePatterns.description.
2024-01-16 12:43:14.748 [warning] [mypy-type-checker]: No se encontró un mensaje para la clave settings.cwd.description.
2024-01-16 12:43:14.748 [warning] [mypy-type-checker]: No se encontró un mensaje para la clave settings.ignorePatterns.description.
2024-01-16 12:44:06.498 [warning] [mypy-type-checker]: No se encontró un mensaje para la clave settings.cwd.description.
2024-01-16 12:44:06.499 [warning] [mypy-type-checker]: No se encontró un mensaje para la clave settings.ignorePatterns.description.
2024-01-16 12:48:14.895 [warning] [mypy-type-checker]: No se encontró un mensaje para la clave settings.cwd.description.
2024-01-16 12:48:14.895 [warning] [mypy-type-checker]: No se encontró un mensaje para la clave settings.ignorePatterns.description.
2024-01-16 12:49:08.040 [warning] [mypy-type-checker]: No se encontró un mensaje para la clave settings.cwd.description.
2024-01-16 12:49:08.040 [warning] [mypy-type-checker]: No se encontró un mensaje para la clave settings.ignorePatterns.description.
2024-01-16 12:53:15.037 [warning] [mypy-type-checker]: No se encontró un mensaje para la clave settings.cwd.description.
2024-01-16 12:53:15.037 [warning] [mypy-type-checker]: No se encontró un mensaje para la clave settings.ignorePatterns.description.
2024-01-16 12:54:08.846 [warning] [mypy-type-checker]: No se encontró un mensaje para la clave settings.cwd.description.
2024-01-16 12:54:08.847 [warning] [mypy-type-checker]: No se encontró un mensaje para la clave settings.ignorePatterns.description.
2024-01-16 12:58:15.179 [warning] [mypy-type-checker]: No se encontró un mensaje para la clave settings.cwd.description.
2024-01-16 12:58:15.180 [warning] [mypy-type-checker]: No se encontró un mensaje para la clave settings.ignorePatterns.description.
2024-01-16 12:59:12.398 [warning] [mypy-type-checker]: No se encontró un mensaje para la clave settings.cwd.description.
2024-01-16 12:59:12.398 [warning] [mypy-type-checker]: No se encontró un mensaje para la clave settings.ignorePatterns.description.
2024-01-16 13:03:15.325 [warning] [mypy-type-checker]: No se encontró un mensaje para la clave settings.cwd.description.
2024-01-16 13:03:15.325 [warning] [mypy-type-checker]: No se encontró un mensaje para la clave settings.ignorePatterns.description.
2024-01-16 13:04:14.651 [warning] [mypy-type-checker]: No se encontró un mensaje para la clave settings.cwd.description.
2024-01-16 13:04:14.652 [warning] [mypy-type-checker]: No se encontró un mensaje para la clave settings.ignorePatterns.description.
2024-01-16 13:08:15.491 [warning] [mypy-type-checker]: No se encontró un mensaje para la clave settings.cwd.description.
2024-01-16 13:08:15.492 [warning] [mypy-type-checker]: No se encontró un mensaje para la clave settings.ignorePatterns.description.
2024-01-16 13:09:15.625 [warning] [mypy-type-checker]: No se encontró un mensaje para la clave settings.cwd.description.
2024-01-16 13:09:15.625 [warning] [mypy-type-checker]: No se encontró un mensaje para la clave settings.ignorePatterns.description.
2024-01-16 13:12:25.155 [warning] [mypy-type-checker]: No se encontró un mensaje para la clave settings.cwd.description.
2024-01-16 13:12:25.155 [warning] [mypy-type-checker]: No se encontró un mensaje para la clave settings.ignorePatterns.description.
2024-01-16 13:13:15.645 [warning] [mypy-type-checker]: No se encontró un mensaje para la clave settings.cwd.description.
2024-01-16 13:13:15.645 [warning] [mypy-type-checker]: No se encontró un mensaje para la clave settings.ignorePatterns.description.
2024-01-16 13:17:26.829 [warning] [mypy-type-checker]: No se encontró un mensaje para la clave settings.cwd.description.
2024-01-16 13:17:26.830 [warning] [mypy-type-checker]: No se encontró un mensaje para la clave settings.ignorePatterns.description.
2024-01-16 13:18:15.802 [warning] [mypy-type-checker]: No se encontró un mensaje para la clave settings.cwd.description.
2024-01-16 13:18:15.802 [warning] [mypy-type-checker]: No se encontró un mensaje para la clave settings.ignorePatterns.description.
2024-01-16 13:21:53.739 [warning] [mypy-type-checker]: No se encontró un mensaje para la clave settings.cwd.description.
2024-01-16 13:21:53.739 [warning] [mypy-type-checker]: No se encontró un mensaje para la clave settings.ignorePatterns.description.
2024-01-16 13:22:16.133 [warning] [mypy-type-checker]: No se encontró un mensaje para la clave settings.cwd.description.
2024-01-16 13:22:16.133 [warning] [mypy-type-checker]: No se encontró un mensaje para la clave settings.ignorePatterns.description.
2024-01-16 13:23:15.952 [warning] [mypy-type-checker]: No se encontró un mensaje para la clave settings.cwd.description.
2024-01-16 13:23:15.952 [warning] [mypy-type-checker]: No se encontró un mensaje para la clave settings.ignorePatterns.description.
2024-01-16 13:27:17.788 [warning] [mypy-type-checker]: No se encontró un mensaje para la clave settings.cwd.description.
2024-01-16 13:27:17.791 [warning] [mypy-type-checker]: No se encontró un mensaje para la clave settings.ignorePatterns.description.
2024-01-16 13:28:16.249 [warning] [mypy-type-checker]: No se encontró un mensaje para la clave settings.cwd.description.
2024-01-16 13:28:16.249 [warning] [mypy-type-checker]: No se encontró un mensaje para la clave settings.ignorePatterns.description.
2024-01-16 13:32:25.108 [warning] [mypy-type-checker]: No se encontró un mensaje para la clave settings.cwd.description.
2024-01-16 13:32:25.110 [warning] [mypy-type-checker]: No se encontró un mensaje para la clave settings.ignorePatterns.description.
2024-01-16 13:33:16.416 [warning] [mypy-type-checker]: No se encontró un mensaje para la clave settings.cwd.description.
2024-01-16 13:33:16.416 [warning] [mypy-type-checker]: No se encontró un mensaje para la clave settings.ignorePatterns.description.
2024-01-16 13:37:28.095 [warning] [mypy-type-checker]: No se encontró un mensaje para la clave settings.cwd.description.
2024-01-16 13:37:28.095 [warning] [mypy-type-checker]: No se encontró un mensaje para la clave settings.ignorePatterns.description.
2024-01-16 13:38:16.567 [warning] [mypy-type-checker]: No se encontró un mensaje para la clave settings.cwd.description.
2024-01-16 13:38:16.568 [warning] [mypy-type-checker]: No se encontró un mensaje para la clave settings.ignorePatterns.description.
2024-01-16 13:42:29.013 [warning] [mypy-type-checker]: No se encontró un mensaje para la clave settings.cwd.description.
2024-01-16 13:42:29.014 [warning] [mypy-type-checker]: No se encontró un mensaje para la clave settings.ignorePatterns.description.
2024-01-16 13:43:16.706 [warning] [mypy-type-checker]: No se encontró un mensaje para la clave settings.cwd.description.
2024-01-16 13:43:16.707 [warning] [mypy-type-checker]: No se encontró un mensaje para la clave settings.ignorePatterns.description.
2024-01-16 13:47:29.719 [warning] [mypy-type-checker]: No se encontró un mensaje para la clave settings.cwd.description.
2024-01-16 13:47:29.719 [warning] [mypy-type-checker]: No se encontró un mensaje para la clave settings.ignorePatterns.description.
2024-01-16 13:48:16.874 [warning] [mypy-type-checker]: No se encontró un mensaje para la clave settings.cwd.description.
2024-01-16 13:48:16.874 [warning] [mypy-type-checker]: No se encontró un mensaje para la clave settings.ignorePatterns.description.
2024-01-16 13:52:30.488 [warning] [mypy-type-checker]: No se encontró un mensaje para la clave settings.cwd.description.
2024-01-16 13:52:30.489 [warning] [mypy-type-checker]: No se encontró un mensaje para la clave settings.ignorePatterns.description.
2024-01-16 13:53:17.002 [warning] [mypy-type-checker]: No se encontró un mensaje para la clave settings.cwd.description.
2024-01-16 13:53:17.003 [warning] [mypy-type-checker]: No se encontró un mensaje para la clave settings.ignorePatterns.description.
2024-01-16 13:57:31.249 [warning] [mypy-type-checker]: No se encontró un mensaje para la clave settings.cwd.description.
2024-01-16 13:57:31.249 [warning] [mypy-type-checker]: No se encontró un mensaje para la clave settings.ignorePatterns.description.
2024-01-16 13:58:17.124 [warning] [mypy-type-checker]: No se encontró un mensaje para la clave settings.cwd.description.
2024-01-16 13:58:17.124 [warning] [mypy-type-checker]: No se encontró un mensaje para la clave settings.ignorePatterns.description.
2024-01-16 14:02:31.969 [warning] [mypy-type-checker]: No se encontró un mensaje para la clave settings.cwd.description.
2024-01-16 14:02:31.969 [warning] [mypy-type-checker]: No se encontró un mensaje para la clave settings.ignorePatterns.description.
2024-01-16 14:03:17.252 [warning] [mypy-type-checker]: No se encontró un mensaje para la clave settings.cwd.description.
2024-01-16 14:03:17.252 [warning] [mypy-type-checker]: No se encontró un mensaje para la clave settings.ignorePatterns.description.
2024-01-16 14:07:32.932 [warning] [mypy-type-checker]: No se encontró un mensaje para la clave settings.cwd.description.
2024-01-16 14:07:32.932 [warning] [mypy-type-checker]: No se encontró un mensaje para la clave settings.ignorePatterns.description.
2024-01-16 14:08:17.385 [warning] [mypy-type-checker]: No se encontró un mensaje para la clave settings.cwd.description.
2024-01-16 14:08:17.385 [warning] [mypy-type-checker]: No se encontró un mensaje para la clave settings.ignorePatterns.description.
2024-01-16 14:12:33.755 [warning] [mypy-type-checker]: No se encontró un mensaje para la clave settings.cwd.description.
2024-01-16 14:12:33.755 [warning] [mypy-type-checker]: No se encontró un mensaje para la clave settings.ignorePatterns.description.
2024-01-16 14:13:17.543 [warning] [mypy-type-checker]: No se encontró un mensaje para la clave settings.cwd.description.
2024-01-16 14:13:17.543 [warning] [mypy-type-checker]: No se encontró un mensaje para la clave settings.ignorePatterns.description.
2024-01-16 14:17:34.720 [warning] [mypy-type-checker]: No se encontró un mensaje para la clave settings.cwd.description.
2024-01-16 14:17:34.720 [warning] [mypy-type-checker]: No se encontró un mensaje para la clave settings.ignorePatterns.description.
2024-01-16 14:18:17.699 [warning] [mypy-type-checker]: No se encontró un mensaje para la clave settings.cwd.description.
2024-01-16 14:18:17.700 [warning] [mypy-type-checker]: No se encontró un mensaje para la clave settings.ignorePatterns.description.
2024-01-16 14:22:35.610 [warning] [mypy-type-checker]: No se encontró un mensaje para la clave settings.cwd.description.
2024-01-16 14:22:35.610 [warning] [mypy-type-checker]: No se encontró un mensaje para la clave settings.ignorePatterns.description.
2024-01-16 14:23:17.842 [warning] [mypy-type-checker]: No se encontró un mensaje para la clave settings.cwd.description.
2024-01-16 14:23:17.842 [warning] [mypy-type-checker]: No se encontró un mensaje para la clave settings.ignorePatterns.description.
2024-01-16 14:27:36.522 [warning] [mypy-type-checker]: No se encontró un mensaje para la clave settings.cwd.description.
2024-01-16 14:27:36.523 [warning] [mypy-type-checker]: No se encontró un mensaje para la clave settings.ignorePatterns.description.
2024-01-16 14:28:18.242 [warning] [mypy-type-checker]: No se encontró un mensaje para la clave settings.cwd.description.
2024-01-16 14:28:18.242 [warning] [mypy-type-checker]: No se encontró un mensaje para la clave settings.ignorePatterns.description.
2024-01-16 14:30:12.780 [warning] [mypy-type-checker]: No se encontró un mensaje para la clave settings.cwd.description.
2024-01-16 14:30:12.781 [warning] [mypy-type-checker]: No se encontró un mensaje para la clave settings.ignorePatterns.description.
2024-01-16 14:33:18.397 [warning] [mypy-type-checker]: No se encontró un mensaje para la clave settings.cwd.description.
2024-01-16 14:33:18.397 [warning] [mypy-type-checker]: No se encontró un mensaje para la clave settings.ignorePatterns.description.
2024-01-16 14:35:13.546 [warning] [mypy-type-checker]: No se encontró un mensaje para la clave settings.cwd.description.
2024-01-16 14:35:13.546 [warning] [mypy-type-checker]: No se encontró un mensaje para la clave settings.ignorePatterns.description.
2024-01-16 14:38:18.550 [warning] [mypy-type-checker]: No se encontró un mensaje para la clave settings.cwd.description.
2024-01-16 14:38:18.550 [warning] [mypy-type-checker]: No se encontró un mensaje para la clave settings.ignorePatterns.description.
2024-01-16 14:40:14.409 [warning] [mypy-type-checker]: No se encontró un mensaje para la clave settings.cwd.description.
2024-01-16 14:40:14.409 [warning] [mypy-type-checker]: No se encontró un mensaje para la clave settings.ignorePatterns.description.
2024-01-16 14:43:18.673 [warning] [mypy-type-checker]: No se encontró un mensaje para la clave settings.cwd.description.
2024-01-16 14:43:18.674 [warning] [mypy-type-checker]: No se encontró un mensaje para la clave settings.ignorePatterns.description.
2024-01-16 14:45:15.207 [warning] [mypy-type-checker]: No se encontró un mensaje para la clave settings.cwd.description.
2024-01-16 14:45:15.207 [warning] [mypy-type-checker]: No se encontró un mensaje para la clave settings.ignorePatterns.description.
2024-01-16 14:48:18.814 [warning] [mypy-type-checker]: No se encontró un mensaje para la clave settings.cwd.description.
2024-01-16 14:48:18.814 [warning] [mypy-type-checker]: No se encontró un mensaje para la clave settings.ignorePatterns.description.
2024-01-16 14:50:15.949 [warning] [mypy-type-checker]: No se encontró un mensaje para la clave settings.cwd.description.
2024-01-16 14:50:15.949 [warning] [mypy-type-checker]: No se encontró un mensaje para la clave settings.ignorePatterns.description.
2024-01-16 14:53:18.977 [warning] [mypy-type-checker]: No se encontró un mensaje para la clave settings.cwd.description.
2024-01-16 14:53:18.977 [warning] [mypy-type-checker]: No se encontró un mensaje para la clave settings.ignorePatterns.description.
2024-01-16 14:55:16.799 [warning] [mypy-type-checker]: No se encontró un mensaje para la clave settings.cwd.description.
2024-01-16 14:55:16.799 [warning] [mypy-type-checker]: No se encontró un mensaje para la clave settings.ignorePatterns.description.
2024-01-16 14:58:19.120 [warning] [mypy-type-checker]: No se encontró un mensaje para la clave settings.cwd.description.
2024-01-16 14:58:19.121 [warning] [mypy-type-checker]: No se encontró un mensaje para la clave settings.ignorePatterns.description.
2024-01-16 15:00:17.719 [warning] [mypy-type-checker]: No se encontró un mensaje para la clave settings.cwd.description.
2024-01-16 15:00:17.719 [warning] [mypy-type-checker]: No se encontró un mensaje para la clave settings.ignorePatterns.description.
2024-01-16 15:03:19.249 [warning] [mypy-type-checker]: No se encontró un mensaje para la clave settings.cwd.description.
2024-01-16 15:03:19.249 [warning] [mypy-type-checker]: No se encontró un mensaje para la clave settings.ignorePatterns.description.
2024-01-16 15:05:18.766 [warning] [mypy-type-checker]: No se encontró un mensaje para la clave settings.cwd.description.
2024-01-16 15:05:18.766 [warning] [mypy-type-checker]: No se encontró un mensaje para la clave settings.ignorePatterns.description.
2024-01-16 15:08:19.395 [warning] [mypy-type-checker]: No se encontró un mensaje para la clave settings.cwd.description.
2024-01-16 15:08:19.395 [warning] [mypy-type-checker]: No se encontró un mensaje para la clave settings.ignorePatterns.description.
2024-01-16 15:10:19.544 [warning] [mypy-type-checker]: No se encontró un mensaje para la clave settings.cwd.description.
2024-01-16 15:10:19.544 [warning] [mypy-type-checker]: No se encontró un mensaje para la clave settings.ignorePatterns.description.
2024-01-16 15:13:19.552 [warning] [mypy-type-checker]: No se encontró un mensaje para la clave settings.cwd.description.
2024-01-16 15:13:19.554 [warning] [mypy-type-checker]: No se encontró un mensaje para la clave settings.ignorePatterns.description.
2024-01-16 15:15:20.250 [warning] [mypy-type-checker]: No se encontró un mensaje para la clave settings.cwd.description.
2024-01-16 15:15:20.251 [warning] [mypy-type-checker]: No se encontró un mensaje para la clave settings.ignorePatterns.description.
2024-01-16 15:18:19.680 [warning] [mypy-type-checker]: No se encontró un mensaje para la clave settings.cwd.description.
2024-01-16 15:18:19.680 [warning] [mypy-type-checker]: No se encontró un mensaje para la clave settings.ignorePatterns.description.
2024-01-16 15:20:20.991 [warning] [mypy-type-checker]: No se encontró un mensaje para la clave settings.cwd.description.
2024-01-16 15:20:20.992 [warning] [mypy-type-checker]: No se encontró un mensaje para la clave settings.ignorePatterns.description.
2024-01-16 15:23:19.824 [warning] [mypy-type-checker]: No se encontró un mensaje para la clave settings.cwd.description.
2024-01-16 15:23:19.824 [warning] [mypy-type-checker]: No se encontró un mensaje para la clave settings.ignorePatterns.description.
2024-01-16 15:25:21.946 [warning] [mypy-type-checker]: No se encontró un mensaje para la clave settings.cwd.description.
2024-01-16 15:25:21.946 [warning] [mypy-type-checker]: No se encontró un mensaje para la clave settings.ignorePatterns.description.
2024-01-16 15:28:20.182 [warning] [mypy-type-checker]: No se encontró un mensaje para la clave settings.cwd.description.
2024-01-16 15:28:20.182 [warning] [mypy-type-checker]: No se encontró un mensaje para la clave settings.ignorePatterns.description.
2024-01-16 15:30:23.034 [warning] [mypy-type-checker]: No se encontró un mensaje para la clave settings.cwd.description.
2024-01-16 15:30:23.035 [warning] [mypy-type-checker]: No se encontró un mensaje para la clave settings.ignorePatterns.description.
2024-01-16 15:31:01.853 [warning] [mypy-type-checker]: No se encontró un mensaje para la clave settings.cwd.description.
2024-01-16 15:31:01.853 [warning] [mypy-type-checker]: No se encontró un mensaje para la clave settings.ignorePatterns.description.
2024-01-16 15:33:07.661 [warning] [mypy-type-checker]: No se encontró un mensaje para la clave settings.cwd.description.
2024-01-16 15:33:07.661 [warning] [mypy-type-checker]: No se encontró un mensaje para la clave settings.ignorePatterns.description.
2024-01-16 15:33:20.383 [warning] [mypy-type-checker]: No se encontró un mensaje para la clave settings.cwd.description.
2024-01-16 15:33:20.383 [warning] [mypy-type-checker]: No se encontró un mensaje para la clave settings.ignorePatterns.description.
2024-01-16 15:38:08.556 [warning] [mypy-type-checker]: No se encontró un mensaje para la clave settings.cwd.description.
2024-01-16 15:38:08.556 [warning] [mypy-type-checker]: No se encontró un mensaje para la clave settings.ignorePatterns.description.
2024-01-16 15:38:20.559 [warning] [mypy-type-checker]: No se encontró un mensaje para la clave settings.cwd.description.
2024-01-16 15:38:20.560 [warning] [mypy-type-checker]: No se encontró un mensaje para la clave settings.ignorePatterns.description.
2024-01-16 15:43:09.293 [warning] [mypy-type-checker]: No se encontró un mensaje para la clave settings.cwd.description.
2024-01-16 15:43:09.294 [warning] [mypy-type-checker]: No se encontró un mensaje para la clave settings.ignorePatterns.description.
2024-01-16 15:43:20.733 [warning] [mypy-type-checker]: No se encontró un mensaje para la clave settings.cwd.description.
2024-01-16 15:43:20.734 [warning] [mypy-type-checker]: No se encontró un mensaje para la clave settings.ignorePatterns.description.
2024-01-16 15:48:10.137 [warning] [mypy-type-checker]: No se encontró un mensaje para la clave settings.cwd.description.
2024-01-16 15:48:10.137 [warning] [mypy-type-checker]: No se encontró un mensaje para la clave settings.ignorePatterns.description.
2024-01-16 15:48:20.875 [warning] [mypy-type-checker]: No se encontró un mensaje para la clave settings.cwd.description.
2024-01-16 15:48:20.876 [warning] [mypy-type-checker]: No se encontró un mensaje para la clave settings.ignorePatterns.description.
2024-01-16 15:53:10.997 [warning] [mypy-type-checker]: No se encontró un mensaje para la clave settings.cwd.description.
2024-01-16 15:53:10.997 [warning] [mypy-type-checker]: No se encontró un mensaje para la clave settings.ignorePatterns.description.
2024-01-16 15:53:21.027 [warning] [mypy-type-checker]: No se encontró un mensaje para la clave settings.cwd.description.
2024-01-16 15:53:21.027 [warning] [mypy-type-checker]: No se encontró un mensaje para la clave settings.ignorePatterns.description.
2024-01-16 15:58:11.927 [warning] [mypy-type-checker]: No se encontró un mensaje para la clave settings.cwd.description.
2024-01-16 15:58:11.927 [warning] [mypy-type-checker]: No se encontró un mensaje para la clave settings.ignorePatterns.description.
2024-01-16 15:58:21.170 [warning] [mypy-type-checker]: No se encontró un mensaje para la clave settings.cwd.description.
2024-01-16 15:58:21.170 [warning] [mypy-type-checker]: No se encontró un mensaje para la clave settings.ignorePatterns.description.
2024-01-16 16:03:12.793 [warning] [mypy-type-checker]: No se encontró un mensaje para la clave settings.cwd.description.
2024-01-16 16:03:12.794 [warning] [mypy-type-checker]: No se encontró un mensaje para la clave settings.ignorePatterns.description.
2024-01-16 16:03:21.305 [warning] [mypy-type-checker]: No se encontró un mensaje para la clave settings.cwd.description.
2024-01-16 16:03:21.305 [warning] [mypy-type-checker]: No se encontró un mensaje para la clave settings.ignorePatterns.description.
2024-01-16 16:08:13.596 [warning] [mypy-type-checker]: No se encontró un mensaje para la clave settings.cwd.description.
2024-01-16 16:08:13.597 [warning] [mypy-type-checker]: No se encontró un mensaje para la clave settings.ignorePatterns.description.
2024-01-16 16:08:21.467 [warning] [mypy-type-checker]: No se encontró un mensaje para la clave settings.cwd.description.
2024-01-16 16:08:21.467 [warning] [mypy-type-checker]: No se encontró un mensaje para la clave settings.ignorePatterns.description.
2024-01-16 16:10:36.986 [warning] [mypy-type-checker]: No se encontró un mensaje para la clave settings.cwd.description.
2024-01-16 16:10:36.986 [warning] [mypy-type-checker]: No se encontró un mensaje para la clave settings.ignorePatterns.description.
2024-01-16 16:13:21.615 [warning] [mypy-type-checker]: No se encontró un mensaje para la clave settings.cwd.description.
2024-01-16 16:13:21.616 [warning] [mypy-type-checker]: No se encontró un mensaje para la clave settings.ignorePatterns.description.
2024-01-16 16:15:37.729 [warning] [mypy-type-checker]: No se encontró un mensaje para la clave settings.cwd.description.
2024-01-16 16:15:37.729 [warning] [mypy-type-checker]: No se encontró un mensaje para la clave settings.ignorePatterns.description.
2024-01-16 16:18:21.795 [warning] [mypy-type-checker]: No se encontró un mensaje para la clave settings.cwd.description.
2024-01-16 16:18:21.796 [warning] [mypy-type-checker]: No se encontró un mensaje para la clave settings.ignorePatterns.description.
2024-01-16 16:19:39.921 [warning] [mypy-type-checker]: No se encontró un mensaje para la clave settings.cwd.description.
2024-01-16 16:19:39.921 [warning] [mypy-type-checker]: No se encontró un mensaje para la clave settings.ignorePatterns.description.
2024-01-16 16:23:21.989 [warning] [mypy-type-checker]: No se encontró un mensaje para la clave settings.cwd.description.
2024-01-16 16:23:21.989 [warning] [mypy-type-checker]: No se encontró un mensaje para la clave settings.ignorePatterns.description.
2024-01-16 16:23:28.260 [warning] [mypy-type-checker]: No se encontró un mensaje para la clave settings.cwd.description.
2024-01-16 16:23:28.261 [warning] [mypy-type-checker]: No se encontró un mensaje para la clave settings.ignorePatterns.description.
2024-01-16 16:24:02.563 [warning] [mypy-type-checker]: No se encontró un mensaje para la clave settings.cwd.description.
2024-01-16 16:24:02.563 [warning] [mypy-type-checker]: No se encontró un mensaje para la clave settings.ignorePatterns.description.
2024-01-16 16:26:44.609 [warning] [mypy-type-checker]: No se encontró un mensaje para la clave settings.cwd.description.
2024-01-16 16:26:44.610 [warning] [mypy-type-checker]: No se encontró un mensaje para la clave settings.ignorePatterns.description.
2024-01-16 16:27:45.441 [warning] [mypy-type-checker]: No se encontró un mensaje para la clave settings.cwd.description.
2024-01-16 16:27:45.441 [warning] [mypy-type-checker]: No se encontró un mensaje para la clave settings.ignorePatterns.description.
2024-01-16 16:28:22.405 [warning] [mypy-type-checker]: No se encontró un mensaje para la clave settings.cwd.description.
2024-01-16 16:28:22.405 [warning] [mypy-type-checker]: No se encontró un mensaje para la clave settings.ignorePatterns.description.
2024-01-16 16:29:04.506 [warning] [mypy-type-checker]: No se encontró un mensaje para la clave settings.cwd.description.
2024-01-16 16:29:04.506 [warning] [mypy-type-checker]: No se encontró un mensaje para la clave settings.ignorePatterns.description.
2024-01-16 16:30:30.477 [warning] [mypy-type-checker]: No se encontró un mensaje para la clave settings.cwd.description.
2024-01-16 16:30:30.478 [warning] [mypy-type-checker]: No se encontró un mensaje para la clave settings.ignorePatterns.description.
2024-01-16 16:33:22.541 [warning] [mypy-type-checker]: No se encontró un mensaje para la clave settings.cwd.description.
2024-01-16 16:33:22.541 [warning] [mypy-type-checker]: No se encontró un mensaje para la clave settings.ignorePatterns.description.
2024-01-16 16:34:51.804 [warning] [mypy-type-checker]: No se encontró un mensaje para la clave settings.cwd.description.
2024-01-16 16:34:51.804 [warning] [mypy-type-checker]: No se encontró un mensaje para la clave settings.ignorePatterns.description.
2024-01-16 16:37:04.427 [warning] [mypy-type-checker]: No se encontró un mensaje para la clave settings.cwd.description.
2024-01-16 16:37:04.427 [warning] [mypy-type-checker]: No se encontró un mensaje para la clave settings.ignorePatterns.description.
2024-01-16 16:37:48.758 [warning] [mypy-type-checker]: No se encontró un mensaje para la clave settings.cwd.description.
2024-01-16 16:37:48.759 [warning] [mypy-type-checker]: No se encontró un mensaje para la clave settings.ignorePatterns.description.
2024-01-16 16:38:22.710 [warning] [mypy-type-checker]: No se encontró un mensaje para la clave settings.cwd.description.
2024-01-16 16:38:22.710 [warning] [mypy-type-checker]: No se encontró un mensaje para la clave settings.ignorePatterns.description.
2024-01-16 16:41:32.372 [warning] [mypy-type-checker]: No se encontró un mensaje para la clave settings.cwd.description.
2024-01-16 16:41:32.373 [warning] [mypy-type-checker]: No se encontró un mensaje para la clave settings.ignorePatterns.description.
2024-01-16 16:41:54.857 [warning] [mypy-type-checker]: No se encontró un mensaje para la clave settings.cwd.description.
2024-01-16 16:41:54.858 [warning] [mypy-type-checker]: No se encontró un mensaje para la clave settings.ignorePatterns.description.
2024-01-16 16:43:22.919 [warning] [mypy-type-checker]: No se encontró un mensaje para la clave settings.cwd.description.
2024-01-16 16:43:22.919 [warning] [mypy-type-checker]: No se encontró un mensaje para la clave settings.ignorePatterns.description.
2024-01-16 16:46:55.736 [warning] [mypy-type-checker]: No se encontró un mensaje para la clave settings.cwd.description.
2024-01-16 16:46:55.736 [warning] [mypy-type-checker]: No se encontró un mensaje para la clave settings.ignorePatterns.description.
2024-01-16 16:48:23.095 [warning] [mypy-type-checker]: No se encontró un mensaje para la clave settings.cwd.description.
2024-01-16 16:48:23.095 [warning] [mypy-type-checker]: No se encontró un mensaje para la clave settings.ignorePatterns.description.
2024-01-16 16:51:56.481 [warning] [mypy-type-checker]: No se encontró un mensaje para la clave settings.cwd.description.
2024-01-16 16:51:56.481 [warning] [mypy-type-checker]: No se encontró un mensaje para la clave settings.ignorePatterns.description.
2024-01-16 16:53:23.266 [warning] [mypy-type-checker]: No se encontró un mensaje para la clave settings.cwd.description.
2024-01-16 16:53:23.267 [warning] [mypy-type-checker]: No se encontró un mensaje para la clave settings.ignorePatterns.description.
2024-01-16 16:56:57.594 [warning] [mypy-type-checker]: No se encontró un mensaje para la clave settings.cwd.description.
2024-01-16 16:56:57.594 [warning] [mypy-type-checker]: No se encontró un mensaje para la clave settings.ignorePatterns.description.
2024-01-16 16:58:23.441 [warning] [mypy-type-checker]: No se encontró un mensaje para la clave settings.cwd.description.
2024-01-16 16:58:23.441 [warning] [mypy-type-checker]: No se encontró un mensaje para la clave settings.ignorePatterns.description.
2024-01-16 17:01:58.374 [warning] [mypy-type-checker]: No se encontró un mensaje para la clave settings.cwd.description.
2024-01-16 17:01:58.375 [warning] [mypy-type-checker]: No se encontró un mensaje para la clave settings.ignorePatterns.description.
2024-01-16 17:03:23.568 [warning] [mypy-type-checker]: No se encontró un mensaje para la clave settings.cwd.description.
2024-01-16 17:03:23.568 [warning] [mypy-type-checker]: No se encontró un mensaje para la clave settings.ignorePatterns.description.
2024-01-16 17:06:59.315 [warning] [mypy-type-checker]: No se encontró un mensaje para la clave settings.cwd.description.
2024-01-16 17:06:59.315 [warning] [mypy-type-checker]: No se encontró un mensaje para la clave settings.ignorePatterns.description.
2024-01-16 17:08:23.723 [warning] [mypy-type-checker]: No se encontró un mensaje para la clave settings.cwd.description.
2024-01-16 17:08:23.723 [warning] [mypy-type-checker]: No se encontró un mensaje para la clave settings.ignorePatterns.description.
