2024-01-16 10:43:04.294 [info] Using settings sync service https://vscode-sync.trafficmanager.net/
2024-01-16 10:43:04.294 [info] Auto Sync is enabled.
2024-01-16 10:43:04.294 [info] Auto Sync: Suspended until auth token is available.
2024-01-16 10:43:12.393 [info] Deleting non existing profile from backup /home/devdragon/.config/Code/User/sync/extensions
2024-01-16 10:43:12.918 [info] Deleting non existing profile from backup /home/devdragon/.config/Code/User/sync/globalState
2024-01-16 10:43:13.420 [info] Deleting non existing profile from backup /home/devdragon/.config/Code/User/sync/keybindings
2024-01-16 10:43:13.604 [info] Deleting non existing profile from backup /home/devdragon/.config/Code/User/sync/profiles
2024-01-16 10:43:13.701 [info] Deleting non existing profile from backup /home/devdragon/.config/Code/User/sync/settings
2024-01-16 10:43:13.781 [info] Deleting non existing profile from backup /home/devdragon/.config/Code/User/sync/snippets
2024-01-16 10:43:13.846 [info] Deleting non existing profile from backup /home/devdragon/.config/Code/User/sync/tasks
2024-01-16 10:43:20.045 [info] Auto Sync: Triggered by Interval
2024-01-16 10:43:20.046 [info] Sync started.
2024-01-16 10:43:21.629 [info] Settings: Last sync resource does not exist locally.
2024-01-16 10:43:24.345 [info] Settings: Updated remote settings
2024-01-16 10:43:25.232 [info] Settings: Updated last synchronized settings
2024-01-16 10:43:25.234 [info] Keybindings: Last sync resource does not exist locally.
2024-01-16 10:43:26.145 [info] Keybindings: No changes found during synchronizing keybindings.
2024-01-16 10:43:26.149 [info] Snippets: Last sync resource does not exist locally.
2024-01-16 10:43:26.816 [info] Snippets: No changes found during synchronizing snippets.
2024-01-16 10:43:26.818 [info] Tasks: Last sync resource does not exist locally.
2024-01-16 10:43:27.176 [info] Tasks: No changes found during synchronizing tasks.
2024-01-16 10:43:27.180 [info] GlobalState: Last sync resource does not exist locally.
2024-01-16 10:43:27.710 [info] GlobalState: No changes found during synchronizing ui state.
2024-01-16 10:43:27.714 [info] Extensions: Last sync resource does not exist locally.
2024-01-16 10:43:28.491 [info] Extensions: No changes found during synchronizing extensions.
2024-01-16 10:43:28.609 [info] Profiles: Last sync resource does not exist locally.
2024-01-16 10:43:29.050 [info] Profiles: No changes found during synchronizing profiles.
2024-01-16 10:43:29.050 [info] Sync done. Took 8999ms
2024-01-16 10:43:38.582 [info] Auto Sync: Triggered by Activity
2024-01-16 10:43:38.582 [info] Sync started.
2024-01-16 10:43:38.992 [info] Settings: No changes found during synchronizing settings.
2024-01-16 10:43:39.079 [info] Keybindings: No changes found during synchronizing keybindings.
2024-01-16 10:43:39.086 [info] Snippets: No changes found during synchronizing snippets.
2024-01-16 10:43:39.091 [info] Tasks: No changes found during synchronizing tasks.
2024-01-16 10:43:39.103 [info] GlobalState: No changes found during synchronizing ui state.
2024-01-16 10:43:40.589 [info] Extensions: Updated remote extensions. Updated: ["wallabyjs.console-ninja"].
2024-01-16 10:43:40.974 [info] Extensions: Updated last synchronized extensions.
2024-01-16 10:43:40.977 [info] Profiles: No changes found during synchronizing profiles.
2024-01-16 10:43:40.979 [info] Sync done. Took 2398ms
2024-01-16 10:43:42.116 [info] Auto Sync: Triggered by Activity
2024-01-16 10:43:42.117 [info] Sync started.
2024-01-16 10:43:42.834 [info] Settings: No changes found during synchronizing settings.
2024-01-16 10:43:42.850 [info] Keybindings: No changes found during synchronizing keybindings.
2024-01-16 10:43:42.854 [info] Snippets: No changes found during synchronizing snippets.
2024-01-16 10:43:42.857 [info] Tasks: No changes found during synchronizing tasks.
2024-01-16 10:43:42.863 [info] GlobalState: No changes found during synchronizing ui state.
2024-01-16 10:43:43.994 [info] Extensions: Updated remote extensions. Updated: ["wallabyjs.quokka-vscode"].
2024-01-16 10:43:44.592 [info] Extensions: Updated last synchronized extensions.
2024-01-16 10:43:44.594 [info] Profiles: No changes found during synchronizing profiles.
2024-01-16 10:43:44.596 [info] Sync done. Took 2480ms
2024-01-16 10:48:44.610 [info] Auto Sync: Triggered by Interval
2024-01-16 10:48:44.610 [info] Sync started.
2024-01-16 10:48:45.999 [info] Settings: No changes found during synchronizing settings.
2024-01-16 10:48:46.041 [info] Keybindings: No changes found during synchronizing keybindings.
2024-01-16 10:48:46.046 [info] Snippets: No changes found during synchronizing snippets.
2024-01-16 10:48:46.051 [info] Tasks: No changes found during synchronizing tasks.
2024-01-16 10:48:46.059 [info] GlobalState: No changes found during synchronizing ui state.
2024-01-16 10:48:46.279 [info] Extensions: No changes found during synchronizing extensions.
2024-01-16 10:48:46.281 [info] Profiles: No changes found during synchronizing profiles.
2024-01-16 10:48:46.283 [info] Sync done. Took 1673ms
2024-01-16 10:53:46.307 [info] Auto Sync: Triggered by Interval
2024-01-16 10:53:46.307 [info] Sync started.
2024-01-16 10:53:48.606 [info] Settings: No changes found during synchronizing settings.
2024-01-16 10:53:48.629 [info] Keybindings: No changes found during synchronizing keybindings.
2024-01-16 10:53:48.634 [info] Snippets: No changes found during synchronizing snippets.
2024-01-16 10:53:48.637 [info] Tasks: No changes found during synchronizing tasks.
2024-01-16 10:53:48.642 [info] GlobalState: No changes found during synchronizing ui state.
2024-01-16 10:53:48.818 [info] Extensions: No changes found during synchronizing extensions.
2024-01-16 10:53:48.821 [info] Profiles: No changes found during synchronizing profiles.
2024-01-16 10:53:48.823 [info] Sync done. Took 2516ms
2024-01-16 10:56:18.918 [info] Auto Sync: Triggered by Activity
2024-01-16 10:56:18.918 [info] Sync started.
2024-01-16 10:56:20.200 [info] Settings: No changes found during synchronizing settings.
2024-01-16 10:56:20.208 [info] Keybindings: No changes found during synchronizing keybindings.
2024-01-16 10:56:20.212 [info] Snippets: No changes found during synchronizing snippets.
2024-01-16 10:56:20.217 [info] Tasks: No changes found during synchronizing tasks.
2024-01-16 10:56:20.226 [info] GlobalState: No changes found during synchronizing ui state.
2024-01-16 10:56:20.424 [info] Extensions: No changes found during synchronizing extensions.
2024-01-16 10:56:20.427 [info] Profiles: No changes found during synchronizing profiles.
2024-01-16 10:56:20.429 [info] Sync done. Took 1511ms
2024-01-16 11:01:20.431 [info] Auto Sync: Triggered by Interval
2024-01-16 11:01:20.431 [info] Sync started.
2024-01-16 11:01:21.600 [info] Settings: No changes found during synchronizing settings.
2024-01-16 11:01:21.615 [info] Keybindings: No changes found during synchronizing keybindings.
2024-01-16 11:01:21.620 [info] Snippets: No changes found during synchronizing snippets.
2024-01-16 11:01:21.624 [info] Tasks: No changes found during synchronizing tasks.
2024-01-16 11:01:21.631 [info] GlobalState: No changes found during synchronizing ui state.
2024-01-16 11:01:21.798 [info] Extensions: No changes found during synchronizing extensions.
2024-01-16 11:01:21.800 [info] Profiles: No changes found during synchronizing profiles.
2024-01-16 11:01:21.802 [info] Sync done. Took 1371ms
2024-01-16 11:05:23.709 [info] Auto Sync: Triggered by Activity
2024-01-16 11:05:23.709 [info] Sync started.
2024-01-16 11:05:24.981 [info] Settings: No changes found during synchronizing settings.
2024-01-16 11:05:25.014 [info] Keybindings: No changes found during synchronizing keybindings.
2024-01-16 11:05:25.026 [info] Snippets: No changes found during synchronizing snippets.
2024-01-16 11:05:25.035 [info] Tasks: No changes found during synchronizing tasks.
2024-01-16 11:05:25.049 [info] GlobalState: No changes found during synchronizing ui state.
2024-01-16 11:05:25.291 [info] Extensions: No changes found during synchronizing extensions.
2024-01-16 11:05:25.294 [info] Profiles: No changes found during synchronizing profiles.
2024-01-16 11:05:25.295 [info] Sync done. Took 1588ms
2024-01-16 11:06:27.646 [info] Auto Sync: Triggered by Activity
2024-01-16 11:06:27.646 [info] Sync started.
2024-01-16 11:06:28.360 [info] Settings: No changes found during synchronizing settings.
2024-01-16 11:06:28.369 [info] Keybindings: No changes found during synchronizing keybindings.
2024-01-16 11:06:28.373 [info] Snippets: No changes found during synchronizing snippets.
2024-01-16 11:06:28.376 [info] Tasks: No changes found during synchronizing tasks.
2024-01-16 11:06:28.382 [info] GlobalState: No changes found during synchronizing ui state.
2024-01-16 11:06:28.559 [info] Extensions: No changes found during synchronizing extensions.
2024-01-16 11:06:28.561 [info] Profiles: No changes found during synchronizing profiles.
2024-01-16 11:06:28.562 [info] Sync done. Took 916ms
2024-01-16 11:08:02.042 [info] Auto Sync: Triggered by Activity
2024-01-16 11:08:02.043 [info] Sync started.
2024-01-16 11:08:02.942 [info] Settings: No changes found during synchronizing settings.
2024-01-16 11:08:02.955 [info] Keybindings: No changes found during synchronizing keybindings.
2024-01-16 11:08:02.959 [info] Snippets: No changes found during synchronizing snippets.
2024-01-16 11:08:02.962 [info] Tasks: No changes found during synchronizing tasks.
2024-01-16 11:08:02.969 [info] GlobalState: No changes found during synchronizing ui state.
2024-01-16 11:08:03.176 [info] Extensions: No changes found during synchronizing extensions.
2024-01-16 11:08:03.181 [info] Profiles: No changes found during synchronizing profiles.
2024-01-16 11:08:03.184 [info] Sync done. Took 1142ms
2024-01-16 11:08:34.682 [info] Auto Sync: Triggered by Activity
2024-01-16 11:08:34.683 [info] Sync started.
2024-01-16 11:08:34.867 [info] Settings: No changes found during synchronizing settings.
2024-01-16 11:08:34.886 [info] Keybindings: No changes found during synchronizing keybindings.
2024-01-16 11:08:34.892 [info] Snippets: No changes found during synchronizing snippets.
2024-01-16 11:08:34.913 [info] Tasks: No changes found during synchronizing tasks.
2024-01-16 11:08:34.921 [info] GlobalState: No changes found during synchronizing ui state.
2024-01-16 11:08:35.186 [info] Extensions: No changes found during synchronizing extensions.
2024-01-16 11:08:35.193 [info] Profiles: No changes found during synchronizing profiles.
2024-01-16 11:08:35.195 [info] Sync done. Took 513ms
2024-01-16 11:09:02.709 [info] Auto Sync: Triggered by Activity
2024-01-16 11:09:02.709 [info] Sync started.
2024-01-16 11:09:02.965 [info] Settings: No changes found during synchronizing settings.
2024-01-16 11:09:02.973 [info] Keybindings: No changes found during synchronizing keybindings.
2024-01-16 11:09:02.976 [info] Snippets: No changes found during synchronizing snippets.
2024-01-16 11:09:02.980 [info] Tasks: No changes found during synchronizing tasks.
2024-01-16 11:09:02.984 [info] GlobalState: No changes found during synchronizing ui state.
2024-01-16 11:09:03.151 [info] Extensions: No changes found during synchronizing extensions.
2024-01-16 11:09:03.154 [info] Profiles: No changes found during synchronizing profiles.
2024-01-16 11:09:03.156 [info] Sync done. Took 446ms
2024-01-16 11:09:17.511 [info] Auto Sync: Triggered by Activity
2024-01-16 11:09:17.512 [info] Sync started.
2024-01-16 11:09:17.754 [info] Settings: No changes found during synchronizing settings.
2024-01-16 11:09:17.766 [info] Keybindings: No changes found during synchronizing keybindings.
2024-01-16 11:09:17.775 [info] Snippets: No changes found during synchronizing snippets.
2024-01-16 11:09:17.786 [info] Tasks: No changes found during synchronizing tasks.
2024-01-16 11:09:17.792 [info] GlobalState: No changes found during synchronizing ui state.
2024-01-16 11:09:17.987 [info] Extensions: No changes found during synchronizing extensions.
2024-01-16 11:09:17.991 [info] Profiles: No changes found during synchronizing profiles.
2024-01-16 11:09:17.999 [info] Sync done. Took 483ms
2024-01-16 11:14:18.013 [info] Auto Sync: Triggered by Interval
2024-01-16 11:14:18.013 [info] Sync started.
2024-01-16 11:14:20.196 [info] Settings: No changes found during synchronizing settings.
2024-01-16 11:14:20.204 [info] Keybindings: No changes found during synchronizing keybindings.
2024-01-16 11:14:20.209 [info] Snippets: No changes found during synchronizing snippets.
2024-01-16 11:14:20.214 [info] Tasks: No changes found during synchronizing tasks.
2024-01-16 11:14:20.219 [info] GlobalState: No changes found during synchronizing ui state.
2024-01-16 11:14:20.433 [info] Extensions: No changes found during synchronizing extensions.
2024-01-16 11:14:20.439 [info] Profiles: No changes found during synchronizing profiles.
2024-01-16 11:14:20.441 [info] Sync done. Took 2429ms
2024-01-16 11:18:04.596 [info] Auto Sync: Triggered by Activity
2024-01-16 11:18:04.596 [info] Sync started.
2024-01-16 11:18:05.793 [info] Settings: No changes found during synchronizing settings.
2024-01-16 11:18:05.989 [info] Keybindings: No changes found during synchronizing keybindings.
2024-01-16 11:18:06.223 [info] Snippets: No changes found during synchronizing snippets.
2024-01-16 11:18:06.431 [info] Tasks: No changes found during synchronizing tasks.
2024-01-16 11:18:06.567 [info] GlobalState: No changes found during synchronizing ui state.
2024-01-16 11:18:06.725 [info] Extensions: No changes found during synchronizing extensions.
2024-01-16 11:18:06.727 [info] Profiles: No changes found during synchronizing profiles.
2024-01-16 11:18:06.729 [info] Sync done. Took 2134ms
2024-01-16 11:18:13.409 [info] Auto Sync: Triggered by Activity
2024-01-16 11:18:13.409 [info] Sync started.
2024-01-16 11:18:14.833 [info] Settings: Updated remote settings
2024-01-16 11:18:15.044 [info] Settings: Updated last synchronized settings
2024-01-16 11:18:15.053 [info] Keybindings: No changes found during synchronizing keybindings.
2024-01-16 11:18:15.058 [info] Snippets: No changes found during synchronizing snippets.
2024-01-16 11:18:15.063 [info] Tasks: No changes found during synchronizing tasks.
2024-01-16 11:18:15.074 [info] GlobalState: No changes found during synchronizing ui state.
2024-01-16 11:18:15.365 [info] Extensions: No changes found during synchronizing extensions.
2024-01-16 11:18:15.412 [info] Profiles: No changes found during synchronizing profiles.
2024-01-16 11:18:15.429 [info] Sync done. Took 2020ms
2024-01-16 11:18:16.738 [info] Auto Sync: Triggered by Activity
2024-01-16 11:18:16.738 [info] Sync started.
2024-01-16 11:18:17.104 [info] Settings: No changes found during synchronizing settings.
2024-01-16 11:18:17.134 [info] Keybindings: No changes found during synchronizing keybindings.
2024-01-16 11:18:17.152 [info] Snippets: No changes found during synchronizing snippets.
2024-01-16 11:18:17.161 [info] Tasks: No changes found during synchronizing tasks.
2024-01-16 11:18:17.175 [info] GlobalState: No changes found during synchronizing ui state.
2024-01-16 11:18:17.579 [info] Extensions: No changes found during synchronizing extensions.
2024-01-16 11:18:17.581 [info] Profiles: No changes found during synchronizing profiles.
2024-01-16 11:18:17.583 [info] Sync done. Took 846ms
2024-01-16 11:20:38.693 [info] Auto Sync: Triggered by Activity
2024-01-16 11:20:38.694 [info] Sync started.
2024-01-16 11:20:40.484 [info] Settings: No changes found during synchronizing settings.
2024-01-16 11:20:40.502 [info] Keybindings: No changes found during synchronizing keybindings.
2024-01-16 11:20:40.510 [info] Snippets: No changes found during synchronizing snippets.
2024-01-16 11:20:40.520 [info] Tasks: No changes found during synchronizing tasks.
2024-01-16 11:20:40.525 [info] GlobalState: No changes found during synchronizing ui state.
2024-01-16 11:20:40.732 [info] Extensions: No changes found during synchronizing extensions.
2024-01-16 11:20:40.734 [info] Profiles: No changes found during synchronizing profiles.
2024-01-16 11:20:40.736 [info] Sync done. Took 2043ms
2024-01-16 11:21:09.138 [info] Auto Sync: Triggered by Activity
2024-01-16 11:21:09.139 [info] Sync started.
2024-01-16 11:21:09.931 [info] Settings: No changes found during synchronizing settings.
2024-01-16 11:21:09.941 [info] Keybindings: No changes found during synchronizing keybindings.
2024-01-16 11:21:09.945 [info] Snippets: No changes found during synchronizing snippets.
2024-01-16 11:21:09.948 [info] Tasks: No changes found during synchronizing tasks.
2024-01-16 11:21:09.952 [info] GlobalState: No changes found during synchronizing ui state.
2024-01-16 11:21:10.129 [info] Extensions: No changes found during synchronizing extensions.
2024-01-16 11:21:10.133 [info] Profiles: No changes found during synchronizing profiles.
2024-01-16 11:21:10.137 [info] Sync done. Took 999ms
2024-01-16 11:24:19.089 [info] Auto Sync: Triggered by Activity
2024-01-16 11:24:19.090 [info] Sync started.
2024-01-16 11:24:19.939 [info] Settings: No changes found during synchronizing settings.
2024-01-16 11:24:19.957 [info] Keybindings: No changes found during synchronizing keybindings.
2024-01-16 11:24:19.972 [info] Snippets: No changes found during synchronizing snippets.
2024-01-16 11:24:19.975 [info] Tasks: No changes found during synchronizing tasks.
2024-01-16 11:24:19.985 [info] GlobalState: No changes found during synchronizing ui state.
2024-01-16 11:24:20.361 [info] Extensions: No changes found during synchronizing extensions.
2024-01-16 11:24:20.370 [info] Profiles: No changes found during synchronizing profiles.
2024-01-16 11:24:20.372 [info] Sync done. Took 1282ms
2024-01-16 11:24:42.106 [info] Auto Sync: Triggered by Activity
2024-01-16 11:24:42.106 [info] Sync started.
2024-01-16 11:24:42.736 [info] Settings: No changes found during synchronizing settings.
2024-01-16 11:24:42.747 [info] Keybindings: No changes found during synchronizing keybindings.
2024-01-16 11:24:42.752 [info] Snippets: No changes found during synchronizing snippets.
2024-01-16 11:24:42.756 [info] Tasks: No changes found during synchronizing tasks.
2024-01-16 11:24:42.762 [info] GlobalState: No changes found during synchronizing ui state.
2024-01-16 11:24:43.004 [info] Extensions: No changes found during synchronizing extensions.
2024-01-16 11:24:43.008 [info] Profiles: No changes found during synchronizing profiles.
2024-01-16 11:24:43.011 [info] Sync done. Took 906ms
2024-01-16 11:25:51.177 [info] Auto Sync: Triggered by Activity
2024-01-16 11:25:51.178 [info] Sync started.
2024-01-16 11:25:51.328 [info] Settings: No changes found during synchronizing settings.
2024-01-16 11:25:51.339 [info] Keybindings: No changes found during synchronizing keybindings.
2024-01-16 11:25:51.345 [info] Snippets: No changes found during synchronizing snippets.
2024-01-16 11:25:51.349 [info] Tasks: No changes found during synchronizing tasks.
2024-01-16 11:25:51.358 [info] GlobalState: No changes found during synchronizing ui state.
2024-01-16 11:25:51.615 [info] Extensions: No changes found during synchronizing extensions.
2024-01-16 11:25:51.621 [info] Profiles: No changes found during synchronizing profiles.
2024-01-16 11:25:51.624 [info] Sync done. Took 449ms
2024-01-16 11:28:04.434 [info] Auto Sync: Triggered by Activity
2024-01-16 11:28:04.434 [info] Sync started.
2024-01-16 11:28:05.632 [info] Settings: No changes found during synchronizing settings.
2024-01-16 11:28:05.645 [info] Keybindings: No changes found during synchronizing keybindings.
2024-01-16 11:28:05.650 [info] Snippets: No changes found during synchronizing snippets.
2024-01-16 11:28:05.653 [info] Tasks: No changes found during synchronizing tasks.
2024-01-16 11:28:05.658 [info] GlobalState: No changes found during synchronizing ui state.
2024-01-16 11:28:05.879 [info] Extensions: No changes found during synchronizing extensions.
2024-01-16 11:28:05.884 [info] Profiles: No changes found during synchronizing profiles.
2024-01-16 11:28:05.890 [info] Sync done. Took 1456ms
2024-01-16 11:28:53.198 [info] Auto Sync: Triggered by Activity
2024-01-16 11:28:53.199 [info] Sync started.
2024-01-16 11:28:53.419 [info] Settings: No changes found during synchronizing settings.
2024-01-16 11:28:53.436 [info] Keybindings: No changes found during synchronizing keybindings.
2024-01-16 11:28:53.441 [info] Snippets: No changes found during synchronizing snippets.
2024-01-16 11:28:53.449 [info] Tasks: No changes found during synchronizing tasks.
2024-01-16 11:28:53.454 [info] GlobalState: No changes found during synchronizing ui state.
2024-01-16 11:28:53.651 [info] Extensions: No changes found during synchronizing extensions.
2024-01-16 11:28:53.653 [info] Profiles: No changes found during synchronizing profiles.
2024-01-16 11:28:53.654 [info] Sync done. Took 457ms
2024-01-16 11:29:31.150 [info] Auto Sync: Triggered by Activity
2024-01-16 11:29:31.150 [info] Sync started.
2024-01-16 11:29:31.319 [info] Settings: No changes found during synchronizing settings.
2024-01-16 11:29:31.326 [info] Keybindings: No changes found during synchronizing keybindings.
2024-01-16 11:29:31.330 [info] Snippets: No changes found during synchronizing snippets.
2024-01-16 11:29:31.333 [info] Tasks: No changes found during synchronizing tasks.
2024-01-16 11:29:31.338 [info] GlobalState: No changes found during synchronizing ui state.
2024-01-16 11:29:31.525 [info] Extensions: No changes found during synchronizing extensions.
2024-01-16 11:29:31.531 [info] Profiles: No changes found during synchronizing profiles.
2024-01-16 11:29:31.534 [info] Sync done. Took 384ms
2024-01-16 11:34:31.563 [info] Auto Sync: Triggered by Interval
2024-01-16 11:34:31.563 [info] Sync started.
2024-01-16 11:34:33.521 [info] Settings: No changes found during synchronizing settings.
2024-01-16 11:34:33.559 [info] Keybindings: No changes found during synchronizing keybindings.
2024-01-16 11:34:33.562 [info] Snippets: No changes found during synchronizing snippets.
2024-01-16 11:34:33.565 [info] Tasks: No changes found during synchronizing tasks.
2024-01-16 11:34:33.573 [info] GlobalState: No changes found during synchronizing ui state.
2024-01-16 11:34:33.789 [info] Extensions: No changes found during synchronizing extensions.
2024-01-16 11:34:33.792 [info] Profiles: No changes found during synchronizing profiles.
2024-01-16 11:34:33.794 [info] Sync done. Took 2231ms
2024-01-16 11:39:33.823 [info] Auto Sync: Triggered by Interval
2024-01-16 11:39:33.823 [info] Sync started.
2024-01-16 11:39:35.836 [info] Settings: No changes found during synchronizing settings.
2024-01-16 11:39:35.855 [info] Keybindings: No changes found during synchronizing keybindings.
2024-01-16 11:39:35.863 [info] Snippets: No changes found during synchronizing snippets.
2024-01-16 11:39:35.876 [info] Tasks: No changes found during synchronizing tasks.
2024-01-16 11:39:35.892 [info] GlobalState: No changes found during synchronizing ui state.
2024-01-16 11:39:36.155 [info] Extensions: No changes found during synchronizing extensions.
2024-01-16 11:39:36.168 [info] Profiles: No changes found during synchronizing profiles.
2024-01-16 11:39:36.172 [info] Sync done. Took 2347ms
2024-01-16 11:44:36.199 [info] Auto Sync: Triggered by Interval
2024-01-16 11:44:36.200 [info] Sync started.
2024-01-16 11:44:39.654 [info] Settings: No changes found during synchronizing settings.
2024-01-16 11:44:39.663 [info] Keybindings: No changes found during synchronizing keybindings.
2024-01-16 11:44:39.667 [info] Snippets: No changes found during synchronizing snippets.
2024-01-16 11:44:39.671 [info] Tasks: No changes found during synchronizing tasks.
2024-01-16 11:44:39.676 [info] GlobalState: No changes found during synchronizing ui state.
2024-01-16 11:44:39.873 [info] Extensions: No changes found during synchronizing extensions.
2024-01-16 11:44:39.876 [info] Profiles: No changes found during synchronizing profiles.
2024-01-16 11:44:39.878 [info] Sync done. Took 3679ms
2024-01-16 11:49:39.913 [info] Auto Sync: Triggered by Interval
2024-01-16 11:49:39.913 [info] Sync started.
2024-01-16 11:49:42.446 [info] Settings: No changes found during synchronizing settings.
2024-01-16 11:49:42.456 [info] Keybindings: No changes found during synchronizing keybindings.
2024-01-16 11:49:42.460 [info] Snippets: No changes found during synchronizing snippets.
2024-01-16 11:49:42.464 [info] Tasks: No changes found during synchronizing tasks.
2024-01-16 11:49:42.471 [info] GlobalState: No changes found during synchronizing ui state.
2024-01-16 11:49:42.785 [info] Extensions: No changes found during synchronizing extensions.
2024-01-16 11:49:42.786 [info] Profiles: No changes found during synchronizing profiles.
2024-01-16 11:49:42.793 [info] Sync done. Took 2880ms
2024-01-16 11:54:42.830 [info] Auto Sync: Triggered by Interval
2024-01-16 11:54:42.830 [info] Sync started.
2024-01-16 11:54:44.406 [info] Settings: No changes found during synchronizing settings.
2024-01-16 11:54:44.416 [info] Keybindings: No changes found during synchronizing keybindings.
2024-01-16 11:54:44.420 [info] Snippets: No changes found during synchronizing snippets.
2024-01-16 11:54:44.423 [info] Tasks: No changes found during synchronizing tasks.
2024-01-16 11:54:44.428 [info] GlobalState: No changes found during synchronizing ui state.
2024-01-16 11:54:44.639 [info] Extensions: No changes found during synchronizing extensions.
2024-01-16 11:54:44.649 [info] Profiles: No changes found during synchronizing profiles.
2024-01-16 11:54:44.652 [info] Sync done. Took 1822ms
2024-01-16 11:59:44.692 [info] Auto Sync: Triggered by Interval
2024-01-16 11:59:44.693 [info] Sync started.
2024-01-16 11:59:45.925 [info] Settings: No changes found during synchronizing settings.
2024-01-16 11:59:45.965 [info] Keybindings: No changes found during synchronizing keybindings.
2024-01-16 11:59:45.982 [info] Snippets: No changes found during synchronizing snippets.
2024-01-16 11:59:45.998 [info] Tasks: No changes found during synchronizing tasks.
2024-01-16 11:59:46.015 [info] GlobalState: No changes found during synchronizing ui state.
2024-01-16 11:59:46.387 [info] Extensions: No changes found during synchronizing extensions.
2024-01-16 11:59:46.391 [info] Profiles: No changes found during synchronizing profiles.
2024-01-16 11:59:46.392 [info] Sync done. Took 1699ms
2024-01-16 12:00:49.836 [info] Auto Sync: Triggered by Activity
2024-01-16 12:00:49.837 [info] Sync started.
2024-01-16 12:00:50.145 [info] Settings: No changes found during synchronizing settings.
2024-01-16 12:00:50.154 [info] Keybindings: No changes found during synchronizing keybindings.
2024-01-16 12:00:50.159 [info] Snippets: No changes found during synchronizing snippets.
2024-01-16 12:00:50.167 [info] Tasks: No changes found during synchronizing tasks.
2024-01-16 12:00:50.174 [info] GlobalState: No changes found during synchronizing ui state.
2024-01-16 12:00:50.440 [info] Extensions: No changes found during synchronizing extensions.
2024-01-16 12:00:50.443 [info] Profiles: No changes found during synchronizing profiles.
2024-01-16 12:00:50.446 [info] Sync done. Took 610ms
2024-01-16 12:01:32.509 [info] Auto Sync: Triggered by Activity
2024-01-16 12:01:32.509 [info] Sync started.
2024-01-16 12:01:33.043 [info] Settings: No changes found during synchronizing settings.
2024-01-16 12:01:33.052 [info] Keybindings: No changes found during synchronizing keybindings.
2024-01-16 12:01:33.055 [info] Snippets: No changes found during synchronizing snippets.
2024-01-16 12:01:33.059 [info] Tasks: No changes found during synchronizing tasks.
2024-01-16 12:01:33.066 [info] GlobalState: No changes found during synchronizing ui state.
2024-01-16 12:01:33.235 [info] Extensions: No changes found during synchronizing extensions.
2024-01-16 12:01:33.236 [info] Profiles: No changes found during synchronizing profiles.
2024-01-16 12:01:33.238 [info] Sync done. Took 729ms
2024-01-16 12:02:45.173 [info] Auto Sync: Triggered by Activity
2024-01-16 12:02:45.173 [info] Sync started.
2024-01-16 12:02:45.326 [info] Settings: No changes found during synchronizing settings.
2024-01-16 12:02:45.338 [info] Keybindings: No changes found during synchronizing keybindings.
2024-01-16 12:02:45.345 [info] Snippets: No changes found during synchronizing snippets.
2024-01-16 12:02:45.353 [info] Tasks: No changes found during synchronizing tasks.
2024-01-16 12:02:45.360 [info] GlobalState: No changes found during synchronizing ui state.
2024-01-16 12:02:45.554 [info] Extensions: No changes found during synchronizing extensions.
2024-01-16 12:02:45.558 [info] Profiles: No changes found during synchronizing profiles.
2024-01-16 12:02:45.560 [info] Sync done. Took 387ms
2024-01-16 12:03:54.524 [info] Auto Sync: Triggered by Activity
2024-01-16 12:03:54.524 [info] Sync started.
2024-01-16 12:03:54.869 [info] Settings: No changes found during synchronizing settings.
2024-01-16 12:03:54.885 [info] Keybindings: No changes found during synchronizing keybindings.
2024-01-16 12:03:54.894 [info] Snippets: No changes found during synchronizing snippets.
2024-01-16 12:03:54.898 [info] Tasks: No changes found during synchronizing tasks.
2024-01-16 12:03:54.907 [info] GlobalState: No changes found during synchronizing ui state.
2024-01-16 12:03:55.117 [info] Extensions: No changes found during synchronizing extensions.
2024-01-16 12:03:55.120 [info] Profiles: No changes found during synchronizing profiles.
2024-01-16 12:03:55.122 [info] Sync done. Took 598ms
2024-01-16 12:08:50.179 [info] Auto Sync: Triggered by Activity
2024-01-16 12:08:50.180 [info] Sync started.
2024-01-16 12:08:51.991 [info] Settings: No changes found during synchronizing settings.
2024-01-16 12:08:52.027 [info] Keybindings: No changes found during synchronizing keybindings.
2024-01-16 12:08:52.030 [info] Snippets: No changes found during synchronizing snippets.
2024-01-16 12:08:52.034 [info] Tasks: No changes found during synchronizing tasks.
2024-01-16 12:08:52.039 [info] GlobalState: No changes found during synchronizing ui state.
2024-01-16 12:08:52.216 [info] Extensions: No changes found during synchronizing extensions.
2024-01-16 12:08:52.220 [info] Profiles: No changes found during synchronizing profiles.
2024-01-16 12:08:52.224 [info] Sync done. Took 2044ms
2024-01-16 12:13:52.262 [info] Auto Sync: Triggered by Interval
2024-01-16 12:13:52.263 [info] Sync started.
2024-01-16 12:13:53.693 [info] Settings: No changes found during synchronizing settings.
2024-01-16 12:13:53.700 [info] Keybindings: No changes found during synchronizing keybindings.
2024-01-16 12:13:53.705 [info] Snippets: No changes found during synchronizing snippets.
2024-01-16 12:13:53.708 [info] Tasks: No changes found during synchronizing tasks.
2024-01-16 12:13:53.714 [info] GlobalState: No changes found during synchronizing ui state.
2024-01-16 12:13:53.924 [info] Extensions: No changes found during synchronizing extensions.
2024-01-16 12:13:53.928 [info] Profiles: No changes found during synchronizing profiles.
2024-01-16 12:13:53.931 [info] Sync done. Took 1668ms
2024-01-16 12:18:53.972 [info] Auto Sync: Triggered by Interval
2024-01-16 12:18:53.973 [info] Sync started.
2024-01-16 12:18:55.963 [info] Settings: No changes found during synchronizing settings.
2024-01-16 12:18:55.975 [info] Keybindings: No changes found during synchronizing keybindings.
2024-01-16 12:18:55.980 [info] Snippets: No changes found during synchronizing snippets.
2024-01-16 12:18:55.987 [info] Tasks: No changes found during synchronizing tasks.
2024-01-16 12:18:55.994 [info] GlobalState: No changes found during synchronizing ui state.
2024-01-16 12:18:56.214 [info] Extensions: No changes found during synchronizing extensions.
2024-01-16 12:18:56.217 [info] Profiles: No changes found during synchronizing profiles.
2024-01-16 12:18:56.220 [info] Sync done. Took 2247ms
2024-01-16 12:23:56.262 [info] Auto Sync: Triggered by Interval
2024-01-16 12:23:56.263 [info] Sync started.
2024-01-16 12:23:57.940 [info] Settings: No changes found during synchronizing settings.
2024-01-16 12:23:57.949 [info] Keybindings: No changes found during synchronizing keybindings.
2024-01-16 12:23:57.953 [info] Snippets: No changes found during synchronizing snippets.
2024-01-16 12:23:57.956 [info] Tasks: No changes found during synchronizing tasks.
2024-01-16 12:23:57.961 [info] GlobalState: No changes found during synchronizing ui state.
2024-01-16 12:23:58.155 [info] Extensions: No changes found during synchronizing extensions.
2024-01-16 12:23:58.158 [info] Profiles: No changes found during synchronizing profiles.
2024-01-16 12:23:58.160 [info] Sync done. Took 1898ms
2024-01-16 12:28:58.203 [info] Auto Sync: Triggered by Interval
2024-01-16 12:28:58.203 [info] Sync started.
2024-01-16 12:28:59.746 [info] Settings: No changes found during synchronizing settings.
2024-01-16 12:28:59.760 [info] Keybindings: No changes found during synchronizing keybindings.
2024-01-16 12:28:59.764 [info] Snippets: No changes found during synchronizing snippets.
2024-01-16 12:28:59.767 [info] Tasks: No changes found during synchronizing tasks.
2024-01-16 12:28:59.773 [info] GlobalState: No changes found during synchronizing ui state.
2024-01-16 12:28:59.965 [info] Extensions: No changes found during synchronizing extensions.
2024-01-16 12:28:59.971 [info] Profiles: No changes found during synchronizing profiles.
2024-01-16 12:28:59.974 [info] Sync done. Took 1771ms
2024-01-16 12:34:00.019 [info] Auto Sync: Triggered by Interval
2024-01-16 12:34:00.019 [info] Sync started.
2024-01-16 12:34:02.366 [info] Settings: No changes found during synchronizing settings.
2024-01-16 12:34:02.375 [info] Keybindings: No changes found during synchronizing keybindings.
2024-01-16 12:34:02.386 [info] Snippets: No changes found during synchronizing snippets.
2024-01-16 12:34:02.393 [info] Tasks: No changes found during synchronizing tasks.
2024-01-16 12:34:02.399 [info] GlobalState: No changes found during synchronizing ui state.
2024-01-16 12:34:02.572 [info] Extensions: No changes found during synchronizing extensions.
2024-01-16 12:34:02.578 [info] Profiles: No changes found during synchronizing profiles.
2024-01-16 12:34:02.581 [info] Sync done. Took 2561ms
2024-01-16 12:39:02.626 [info] Auto Sync: Triggered by Interval
2024-01-16 12:39:02.626 [info] Sync started.
2024-01-16 12:39:04.276 [info] Settings: No changes found during synchronizing settings.
2024-01-16 12:39:04.283 [info] Keybindings: No changes found during synchronizing keybindings.
2024-01-16 12:39:04.287 [info] Snippets: No changes found during synchronizing snippets.
2024-01-16 12:39:04.290 [info] Tasks: No changes found during synchronizing tasks.
2024-01-16 12:39:04.296 [info] GlobalState: No changes found during synchronizing ui state.
2024-01-16 12:39:04.495 [info] Extensions: No changes found during synchronizing extensions.
2024-01-16 12:39:04.498 [info] Profiles: No changes found during synchronizing profiles.
2024-01-16 12:39:04.500 [info] Sync done. Took 1874ms
2024-01-16 12:44:04.529 [info] Auto Sync: Triggered by Interval
2024-01-16 12:44:04.529 [info] Sync started.
2024-01-16 12:44:06.334 [info] Settings: No changes found during synchronizing settings.
2024-01-16 12:44:06.349 [info] Keybindings: No changes found during synchronizing keybindings.
2024-01-16 12:44:06.356 [info] Snippets: No changes found during synchronizing snippets.
2024-01-16 12:44:06.360 [info] Tasks: No changes found during synchronizing tasks.
2024-01-16 12:44:06.367 [info] GlobalState: No changes found during synchronizing ui state.
2024-01-16 12:44:06.540 [info] Extensions: No changes found during synchronizing extensions.
2024-01-16 12:44:06.545 [info] Profiles: No changes found during synchronizing profiles.
2024-01-16 12:44:06.547 [info] Sync done. Took 2018ms
2024-01-16 12:49:06.548 [info] Auto Sync: Triggered by Interval
2024-01-16 12:49:06.548 [info] Sync started.
2024-01-16 12:49:07.862 [info] Settings: No changes found during synchronizing settings.
2024-01-16 12:49:07.870 [info] Keybindings: No changes found during synchronizing keybindings.
2024-01-16 12:49:07.873 [info] Snippets: No changes found during synchronizing snippets.
2024-01-16 12:49:07.877 [info] Tasks: No changes found during synchronizing tasks.
2024-01-16 12:49:07.886 [info] GlobalState: No changes found during synchronizing ui state.
2024-01-16 12:49:08.087 [info] Extensions: No changes found during synchronizing extensions.
2024-01-16 12:49:08.093 [info] Profiles: No changes found during synchronizing profiles.
2024-01-16 12:49:08.095 [info] Sync done. Took 1547ms
2024-01-16 12:54:08.096 [info] Auto Sync: Triggered by Interval
2024-01-16 12:54:08.096 [info] Sync started.
2024-01-16 12:54:08.662 [info] Settings: No changes found during synchronizing settings.
2024-01-16 12:54:08.678 [info] Keybindings: No changes found during synchronizing keybindings.
2024-01-16 12:54:08.686 [info] Snippets: No changes found during synchronizing snippets.
2024-01-16 12:54:08.691 [info] Tasks: No changes found during synchronizing tasks.
2024-01-16 12:54:08.697 [info] GlobalState: No changes found during synchronizing ui state.
2024-01-16 12:54:08.890 [info] Extensions: No changes found during synchronizing extensions.
2024-01-16 12:54:08.894 [info] Profiles: No changes found during synchronizing profiles.
2024-01-16 12:54:08.897 [info] Sync done. Took 801ms
2024-01-16 12:59:08.899 [info] Auto Sync: Triggered by Interval
2024-01-16 12:59:08.900 [info] Sync started.
2024-01-16 12:59:12.266 [info] Settings: No changes found during synchronizing settings.
2024-01-16 12:59:12.273 [info] Keybindings: No changes found during synchronizing keybindings.
2024-01-16 12:59:12.279 [info] Snippets: No changes found during synchronizing snippets.
2024-01-16 12:59:12.284 [info] Tasks: No changes found during synchronizing tasks.
2024-01-16 12:59:12.289 [info] GlobalState: No changes found during synchronizing ui state.
2024-01-16 12:59:12.450 [info] Extensions: No changes found during synchronizing extensions.
2024-01-16 12:59:12.455 [info] Profiles: No changes found during synchronizing profiles.
2024-01-16 12:59:12.456 [info] Sync done. Took 3557ms
2024-01-16 13:04:12.462 [info] Auto Sync: Triggered by Interval
2024-01-16 13:04:12.463 [info] Sync started.
2024-01-16 13:04:14.503 [info] Settings: No changes found during synchronizing settings.
2024-01-16 13:04:14.509 [info] Keybindings: No changes found during synchronizing keybindings.
2024-01-16 13:04:14.513 [info] Snippets: No changes found during synchronizing snippets.
2024-01-16 13:04:14.517 [info] Tasks: No changes found during synchronizing tasks.
2024-01-16 13:04:14.523 [info] GlobalState: No changes found during synchronizing ui state.
2024-01-16 13:04:14.697 [info] Extensions: No changes found during synchronizing extensions.
2024-01-16 13:04:14.700 [info] Profiles: No changes found during synchronizing profiles.
2024-01-16 13:04:14.703 [info] Sync done. Took 2241ms
2024-01-16 13:09:14.709 [info] Auto Sync: Triggered by Interval
2024-01-16 13:09:14.710 [info] Sync started.
2024-01-16 13:09:15.460 [info] Settings: No changes found during synchronizing settings.
2024-01-16 13:09:15.473 [info] Keybindings: No changes found during synchronizing keybindings.
2024-01-16 13:09:15.481 [info] Snippets: No changes found during synchronizing snippets.
2024-01-16 13:09:15.484 [info] Tasks: No changes found during synchronizing tasks.
2024-01-16 13:09:15.490 [info] GlobalState: No changes found during synchronizing ui state.
2024-01-16 13:09:15.678 [info] Extensions: No changes found during synchronizing extensions.
2024-01-16 13:09:15.682 [info] Profiles: No changes found during synchronizing profiles.
2024-01-16 13:09:15.684 [info] Sync done. Took 975ms
2024-01-16 13:12:23.463 [info] Auto Sync: Triggered by Activity
2024-01-16 13:12:23.464 [info] Sync started.
2024-01-16 13:12:25.003 [info] Settings: No changes found during synchronizing settings.
2024-01-16 13:12:25.010 [info] Keybindings: No changes found during synchronizing keybindings.
2024-01-16 13:12:25.013 [info] Snippets: No changes found during synchronizing snippets.
2024-01-16 13:12:25.016 [info] Tasks: No changes found during synchronizing tasks.
2024-01-16 13:12:25.021 [info] GlobalState: No changes found during synchronizing ui state.
2024-01-16 13:12:25.190 [info] Extensions: No changes found during synchronizing extensions.
2024-01-16 13:12:25.194 [info] Profiles: No changes found during synchronizing profiles.
2024-01-16 13:12:25.197 [info] Sync done. Took 1734ms
2024-01-16 13:17:25.214 [info] Auto Sync: Triggered by Interval
2024-01-16 13:17:25.215 [info] Sync started.
2024-01-16 13:17:26.658 [info] Settings: No changes found during synchronizing settings.
2024-01-16 13:17:26.668 [info] Keybindings: No changes found during synchronizing keybindings.
2024-01-16 13:17:26.673 [info] Snippets: No changes found during synchronizing snippets.
2024-01-16 13:17:26.680 [info] Tasks: No changes found during synchronizing tasks.
2024-01-16 13:17:26.687 [info] GlobalState: No changes found during synchronizing ui state.
2024-01-16 13:17:26.881 [info] Extensions: No changes found during synchronizing extensions.
2024-01-16 13:17:26.885 [info] Profiles: No changes found during synchronizing profiles.
2024-01-16 13:17:26.889 [info] Sync done. Took 1674ms
2024-01-16 13:21:52.400 [info] Auto Sync: Triggered by Activity
2024-01-16 13:21:52.401 [info] Sync started.
2024-01-16 13:21:53.573 [info] Settings: No changes found during synchronizing settings.
2024-01-16 13:21:53.582 [info] Keybindings: No changes found during synchronizing keybindings.
2024-01-16 13:21:53.590 [info] Snippets: No changes found during synchronizing snippets.
2024-01-16 13:21:53.594 [info] Tasks: No changes found during synchronizing tasks.
2024-01-16 13:21:53.600 [info] GlobalState: No changes found during synchronizing ui state.
2024-01-16 13:21:53.791 [info] Extensions: No changes found during synchronizing extensions.
2024-01-16 13:21:53.793 [info] Profiles: No changes found during synchronizing profiles.
2024-01-16 13:21:53.797 [info] Sync done. Took 1397ms
2024-01-16 13:22:15.241 [info] Auto Sync: Triggered by Activity
2024-01-16 13:22:15.242 [info] Sync started.
2024-01-16 13:22:15.981 [info] Settings: No changes found during synchronizing settings.
2024-01-16 13:22:15.987 [info] Keybindings: No changes found during synchronizing keybindings.
2024-01-16 13:22:15.991 [info] Snippets: No changes found during synchronizing snippets.
2024-01-16 13:22:15.993 [info] Tasks: No changes found during synchronizing tasks.
2024-01-16 13:22:15.999 [info] GlobalState: No changes found during synchronizing ui state.
2024-01-16 13:22:16.188 [info] Extensions: No changes found during synchronizing extensions.
2024-01-16 13:22:16.191 [info] Profiles: No changes found during synchronizing profiles.
2024-01-16 13:22:16.194 [info] Sync done. Took 952ms
2024-01-16 13:27:16.202 [info] Auto Sync: Triggered by Interval
2024-01-16 13:27:16.202 [info] Sync started.
2024-01-16 13:27:17.605 [info] Settings: No changes found during synchronizing settings.
2024-01-16 13:27:17.613 [info] Keybindings: No changes found during synchronizing keybindings.
2024-01-16 13:27:17.619 [info] Snippets: No changes found during synchronizing snippets.
2024-01-16 13:27:17.624 [info] Tasks: No changes found during synchronizing tasks.
2024-01-16 13:27:17.630 [info] GlobalState: No changes found during synchronizing ui state.
2024-01-16 13:27:17.837 [info] Extensions: No changes found during synchronizing extensions.
2024-01-16 13:27:17.841 [info] Profiles: No changes found during synchronizing profiles.
2024-01-16 13:27:17.843 [info] Sync done. Took 1642ms
2024-01-16 13:32:17.852 [info] Auto Sync: Triggered by Interval
2024-01-16 13:32:17.852 [info] Sync started.
2024-01-16 13:32:24.928 [info] Settings: No changes found during synchronizing settings.
2024-01-16 13:32:24.937 [info] Keybindings: No changes found during synchronizing keybindings.
2024-01-16 13:32:24.945 [info] Snippets: No changes found during synchronizing snippets.
2024-01-16 13:32:24.949 [info] Tasks: No changes found during synchronizing tasks.
2024-01-16 13:32:24.954 [info] GlobalState: No changes found during synchronizing ui state.
2024-01-16 13:32:25.154 [info] Extensions: No changes found during synchronizing extensions.
2024-01-16 13:32:25.157 [info] Profiles: No changes found during synchronizing profiles.
2024-01-16 13:32:25.160 [info] Sync done. Took 7308ms
2024-01-16 13:37:25.175 [info] Auto Sync: Triggered by Interval
2024-01-16 13:37:25.175 [info] Sync started.
2024-01-16 13:37:27.921 [info] Settings: No changes found during synchronizing settings.
2024-01-16 13:37:27.928 [info] Keybindings: No changes found during synchronizing keybindings.
2024-01-16 13:37:27.933 [info] Snippets: No changes found during synchronizing snippets.
2024-01-16 13:37:27.936 [info] Tasks: No changes found during synchronizing tasks.
2024-01-16 13:37:27.942 [info] GlobalState: No changes found during synchronizing ui state.
2024-01-16 13:37:28.156 [info] Extensions: No changes found during synchronizing extensions.
2024-01-16 13:37:28.165 [info] Profiles: No changes found during synchronizing profiles.
2024-01-16 13:37:28.170 [info] Sync done. Took 2995ms
2024-01-16 13:42:28.189 [info] Auto Sync: Triggered by Interval
2024-01-16 13:42:28.189 [info] Sync started.
2024-01-16 13:42:28.848 [info] Settings: No changes found during synchronizing settings.
2024-01-16 13:42:28.858 [info] Keybindings: No changes found during synchronizing keybindings.
2024-01-16 13:42:28.863 [info] Snippets: No changes found during synchronizing snippets.
2024-01-16 13:42:28.866 [info] Tasks: No changes found during synchronizing tasks.
2024-01-16 13:42:28.871 [info] GlobalState: No changes found during synchronizing ui state.
2024-01-16 13:42:29.058 [info] Extensions: No changes found during synchronizing extensions.
2024-01-16 13:42:29.060 [info] Profiles: No changes found during synchronizing profiles.
2024-01-16 13:42:29.062 [info] Sync done. Took 873ms
2024-01-16 13:47:29.082 [info] Auto Sync: Triggered by Interval
2024-01-16 13:47:29.082 [info] Sync started.
2024-01-16 13:47:29.558 [info] Settings: No changes found during synchronizing settings.
2024-01-16 13:47:29.564 [info] Keybindings: No changes found during synchronizing keybindings.
2024-01-16 13:47:29.568 [info] Snippets: No changes found during synchronizing snippets.
2024-01-16 13:47:29.572 [info] Tasks: No changes found during synchronizing tasks.
2024-01-16 13:47:29.577 [info] GlobalState: No changes found during synchronizing ui state.
2024-01-16 13:47:29.760 [info] Extensions: No changes found during synchronizing extensions.
2024-01-16 13:47:29.762 [info] Profiles: No changes found during synchronizing profiles.
2024-01-16 13:47:29.764 [info] Sync done. Took 682ms
2024-01-16 13:52:29.786 [info] Auto Sync: Triggered by Interval
2024-01-16 13:52:29.786 [info] Sync started.
2024-01-16 13:52:30.326 [info] Settings: No changes found during synchronizing settings.
2024-01-16 13:52:30.338 [info] Keybindings: No changes found during synchronizing keybindings.
2024-01-16 13:52:30.349 [info] Snippets: No changes found during synchronizing snippets.
2024-01-16 13:52:30.354 [info] Tasks: No changes found during synchronizing tasks.
2024-01-16 13:52:30.359 [info] GlobalState: No changes found during synchronizing ui state.
2024-01-16 13:52:30.533 [info] Extensions: No changes found during synchronizing extensions.
2024-01-16 13:52:30.535 [info] Profiles: No changes found during synchronizing profiles.
2024-01-16 13:52:30.537 [info] Sync done. Took 751ms
2024-01-16 13:57:30.559 [info] Auto Sync: Triggered by Interval
2024-01-16 13:57:30.559 [info] Sync started.
2024-01-16 13:57:31.076 [info] Settings: No changes found during synchronizing settings.
2024-01-16 13:57:31.086 [info] Keybindings: No changes found during synchronizing keybindings.
2024-01-16 13:57:31.098 [info] Snippets: No changes found during synchronizing snippets.
2024-01-16 13:57:31.108 [info] Tasks: No changes found during synchronizing tasks.
2024-01-16 13:57:31.119 [info] GlobalState: No changes found during synchronizing ui state.
2024-01-16 13:57:31.287 [info] Extensions: No changes found during synchronizing extensions.
2024-01-16 13:57:31.291 [info] Profiles: No changes found during synchronizing profiles.
2024-01-16 13:57:31.293 [info] Sync done. Took 734ms
2024-01-16 14:02:31.313 [info] Auto Sync: Triggered by Interval
2024-01-16 14:02:31.313 [info] Sync started.
2024-01-16 14:02:31.818 [info] Settings: No changes found during synchronizing settings.
2024-01-16 14:02:31.825 [info] Keybindings: No changes found during synchronizing keybindings.
2024-01-16 14:02:31.829 [info] Snippets: No changes found during synchronizing snippets.
2024-01-16 14:02:31.833 [info] Tasks: No changes found during synchronizing tasks.
2024-01-16 14:02:31.839 [info] GlobalState: No changes found during synchronizing ui state.
2024-01-16 14:02:32.019 [info] Extensions: No changes found during synchronizing extensions.
2024-01-16 14:02:32.021 [info] Profiles: No changes found during synchronizing profiles.
2024-01-16 14:02:32.023 [info] Sync done. Took 711ms
2024-01-16 14:07:32.045 [info] Auto Sync: Triggered by Interval
2024-01-16 14:07:32.045 [info] Sync started.
2024-01-16 14:07:32.753 [info] Settings: No changes found during synchronizing settings.
2024-01-16 14:07:32.768 [info] Keybindings: No changes found during synchronizing keybindings.
2024-01-16 14:07:32.772 [info] Snippets: No changes found during synchronizing snippets.
2024-01-16 14:07:32.775 [info] Tasks: No changes found during synchronizing tasks.
2024-01-16 14:07:32.780 [info] GlobalState: No changes found during synchronizing ui state.
2024-01-16 14:07:32.972 [info] Extensions: No changes found during synchronizing extensions.
2024-01-16 14:07:32.975 [info] Profiles: No changes found during synchronizing profiles.
2024-01-16 14:07:32.976 [info] Sync done. Took 931ms
2024-01-16 14:12:32.999 [info] Auto Sync: Triggered by Interval
2024-01-16 14:12:32.999 [info] Sync started.
2024-01-16 14:12:33.593 [info] Settings: No changes found during synchronizing settings.
2024-01-16 14:12:33.601 [info] Keybindings: No changes found during synchronizing keybindings.
2024-01-16 14:12:33.605 [info] Snippets: No changes found during synchronizing snippets.
2024-01-16 14:12:33.608 [info] Tasks: No changes found during synchronizing tasks.
2024-01-16 14:12:33.614 [info] GlobalState: No changes found during synchronizing ui state.
2024-01-16 14:12:33.799 [info] Extensions: No changes found during synchronizing extensions.
2024-01-16 14:12:33.800 [info] Profiles: No changes found during synchronizing profiles.
2024-01-16 14:12:33.802 [info] Sync done. Took 804ms
2024-01-16 14:17:33.827 [info] Auto Sync: Triggered by Interval
2024-01-16 14:17:33.827 [info] Sync started.
2024-01-16 14:17:34.543 [info] Settings: No changes found during synchronizing settings.
2024-01-16 14:17:34.550 [info] Keybindings: No changes found during synchronizing keybindings.
2024-01-16 14:17:34.554 [info] Snippets: No changes found during synchronizing snippets.
2024-01-16 14:17:34.559 [info] Tasks: No changes found during synchronizing tasks.
2024-01-16 14:17:34.568 [info] GlobalState: No changes found during synchronizing ui state.
2024-01-16 14:17:34.767 [info] Extensions: No changes found during synchronizing extensions.
2024-01-16 14:17:34.768 [info] Profiles: No changes found during synchronizing profiles.
2024-01-16 14:17:34.769 [info] Sync done. Took 942ms
2024-01-16 14:22:34.792 [info] Auto Sync: Triggered by Interval
2024-01-16 14:22:34.792 [info] Sync started.
2024-01-16 14:22:35.438 [info] Settings: No changes found during synchronizing settings.
2024-01-16 14:22:35.450 [info] Keybindings: No changes found during synchronizing keybindings.
2024-01-16 14:22:35.460 [info] Snippets: No changes found during synchronizing snippets.
2024-01-16 14:22:35.463 [info] Tasks: No changes found during synchronizing tasks.
2024-01-16 14:22:35.468 [info] GlobalState: No changes found during synchronizing ui state.
2024-01-16 14:22:35.657 [info] Extensions: No changes found during synchronizing extensions.
2024-01-16 14:22:35.660 [info] Profiles: No changes found during synchronizing profiles.
2024-01-16 14:22:35.661 [info] Sync done. Took 870ms
2024-01-16 14:27:35.688 [info] Auto Sync: Triggered by Interval
2024-01-16 14:27:35.688 [info] Sync started.
2024-01-16 14:27:36.364 [info] Settings: No changes found during synchronizing settings.
2024-01-16 14:27:36.372 [info] Keybindings: No changes found during synchronizing keybindings.
2024-01-16 14:27:36.376 [info] Snippets: No changes found during synchronizing snippets.
2024-01-16 14:27:36.380 [info] Tasks: No changes found during synchronizing tasks.
2024-01-16 14:27:36.386 [info] GlobalState: No changes found during synchronizing ui state.
2024-01-16 14:27:36.564 [info] Extensions: No changes found during synchronizing extensions.
2024-01-16 14:27:36.566 [info] Profiles: No changes found during synchronizing profiles.
2024-01-16 14:27:36.569 [info] Sync done. Took 881ms
2024-01-16 14:30:11.997 [info] Auto Sync: Triggered by Activity
2024-01-16 14:30:11.997 [info] Sync started.
2024-01-16 14:30:12.629 [info] Settings: No changes found during synchronizing settings.
2024-01-16 14:30:12.635 [info] Keybindings: No changes found during synchronizing keybindings.
2024-01-16 14:30:12.642 [info] Snippets: No changes found during synchronizing snippets.
2024-01-16 14:30:12.652 [info] Tasks: No changes found during synchronizing tasks.
2024-01-16 14:30:12.660 [info] GlobalState: No changes found during synchronizing ui state.
2024-01-16 14:30:12.834 [info] Extensions: No changes found during synchronizing extensions.
2024-01-16 14:30:12.837 [info] Profiles: No changes found during synchronizing profiles.
2024-01-16 14:30:12.839 [info] Sync done. Took 842ms
2024-01-16 14:35:12.842 [info] Auto Sync: Triggered by Interval
2024-01-16 14:35:12.843 [info] Sync started.
2024-01-16 14:35:13.388 [info] Settings: No changes found during synchronizing settings.
2024-01-16 14:35:13.396 [info] Keybindings: No changes found during synchronizing keybindings.
2024-01-16 14:35:13.409 [info] Snippets: No changes found during synchronizing snippets.
2024-01-16 14:35:13.417 [info] Tasks: No changes found during synchronizing tasks.
2024-01-16 14:35:13.423 [info] GlobalState: No changes found during synchronizing ui state.
2024-01-16 14:35:13.589 [info] Extensions: No changes found during synchronizing extensions.
2024-01-16 14:35:13.591 [info] Profiles: No changes found during synchronizing profiles.
2024-01-16 14:35:13.592 [info] Sync done. Took 750ms
2024-01-16 14:40:13.595 [info] Auto Sync: Triggered by Interval
2024-01-16 14:40:13.596 [info] Sync started.
2024-01-16 14:40:14.248 [info] Settings: No changes found during synchronizing settings.
2024-01-16 14:40:14.263 [info] Keybindings: No changes found during synchronizing keybindings.
2024-01-16 14:40:14.268 [info] Snippets: No changes found during synchronizing snippets.
2024-01-16 14:40:14.271 [info] Tasks: No changes found during synchronizing tasks.
2024-01-16 14:40:14.280 [info] GlobalState: No changes found during synchronizing ui state.
2024-01-16 14:40:14.456 [info] Extensions: No changes found during synchronizing extensions.
2024-01-16 14:40:14.459 [info] Profiles: No changes found during synchronizing profiles.
2024-01-16 14:40:14.461 [info] Sync done. Took 865ms
2024-01-16 14:45:14.462 [info] Auto Sync: Triggered by Interval
2024-01-16 14:45:14.462 [info] Sync started.
2024-01-16 14:45:15.005 [info] Settings: No changes found during synchronizing settings.
2024-01-16 14:45:15.012 [info] Keybindings: No changes found during synchronizing keybindings.
2024-01-16 14:45:15.015 [info] Snippets: No changes found during synchronizing snippets.
2024-01-16 14:45:15.018 [info] Tasks: No changes found during synchronizing tasks.
2024-01-16 14:45:15.023 [info] GlobalState: No changes found during synchronizing ui state.
2024-01-16 14:45:15.254 [info] Extensions: No changes found during synchronizing extensions.
2024-01-16 14:45:15.255 [info] Profiles: No changes found during synchronizing profiles.
2024-01-16 14:45:15.257 [info] Sync done. Took 795ms
2024-01-16 14:50:15.261 [info] Auto Sync: Triggered by Interval
2024-01-16 14:50:15.261 [info] Sync started.
2024-01-16 14:50:15.792 [info] Settings: No changes found during synchronizing settings.
2024-01-16 14:50:15.802 [info] Keybindings: No changes found during synchronizing keybindings.
2024-01-16 14:50:15.805 [info] Snippets: No changes found during synchronizing snippets.
2024-01-16 14:50:15.809 [info] Tasks: No changes found during synchronizing tasks.
2024-01-16 14:50:15.814 [info] GlobalState: No changes found during synchronizing ui state.
2024-01-16 14:50:15.995 [info] Extensions: No changes found during synchronizing extensions.
2024-01-16 14:50:15.998 [info] Profiles: No changes found during synchronizing profiles.
2024-01-16 14:50:16.000 [info] Sync done. Took 738ms
2024-01-16 14:55:16.002 [info] Auto Sync: Triggered by Interval
2024-01-16 14:55:16.002 [info] Sync started.
2024-01-16 14:55:16.625 [info] Settings: No changes found during synchronizing settings.
2024-01-16 14:55:16.636 [info] Keybindings: No changes found during synchronizing keybindings.
2024-01-16 14:55:16.643 [info] Snippets: No changes found during synchronizing snippets.
2024-01-16 14:55:16.649 [info] Tasks: No changes found during synchronizing tasks.
2024-01-16 14:55:16.654 [info] GlobalState: No changes found during synchronizing ui state.
2024-01-16 14:55:16.845 [info] Extensions: No changes found during synchronizing extensions.
2024-01-16 14:55:16.849 [info] Profiles: No changes found during synchronizing profiles.
2024-01-16 14:55:16.851 [info] Sync done. Took 850ms
2024-01-16 15:00:16.856 [info] Auto Sync: Triggered by Interval
2024-01-16 15:00:16.857 [info] Sync started.
2024-01-16 15:00:17.547 [info] Settings: No changes found during synchronizing settings.
2024-01-16 15:00:17.559 [info] Keybindings: No changes found during synchronizing keybindings.
2024-01-16 15:00:17.563 [info] Snippets: No changes found during synchronizing snippets.
2024-01-16 15:00:17.567 [info] Tasks: No changes found during synchronizing tasks.
2024-01-16 15:00:17.572 [info] GlobalState: No changes found during synchronizing ui state.
2024-01-16 15:00:17.762 [info] Extensions: No changes found during synchronizing extensions.
2024-01-16 15:00:17.764 [info] Profiles: No changes found during synchronizing profiles.
2024-01-16 15:00:17.765 [info] Sync done. Took 910ms
2024-01-16 15:05:17.771 [info] Auto Sync: Triggered by Interval
2024-01-16 15:05:17.772 [info] Sync started.
2024-01-16 15:05:18.591 [info] Settings: No changes found during synchronizing settings.
2024-01-16 15:05:18.604 [info] Keybindings: No changes found during synchronizing keybindings.
2024-01-16 15:05:18.613 [info] Snippets: No changes found during synchronizing snippets.
2024-01-16 15:05:18.618 [info] Tasks: No changes found during synchronizing tasks.
2024-01-16 15:05:18.623 [info] GlobalState: No changes found during synchronizing ui state.
2024-01-16 15:05:18.808 [info] Extensions: No changes found during synchronizing extensions.
2024-01-16 15:05:18.811 [info] Profiles: No changes found during synchronizing profiles.
2024-01-16 15:05:18.813 [info] Sync done. Took 1042ms
2024-01-16 15:10:18.818 [info] Auto Sync: Triggered by Interval
2024-01-16 15:10:18.818 [info] Sync started.
2024-01-16 15:10:19.344 [info] Settings: No changes found during synchronizing settings.
2024-01-16 15:10:19.353 [info] Keybindings: No changes found during synchronizing keybindings.
2024-01-16 15:10:19.358 [info] Snippets: No changes found during synchronizing snippets.
2024-01-16 15:10:19.361 [info] Tasks: No changes found during synchronizing tasks.
2024-01-16 15:10:19.370 [info] GlobalState: No changes found during synchronizing ui state.
2024-01-16 15:10:19.590 [info] Extensions: No changes found during synchronizing extensions.
2024-01-16 15:10:19.595 [info] Profiles: No changes found during synchronizing profiles.
2024-01-16 15:10:19.597 [info] Sync done. Took 779ms
2024-01-16 15:15:19.604 [info] Auto Sync: Triggered by Interval
2024-01-16 15:15:19.604 [info] Sync started.
2024-01-16 15:15:20.092 [info] Settings: No changes found during synchronizing settings.
2024-01-16 15:15:20.106 [info] Keybindings: No changes found during synchronizing keybindings.
2024-01-16 15:15:20.108 [info] Snippets: No changes found during synchronizing snippets.
2024-01-16 15:15:20.111 [info] Tasks: No changes found during synchronizing tasks.
2024-01-16 15:15:20.118 [info] GlobalState: No changes found during synchronizing ui state.
2024-01-16 15:15:20.299 [info] Extensions: No changes found during synchronizing extensions.
2024-01-16 15:15:20.302 [info] Profiles: No changes found during synchronizing profiles.
2024-01-16 15:15:20.306 [info] Sync done. Took 702ms
2024-01-16 15:20:20.312 [info] Auto Sync: Triggered by Interval
2024-01-16 15:20:20.312 [info] Sync started.
2024-01-16 15:20:20.842 [info] Settings: No changes found during synchronizing settings.
2024-01-16 15:20:20.853 [info] Keybindings: No changes found during synchronizing keybindings.
2024-01-16 15:20:20.856 [info] Snippets: No changes found during synchronizing snippets.
2024-01-16 15:20:20.860 [info] Tasks: No changes found during synchronizing tasks.
2024-01-16 15:20:20.865 [info] GlobalState: No changes found during synchronizing ui state.
2024-01-16 15:20:21.034 [info] Extensions: No changes found during synchronizing extensions.
2024-01-16 15:20:21.035 [info] Profiles: No changes found during synchronizing profiles.
2024-01-16 15:20:21.038 [info] Sync done. Took 726ms
2024-01-16 15:25:21.046 [info] Auto Sync: Triggered by Interval
2024-01-16 15:25:21.046 [info] Sync started.
2024-01-16 15:25:21.792 [info] Settings: No changes found during synchronizing settings.
2024-01-16 15:25:21.801 [info] Keybindings: No changes found during synchronizing keybindings.
2024-01-16 15:25:21.809 [info] Snippets: No changes found during synchronizing snippets.
2024-01-16 15:25:21.815 [info] Tasks: No changes found during synchronizing tasks.
2024-01-16 15:25:21.822 [info] GlobalState: No changes found during synchronizing ui state.
2024-01-16 15:25:21.983 [info] Extensions: No changes found during synchronizing extensions.
2024-01-16 15:25:21.986 [info] Profiles: No changes found during synchronizing profiles.
2024-01-16 15:25:21.988 [info] Sync done. Took 942ms
2024-01-16 15:30:21.994 [info] Auto Sync: Triggered by Interval
2024-01-16 15:30:21.995 [info] Sync started.
2024-01-16 15:30:22.851 [info] Settings: No changes found during synchronizing settings.
2024-01-16 15:30:22.858 [info] Keybindings: No changes found during synchronizing keybindings.
2024-01-16 15:30:22.862 [info] Snippets: No changes found during synchronizing snippets.
2024-01-16 15:30:22.867 [info] Tasks: No changes found during synchronizing tasks.
2024-01-16 15:30:22.875 [info] GlobalState: No changes found during synchronizing ui state.
2024-01-16 15:30:23.075 [info] Extensions: No changes found during synchronizing extensions.
2024-01-16 15:30:23.077 [info] Profiles: No changes found during synchronizing profiles.
2024-01-16 15:30:23.079 [info] Sync done. Took 1084ms
2024-01-16 15:31:01.488 [info] Auto Sync: Triggered by Activity
2024-01-16 15:31:01.489 [info] Sync started.
2024-01-16 15:31:01.672 [info] Settings: No changes found during synchronizing settings.
2024-01-16 15:31:01.682 [info] Keybindings: No changes found during synchronizing keybindings.
2024-01-16 15:31:01.686 [info] Snippets: No changes found during synchronizing snippets.
2024-01-16 15:31:01.691 [info] Tasks: No changes found during synchronizing tasks.
2024-01-16 15:31:01.696 [info] GlobalState: No changes found during synchronizing ui state.
2024-01-16 15:31:01.932 [info] Extensions: No changes found during synchronizing extensions.
2024-01-16 15:31:01.936 [info] Profiles: No changes found during synchronizing profiles.
2024-01-16 15:31:01.938 [info] Sync done. Took 450ms
2024-01-16 15:33:07.258 [info] Auto Sync: Triggered by Activity
2024-01-16 15:33:07.258 [info] Sync started.
2024-01-16 15:33:07.507 [info] Settings: No changes found during synchronizing settings.
2024-01-16 15:33:07.513 [info] Keybindings: No changes found during synchronizing keybindings.
2024-01-16 15:33:07.518 [info] Snippets: No changes found during synchronizing snippets.
2024-01-16 15:33:07.522 [info] Tasks: No changes found during synchronizing tasks.
2024-01-16 15:33:07.526 [info] GlobalState: No changes found during synchronizing ui state.
2024-01-16 15:33:07.707 [info] Extensions: No changes found during synchronizing extensions.
2024-01-16 15:33:07.707 [info] Profiles: No changes found during synchronizing profiles.
2024-01-16 15:33:07.711 [info] Sync done. Took 453ms
2024-01-16 15:38:07.765 [info] Auto Sync: Triggered by Interval
2024-01-16 15:38:07.765 [info] Sync started.
2024-01-16 15:38:08.381 [info] Settings: No changes found during synchronizing settings.
2024-01-16 15:38:08.395 [info] Keybindings: No changes found during synchronizing keybindings.
2024-01-16 15:38:08.403 [info] Snippets: No changes found during synchronizing snippets.
2024-01-16 15:38:08.408 [info] Tasks: No changes found during synchronizing tasks.
2024-01-16 15:38:08.414 [info] GlobalState: No changes found during synchronizing ui state.
2024-01-16 15:38:08.608 [info] Extensions: No changes found during synchronizing extensions.
2024-01-16 15:38:08.610 [info] Profiles: No changes found during synchronizing profiles.
2024-01-16 15:38:08.612 [info] Sync done. Took 847ms
2024-01-16 15:43:08.665 [info] Auto Sync: Triggered by Interval
2024-01-16 15:43:08.665 [info] Sync started.
2024-01-16 15:43:09.112 [info] Settings: No changes found during synchronizing settings.
2024-01-16 15:43:09.118 [info] Keybindings: No changes found during synchronizing keybindings.
2024-01-16 15:43:09.123 [info] Snippets: No changes found during synchronizing snippets.
2024-01-16 15:43:09.133 [info] Tasks: No changes found during synchronizing tasks.
2024-01-16 15:43:09.142 [info] GlobalState: No changes found during synchronizing ui state.
2024-01-16 15:43:09.332 [info] Extensions: No changes found during synchronizing extensions.
2024-01-16 15:43:09.335 [info] Profiles: No changes found during synchronizing profiles.
2024-01-16 15:43:09.336 [info] Sync done. Took 672ms
2024-01-16 15:48:09.392 [info] Auto Sync: Triggered by Interval
2024-01-16 15:48:09.392 [info] Sync started.
2024-01-16 15:48:09.975 [info] Settings: No changes found during synchronizing settings.
2024-01-16 15:48:09.986 [info] Keybindings: No changes found during synchronizing keybindings.
2024-01-16 15:48:09.989 [info] Snippets: No changes found during synchronizing snippets.
2024-01-16 15:48:09.993 [info] Tasks: No changes found during synchronizing tasks.
2024-01-16 15:48:09.999 [info] GlobalState: No changes found during synchronizing ui state.
2024-01-16 15:48:10.175 [info] Extensions: No changes found during synchronizing extensions.
2024-01-16 15:48:10.177 [info] Profiles: No changes found during synchronizing profiles.
2024-01-16 15:48:10.179 [info] Sync done. Took 787ms
2024-01-16 15:53:10.235 [info] Auto Sync: Triggered by Interval
2024-01-16 15:53:10.235 [info] Sync started.
2024-01-16 15:53:10.844 [info] Settings: No changes found during synchronizing settings.
2024-01-16 15:53:10.857 [info] Keybindings: No changes found during synchronizing keybindings.
2024-01-16 15:53:10.860 [info] Snippets: No changes found during synchronizing snippets.
2024-01-16 15:53:10.863 [info] Tasks: No changes found during synchronizing tasks.
2024-01-16 15:53:10.868 [info] GlobalState: No changes found during synchronizing ui state.
2024-01-16 15:53:11.048 [info] Extensions: No changes found during synchronizing extensions.
2024-01-16 15:53:11.051 [info] Profiles: No changes found during synchronizing profiles.
2024-01-16 15:53:11.053 [info] Sync done. Took 818ms
2024-01-16 15:58:11.108 [info] Auto Sync: Triggered by Interval
2024-01-16 15:58:11.108 [info] Sync started.
2024-01-16 15:58:11.753 [info] Settings: No changes found during synchronizing settings.
2024-01-16 15:58:11.770 [info] Keybindings: No changes found during synchronizing keybindings.
2024-01-16 15:58:11.773 [info] Snippets: No changes found during synchronizing snippets.
2024-01-16 15:58:11.776 [info] Tasks: No changes found during synchronizing tasks.
2024-01-16 15:58:11.783 [info] GlobalState: No changes found during synchronizing ui state.
2024-01-16 15:58:11.969 [info] Extensions: No changes found during synchronizing extensions.
2024-01-16 15:58:11.970 [info] Profiles: No changes found during synchronizing profiles.
2024-01-16 15:58:11.972 [info] Sync done. Took 864ms
2024-01-16 16:03:12.028 [info] Auto Sync: Triggered by Interval
2024-01-16 16:03:12.028 [info] Sync started.
2024-01-16 16:03:12.631 [info] Settings: No changes found during synchronizing settings.
2024-01-16 16:03:12.643 [info] Keybindings: No changes found during synchronizing keybindings.
2024-01-16 16:03:12.655 [info] Snippets: No changes found during synchronizing snippets.
2024-01-16 16:03:12.661 [info] Tasks: No changes found during synchronizing tasks.
2024-01-16 16:03:12.666 [info] GlobalState: No changes found during synchronizing ui state.
2024-01-16 16:03:12.843 [info] Extensions: No changes found during synchronizing extensions.
2024-01-16 16:03:12.846 [info] Profiles: No changes found during synchronizing profiles.
2024-01-16 16:03:12.848 [info] Sync done. Took 820ms
2024-01-16 16:08:12.906 [info] Auto Sync: Triggered by Interval
2024-01-16 16:08:12.907 [info] Sync started.
2024-01-16 16:08:13.423 [info] Settings: No changes found during synchronizing settings.
2024-01-16 16:08:13.430 [info] Keybindings: No changes found during synchronizing keybindings.
2024-01-16 16:08:13.434 [info] Snippets: No changes found during synchronizing snippets.
2024-01-16 16:08:13.438 [info] Tasks: No changes found during synchronizing tasks.
2024-01-16 16:08:13.447 [info] GlobalState: No changes found during synchronizing ui state.
2024-01-16 16:08:13.637 [info] Extensions: No changes found during synchronizing extensions.
2024-01-16 16:08:13.638 [info] Profiles: No changes found during synchronizing profiles.
2024-01-16 16:08:13.641 [info] Sync done. Took 735ms
2024-01-16 16:10:36.258 [info] Auto Sync: Triggered by Activity
2024-01-16 16:10:36.259 [info] Sync started.
2024-01-16 16:10:36.830 [info] Settings: No changes found during synchronizing settings.
2024-01-16 16:10:36.836 [info] Keybindings: No changes found during synchronizing keybindings.
2024-01-16 16:10:36.839 [info] Snippets: No changes found during synchronizing snippets.
2024-01-16 16:10:36.844 [info] Tasks: No changes found during synchronizing tasks.
2024-01-16 16:10:36.852 [info] GlobalState: No changes found during synchronizing ui state.
2024-01-16 16:10:37.047 [info] Extensions: No changes found during synchronizing extensions.
2024-01-16 16:10:37.049 [info] Profiles: No changes found during synchronizing profiles.
2024-01-16 16:10:37.051 [info] Sync done. Took 792ms
2024-01-16 16:15:37.071 [info] Auto Sync: Triggered by Interval
2024-01-16 16:15:37.071 [info] Sync started.
2024-01-16 16:15:37.568 [info] Settings: No changes found during synchronizing settings.
2024-01-16 16:15:37.574 [info] Keybindings: No changes found during synchronizing keybindings.
2024-01-16 16:15:37.578 [info] Snippets: No changes found during synchronizing snippets.
2024-01-16 16:15:37.581 [info] Tasks: No changes found during synchronizing tasks.
2024-01-16 16:15:37.587 [info] GlobalState: No changes found during synchronizing ui state.
2024-01-16 16:15:37.775 [info] Extensions: No changes found during synchronizing extensions.
2024-01-16 16:15:37.778 [info] Profiles: No changes found during synchronizing profiles.
2024-01-16 16:15:37.780 [info] Sync done. Took 709ms
2024-01-16 16:19:39.168 [info] Auto Sync: Triggered by Activity
2024-01-16 16:19:39.168 [info] Sync started.
2024-01-16 16:19:39.751 [info] Settings: No changes found during synchronizing settings.
2024-01-16 16:19:39.760 [info] Keybindings: No changes found during synchronizing keybindings.
2024-01-16 16:19:39.767 [info] Snippets: No changes found during synchronizing snippets.
2024-01-16 16:19:39.773 [info] Tasks: No changes found during synchronizing tasks.
2024-01-16 16:19:39.779 [info] GlobalState: No changes found during synchronizing ui state.
2024-01-16 16:19:39.960 [info] Extensions: No changes found during synchronizing extensions.
2024-01-16 16:19:39.962 [info] Profiles: No changes found during synchronizing profiles.
2024-01-16 16:19:39.964 [info] Sync done. Took 796ms
2024-01-16 16:23:27.448 [info] Auto Sync: Triggered by Activity
2024-01-16 16:23:27.449 [info] Sync started.
2024-01-16 16:23:28.100 [info] Settings: No changes found during synchronizing settings.
2024-01-16 16:23:28.110 [info] Keybindings: No changes found during synchronizing keybindings.
2024-01-16 16:23:28.114 [info] Snippets: No changes found during synchronizing snippets.
2024-01-16 16:23:28.119 [info] Tasks: No changes found during synchronizing tasks.
2024-01-16 16:23:28.128 [info] GlobalState: No changes found during synchronizing ui state.
2024-01-16 16:23:28.320 [info] Extensions: No changes found during synchronizing extensions.
2024-01-16 16:23:28.322 [info] Profiles: No changes found during synchronizing profiles.
2024-01-16 16:23:28.324 [info] Sync done. Took 876ms
2024-01-16 16:24:02.205 [info] Auto Sync: Triggered by Activity
2024-01-16 16:24:02.205 [info] Sync started.
2024-01-16 16:24:02.383 [info] Settings: No changes found during synchronizing settings.
2024-01-16 16:24:02.391 [info] Keybindings: No changes found during synchronizing keybindings.
2024-01-16 16:24:02.396 [info] Snippets: No changes found during synchronizing snippets.
2024-01-16 16:24:02.400 [info] Tasks: No changes found during synchronizing tasks.
2024-01-16 16:24:02.405 [info] GlobalState: No changes found during synchronizing ui state.
2024-01-16 16:24:02.612 [info] Extensions: No changes found during synchronizing extensions.
2024-01-16 16:24:02.615 [info] Profiles: No changes found during synchronizing profiles.
2024-01-16 16:24:02.617 [info] Sync done. Took 412ms
2024-01-16 16:26:43.880 [info] Auto Sync: Triggered by Activity
2024-01-16 16:26:43.880 [info] Sync started.
2024-01-16 16:26:44.405 [info] Settings: No changes found during synchronizing settings.
2024-01-16 16:26:44.417 [info] Keybindings: No changes found during synchronizing keybindings.
2024-01-16 16:26:44.426 [info] Snippets: No changes found during synchronizing snippets.
2024-01-16 16:26:44.435 [info] Tasks: No changes found during synchronizing tasks.
2024-01-16 16:26:44.443 [info] GlobalState: No changes found during synchronizing ui state.
2024-01-16 16:26:44.689 [info] Extensions: No changes found during synchronizing extensions.
2024-01-16 16:26:44.694 [info] Profiles: No changes found during synchronizing profiles.
2024-01-16 16:26:44.696 [info] Sync done. Took 815ms
2024-01-16 16:27:44.998 [info] Auto Sync: Triggered by Activity
2024-01-16 16:27:44.998 [info] Sync started.
2024-01-16 16:27:45.218 [info] Settings: No changes found during synchronizing settings.
2024-01-16 16:27:45.252 [info] Keybindings: No changes found during synchronizing keybindings.
2024-01-16 16:27:45.256 [info] Snippets: No changes found during synchronizing snippets.
2024-01-16 16:27:45.259 [info] Tasks: No changes found during synchronizing tasks.
2024-01-16 16:27:45.268 [info] GlobalState: No changes found during synchronizing ui state.
2024-01-16 16:27:45.488 [info] Extensions: No changes found during synchronizing extensions.
2024-01-16 16:27:45.494 [info] Profiles: No changes found during synchronizing profiles.
2024-01-16 16:27:45.497 [info] Sync done. Took 499ms
2024-01-16 16:29:04.115 [info] Auto Sync: Triggered by Activity
2024-01-16 16:29:04.115 [info] Sync started.
2024-01-16 16:29:04.261 [info] Settings: No changes found during synchronizing settings.
2024-01-16 16:29:04.274 [info] Keybindings: No changes found during synchronizing keybindings.
2024-01-16 16:29:04.282 [info] Snippets: No changes found during synchronizing snippets.
2024-01-16 16:29:04.292 [info] Tasks: No changes found during synchronizing tasks.
2024-01-16 16:29:04.305 [info] GlobalState: No changes found during synchronizing ui state.
2024-01-16 16:29:04.594 [info] Extensions: No changes found during synchronizing extensions.
2024-01-16 16:29:04.600 [info] Profiles: No changes found during synchronizing profiles.
2024-01-16 16:29:04.603 [info] Sync done. Took 489ms
2024-01-16 16:30:30.081 [info] Auto Sync: Triggered by Activity
2024-01-16 16:30:30.081 [info] Sync started.
2024-01-16 16:30:30.271 [info] Settings: No changes found during synchronizing settings.
2024-01-16 16:30:30.281 [info] Keybindings: No changes found during synchronizing keybindings.
2024-01-16 16:30:30.286 [info] Snippets: No changes found during synchronizing snippets.
2024-01-16 16:30:30.290 [info] Tasks: No changes found during synchronizing tasks.
2024-01-16 16:30:30.299 [info] GlobalState: No changes found during synchronizing ui state.
2024-01-16 16:30:30.525 [info] Extensions: No changes found during synchronizing extensions.
2024-01-16 16:30:30.529 [info] Profiles: No changes found during synchronizing profiles.
2024-01-16 16:30:30.531 [info] Sync done. Took 451ms
2024-01-16 16:34:50.962 [info] Auto Sync: Triggered by Activity
2024-01-16 16:34:50.963 [info] Sync started.
2024-01-16 16:34:51.615 [info] Settings: No changes found during synchronizing settings.
2024-01-16 16:34:51.632 [info] Keybindings: No changes found during synchronizing keybindings.
2024-01-16 16:34:51.635 [info] Snippets: No changes found during synchronizing snippets.
2024-01-16 16:34:51.639 [info] Tasks: No changes found during synchronizing tasks.
2024-01-16 16:34:51.645 [info] GlobalState: No changes found during synchronizing ui state.
2024-01-16 16:34:51.846 [info] Extensions: No changes found during synchronizing extensions.
2024-01-16 16:34:51.848 [info] Profiles: No changes found during synchronizing profiles.
2024-01-16 16:34:51.850 [info] Sync done. Took 888ms
2024-01-16 16:37:03.713 [info] Auto Sync: Triggered by Activity
2024-01-16 16:37:03.714 [info] Sync started.
2024-01-16 16:37:04.218 [info] Settings: No changes found during synchronizing settings.
2024-01-16 16:37:04.233 [info] Keybindings: No changes found during synchronizing keybindings.
2024-01-16 16:37:04.246 [info] Snippets: No changes found during synchronizing snippets.
2024-01-16 16:37:04.252 [info] Tasks: No changes found during synchronizing tasks.
2024-01-16 16:37:04.261 [info] GlobalState: No changes found during synchronizing ui state.
2024-01-16 16:37:04.519 [info] Extensions: No changes found during synchronizing extensions.
2024-01-16 16:37:04.527 [info] Profiles: No changes found during synchronizing profiles.
2024-01-16 16:37:04.530 [info] Sync done. Took 816ms
2024-01-16 16:37:48.397 [info] Auto Sync: Triggered by Activity
2024-01-16 16:37:48.398 [info] Sync started.
2024-01-16 16:37:48.554 [info] Settings: No changes found during synchronizing settings.
2024-01-16 16:37:48.570 [info] Keybindings: No changes found during synchronizing keybindings.
2024-01-16 16:37:48.581 [info] Snippets: No changes found during synchronizing snippets.
2024-01-16 16:37:48.587 [info] Tasks: No changes found during synchronizing tasks.
2024-01-16 16:37:48.596 [info] GlobalState: No changes found during synchronizing ui state.
2024-01-16 16:37:48.826 [info] Extensions: No changes found during synchronizing extensions.
2024-01-16 16:37:48.832 [info] Profiles: No changes found during synchronizing profiles.
2024-01-16 16:37:48.835 [info] Sync done. Took 438ms
2024-01-16 16:41:31.539 [info] Auto Sync: Triggered by Activity
2024-01-16 16:41:31.540 [info] Sync started.
2024-01-16 16:41:32.179 [info] Settings: No changes found during synchronizing settings.
2024-01-16 16:41:32.185 [info] Keybindings: No changes found during synchronizing keybindings.
2024-01-16 16:41:32.192 [info] Snippets: No changes found during synchronizing snippets.
2024-01-16 16:41:32.195 [info] Tasks: No changes found during synchronizing tasks.
2024-01-16 16:41:32.200 [info] GlobalState: No changes found during synchronizing ui state.
2024-01-16 16:41:32.425 [info] Extensions: No changes found during synchronizing extensions.
2024-01-16 16:41:32.429 [info] Profiles: No changes found during synchronizing profiles.
2024-01-16 16:41:32.431 [info] Sync done. Took 893ms
2024-01-16 16:41:54.545 [info] Auto Sync: Triggered by Activity
2024-01-16 16:41:54.546 [info] Sync started.
2024-01-16 16:41:54.712 [info] Settings: No changes found during synchronizing settings.
2024-01-16 16:41:54.722 [info] Keybindings: No changes found during synchronizing keybindings.
2024-01-16 16:41:54.727 [info] Snippets: No changes found during synchronizing snippets.
2024-01-16 16:41:54.731 [info] Tasks: No changes found during synchronizing tasks.
2024-01-16 16:41:54.736 [info] GlobalState: No changes found during synchronizing ui state.
2024-01-16 16:41:54.904 [info] Extensions: No changes found during synchronizing extensions.
2024-01-16 16:41:54.907 [info] Profiles: No changes found during synchronizing profiles.
2024-01-16 16:41:54.909 [info] Sync done. Took 364ms
2024-01-16 16:46:54.949 [info] Auto Sync: Triggered by Interval
2024-01-16 16:46:54.949 [info] Sync started.
2024-01-16 16:46:55.572 [info] Settings: No changes found during synchronizing settings.
2024-01-16 16:46:55.583 [info] Keybindings: No changes found during synchronizing keybindings.
2024-01-16 16:46:55.590 [info] Snippets: No changes found during synchronizing snippets.
2024-01-16 16:46:55.595 [info] Tasks: No changes found during synchronizing tasks.
2024-01-16 16:46:55.602 [info] GlobalState: No changes found during synchronizing ui state.
2024-01-16 16:46:55.787 [info] Extensions: No changes found during synchronizing extensions.
2024-01-16 16:46:55.789 [info] Profiles: No changes found during synchronizing profiles.
2024-01-16 16:46:55.790 [info] Sync done. Took 842ms
2024-01-16 16:51:55.803 [info] Auto Sync: Triggered by Interval
2024-01-16 16:51:55.803 [info] Sync started.
2024-01-16 16:51:56.332 [info] Settings: No changes found during synchronizing settings.
2024-01-16 16:51:56.343 [info] Keybindings: No changes found during synchronizing keybindings.
2024-01-16 16:51:56.347 [info] Snippets: No changes found during synchronizing snippets.
2024-01-16 16:51:56.351 [info] Tasks: No changes found during synchronizing tasks.
2024-01-16 16:51:56.357 [info] GlobalState: No changes found during synchronizing ui state.
2024-01-16 16:51:56.525 [info] Extensions: No changes found during synchronizing extensions.
2024-01-16 16:51:56.528 [info] Profiles: No changes found during synchronizing profiles.
2024-01-16 16:51:56.530 [info] Sync done. Took 727ms
2024-01-16 16:56:56.541 [info] Auto Sync: Triggered by Interval
2024-01-16 16:56:56.541 [info] Sync started.
2024-01-16 16:56:57.407 [info] Settings: No changes found during synchronizing settings.
2024-01-16 16:56:57.425 [info] Keybindings: No changes found during synchronizing keybindings.
2024-01-16 16:56:57.428 [info] Snippets: No changes found during synchronizing snippets.
2024-01-16 16:56:57.431 [info] Tasks: No changes found during synchronizing tasks.
2024-01-16 16:56:57.437 [info] GlobalState: No changes found during synchronizing ui state.
2024-01-16 16:56:57.637 [info] Extensions: No changes found during synchronizing extensions.
2024-01-16 16:56:57.639 [info] Profiles: No changes found during synchronizing profiles.
2024-01-16 16:56:57.641 [info] Sync done. Took 1100ms
2024-01-16 17:01:57.681 [info] Auto Sync: Triggered by Interval
2024-01-16 17:01:57.681 [info] Sync started.
2024-01-16 17:01:58.209 [info] Settings: No changes found during synchronizing settings.
2024-01-16 17:01:58.219 [info] Keybindings: No changes found during synchronizing keybindings.
2024-01-16 17:01:58.223 [info] Snippets: No changes found during synchronizing snippets.
2024-01-16 17:01:58.227 [info] Tasks: No changes found during synchronizing tasks.
2024-01-16 17:01:58.234 [info] GlobalState: No changes found during synchronizing ui state.
2024-01-16 17:01:58.418 [info] Extensions: No changes found during synchronizing extensions.
2024-01-16 17:01:58.419 [info] Profiles: No changes found during synchronizing profiles.
2024-01-16 17:01:58.421 [info] Sync done. Took 740ms
2024-01-16 17:06:58.449 [info] Auto Sync: Triggered by Interval
2024-01-16 17:06:58.449 [info] Sync started.
2024-01-16 17:06:59.163 [info] Settings: No changes found during synchronizing settings.
2024-01-16 17:06:59.177 [info] Keybindings: No changes found during synchronizing keybindings.
2024-01-16 17:06:59.182 [info] Snippets: No changes found during synchronizing snippets.
2024-01-16 17:06:59.188 [info] Tasks: No changes found during synchronizing tasks.
2024-01-16 17:06:59.195 [info] GlobalState: No changes found during synchronizing ui state.
2024-01-16 17:06:59.355 [info] Extensions: No changes found during synchronizing extensions.
2024-01-16 17:06:59.357 [info] Profiles: No changes found during synchronizing profiles.
2024-01-16 17:06:59.358 [info] Sync done. Took 909ms
2024-01-16 17:11:54.254 [info] Auto Sync: Triggered by Activity
2024-01-16 17:11:54.255 [info] Sync started.
2024-01-16 17:11:54.791 [info] Settings: No changes found during synchronizing settings.
