13:02:15 GMT-0500 (Colombia Standard Time) [INFO]: spawning binary with command: /home/devdragon/.config/Code/User/globalStorage/tabnine.tabnine-vscode/binaries/4.75.0/x86_64-unknown-linux-musl/TabNine args: --tls_config insecure=false --no-lsp=true --client=vscode --client-metadata clientVersion=1.85.1 pluginVersion=3.62.0 t9-vscode-AutoImportEnabled=true t9-vscode-TSAutoImportEnabled=true t9-vscode-JSAutoImportEnabled=true vscode-telemetry-enabled=true vscode-remote=false vscode-extension-kind=1 vscode-theme-name=Dark Red vscode-theme-kind=Dark vscode-machine-id=e59b11f8498651854345bd2ff491bcecd04acb309df1729fd283539cb51b9193 vscode-is-new-app-install=false vscode-session-id=e53f8822-1dc9-4d7e-8414-d580f148ca8d1705514516231 vscode-language=es vscode-app-name=Visual Studio Code vscode-beta-channel-enabled=false vscode-status-customization=unknown vscode-inline-api-enabled=true vscode-code-lens-enabled=true vscode-found-intellicode=true ide-restart-counter=0 

13:02:15 GMT-0500 (Colombia Standard Time) [DEBUG]: capabilities resolved immediately 

13:02:19 GMT-0500 (Colombia Standard Time) [DEBUG]: Updating root paths for project .config: ["/home/devdragon/.config"] 

13:02:31 GMT-0500 (Colombia Standard Time) [ERROR]: Error: Binary request timed out. {"SetState":{"state_type":{"StatusShown":{"id":"see-tabnine-insights_2024-01-17 18:02:16.169386742 UTC","text":"See Tabnine Insights 💪","notification_type":"System","state":null}}}} 

13:02:49 GMT-0500 (Colombia Standard Time) [DEBUG]: Updating root paths for project .config: ["/home/devdragon/.config"] 

13:03:19 GMT-0500 (Colombia Standard Time) [DEBUG]: Updating root paths for project .config: ["/home/devdragon/.config"] 

13:03:49 GMT-0500 (Colombia Standard Time) [DEBUG]: Updating root paths for project .config: ["/home/devdragon/.config"] 

13:04:19 GMT-0500 (Colombia Standard Time) [DEBUG]: Updating root paths for project .config: ["/home/devdragon/.config"] 

13:04:49 GMT-0500 (Colombia Standard Time) [DEBUG]: Updating root paths for project .config: ["/home/devdragon/.config"] 

13:05:19 GMT-0500 (Colombia Standard Time) [DEBUG]: Updating root paths for project .config: ["/home/devdragon/.config"] 

13:05:49 GMT-0500 (Colombia Standard Time) [DEBUG]: Updating root paths for project .config: ["/home/devdragon/.config"] 

13:06:19 GMT-0500 (Colombia Standard Time) [DEBUG]: Updating root paths for project .config: ["/home/devdragon/.config"] 

13:06:49 GMT-0500 (Colombia Standard Time) [DEBUG]: Updating root paths for project .config: ["/home/devdragon/.config"] 

13:07:19 GMT-0500 (Colombia Standard Time) [DEBUG]: Updating root paths for project .config: ["/home/devdragon/.config"] 

13:07:49 GMT-0500 (Colombia Standard Time) [DEBUG]: Updating root paths for project .config: ["/home/devdragon/.config"] 

13:08:19 GMT-0500 (Colombia Standard Time) [DEBUG]: Updating root paths for project .config: ["/home/devdragon/.config"] 

13:08:49 GMT-0500 (Colombia Standard Time) [DEBUG]: Updating root paths for project .config: ["/home/devdragon/.config"] 

13:09:19 GMT-0500 (Colombia Standard Time) [DEBUG]: Updating root paths for project .config: ["/home/devdragon/.config"] 

13:09:49 GMT-0500 (Colombia Standard Time) [DEBUG]: Updating root paths for project .config: ["/home/devdragon/.config"] 

13:10:19 GMT-0500 (Colombia Standard Time) [DEBUG]: Updating root paths for project .config: ["/home/devdragon/.config"] 

13:10:49 GMT-0500 (Colombia Standard Time) [DEBUG]: Updating root paths for project .config: ["/home/devdragon/.config"] 

13:11:19 GMT-0500 (Colombia Standard Time) [DEBUG]: Updating root paths for project .config: ["/home/devdragon/.config"] 

13:11:49 GMT-0500 (Colombia Standard Time) [DEBUG]: Updating root paths for project .config: ["/home/devdragon/.config"] 

13:12:19 GMT-0500 (Colombia Standard Time) [DEBUG]: Updating root paths for project .config: ["/home/devdragon/.config"] 

13:12:49 GMT-0500 (Colombia Standard Time) [DEBUG]: Updating root paths for project .config: ["/home/devdragon/.config"] 

13:13:19 GMT-0500 (Colombia Standard Time) [DEBUG]: Updating root paths for project .config: ["/home/devdragon/.config"] 

13:13:49 GMT-0500 (Colombia Standard Time) [DEBUG]: Updating root paths for project .config: ["/home/devdragon/.config"] 

13:14:19 GMT-0500 (Colombia Standard Time) [DEBUG]: Updating root paths for project .config: ["/home/devdragon/.config"] 

13:14:49 GMT-0500 (Colombia Standard Time) [DEBUG]: Updating root paths for project .config: ["/home/devdragon/.config"] 

13:15:19 GMT-0500 (Colombia Standard Time) [DEBUG]: Updating root paths for project .config: ["/home/devdragon/.config"] 

13:15:49 GMT-0500 (Colombia Standard Time) [DEBUG]: Updating root paths for project .config: ["/home/devdragon/.config"] 

13:16:19 GMT-0500 (Colombia Standard Time) [DEBUG]: Updating root paths for project .config: ["/home/devdragon/.config"] 

13:16:49 GMT-0500 (Colombia Standard Time) [DEBUG]: Updating root paths for project .config: ["/home/devdragon/.config"] 

13:17:19 GMT-0500 (Colombia Standard Time) [DEBUG]: Updating root paths for project .config: ["/home/devdragon/.config"] 

13:17:49 GMT-0500 (Colombia Standard Time) [DEBUG]: Updating root paths for project .config: ["/home/devdragon/.config"] 

13:18:19 GMT-0500 (Colombia Standard Time) [DEBUG]: Updating root paths for project .config: ["/home/devdragon/.config"] 

13:18:49 GMT-0500 (Colombia Standard Time) [DEBUG]: Updating root paths for project .config: ["/home/devdragon/.config"] 

13:19:19 GMT-0500 (Colombia Standard Time) [DEBUG]: Updating root paths for project .config: ["/home/devdragon/.config"] 

13:19:49 GMT-0500 (Colombia Standard Time) [DEBUG]: Updating root paths for project .config: ["/home/devdragon/.config"] 

13:20:19 GMT-0500 (Colombia Standard Time) [DEBUG]: Updating root paths for project .config: ["/home/devdragon/.config"] 

13:20:49 GMT-0500 (Colombia Standard Time) [DEBUG]: Updating root paths for project .config: ["/home/devdragon/.config"] 

13:21:19 GMT-0500 (Colombia Standard Time) [DEBUG]: Updating root paths for project .config: ["/home/devdragon/.config"] 

13:21:49 GMT-0500 (Colombia Standard Time) [DEBUG]: Updating root paths for project .config: ["/home/devdragon/.config"] 

13:22:19 GMT-0500 (Colombia Standard Time) [DEBUG]: Updating root paths for project .config: ["/home/devdragon/.config"] 

13:22:49 GMT-0500 (Colombia Standard Time) [DEBUG]: Updating root paths for project .config: ["/home/devdragon/.config"] 

13:23:19 GMT-0500 (Colombia Standard Time) [DEBUG]: Updating root paths for project .config: ["/home/devdragon/.config"] 

13:23:49 GMT-0500 (Colombia Standard Time) [DEBUG]: Updating root paths for project .config: ["/home/devdragon/.config"] 

13:24:19 GMT-0500 (Colombia Standard Time) [DEBUG]: Updating root paths for project .config: ["/home/devdragon/.config"] 

13:24:49 GMT-0500 (Colombia Standard Time) [DEBUG]: Updating root paths for project .config: ["/home/devdragon/.config"] 

13:25:19 GMT-0500 (Colombia Standard Time) [DEBUG]: Updating root paths for project .config: ["/home/devdragon/.config"] 

13:25:49 GMT-0500 (Colombia Standard Time) [DEBUG]: Updating root paths for project .config: ["/home/devdragon/.config"] 

13:26:19 GMT-0500 (Colombia Standard Time) [DEBUG]: Updating root paths for project .config: ["/home/devdragon/.config"] 

13:26:49 GMT-0500 (Colombia Standard Time) [DEBUG]: Updating root paths for project .config: ["/home/devdragon/.config"] 

13:27:19 GMT-0500 (Colombia Standard Time) [DEBUG]: Updating root paths for project .config: ["/home/devdragon/.config"] 

13:27:49 GMT-0500 (Colombia Standard Time) [DEBUG]: Updating root paths for project .config: ["/home/devdragon/.config"] 

13:28:19 GMT-0500 (Colombia Standard Time) [DEBUG]: Updating root paths for project .config: ["/home/devdragon/.config"] 

13:28:49 GMT-0500 (Colombia Standard Time) [DEBUG]: Updating root paths for project .config: ["/home/devdragon/.config"] 

13:29:19 GMT-0500 (Colombia Standard Time) [DEBUG]: Updating root paths for project .config: ["/home/devdragon/.config"] 

13:29:49 GMT-0500 (Colombia Standard Time) [DEBUG]: Updating root paths for project .config: ["/home/devdragon/.config"] 

13:30:19 GMT-0500 (Colombia Standard Time) [DEBUG]: Updating root paths for project .config: ["/home/devdragon/.config"] 

13:30:49 GMT-0500 (Colombia Standard Time) [DEBUG]: Updating root paths for project .config: ["/home/devdragon/.config"] 

13:31:19 GMT-0500 (Colombia Standard Time) [DEBUG]: Updating root paths for project .config: ["/home/devdragon/.config"] 

13:31:49 GMT-0500 (Colombia Standard Time) [DEBUG]: Updating root paths for project .config: ["/home/devdragon/.config"] 

13:32:19 GMT-0500 (Colombia Standard Time) [DEBUG]: Updating root paths for project .config: ["/home/devdragon/.config"] 

13:32:49 GMT-0500 (Colombia Standard Time) [DEBUG]: Updating root paths for project .config: ["/home/devdragon/.config"] 

13:33:19 GMT-0500 (Colombia Standard Time) [DEBUG]: Updating root paths for project .config: ["/home/devdragon/.config"] 

13:33:49 GMT-0500 (Colombia Standard Time) [DEBUG]: Updating root paths for project .config: ["/home/devdragon/.config"] 

13:34:19 GMT-0500 (Colombia Standard Time) [DEBUG]: Updating root paths for project .config: ["/home/devdragon/.config"] 

13:34:49 GMT-0500 (Colombia Standard Time) [DEBUG]: Updating root paths for project .config: ["/home/devdragon/.config"] 

13:35:19 GMT-0500 (Colombia Standard Time) [DEBUG]: Updating root paths for project .config: ["/home/devdragon/.config"] 

13:35:49 GMT-0500 (Colombia Standard Time) [DEBUG]: Updating root paths for project .config: ["/home/devdragon/.config"] 

13:36:19 GMT-0500 (Colombia Standard Time) [DEBUG]: Updating root paths for project .config: ["/home/devdragon/.config"] 

13:36:49 GMT-0500 (Colombia Standard Time) [DEBUG]: Updating root paths for project .config: ["/home/devdragon/.config"] 

13:37:19 GMT-0500 (Colombia Standard Time) [DEBUG]: Updating root paths for project .config: ["/home/devdragon/.config"] 

13:37:49 GMT-0500 (Colombia Standard Time) [DEBUG]: Updating root paths for project .config: ["/home/devdragon/.config"] 

13:38:19 GMT-0500 (Colombia Standard Time) [DEBUG]: Updating root paths for project .config: ["/home/devdragon/.config"] 

13:38:49 GMT-0500 (Colombia Standard Time) [DEBUG]: Updating root paths for project .config: ["/home/devdragon/.config"] 

13:39:19 GMT-0500 (Colombia Standard Time) [DEBUG]: Updating root paths for project .config: ["/home/devdragon/.config"] 

13:39:49 GMT-0500 (Colombia Standard Time) [DEBUG]: Updating root paths for project .config: ["/home/devdragon/.config"] 

13:40:19 GMT-0500 (Colombia Standard Time) [DEBUG]: Updating root paths for project .config: ["/home/devdragon/.config"] 

13:40:49 GMT-0500 (Colombia Standard Time) [DEBUG]: Updating root paths for project .config: ["/home/devdragon/.config"] 

13:41:19 GMT-0500 (Colombia Standard Time) [DEBUG]: Updating root paths for project .config: ["/home/devdragon/.config"] 

13:41:49 GMT-0500 (Colombia Standard Time) [DEBUG]: Updating root paths for project .config: ["/home/devdragon/.config"] 

13:42:19 GMT-0500 (Colombia Standard Time) [DEBUG]: Updating root paths for project .config: ["/home/devdragon/.config"] 

13:42:49 GMT-0500 (Colombia Standard Time) [DEBUG]: Updating root paths for project .config: ["/home/devdragon/.config"] 

13:43:19 GMT-0500 (Colombia Standard Time) [DEBUG]: Updating root paths for project .config: ["/home/devdragon/.config"] 

13:43:49 GMT-0500 (Colombia Standard Time) [DEBUG]: Updating root paths for project .config: ["/home/devdragon/.config"] 

13:44:19 GMT-0500 (Colombia Standard Time) [DEBUG]: Updating root paths for project .config: ["/home/devdragon/.config"] 

13:44:49 GMT-0500 (Colombia Standard Time) [DEBUG]: Updating root paths for project .config: ["/home/devdragon/.config"] 

13:45:19 GMT-0500 (Colombia Standard Time) [DEBUG]: Updating root paths for project .config: ["/home/devdragon/.config"] 

13:45:49 GMT-0500 (Colombia Standard Time) [DEBUG]: Updating root paths for project .config: ["/home/devdragon/.config"] 

13:46:19 GMT-0500 (Colombia Standard Time) [DEBUG]: Updating root paths for project .config: ["/home/devdragon/.config"] 

13:46:49 GMT-0500 (Colombia Standard Time) [DEBUG]: Updating root paths for project .config: ["/home/devdragon/.config"] 

13:47:19 GMT-0500 (Colombia Standard Time) [DEBUG]: Updating root paths for project .config: ["/home/devdragon/.config"] 

13:47:49 GMT-0500 (Colombia Standard Time) [DEBUG]: Updating root paths for project .config: ["/home/devdragon/.config"] 

13:48:19 GMT-0500 (Colombia Standard Time) [DEBUG]: Updating root paths for project .config: ["/home/devdragon/.config"] 

13:48:49 GMT-0500 (Colombia Standard Time) [DEBUG]: Updating root paths for project .config: ["/home/devdragon/.config"] 

13:49:19 GMT-0500 (Colombia Standard Time) [DEBUG]: Updating root paths for project .config: ["/home/devdragon/.config"] 

13:49:49 GMT-0500 (Colombia Standard Time) [DEBUG]: Updating root paths for project .config: ["/home/devdragon/.config"] 

13:50:19 GMT-0500 (Colombia Standard Time) [DEBUG]: Updating root paths for project .config: ["/home/devdragon/.config"] 

13:50:49 GMT-0500 (Colombia Standard Time) [DEBUG]: Updating root paths for project .config: ["/home/devdragon/.config"] 

13:51:19 GMT-0500 (Colombia Standard Time) [DEBUG]: Updating root paths for project .config: ["/home/devdragon/.config"] 

13:51:49 GMT-0500 (Colombia Standard Time) [DEBUG]: Updating root paths for project .config: ["/home/devdragon/.config"] 

13:52:19 GMT-0500 (Colombia Standard Time) [DEBUG]: Updating root paths for project .config: ["/home/devdragon/.config"] 

13:52:49 GMT-0500 (Colombia Standard Time) [DEBUG]: Updating root paths for project .config: ["/home/devdragon/.config"] 

13:53:19 GMT-0500 (Colombia Standard Time) [DEBUG]: Updating root paths for project .config: ["/home/devdragon/.config"] 

13:53:49 GMT-0500 (Colombia Standard Time) [DEBUG]: Updating root paths for project .config: ["/home/devdragon/.config"] 

13:54:19 GMT-0500 (Colombia Standard Time) [DEBUG]: Updating root paths for project .config: ["/home/devdragon/.config"] 

13:54:49 GMT-0500 (Colombia Standard Time) [DEBUG]: Updating root paths for project .config: ["/home/devdragon/.config"] 

13:55:19 GMT-0500 (Colombia Standard Time) [DEBUG]: Updating root paths for project .config: ["/home/devdragon/.config"] 

13:55:49 GMT-0500 (Colombia Standard Time) [DEBUG]: Updating root paths for project .config: ["/home/devdragon/.config"] 

13:56:19 GMT-0500 (Colombia Standard Time) [DEBUG]: Updating root paths for project .config: ["/home/devdragon/.config"] 

13:56:49 GMT-0500 (Colombia Standard Time) [DEBUG]: Updating root paths for project .config: ["/home/devdragon/.config"] 

13:57:19 GMT-0500 (Colombia Standard Time) [DEBUG]: Updating root paths for project .config: ["/home/devdragon/.config"] 

13:57:49 GMT-0500 (Colombia Standard Time) [DEBUG]: Updating root paths for project .config: ["/home/devdragon/.config"] 

13:58:19 GMT-0500 (Colombia Standard Time) [DEBUG]: Updating root paths for project .config: ["/home/devdragon/.config"] 

13:58:49 GMT-0500 (Colombia Standard Time) [DEBUG]: Updating root paths for project .config: ["/home/devdragon/.config"] 

13:59:19 GMT-0500 (Colombia Standard Time) [DEBUG]: Updating root paths for project .config: ["/home/devdragon/.config"] 

13:59:49 GMT-0500 (Colombia Standard Time) [DEBUG]: Updating root paths for project .config: ["/home/devdragon/.config"] 

14:00:19 GMT-0500 (Colombia Standard Time) [DEBUG]: Updating root paths for project .config: ["/home/devdragon/.config"] 

14:00:49 GMT-0500 (Colombia Standard Time) [DEBUG]: Updating root paths for project .config: ["/home/devdragon/.config"] 

14:01:19 GMT-0500 (Colombia Standard Time) [DEBUG]: Updating root paths for project .config: ["/home/devdragon/.config"] 

14:01:49 GMT-0500 (Colombia Standard Time) [DEBUG]: Updating root paths for project .config: ["/home/devdragon/.config"] 

14:02:19 GMT-0500 (Colombia Standard Time) [DEBUG]: Updating root paths for project .config: ["/home/devdragon/.config"] 

14:02:49 GMT-0500 (Colombia Standard Time) [DEBUG]: Updating root paths for project .config: ["/home/devdragon/.config"] 

14:03:19 GMT-0500 (Colombia Standard Time) [DEBUG]: Updating root paths for project .config: ["/home/devdragon/.config"] 

14:03:49 GMT-0500 (Colombia Standard Time) [DEBUG]: Updating root paths for project .config: ["/home/devdragon/.config"] 

14:04:19 GMT-0500 (Colombia Standard Time) [DEBUG]: Updating root paths for project .config: ["/home/devdragon/.config"] 

14:04:49 GMT-0500 (Colombia Standard Time) [DEBUG]: Updating root paths for project .config: ["/home/devdragon/.config"] 

14:05:19 GMT-0500 (Colombia Standard Time) [DEBUG]: Updating root paths for project .config: ["/home/devdragon/.config"] 

14:05:49 GMT-0500 (Colombia Standard Time) [DEBUG]: Updating root paths for project .config: ["/home/devdragon/.config"] 

14:06:19 GMT-0500 (Colombia Standard Time) [DEBUG]: Updating root paths for project .config: ["/home/devdragon/.config"] 

14:06:49 GMT-0500 (Colombia Standard Time) [DEBUG]: Updating root paths for project .config: ["/home/devdragon/.config"] 

14:07:19 GMT-0500 (Colombia Standard Time) [DEBUG]: Updating root paths for project .config: ["/home/devdragon/.config"] 

14:07:49 GMT-0500 (Colombia Standard Time) [DEBUG]: Updating root paths for project .config: ["/home/devdragon/.config"] 

14:08:19 GMT-0500 (Colombia Standard Time) [DEBUG]: Updating root paths for project .config: ["/home/devdragon/.config"] 

14:08:49 GMT-0500 (Colombia Standard Time) [DEBUG]: Updating root paths for project .config: ["/home/devdragon/.config"] 

14:09:19 GMT-0500 (Colombia Standard Time) [DEBUG]: Updating root paths for project .config: ["/home/devdragon/.config"] 

14:09:49 GMT-0500 (Colombia Standard Time) [DEBUG]: Updating root paths for project .config: ["/home/devdragon/.config"] 

14:10:19 GMT-0500 (Colombia Standard Time) [DEBUG]: Updating root paths for project .config: ["/home/devdragon/.config"] 

14:10:49 GMT-0500 (Colombia Standard Time) [DEBUG]: Updating root paths for project .config: ["/home/devdragon/.config"] 

14:11:19 GMT-0500 (Colombia Standard Time) [DEBUG]: Updating root paths for project .config: ["/home/devdragon/.config"] 

14:11:49 GMT-0500 (Colombia Standard Time) [DEBUG]: Updating root paths for project .config: ["/home/devdragon/.config"] 

14:12:19 GMT-0500 (Colombia Standard Time) [DEBUG]: Updating root paths for project .config: ["/home/devdragon/.config"] 

14:12:49 GMT-0500 (Colombia Standard Time) [DEBUG]: Updating root paths for project .config: ["/home/devdragon/.config"] 

14:13:19 GMT-0500 (Colombia Standard Time) [DEBUG]: Updating root paths for project .config: ["/home/devdragon/.config"] 

14:13:49 GMT-0500 (Colombia Standard Time) [DEBUG]: Updating root paths for project .config: ["/home/devdragon/.config"] 

14:14:19 GMT-0500 (Colombia Standard Time) [DEBUG]: Updating root paths for project .config: ["/home/devdragon/.config"] 

14:14:49 GMT-0500 (Colombia Standard Time) [DEBUG]: Updating root paths for project .config: ["/home/devdragon/.config"] 

14:15:19 GMT-0500 (Colombia Standard Time) [DEBUG]: Updating root paths for project .config: ["/home/devdragon/.config"] 

14:15:49 GMT-0500 (Colombia Standard Time) [DEBUG]: Updating root paths for project .config: ["/home/devdragon/.config"] 

14:16:19 GMT-0500 (Colombia Standard Time) [DEBUG]: Updating root paths for project .config: ["/home/devdragon/.config"] 

14:16:49 GMT-0500 (Colombia Standard Time) [DEBUG]: Updating root paths for project .config: ["/home/devdragon/.config"] 

14:17:19 GMT-0500 (Colombia Standard Time) [DEBUG]: Updating root paths for project .config: ["/home/devdragon/.config"] 

14:17:49 GMT-0500 (Colombia Standard Time) [DEBUG]: Updating root paths for project .config: ["/home/devdragon/.config"] 

14:18:19 GMT-0500 (Colombia Standard Time) [DEBUG]: Updating root paths for project .config: ["/home/devdragon/.config"] 

14:18:49 GMT-0500 (Colombia Standard Time) [DEBUG]: Updating root paths for project .config: ["/home/devdragon/.config"] 

14:19:08 GMT-0500 (Colombia Standard Time) [WARN]: assistant is closing 

