[1705514522184] INFO  (ext): SQLTools is starting
[1705514522185] INFO  (ext): initializing language client...
[1705514522186] INFO  (ext): Registering client for languages [{"scheme":"sqltools"},{"language":"sql","scheme":"untitled"},{"language":"sql","scheme":"file"},{"language":"sql","scheme":"sqltools"}]
    ns: "lc"
[1705514522188] INFO  (ext): loading plugins...
[1705514522188] INFO  (ext): registering Formatter Plugin.
    plugin: {
      "name": "Formatter Plugin"
    }
[1705514522188] INFO  (ext): registering Connection Manager Plugin.
    plugin: {
      "name": "Connection Manager Plugin"
    }
[1705514522189] INFO  (ext): registering CodeLens Plugin.
    plugin: {
      "name": "CodeLens Plugin",
      "registeredLanguages": []
    }
[1705514522190] INFO  (ext): registering Dependency Manager Plugin.
    plugin: {
      "name": "Dependency Manager Plugin",
      "installingDrivers": []
    }
[1705514522192] INFO  (ext): Connection explorer changed. Will be updated.
    ns: "conn-man:explorer"
[1705514522193] INFO  (ext): registering History Manager Plugin.
    plugin: {
      "name": "History Manager Plugin"
    }
[1705514522193] INFO  (ext): registering Bookmarks Manager Plugin.
    plugin: {
      "name": "Bookmarks Manager Plugin"
    }
[1705514522194] INFO  (ext): registering Authentication Provider Plugin.
    plugin: {
      "name": "Authentication Provider Plugin",
      "isRegistered": false
    }
[1705514522194] INFO  (ext): registering Object Drop-in Provider (plugin).
    plugin: {
      "type": "plugin",
      "name": "Object Drop-in Provider",
      "isRegistered": false
    }
[1705514522196] INFO  (ext): SQLTools activation completed. 11.657698 ms
[1705514522196] INFO  (ext): Formatter Plugin registered!
[1705514522196] INFO  (ext): CodeLens Plugin registered!
[1705514522196] INFO  (ext): Dependency Manager Plugin registered!
[1705514522196] INFO  (ext): Connection Manager Plugin registered!
[1705514522196] INFO  (ext): History Manager Plugin registered!
[1705514522196] INFO  (ext): Bookmarks Manager Plugin registered!
[1705514522196] INFO  (ext): Authentication Provider Plugin registered!
[1705514522196] INFO  (ext): Object Drop-in Provider (plugin) registered!
[1705514522655] INFO  (ext): Connection explorer changed. Will be updated.
    ns: "conn-man:explorer"
[1705514522794] INFO  (ls): SQLTools Server started!
===============================
Using node runtime?: no
ExecPath: /opt/visual-studio-code/code 
===============================
[1705514523098] INFO  (ext): LanguageClient ready
    ns: "lc"
[1705514523098] INFO  (ls): Initialized with node version:v18.15.0
[1705514523674] INFO  (ext): Connection explorer changed. Will be updated.
    ns: "conn-man:explorer"
[1705514523675] INFO  (ext): EXECUTING COMMAND => sqltools.refreshTree
[1705514523675] INFO  (ext): Connection explorer changed. Will be updated.
    ns: "conn-man:explorer"
[1705514524193] INFO  (ext): Connection explorer changed. Will be updated.
    ns: "conn-man:explorer"
[1705514528984] INFO  (ext): Connection explorer changed. Will be updated.
    ns: "conn-man:explorer"
[1705514530495] INFO  (ext): Connection explorer changed. Will be updated.
    ns: "conn-man:explorer"
[1705514530571] INFO  (ext): Connection explorer changed. Will be updated.
    ns: "conn-man:explorer"
[1705514533635] INFO  (ext): Connection explorer changed. Will be updated.
    ns: "conn-man:explorer"
[1705514535256] INFO  (ext): Connection explorer changed. Will be updated.
    ns: "conn-man:explorer"
