2024-01-17 12:58:09.357 [info] El experimento \"pythonaa\" está activo
2024-01-17 12:58:09.357 [info] El experimento \"pythonRecommendTensorboardExtcf\" está activo
2024-01-17 12:58:09.357 [info] El experimento \"pythonREPLSmartSend\" está activo
2024-01-17 12:58:09.357 [info] El experimento \"pythonSurveyNotificationcf\" está activo
2024-01-17 12:58:09.357 [info] El experimento \"pythonTerminalEnvVarActivationcf\" está activo
2024-01-17 12:58:09.357 [info] El experimento \"pythonTestAdapter\" está activo
2024-01-17 12:58:09.357 [info] Default formatter is set to null for workspace /home/devdragon/.config
2024-01-17 12:58:09.357 [info] Test server listening.
2024-01-17 12:58:09.357 [info] Ruta de acceso del intérprete de Python: /bin/python
2024-01-17 12:58:09.785 [warning] Retry failed, storage update failed for key PYTHON_WORKSPACE_STORAGE_KEYS
2024-01-17 12:58:09.785 [warning] Retry failed, storage update failed for key PYTHON_WORKSPACE_STORAGE_KEYS
2024-01-17 12:58:09.785 [warning] Retry failed, storage update failed for key PYTHON_WORKSPACE_STORAGE_KEYS
2024-01-17 12:58:09.785 [warning] Retry failed, storage update failed for key PYTHON_GLOBAL_STORAGE_KEYS
2024-01-17 12:58:09.993 [info] > /bin/python -I ~/.vscode/extensions/ms-python.python-2023.22.1/pythonFiles/get_output_via_markers.py ~/.vscode/extensions/ms-python.python-2023.22.1/pythonFiles/interpreterInfo.py
2024-01-17 12:58:10.049 [info] > ./ttyper/language/python -I ~/.vscode/extensions/ms-python.python-2023.22.1/pythonFiles/get_output_via_markers.py ~/.vscode/extensions/ms-python.python-2023.22.1/pythonFiles/interpreterInfo.py
2024-01-17 12:58:10.056 [error] Error: Command failed: /home/devdragon/.config/ttyper/language/python -I /home/devdragon/.vscode/extensions/ms-python.python-2023.22.1/pythonFiles/get_output_via_markers.py /home/devdragon/.vscode/extensions/ms-python.python-2023.22.1/pythonFiles/interpreterInfo.py
/bin/sh: line 1: /home/devdragon/.config/ttyper/language/python: Permission denied

    at ChildProcess.exithandler (node:child_process:431:12)
    at ChildProcess.emit (node:events:525:35)
    at ChildProcess.emit (node:domain:489:12)
    at maybeClose (node:internal/child_process:1091:16)
    at Socket.<anonymous> (node:internal/child_process:449:11)
    at Socket.emit (node:events:513:28)
    at Socket.emit (node:domain:489:12)
    at Pipe.<anonymous> (node:net:322:12) {
  code: 126,
  killed: false,
  signal: null,
  cmd: '/home/devdragon/.config/ttyper/language/python -I /home/devdragon/.vscode/extensions/ms-python.python-2023.22.1/pythonFiles/get_output_via_markers.py /home/devdragon/.vscode/extensions/ms-python.python-2023.22.1/pythonFiles/interpreterInfo.py'
}
2024-01-17 12:58:12.085 [info] > ./ttyper/language/python -I ~/.vscode/extensions/ms-python.python-2023.22.1/pythonFiles/get_output_via_markers.py ~/.vscode/extensions/ms-python.python-2023.22.1/pythonFiles/interpreterInfo.py
2024-01-17 12:58:12.090 [error] Error: Command failed: /home/devdragon/.config/ttyper/language/python -I /home/devdragon/.vscode/extensions/ms-python.python-2023.22.1/pythonFiles/get_output_via_markers.py /home/devdragon/.vscode/extensions/ms-python.python-2023.22.1/pythonFiles/interpreterInfo.py
/bin/sh: line 1: /home/devdragon/.config/ttyper/language/python: Permission denied

    at ChildProcess.exithandler (node:child_process:431:12)
    at ChildProcess.emit (node:events:525:35)
    at ChildProcess.emit (node:domain:489:12)
    at maybeClose (node:internal/child_process:1091:16)
    at Socket.<anonymous> (node:internal/child_process:449:11)
    at Socket.emit (node:events:513:28)
    at Socket.emit (node:domain:489:12)
    at Pipe.<anonymous> (node:net:322:12) {
  code: 126,
  killed: false,
  signal: null,
  cmd: '/home/devdragon/.config/ttyper/language/python -I /home/devdragon/.vscode/extensions/ms-python.python-2023.22.1/pythonFiles/get_output_via_markers.py /home/devdragon/.vscode/extensions/ms-python.python-2023.22.1/pythonFiles/interpreterInfo.py'
}
2024-01-17 12:58:15.765 [info] Iniciando el servidor de lenguaje Pylance.
