2024-01-17 12:49:13.675 [info] Using settings sync service https://vscode-sync.trafficmanager.net/
2024-01-17 12:49:13.675 [info] Auto Sync is enabled.
2024-01-17 12:49:13.675 [info] Auto Sync: Suspended until auth token is available.
2024-01-17 12:49:19.574 [info] Deleting non existing profile from backup /home/devdragon/.config/Code/User/sync/extensions
2024-01-17 12:49:20.969 [info] Deleting non existing profile from backup /home/devdragon/.config/Code/User/sync/globalState
2024-01-17 12:49:22.688 [info] Deleting non existing profile from backup /home/devdragon/.config/Code/User/sync/keybindings
2024-01-17 12:49:24.170 [info] Deleting non existing profile from backup /home/devdragon/.config/Code/User/sync/profiles
2024-01-17 12:49:24.691 [info] Deleting non existing profile from backup /home/devdragon/.config/Code/User/sync/settings
2024-01-17 12:49:24.979 [info] Deleting non existing profile from backup /home/devdragon/.config/Code/User/sync/snippets
2024-01-17 12:49:25.286 [info] Deleting non existing profile from backup /home/devdragon/.config/Code/User/sync/tasks
2024-01-17 12:49:28.935 [info] Auto Sync: Triggered by Interval
2024-01-17 12:49:28.935 [info] Sync started.
2024-01-17 12:49:29.870 [info] Settings: Last sync resource does not exist locally.
2024-01-17 12:49:31.647 [info] Settings: Updated remote settings
2024-01-17 12:49:31.796 [info] Extensions: Last sync resource does not exist locally.
2024-01-17 12:49:32.660 [info] Settings: Updated last synchronized settings
2024-01-17 12:49:32.667 [info] Keybindings: Last sync resource does not exist locally.
2024-01-17 12:49:33.398 [info] Keybindings: No changes found during synchronizing keybindings.
2024-01-17 12:49:33.402 [info] Snippets: Last sync resource does not exist locally.
2024-01-17 12:49:33.870 [info] Snippets: No changes found during synchronizing snippets.
2024-01-17 12:49:33.873 [info] Tasks: Last sync resource does not exist locally.
2024-01-17 12:49:34.315 [info] Tasks: No changes found during synchronizing tasks.
2024-01-17 12:49:34.317 [info] GlobalState: Last sync resource does not exist locally.
2024-01-17 12:49:34.866 [info] GlobalState: No changes found during synchronizing ui state.
2024-01-17 12:49:35.030 [info] Extensions: No changes found during synchronizing extensions.
2024-01-17 12:49:35.038 [info] Profiles: Last sync resource does not exist locally.
2024-01-17 12:49:35.655 [info] Profiles: No changes found during synchronizing profiles.
2024-01-17 12:49:35.658 [info] Sync done. Took 6723ms
2024-01-17 12:49:40.083 [info] Auto Sync: Triggered by Activity
2024-01-17 12:49:40.083 [info] Sync started.
2024-01-17 12:49:40.242 [info] Settings: No changes found during synchronizing settings.
2024-01-17 12:49:40.269 [info] Keybindings: No changes found during synchronizing keybindings.
2024-01-17 12:49:40.276 [info] Snippets: No changes found during synchronizing snippets.
2024-01-17 12:49:40.284 [info] Tasks: No changes found during synchronizing tasks.
2024-01-17 12:49:40.299 [info] GlobalState: No changes found during synchronizing ui state.
2024-01-17 12:49:40.973 [info] Extensions: Updated remote extensions. Updated: ["wallabyjs.console-ninja"].
2024-01-17 12:49:41.349 [info] Extensions: Updated last synchronized extensions.
2024-01-17 12:49:41.359 [info] Profiles: No changes found during synchronizing profiles.
2024-01-17 12:49:41.360 [info] Sync done. Took 1275ms
2024-01-17 12:50:02.035 [info] Auto Sync: Triggered by Activity
2024-01-17 12:50:02.036 [info] Sync started.
2024-01-17 12:50:02.210 [info] Settings: No changes found during synchronizing settings.
2024-01-17 12:50:02.234 [info] Keybindings: No changes found during synchronizing keybindings.
2024-01-17 12:50:02.239 [info] Snippets: No changes found during synchronizing snippets.
2024-01-17 12:50:02.244 [info] Tasks: No changes found during synchronizing tasks.
2024-01-17 12:50:02.252 [info] GlobalState: No changes found during synchronizing ui state.
2024-01-17 12:50:02.460 [info] Extensions: No changes found during synchronizing extensions.
2024-01-17 12:50:02.470 [info] Profiles: No changes found during synchronizing profiles.
2024-01-17 12:50:02.472 [info] Sync done. Took 439ms
2024-01-17 12:50:11.289 [info] Auto Sync: Triggered by Activity
2024-01-17 12:50:11.289 [info] Sync started.
2024-01-17 12:50:11.409 [info] Settings: No changes found during synchronizing settings.
2024-01-17 12:50:11.422 [info] Keybindings: No changes found during synchronizing keybindings.
2024-01-17 12:50:11.425 [info] Snippets: No changes found during synchronizing snippets.
2024-01-17 12:50:11.429 [info] Tasks: No changes found during synchronizing tasks.
2024-01-17 12:50:11.435 [info] GlobalState: No changes found during synchronizing ui state.
2024-01-17 12:50:11.762 [info] Extensions: No changes found during synchronizing extensions.
2024-01-17 12:50:11.773 [info] Profiles: No changes found during synchronizing profiles.
2024-01-17 12:50:11.776 [info] Sync done. Took 486ms
2024-01-17 12:50:14.716 [info] Auto Sync: Triggered by Activity
2024-01-17 12:50:14.718 [info] Sync started.
2024-01-17 12:50:15.395 [info] Settings: Updated remote settings
2024-01-17 12:50:15.697 [info] Settings: Updated last synchronized settings
2024-01-17 12:50:16.304 [info] Keybindings: No changes found during synchronizing keybindings.
2024-01-17 12:50:16.316 [info] Snippets: No changes found during synchronizing snippets.
2024-01-17 12:50:16.333 [info] Tasks: No changes found during synchronizing tasks.
2024-01-17 12:50:16.341 [info] GlobalState: No changes found during synchronizing ui state.
2024-01-17 12:50:16.943 [info] Extensions: No changes found during synchronizing extensions.
2024-01-17 12:50:16.948 [info] Profiles: No changes found during synchronizing profiles.
2024-01-17 12:50:16.951 [info] Sync done. Took 2234ms
2024-01-17 12:51:19.962 [info] Auto Sync: Triggered by Activity
2024-01-17 12:51:19.962 [info] Sync started.
2024-01-17 12:51:20.109 [info] Settings: No changes found during synchronizing settings.
2024-01-17 12:51:20.135 [info] Keybindings: No changes found during synchronizing keybindings.
2024-01-17 12:51:20.142 [info] Snippets: No changes found during synchronizing snippets.
2024-01-17 12:51:20.148 [info] Tasks: No changes found during synchronizing tasks.
2024-01-17 12:51:20.155 [info] GlobalState: No changes found during synchronizing ui state.
2024-01-17 12:51:20.418 [info] Extensions: No changes found during synchronizing extensions.
2024-01-17 12:51:20.423 [info] Profiles: No changes found during synchronizing profiles.
2024-01-17 12:51:20.428 [info] Sync done. Took 467ms
2024-01-17 12:52:32.776 [info] Auto Sync: Triggered by Activity
2024-01-17 12:52:32.777 [info] Sync started.
2024-01-17 12:52:33.010 [info] Settings: No changes found during synchronizing settings.
2024-01-17 12:52:33.018 [info] Keybindings: No changes found during synchronizing keybindings.
2024-01-17 12:52:33.022 [info] Snippets: No changes found during synchronizing snippets.
2024-01-17 12:52:33.025 [info] Tasks: No changes found during synchronizing tasks.
2024-01-17 12:52:33.032 [info] GlobalState: No changes found during synchronizing ui state.
2024-01-17 12:52:33.236 [info] Extensions: No changes found during synchronizing extensions.
2024-01-17 12:52:33.239 [info] Profiles: No changes found during synchronizing profiles.
2024-01-17 12:52:33.243 [info] Sync done. Took 467ms
2024-01-17 12:55:16.511 [info] Auto Sync: Triggered by Activity
2024-01-17 12:55:16.512 [info] Sync started.
2024-01-17 12:55:17.234 [info] Settings: No changes found during synchronizing settings.
2024-01-17 12:55:17.258 [info] Keybindings: No changes found during synchronizing keybindings.
2024-01-17 12:55:17.269 [info] Snippets: No changes found during synchronizing snippets.
2024-01-17 12:55:17.278 [info] Tasks: No changes found during synchronizing tasks.
2024-01-17 12:55:17.288 [info] GlobalState: No changes found during synchronizing ui state.
2024-01-17 12:55:17.526 [info] Extensions: No changes found during synchronizing extensions.
2024-01-17 12:55:17.530 [info] Profiles: No changes found during synchronizing profiles.
2024-01-17 12:55:17.532 [info] Sync done. Took 1021ms
2024-01-17 12:57:21.454 [info] Auto Sync: Triggered by Activity
2024-01-17 12:57:21.454 [info] Sync started.
2024-01-17 12:57:21.609 [info] Settings: No changes found during synchronizing settings.
2024-01-17 12:57:21.619 [info] Keybindings: No changes found during synchronizing keybindings.
2024-01-17 12:57:21.624 [info] Snippets: No changes found during synchronizing snippets.
2024-01-17 12:57:21.627 [info] Tasks: No changes found during synchronizing tasks.
2024-01-17 12:57:21.633 [info] GlobalState: No changes found during synchronizing ui state.
2024-01-17 12:57:21.828 [info] Extensions: No changes found during synchronizing extensions.
2024-01-17 12:57:21.833 [info] Profiles: No changes found during synchronizing profiles.
2024-01-17 12:57:21.837 [info] Sync done. Took 383ms
