2024-01-15 15:59:23.602 [info] Nivel de registro: Info
2024-01-15 15:59:23.602 [info] La validación encontró GIT en: “git“
2024-01-15 15:59:23.602 [info] Usando GIT “2.43.0” desde “git”
2024-01-15 15:59:23.602 [info] > git rev-parse --show-toplevel [98ms]
2024-01-15 15:59:23.602 [info] > git rev-parse --git-dir --git-common-dir [55ms]
2024-01-15 15:59:23.602 [info] Open repository: /home/devdragon/workspace/python/FastApliLearn
2024-01-15 15:59:23.732 [info] > git rev-parse --show-toplevel [65ms]
2024-01-15 15:59:23.736 [info] > git config --get commit.template [93ms]
2024-01-15 15:59:24.354 [info] > git rev-parse --show-toplevel [576ms]
2024-01-15 15:59:24.464 [info] > git for-each-ref --format=%(refname)%00%(upstream:short)%00%(objectname)%00%(upstream:track)%00%(upstream:remotename)%00%(upstream:remoteref) refs/heads/main refs/remotes/main [658ms]
2024-01-15 15:59:24.465 [info] > git fetch [904ms]
2024-01-15 15:59:24.465 [info] fatal: unable to access 'https://github.com/DevJhojan/my_fits_project_with_python_and_fastapi.git/': Could not resolve host: github.com
2024-01-15 15:59:24.544 [info] > git check-ignore -v -z --stdin [162ms]
2024-01-15 15:59:24.556 [info] > git rev-parse --show-toplevel [95ms]
2024-01-15 15:59:24.649 [info] > git config --get commit.template [105ms]
2024-01-15 15:59:24.690 [info] > git rev-parse --show-toplevel [45ms]
2024-01-15 15:59:24.796 [info] > git rev-parse --show-toplevel [45ms]
2024-01-15 15:59:24.798 [info] > git for-each-ref --format=%(refname)%00%(upstream:short)%00%(objectname)%00%(upstream:track)%00%(upstream:remotename)%00%(upstream:remoteref) refs/heads/main refs/remotes/main [75ms]
2024-01-15 15:59:24.902 [info] > git config --get commit.template [107ms]
2024-01-15 15:59:24.961 [info] > git rev-parse --show-toplevel [62ms]
2024-01-15 15:59:25.061 [info] > git rev-parse --show-toplevel [49ms]
2024-01-15 15:59:25.061 [info] > git for-each-ref --format=%(refname)%00%(upstream:short)%00%(objectname)%00%(upstream:track)%00%(upstream:remotename)%00%(upstream:remoteref) refs/heads/main refs/remotes/main [73ms]
2024-01-15 15:59:25.113 [info] > git rev-parse --show-toplevel [28ms]
2024-01-15 15:59:25.509 [info] > git status -z -uall [2ms]
2024-01-15 15:59:25.509 [info] > git rev-parse --show-toplevel [367ms]
2024-01-15 15:59:25.594 [info] > git ls-files --stage -- /home/devdragon/workspace/python/FastApliLearn/users/user_db.py [32ms]
2024-01-15 15:59:25.671 [info] > git show --textconv :users/user_db.py [133ms]
2024-01-15 15:59:25.856 [info] > git cat-file -s 37a6aae0b7079758e4b3d3db6d6e0d3899efb1e6 [215ms]
2024-01-15 15:59:25.872 [info] > git config --local branch.main.github-pr-owner-number [42ms]
2024-01-15 15:59:30.316 [info] > git check-ignore -v -z --stdin [2ms]
2024-01-15 15:59:57.982 [info] > git merge-base refs/heads/main refs/remotes/origin/main [12ms]
2024-01-15 15:59:58.030 [info] > git rev-list --count --left-right refs/heads/main...refs/remotes/origin/main [17ms]
2024-01-15 15:59:59.801 [info] > git show --textconv HEAD:users/user_db.py [23ms]
2024-01-15 15:59:59.804 [info] > git ls-tree -l HEAD -- /home/devdragon/workspace/python/FastApliLearn/users/user_db.py [3ms]
2024-01-15 16:00:02.291 [info] > git config --get commit.template [1ms]
2024-01-15 16:00:02.313 [info] > git for-each-ref --format=%(refname)%00%(upstream:short)%00%(objectname)%00%(upstream:track)%00%(upstream:remotename)%00%(upstream:remoteref) refs/heads/main refs/remotes/main [1ms]
2024-01-15 16:00:02.337 [info] > git status -z -uall [2ms]
2024-01-15 16:00:02.751 [info] > git add -A -- /home/devdragon/workspace/python/FastApliLearn/users/user_db.py [3ms]
2024-01-15 16:00:02.791 [info] > git for-each-ref --format=%(refname)%00%(upstream:short)%00%(objectname)%00%(upstream:track)%00%(upstream:remotename)%00%(upstream:remoteref) refs/heads/main refs/remotes/main [3ms]
2024-01-15 16:00:02.792 [info] > git config --get commit.template [21ms]
2024-01-15 16:00:02.813 [info] > git status -z -uall [2ms]
2024-01-15 16:00:03.998 [info] > git ls-files --stage -- /home/devdragon/workspace/python/FastApliLearn/users/user_db.py [1ms]
2024-01-15 16:00:04.022 [info] > git cat-file -s 2535965e40b2fbf2bbbd4b4ac041f3c2f5e4b948 [2ms]
2024-01-15 16:00:04.043 [info] > git show --textconv :users/user_db.py [1ms]
2024-01-15 16:00:07.397 [info] > git config --get commit.template [22ms]
2024-01-15 16:00:07.400 [info] > git for-each-ref --format=%(refname)%00%(upstream:short)%00%(objectname)%00%(upstream:track)%00%(upstream:remotename)%00%(upstream:remoteref) refs/heads/main refs/remotes/main [4ms]
2024-01-15 16:00:07.424 [info] > git status -z -uall [2ms]
2024-01-15 16:00:15.226 [info] > git -c user.useConfigOnly=true commit --quiet --allow-empty-message --file - [366ms]
2024-01-15 16:00:15.247 [info] > git config --get commit.template [2ms]
2024-01-15 16:00:15.287 [info] > git config --get commit.template [1ms]
2024-01-15 16:00:15.311 [info] > git for-each-ref --format=%(refname)%00%(upstream:short)%00%(objectname)%00%(upstream:track)%00%(upstream:remotename)%00%(upstream:remoteref) refs/heads/main refs/remotes/main [2ms]
2024-01-15 16:00:15.337 [info] > git status -z -uall [2ms]
2024-01-15 16:00:15.445 [info] > git config --get commit.template [1ms]
2024-01-15 16:00:15.445 [info] > git merge-base refs/heads/main refs/remotes/origin/main [30ms]
2024-01-15 16:00:15.500 [info] > git rev-list --count --left-right refs/heads/main...refs/remotes/origin/main [25ms]
2024-01-15 16:00:15.503 [info] > git for-each-ref --format=%(refname)%00%(upstream:short)%00%(objectname)%00%(upstream:track)%00%(upstream:remotename)%00%(upstream:remoteref) refs/heads/main refs/remotes/main [4ms]
2024-01-15 16:00:15.531 [info] > git status -z -uall [2ms]
2024-01-15 16:00:16.504 [info] > git ls-tree -l HEAD -- /home/devdragon/workspace/python/FastApliLearn/users/user_db.py [1ms]
2024-01-15 16:00:16.529 [info] > git show --textconv HEAD:users/user_db.py [1ms]
2024-01-15 16:00:17.393 [info] > git log --oneline --cherry main...main@{upstream} -- [3ms]
2024-01-15 16:00:17.480 [info] > git pull --tags origin main [68ms]
2024-01-15 16:00:17.480 [info] fatal: unable to access 'https://github.com/DevJhojan/my_fits_project_with_python_and_fastapi.git/': Could not resolve host: github.com
2024-01-15 16:00:17.508 [info] > git config --get commit.template [0ms]
2024-01-15 16:00:17.533 [info] > git for-each-ref --format=%(refname)%00%(upstream:short)%00%(objectname)%00%(upstream:track)%00%(upstream:remotename)%00%(upstream:remoteref) refs/heads/main refs/remotes/main [1ms]
2024-01-15 16:00:17.561 [info] > git status -z -uall [8ms]
2024-01-15 16:00:17.614 [info] > git config --get commit.template [3ms]
2024-01-15 16:00:17.636 [info] > git for-each-ref --format=%(refname)%00%(upstream:short)%00%(objectname)%00%(upstream:track)%00%(upstream:remotename)%00%(upstream:remoteref) refs/heads/main refs/remotes/main [3ms]
2024-01-15 16:00:17.661 [info] > git status -z -uall [1ms]
2024-01-15 16:00:22.756 [info] > git ls-tree -l HEAD -- /home/devdragon/workspace/python/FastApliLearn/users/user_db.py [3ms]
2024-01-15 16:00:22.850 [info] > git ls-tree -l HEAD -- /home/devdragon/workspace/python/FastApliLearn/users/user_db.py [19ms]
2024-01-15 16:00:22.877 [info] > git show --textconv HEAD:users/user_db.py [27ms]
2024-01-15 16:00:22.908 [info] > git show --textconv HEAD:users/user_db.py [8ms]
2024-01-15 16:00:23.832 [info] > git config --get commit.template [2ms]
2024-01-15 16:00:23.860 [info] > git for-each-ref --format=%(refname)%00%(upstream:short)%00%(objectname)%00%(upstream:track)%00%(upstream:remotename)%00%(upstream:remoteref) refs/heads/main refs/remotes/main [4ms]
2024-01-15 16:00:23.907 [info] > git status -z -uall [12ms]
2024-01-15 16:00:29.055 [info] > git log --oneline --cherry main...main@{upstream} -- [2ms]
2024-01-15 16:00:30.289 [info] > git ls-tree -l HEAD -- /home/devdragon/workspace/python/FastApliLearn/users/user_db.py [2ms]
2024-01-15 16:00:30.317 [info] > git show --textconv HEAD:users/user_db.py [3ms]
2024-01-15 16:00:30.399 [info] > git pull --tags origin main [1321ms]
2024-01-15 16:00:30.400 [info] From https://github.com/DevJhojan/my_fits_project_with_python_and_fastapi
 * branch            main       -> FETCH_HEAD
2024-01-15 16:00:31.581 [info] > git ls-tree -l HEAD -- /home/devdragon/workspace/python/FastApliLearn/users/user_db.py [1ms]
2024-01-15 16:00:31.605 [info] > git show --textconv HEAD:users/user_db.py [3ms]
2024-01-15 16:00:32.031 [info] > git push origin main:main [1609ms]
2024-01-15 16:00:32.031 [info] To https://github.com/DevJhojan/my_fits_project_with_python_and_fastapi.git
   d6ce80e..923299f  main -> main
2024-01-15 16:00:32.055 [info] > git config --get commit.template [2ms]
2024-01-15 16:00:32.084 [info] > git for-each-ref --format=%(refname)%00%(upstream:short)%00%(objectname)%00%(upstream:track)%00%(upstream:remotename)%00%(upstream:remoteref) refs/heads/main refs/remotes/main [4ms]
2024-01-15 16:00:32.145 [info] > git status -z -uall [29ms]
2024-01-15 16:00:32.300 [info] > git merge-base refs/heads/main refs/remotes/origin/main [26ms]
2024-01-15 16:00:32.329 [info] > git rev-list --count --left-right refs/heads/main...refs/remotes/origin/main [4ms]
2024-01-15 16:00:33.303 [info] > git config --get commit.template [3ms]
2024-01-15 16:00:33.330 [info] > git for-each-ref --format=%(refname)%00%(upstream:short)%00%(objectname)%00%(upstream:track)%00%(upstream:remotename)%00%(upstream:remoteref) refs/heads/main refs/remotes/main [3ms]
2024-01-15 16:00:33.362 [info] > git status -z -uall [3ms]
2024-01-15 16:00:33.433 [info] > git ls-tree -l HEAD -- /home/devdragon/workspace/python/FastApliLearn/users/user_db.py [1ms]
2024-01-15 16:00:33.467 [info] > git show --textconv HEAD:users/user_db.py [3ms]
2024-01-15 16:00:38.418 [info] > git config --get commit.template [22ms]
2024-01-15 16:00:38.418 [info] > git for-each-ref --format=%(refname)%00%(upstream:short)%00%(objectname)%00%(upstream:track)%00%(upstream:remotename)%00%(upstream:remoteref) refs/heads/main refs/remotes/main [1ms]
2024-01-15 16:00:38.444 [info] > git status -z -uall [4ms]
2024-01-15 16:00:41.804 [info] > git ls-tree -l HEAD -- /home/devdragon/workspace/python/FastApliLearn/users/user_db.py [1ms]
2024-01-15 16:01:25.540 [info] > git config --local branch.main.github-pr-owner-number [1ms]
2024-01-15 16:01:26.122 [info] > git config --local branch.main.github-pr-owner-number [1ms]
2024-01-15 16:01:26.742 [info] > git config --local branch.main.github-pr-owner-number [1ms]
2024-01-15 16:01:47.559 [info] > git show --textconv :users/user_db.py [28ms]
2024-01-15 16:01:47.559 [info] > git ls-files --stage -- /home/devdragon/workspace/python/FastApliLearn/users/user_db.py [9ms]
2024-01-15 16:01:47.589 [info] > git cat-file -s 2535965e40b2fbf2bbbd4b4ac041f3c2f5e4b948 [5ms]
2024-01-15 16:01:49.403 [info] > git ls-files --stage -- /home/devdragon/workspace/python/FastApliLearn/conect_data_base/schemas/user.py [4ms]
2024-01-15 16:01:49.452 [info] > git show --textconv :conect_data_base/schemas/user.py [71ms]
2024-01-15 16:01:49.452 [info] > git cat-file -s 3b4eaf3bdb94f47c8786690ecbb68bd5ceaf0a01 [27ms]
2024-01-15 16:01:50.588 [info] > git config --get commit.template [3ms]
2024-01-15 16:01:50.608 [info] > git for-each-ref --format=%(refname)%00%(upstream:short)%00%(objectname)%00%(upstream:track)%00%(upstream:remotename)%00%(upstream:remoteref) refs/heads/main refs/remotes/main [2ms]
2024-01-15 16:01:50.632 [info] > git status -z -uall [4ms]
2024-01-15 16:01:51.415 [info] > git ls-files --stage -- /home/devdragon/workspace/python/FastApliLearn/conect_data_base/client.py [2ms]
2024-01-15 16:01:51.445 [info] > git show --textconv :conect_data_base/client.py [50ms]
2024-01-15 16:01:51.445 [info] > git cat-file -s bd906053507b41ed77cdc13fe0eac944bcdfc3e2 [7ms]
2024-01-15 16:01:52.934 [info] > git show --textconv :conect_data_base/models/user.py [43ms]
2024-01-15 16:01:52.935 [info] > git ls-files --stage -- /home/devdragon/workspace/python/FastApliLearn/conect_data_base/models/user.py [4ms]
2024-01-15 16:01:52.990 [info] > git cat-file -s b04ba24a6f54ce41c72d937a596d2232f2a47473 [28ms]
2024-01-15 16:01:55.664 [info] > git config --get commit.template [1ms]
2024-01-15 16:01:55.690 [info] > git for-each-ref --format=%(refname)%00%(upstream:short)%00%(objectname)%00%(upstream:track)%00%(upstream:remotename)%00%(upstream:remoteref) refs/heads/main refs/remotes/main [4ms]
2024-01-15 16:01:55.719 [info] > git status -z -uall [3ms]
2024-01-15 16:02:00.754 [info] > git config --get commit.template [1ms]
2024-01-15 16:02:00.785 [info] > git for-each-ref --format=%(refname)%00%(upstream:short)%00%(objectname)%00%(upstream:track)%00%(upstream:remotename)%00%(upstream:remoteref) refs/heads/main refs/remotes/main [3ms]
2024-01-15 16:02:00.807 [info] > git status -z -uall [2ms]
2024-01-15 16:02:14.588 [info] Nivel de registro: Info
2024-01-15 16:02:14.588 [info] La validación encontró GIT en: “git“
2024-01-15 16:02:14.588 [info] Usando GIT “2.43.0” desde “git”
2024-01-15 16:02:14.588 [info] > git rev-parse --show-toplevel [78ms]
2024-01-15 16:02:17.071 [info] > git rev-parse --git-dir --git-common-dir [926ms]
2024-01-15 16:02:17.109 [info] Open repository: /home/devdragon/workspace/python/FastApliLearn
2024-01-15 16:02:17.460 [info] > git rev-parse --show-toplevel [77ms]
2024-01-15 16:02:17.461 [info] > git config --get commit.template [100ms]
2024-01-15 16:02:17.567 [info] > git rev-parse --show-toplevel [33ms]
2024-01-15 16:02:17.593 [info] > git for-each-ref --format=%(refname)%00%(upstream:short)%00%(objectname)%00%(upstream:track)%00%(upstream:remotename)%00%(upstream:remoteref) refs/heads/main refs/remotes/main [29ms]
2024-01-15 16:02:17.594 [info] > git fetch [486ms]
2024-01-15 16:02:17.647 [info] > git rev-parse --show-toplevel [54ms]
2024-01-15 16:02:17.680 [info] > git config --get commit.template [35ms]
2024-01-15 16:02:17.693 [info] > git rev-parse --show-toplevel [17ms]
2024-01-15 16:02:17.855 [info] > git rev-parse --show-toplevel [86ms]
2024-01-15 16:02:17.855 [info] > git for-each-ref --format=%(refname)%00%(upstream:short)%00%(objectname)%00%(upstream:track)%00%(upstream:remotename)%00%(upstream:remoteref) refs/heads/main refs/remotes/main [109ms]
2024-01-15 16:02:17.878 [info] > git config --get commit.template [29ms]
2024-01-15 16:02:17.883 [info] > git rev-parse --show-toplevel [6ms]
2024-01-15 16:02:17.992 [info] > git rev-parse --show-toplevel [71ms]
2024-01-15 16:02:17.992 [info] > git for-each-ref --format=%(refname)%00%(upstream:short)%00%(objectname)%00%(upstream:track)%00%(upstream:remotename)%00%(upstream:remoteref) refs/heads/main refs/remotes/main [91ms]
2024-01-15 16:02:18.068 [info] > git rev-parse --show-toplevel [10ms]
2024-01-15 16:02:18.155 [info] > git status -z -uall [9ms]
2024-01-15 16:02:18.743 [info] > git config --local branch.main.github-pr-owner-number [122ms]
2024-01-15 16:02:46.599 [info] > git check-ignore -v -z --stdin [2ms]
2024-01-15 16:02:59.147 [info] > git show --textconv :conect_data_base/client.py [28ms]
2024-01-15 16:02:59.148 [info] > git ls-files --stage -- /home/devdragon/workspace/python/FastApliLearn/conect_data_base/client.py [7ms]
2024-01-15 16:02:59.354 [info] > git cat-file -s bd906053507b41ed77cdc13fe0eac944bcdfc3e2 [180ms]
2024-01-15 16:03:02.478 [info] > git config --get commit.template [2ms]
2024-01-15 16:03:02.543 [info] > git for-each-ref --format=%(refname)%00%(upstream:short)%00%(objectname)%00%(upstream:track)%00%(upstream:remotename)%00%(upstream:remoteref) refs/heads/main refs/remotes/main [8ms]
2024-01-15 16:03:02.578 [info] > git status -z -uall [2ms]
2024-01-15 16:03:19.516 [info] > git config --get commit.template [6ms]
2024-01-15 16:03:19.539 [info] > git for-each-ref --format=%(refname)%00%(upstream:short)%00%(objectname)%00%(upstream:track)%00%(upstream:remotename)%00%(upstream:remoteref) refs/heads/main refs/remotes/main [3ms]
2024-01-15 16:03:19.565 [info] > git status -z -uall [4ms]
2024-01-15 16:03:24.600 [info] > git config --get commit.template [5ms]
2024-01-15 16:03:24.622 [info] > git for-each-ref --format=%(refname)%00%(upstream:short)%00%(objectname)%00%(upstream:track)%00%(upstream:remotename)%00%(upstream:remoteref) refs/heads/main refs/remotes/main [1ms]
2024-01-15 16:03:24.645 [info] > git status -z -uall [2ms]
2024-01-15 16:03:29.673 [info] > git config --get commit.template [3ms]
2024-01-15 16:03:29.691 [info] > git for-each-ref --format=%(refname)%00%(upstream:short)%00%(objectname)%00%(upstream:track)%00%(upstream:remotename)%00%(upstream:remoteref) refs/heads/main refs/remotes/main [1ms]
2024-01-15 16:03:29.710 [info] > git status -z -uall [2ms]
2024-01-15 16:03:59.675 [info] > git config --get commit.template [7ms]
2024-01-15 16:03:59.716 [info] > git for-each-ref --format=%(refname)%00%(upstream:short)%00%(objectname)%00%(upstream:track)%00%(upstream:remotename)%00%(upstream:remoteref) refs/heads/main refs/remotes/main [3ms]
2024-01-15 16:03:59.745 [info] > git status -z -uall [4ms]
2024-01-15 16:04:04.787 [info] > git config --get commit.template [20ms]
2024-01-15 16:04:04.788 [info] > git for-each-ref --format=%(refname)%00%(upstream:short)%00%(objectname)%00%(upstream:track)%00%(upstream:remotename)%00%(upstream:remoteref) refs/heads/main refs/remotes/main [1ms]
2024-01-15 16:04:04.814 [info] > git status -z -uall [5ms]
2024-01-15 16:04:09.864 [info] > git config --get commit.template [4ms]
2024-01-15 16:04:09.898 [info] > git for-each-ref --format=%(refname)%00%(upstream:short)%00%(objectname)%00%(upstream:track)%00%(upstream:remotename)%00%(upstream:remoteref) refs/heads/main refs/remotes/main [4ms]
2024-01-15 16:04:09.930 [info] > git status -z -uall [7ms]
2024-01-15 16:04:14.975 [info] > git config --get commit.template [3ms]
2024-01-15 16:04:15.016 [info] > git for-each-ref --format=%(refname)%00%(upstream:short)%00%(objectname)%00%(upstream:track)%00%(upstream:remotename)%00%(upstream:remoteref) refs/heads/main refs/remotes/main [3ms]
2024-01-15 16:04:15.049 [info] > git status -z -uall [5ms]
2024-01-15 16:04:20.097 [info] > git config --get commit.template [3ms]
2024-01-15 16:04:20.158 [info] > git for-each-ref --format=%(refname)%00%(upstream:short)%00%(objectname)%00%(upstream:track)%00%(upstream:remotename)%00%(upstream:remoteref) refs/heads/main refs/remotes/main [23ms]
2024-01-15 16:04:20.195 [info] > git status -z -uall [4ms]
2024-01-15 16:04:25.341 [info] > git config --get commit.template [44ms]
2024-01-15 16:04:25.382 [info] > git for-each-ref --format=%(refname)%00%(upstream:short)%00%(objectname)%00%(upstream:track)%00%(upstream:remotename)%00%(upstream:remoteref) refs/heads/main refs/remotes/main [7ms]
2024-01-15 16:04:25.437 [info] > git status -z -uall [11ms]
2024-01-15 16:04:30.472 [info] > git config --get commit.template [5ms]
2024-01-15 16:04:30.505 [info] > git for-each-ref --format=%(refname)%00%(upstream:short)%00%(objectname)%00%(upstream:track)%00%(upstream:remotename)%00%(upstream:remoteref) refs/heads/main refs/remotes/main [6ms]
2024-01-15 16:04:30.539 [info] > git status -z -uall [3ms]
2024-01-15 16:04:35.570 [info] > git config --get commit.template [5ms]
2024-01-15 16:04:35.599 [info] > git for-each-ref --format=%(refname)%00%(upstream:short)%00%(objectname)%00%(upstream:track)%00%(upstream:remotename)%00%(upstream:remoteref) refs/heads/main refs/remotes/main [2ms]
2024-01-15 16:04:35.626 [info] > git status -z -uall [2ms]
2024-01-15 16:04:51.472 [info] > git config --get commit.template [2ms]
2024-01-15 16:04:51.526 [info] > git for-each-ref --format=%(refname)%00%(upstream:short)%00%(objectname)%00%(upstream:track)%00%(upstream:remotename)%00%(upstream:remoteref) refs/heads/main refs/remotes/main [4ms]
2024-01-15 16:04:51.592 [info] > git status -z -uall [9ms]
2024-01-15 16:04:56.638 [info] > git config --get commit.template [1ms]
2024-01-15 16:04:56.684 [info] > git for-each-ref --format=%(refname)%00%(upstream:short)%00%(objectname)%00%(upstream:track)%00%(upstream:remotename)%00%(upstream:remoteref) refs/heads/main refs/remotes/main [5ms]
2024-01-15 16:04:56.723 [info] > git status -z -uall [1ms]
2024-01-15 16:05:18.012 [info] > git fetch [13ms]
2024-01-15 16:05:18.012 [info] fatal: unable to access 'https://github.com/DevJhojan/my_fits_project_with_python_and_fastapi.git/': Could not resolve host: github.com
2024-01-15 16:05:18.033 [info] > git config --get commit.template [1ms]
2024-01-15 16:05:18.053 [info] > git for-each-ref --format=%(refname)%00%(upstream:short)%00%(objectname)%00%(upstream:track)%00%(upstream:remotename)%00%(upstream:remoteref) refs/heads/main refs/remotes/main [2ms]
2024-01-15 16:05:18.077 [info] > git status -z -uall [3ms]
2024-01-15 16:05:19.129 [info] > git config --get commit.template [24ms]
2024-01-15 16:05:19.131 [info] > git for-each-ref --format=%(refname)%00%(upstream:short)%00%(objectname)%00%(upstream:track)%00%(upstream:remotename)%00%(upstream:remoteref) refs/heads/main refs/remotes/main [3ms]
2024-01-15 16:05:19.153 [info] > git status -z -uall [3ms]
2024-01-15 16:05:19.260 [info] > git ls-files --stage -- /home/devdragon/workspace/python/FastApliLearn/conect_data_base/client.py [3ms]
2024-01-15 16:05:19.281 [info] > git cat-file -s bd906053507b41ed77cdc13fe0eac944bcdfc3e2 [1ms]
2024-01-15 16:05:19.307 [info] > git show --textconv :conect_data_base/client.py [3ms]
2024-01-15 16:07:18.028 [info] > git config --local branch.main.github-pr-owner-number [2ms]
2024-01-15 16:12:18.046 [info] > git config --local branch.main.github-pr-owner-number [1ms]
2024-01-15 16:17:18.066 [info] > git config --local branch.main.github-pr-owner-number [2ms]
2024-01-15 16:19:39.228 [info] > git fetch [514ms]
2024-01-15 16:19:39.261 [info] > git config --get commit.template [16ms]
2024-01-15 16:19:39.262 [info] > git for-each-ref --format=%(refname)%00%(upstream:short)%00%(objectname)%00%(upstream:track)%00%(upstream:remotename)%00%(upstream:remoteref) refs/heads/main refs/remotes/main [2ms]
2024-01-15 16:19:39.280 [info] > git status -z -uall [2ms]
2024-01-15 16:19:40.343 [info] > git config --get commit.template [21ms]
2024-01-15 16:19:40.344 [info] > git for-each-ref --format=%(refname)%00%(upstream:short)%00%(objectname)%00%(upstream:track)%00%(upstream:remotename)%00%(upstream:remoteref) refs/heads/main refs/remotes/main [2ms]
2024-01-15 16:19:40.363 [info] > git status -z -uall [3ms]
2024-01-15 16:19:40.423 [info] > git ls-files --stage -- /home/devdragon/workspace/python/FastApliLearn/conect_data_base/client.py [2ms]
2024-01-15 16:19:40.444 [info] > git cat-file -s bd906053507b41ed77cdc13fe0eac944bcdfc3e2 [1ms]
2024-01-15 16:19:40.464 [info] > git show --textconv :conect_data_base/client.py [2ms]
2024-01-15 16:19:45.502 [info] > git config --get commit.template [98ms]
2024-01-15 16:19:45.549 [info] > git for-each-ref --format=%(refname)%00%(upstream:short)%00%(objectname)%00%(upstream:track)%00%(upstream:remotename)%00%(upstream:remoteref) refs/heads/main refs/remotes/main [5ms]
2024-01-15 16:19:45.640 [info] > git status -z -uall [20ms]
2024-01-15 16:19:50.664 [info] > git config --get commit.template [1ms]
2024-01-15 16:19:50.685 [info] > git for-each-ref --format=%(refname)%00%(upstream:short)%00%(objectname)%00%(upstream:track)%00%(upstream:remotename)%00%(upstream:remoteref) refs/heads/main refs/remotes/main [1ms]
2024-01-15 16:19:50.707 [info] > git status -z -uall [3ms]
2024-01-15 16:19:55.755 [info] > git config --get commit.template [22ms]
2024-01-15 16:19:55.757 [info] > git for-each-ref --format=%(refname)%00%(upstream:short)%00%(objectname)%00%(upstream:track)%00%(upstream:remotename)%00%(upstream:remoteref) refs/heads/main refs/remotes/main [2ms]
2024-01-15 16:19:55.780 [info] > git status -z -uall [2ms]
2024-01-15 16:22:18.089 [info] > git config --local branch.main.github-pr-owner-number [1ms]
2024-01-15 16:23:10.314 [info] > git config --get commit.template [21ms]
2024-01-15 16:23:10.314 [info] > git fetch [50ms]
2024-01-15 16:23:10.314 [info] fatal: unable to access 'https://github.com/DevJhojan/my_fits_project_with_python_and_fastapi.git/': Failed to connect to github.com port 443 after 16 ms: Couldn't connect to server
2024-01-15 16:23:10.331 [info] > git for-each-ref --format=%(refname)%00%(upstream:short)%00%(objectname)%00%(upstream:track)%00%(upstream:remotename)%00%(upstream:remoteref) refs/heads/main refs/remotes/main [18ms]
2024-01-15 16:23:10.332 [info] > git config --get commit.template [1ms]
2024-01-15 16:23:10.352 [info] > git for-each-ref --format=%(refname)%00%(upstream:short)%00%(objectname)%00%(upstream:track)%00%(upstream:remotename)%00%(upstream:remoteref) refs/heads/main refs/remotes/main [2ms]
2024-01-15 16:23:10.371 [info] > git status -z -uall [2ms]
2024-01-15 16:23:11.478 [info] > git ls-files --stage -- /home/devdragon/workspace/python/FastApliLearn/conect_data_base/client.py [2ms]
2024-01-15 16:23:11.498 [info] > git cat-file -s bd906053507b41ed77cdc13fe0eac944bcdfc3e2 [1ms]
2024-01-15 16:23:11.521 [info] > git show --textconv :conect_data_base/client.py [2ms]
2024-01-15 16:23:15.543 [info] > git config --get commit.template [8ms]
2024-01-15 16:23:15.569 [info] > git for-each-ref --format=%(refname)%00%(upstream:short)%00%(objectname)%00%(upstream:track)%00%(upstream:remotename)%00%(upstream:remoteref) refs/heads/main refs/remotes/main [1ms]
2024-01-15 16:23:15.611 [info] > git status -z -uall [3ms]
2024-01-15 16:23:26.391 [info] > git config --get commit.template [1ms]
2024-01-15 16:23:26.414 [info] > git for-each-ref --format=%(refname)%00%(upstream:short)%00%(objectname)%00%(upstream:track)%00%(upstream:remotename)%00%(upstream:remoteref) refs/heads/main refs/remotes/main [1ms]
2024-01-15 16:23:26.433 [info] > git status -z -uall [1ms]
2024-01-15 16:27:18.112 [info] > git config --local branch.main.github-pr-owner-number [2ms]
2024-01-15 16:28:25.740 [info] > git config --get commit.template [50ms]
2024-01-15 16:28:25.760 [info] > git for-each-ref --format=%(refname)%00%(upstream:short)%00%(objectname)%00%(upstream:track)%00%(upstream:remotename)%00%(upstream:remoteref) refs/heads/main refs/remotes/main [2ms]
2024-01-15 16:28:25.781 [info] > git status -z -uall [3ms]
2024-01-15 16:28:26.274 [info] > git fetch [606ms]
2024-01-15 16:28:26.291 [info] > git config --get commit.template [1ms]
2024-01-15 16:28:26.308 [info] > git for-each-ref --format=%(refname)%00%(upstream:short)%00%(objectname)%00%(upstream:track)%00%(upstream:remotename)%00%(upstream:remoteref) refs/heads/main refs/remotes/main [1ms]
2024-01-15 16:28:26.325 [info] > git status -z -uall [1ms]
2024-01-15 16:28:30.827 [info] > git config --get commit.template [20ms]
2024-01-15 16:28:30.828 [info] > git for-each-ref --format=%(refname)%00%(upstream:short)%00%(objectname)%00%(upstream:track)%00%(upstream:remotename)%00%(upstream:remoteref) refs/heads/main refs/remotes/main [3ms]
2024-01-15 16:28:30.850 [info] > git status -z -uall [3ms]
2024-01-15 16:31:16.943 [info] > git show --textconv :conect_data_base/client.py [24ms]
2024-01-15 16:31:16.945 [info] > git ls-files --stage -- /home/devdragon/workspace/python/FastApliLearn/conect_data_base/client.py [3ms]
2024-01-15 16:31:16.974 [info] > git cat-file -s bd906053507b41ed77cdc13fe0eac944bcdfc3e2 [5ms]
2024-01-15 16:32:18.135 [info] > git config --local branch.main.github-pr-owner-number [2ms]
2024-01-15 16:32:51.904 [info] > git fetch [467ms]
2024-01-15 16:32:51.943 [info] > git config --get commit.template [19ms]
2024-01-15 16:32:51.944 [info] > git for-each-ref --format=%(refname)%00%(upstream:short)%00%(objectname)%00%(upstream:track)%00%(upstream:remotename)%00%(upstream:remoteref) refs/heads/main refs/remotes/main [2ms]
2024-01-15 16:32:51.967 [info] > git status -z -uall [1ms]
2024-01-15 16:32:53.048 [info] > git config --get commit.template [1ms]
2024-01-15 16:32:53.069 [info] > git for-each-ref --format=%(refname)%00%(upstream:short)%00%(objectname)%00%(upstream:track)%00%(upstream:remotename)%00%(upstream:remoteref) refs/heads/main refs/remotes/main [2ms]
2024-01-15 16:32:53.091 [info] > git status -z -uall [2ms]
2024-01-15 16:35:52.797 [info] > git fetch [465ms]
2024-01-15 16:35:52.834 [info] > git config --get commit.template [18ms]
2024-01-15 16:35:52.834 [info] > git for-each-ref --format=%(refname)%00%(upstream:short)%00%(objectname)%00%(upstream:track)%00%(upstream:remotename)%00%(upstream:remoteref) refs/heads/main refs/remotes/main [1ms]
2024-01-15 16:35:52.854 [info] > git status -z -uall [1ms]
2024-01-15 16:35:53.938 [info] > git config --get commit.template [2ms]
2024-01-15 16:35:53.961 [info] > git for-each-ref --format=%(refname)%00%(upstream:short)%00%(objectname)%00%(upstream:track)%00%(upstream:remotename)%00%(upstream:remoteref) refs/heads/main refs/remotes/main [3ms]
2024-01-15 16:35:53.982 [info] > git status -z -uall [2ms]
2024-01-15 16:36:31.777 [info] > git show --textconv :conect_data_base/client.py [29ms]
2024-01-15 16:36:31.777 [info] > git ls-files --stage -- /home/devdragon/workspace/python/FastApliLearn/conect_data_base/client.py [8ms]
2024-01-15 16:36:31.799 [info] > git cat-file -s bd906053507b41ed77cdc13fe0eac944bcdfc3e2 [2ms]
2024-01-15 16:36:49.374 [info] > git config --get commit.template [6ms]
2024-01-15 16:36:49.399 [info] > git for-each-ref --format=%(refname)%00%(upstream:short)%00%(objectname)%00%(upstream:track)%00%(upstream:remotename)%00%(upstream:remoteref) refs/heads/main refs/remotes/main [5ms]
2024-01-15 16:36:49.421 [info] > git status -z -uall [1ms]
2024-01-15 16:36:54.470 [info] > git config --get commit.template [23ms]
2024-01-15 16:36:54.471 [info] > git for-each-ref --format=%(refname)%00%(upstream:short)%00%(objectname)%00%(upstream:track)%00%(upstream:remotename)%00%(upstream:remoteref) refs/heads/main refs/remotes/main [2ms]
2024-01-15 16:36:54.495 [info] > git status -z -uall [5ms]
2024-01-15 16:37:03.029 [info] > git config --get commit.template [2ms]
2024-01-15 16:37:03.061 [info] > git for-each-ref --format=%(refname)%00%(upstream:short)%00%(objectname)%00%(upstream:track)%00%(upstream:remotename)%00%(upstream:remoteref) refs/heads/main refs/remotes/main [11ms]
2024-01-15 16:37:03.102 [info] > git status -z -uall [1ms]
2024-01-15 16:37:18.156 [info] > git config --local branch.main.github-pr-owner-number [1ms]
2024-01-15 16:37:37.757 [info] > git config --get commit.template [24ms]
2024-01-15 16:37:37.759 [info] > git for-each-ref --format=%(refname)%00%(upstream:short)%00%(objectname)%00%(upstream:track)%00%(upstream:remotename)%00%(upstream:remoteref) refs/heads/main refs/remotes/main [2ms]
2024-01-15 16:37:37.778 [info] > git status -z -uall [2ms]
2024-01-15 16:37:42.846 [info] > git config --get commit.template [36ms]
2024-01-15 16:37:42.849 [info] > git for-each-ref --format=%(refname)%00%(upstream:short)%00%(objectname)%00%(upstream:track)%00%(upstream:remotename)%00%(upstream:remoteref) refs/heads/main refs/remotes/main [4ms]
2024-01-15 16:37:42.893 [info] > git status -z -uall [9ms]
2024-01-15 16:37:47.920 [info] > git config --get commit.template [2ms]
2024-01-15 16:37:47.943 [info] > git for-each-ref --format=%(refname)%00%(upstream:short)%00%(objectname)%00%(upstream:track)%00%(upstream:remotename)%00%(upstream:remoteref) refs/heads/main refs/remotes/main [2ms]
2024-01-15 16:37:47.968 [info] > git status -z -uall [2ms]
2024-01-15 16:37:53.019 [info] > git for-each-ref --format=%(refname)%00%(upstream:short)%00%(objectname)%00%(upstream:track)%00%(upstream:remotename)%00%(upstream:remoteref) refs/heads/main refs/remotes/main [1ms]
2024-01-15 16:37:53.019 [info] > git config --get commit.template [24ms]
2024-01-15 16:37:53.042 [info] > git status -z -uall [1ms]
2024-01-15 16:37:58.092 [info] > git config --get commit.template [24ms]
2024-01-15 16:37:58.093 [info] > git for-each-ref --format=%(refname)%00%(upstream:short)%00%(objectname)%00%(upstream:track)%00%(upstream:remotename)%00%(upstream:remoteref) refs/heads/main refs/remotes/main [2ms]
2024-01-15 16:37:58.115 [info] > git status -z -uall [2ms]
2024-01-15 16:38:09.157 [info] > git config --get commit.template [2ms]
2024-01-15 16:38:09.181 [info] > git for-each-ref --format=%(refname)%00%(upstream:short)%00%(objectname)%00%(upstream:track)%00%(upstream:remotename)%00%(upstream:remoteref) refs/heads/main refs/remotes/main [1ms]
2024-01-15 16:38:09.204 [info] > git status -z -uall [1ms]
2024-01-15 16:38:14.241 [info] > git config --get commit.template [4ms]
2024-01-15 16:38:14.270 [info] > git for-each-ref --format=%(refname)%00%(upstream:short)%00%(objectname)%00%(upstream:track)%00%(upstream:remotename)%00%(upstream:remoteref) refs/heads/main refs/remotes/main [1ms]
2024-01-15 16:38:14.299 [info] > git status -z -uall [4ms]
2024-01-15 16:38:19.345 [info] > git config --get commit.template [22ms]
2024-01-15 16:38:19.346 [info] > git for-each-ref --format=%(refname)%00%(upstream:short)%00%(objectname)%00%(upstream:track)%00%(upstream:remotename)%00%(upstream:remoteref) refs/heads/main refs/remotes/main [2ms]
2024-01-15 16:38:19.369 [info] > git status -z -uall [2ms]
2024-01-15 16:39:39.167 [info] > git ls-files --stage -- /home/devdragon/workspace/python/FastApliLearn/conect_data_base/client.py [1ms]
2024-01-15 16:39:39.192 [info] > git cat-file -s bd906053507b41ed77cdc13fe0eac944bcdfc3e2 [1ms]
2024-01-15 16:39:39.238 [info] > git show --textconv :conect_data_base/client.py [17ms]
2024-01-15 16:39:55.571 [info] > git fetch [17612ms]
2024-01-15 16:39:55.571 [info] fatal: unable to access 'https://github.com/DevJhojan/my_fits_project_with_python_and_fastapi.git/': OpenSSL SSL_connect: SSL_ERROR_SYSCALL in connection to github.com:443 
2024-01-15 16:39:55.617 [info] > git config --get commit.template [22ms]
2024-01-15 16:39:55.619 [info] > git for-each-ref --format=%(refname)%00%(upstream:short)%00%(objectname)%00%(upstream:track)%00%(upstream:remotename)%00%(upstream:remoteref) refs/heads/main refs/remotes/main [2ms]
2024-01-15 16:39:55.642 [info] > git status -z -uall [2ms]
2024-01-15 16:40:27.834 [info] > git config --get commit.template [2ms]
2024-01-15 16:40:27.871 [info] > git for-each-ref --format=%(refname)%00%(upstream:short)%00%(objectname)%00%(upstream:track)%00%(upstream:remotename)%00%(upstream:remoteref) refs/heads/main refs/remotes/main [5ms]
2024-01-15 16:40:27.919 [info] > git status -z -uall [19ms]
2024-01-15 16:40:32.950 [info] > git config --get commit.template [2ms]
2024-01-15 16:40:32.972 [info] > git for-each-ref --format=%(refname)%00%(upstream:short)%00%(objectname)%00%(upstream:track)%00%(upstream:remotename)%00%(upstream:remoteref) refs/heads/main refs/remotes/main [2ms]
2024-01-15 16:40:33.017 [info] > git status -z -uall [4ms]
2024-01-15 16:40:36.777 [info] > git show --textconv :conect_data_base/client.py [18ms]
2024-01-15 16:40:36.781 [info] > git ls-files --stage -- /home/devdragon/workspace/python/FastApliLearn/conect_data_base/client.py [4ms]
2024-01-15 16:40:36.807 [info] > git cat-file -s bd906053507b41ed77cdc13fe0eac944bcdfc3e2 [3ms]
2024-01-15 16:42:18.202 [info] > git config --local branch.main.github-pr-owner-number [1ms]
2024-01-15 16:42:40.093 [info] > git show --textconv :conect_data_base/client.py [19ms]
2024-01-15 16:42:40.125 [info] > git ls-files --stage -- /home/devdragon/workspace/python/FastApliLearn/conect_data_base/client.py [32ms]
2024-01-15 16:42:40.149 [info] > git cat-file -s bd906053507b41ed77cdc13fe0eac944bcdfc3e2 [6ms]
2024-01-15 16:42:56.353 [info] > git fetch [687ms]
2024-01-15 16:42:56.393 [info] > git config --get commit.template [19ms]
2024-01-15 16:42:56.394 [info] > git for-each-ref --format=%(refname)%00%(upstream:short)%00%(objectname)%00%(upstream:track)%00%(upstream:remotename)%00%(upstream:remoteref) refs/heads/main refs/remotes/main [1ms]
2024-01-15 16:42:56.415 [info] > git status -z -uall [2ms]
2024-01-15 16:42:57.464 [info] > git config --get commit.template [22ms]
2024-01-15 16:42:57.465 [info] > git for-each-ref --format=%(refname)%00%(upstream:short)%00%(objectname)%00%(upstream:track)%00%(upstream:remotename)%00%(upstream:remoteref) refs/heads/main refs/remotes/main [2ms]
2024-01-15 16:42:57.490 [info] > git status -z -uall [5ms]
2024-01-15 16:43:43.687 [info] > git show --textconv :conect_data_base/client.py [30ms]
2024-01-15 16:43:43.687 [info] > git ls-files --stage -- /home/devdragon/workspace/python/FastApliLearn/conect_data_base/client.py [6ms]
2024-01-15 16:43:43.727 [info] > git cat-file -s bd906053507b41ed77cdc13fe0eac944bcdfc3e2 [13ms]
2024-01-15 16:45:57.008 [info] > git fetch [569ms]
2024-01-15 16:45:57.050 [info] > git for-each-ref --format=%(refname)%00%(upstream:short)%00%(objectname)%00%(upstream:track)%00%(upstream:remotename)%00%(upstream:remoteref) refs/heads/main refs/remotes/main [2ms]
2024-01-15 16:45:57.051 [info] > git config --get commit.template [22ms]
2024-01-15 16:45:57.074 [info] > git status -z -uall [1ms]
2024-01-15 16:45:58.128 [info] > git config --get commit.template [25ms]
2024-01-15 16:45:58.129 [info] > git for-each-ref --format=%(refname)%00%(upstream:short)%00%(objectname)%00%(upstream:track)%00%(upstream:remotename)%00%(upstream:remoteref) refs/heads/main refs/remotes/main [2ms]
2024-01-15 16:45:58.155 [info] > git status -z -uall [2ms]
2024-01-15 16:45:58.204 [info] > git ls-files --stage -- /home/devdragon/workspace/python/FastApliLearn/conect_data_base/client.py [1ms]
2024-01-15 16:45:58.225 [info] > git cat-file -s bd906053507b41ed77cdc13fe0eac944bcdfc3e2 [2ms]
2024-01-15 16:45:58.249 [info] > git show --textconv :conect_data_base/client.py [2ms]
2024-01-15 16:46:27.933 [info] > git config --get commit.template [21ms]
2024-01-15 16:46:27.933 [info] > git for-each-ref --format=%(refname)%00%(upstream:short)%00%(objectname)%00%(upstream:track)%00%(upstream:remotename)%00%(upstream:remoteref) refs/heads/main refs/remotes/main [2ms]
2024-01-15 16:46:27.957 [info] > git status -z -uall [4ms]
2024-01-15 16:47:18.227 [info] > git config --local branch.main.github-pr-owner-number [1ms]
2024-01-15 16:48:17.611 [info] > git config --get commit.template [21ms]
2024-01-15 16:48:17.611 [info] > git for-each-ref --format=%(refname)%00%(upstream:short)%00%(objectname)%00%(upstream:track)%00%(upstream:remotename)%00%(upstream:remoteref) refs/heads/main refs/remotes/main [1ms]
2024-01-15 16:48:17.641 [info] > git status -z -uall [7ms]
2024-01-15 16:49:49.262 [info] > git fetch [579ms]
2024-01-15 16:49:49.304 [info] > git config --get commit.template [21ms]
2024-01-15 16:49:49.304 [info] > git for-each-ref --format=%(refname)%00%(upstream:short)%00%(objectname)%00%(upstream:track)%00%(upstream:remotename)%00%(upstream:remoteref) refs/heads/main refs/remotes/main [1ms]
2024-01-15 16:49:49.327 [info] > git status -z -uall [3ms]
2024-01-15 16:49:50.378 [info] > git config --get commit.template [20ms]
2024-01-15 16:49:50.378 [info] > git for-each-ref --format=%(refname)%00%(upstream:short)%00%(objectname)%00%(upstream:track)%00%(upstream:remotename)%00%(upstream:remoteref) refs/heads/main refs/remotes/main [1ms]
2024-01-15 16:49:50.400 [info] > git status -z -uall [2ms]
2024-01-15 16:49:50.456 [info] > git ls-files --stage -- /home/devdragon/workspace/python/FastApliLearn/conect_data_base/client.py [1ms]
2024-01-15 16:49:50.481 [info] > git cat-file -s bd906053507b41ed77cdc13fe0eac944bcdfc3e2 [2ms]
2024-01-15 16:49:50.503 [info] > git show --textconv :conect_data_base/client.py [2ms]
2024-01-15 16:52:18.253 [info] > git config --local branch.main.github-pr-owner-number [1ms]
2024-01-15 16:53:20.303 [info] > git fetch [468ms]
2024-01-15 16:53:20.326 [info] > git config --get commit.template [2ms]
2024-01-15 16:53:20.348 [info] > git for-each-ref --format=%(refname)%00%(upstream:short)%00%(objectname)%00%(upstream:track)%00%(upstream:remotename)%00%(upstream:remoteref) refs/heads/main refs/remotes/main [1ms]
2024-01-15 16:53:20.370 [info] > git status -z -uall [2ms]
2024-01-15 16:53:21.468 [info] > git config --get commit.template [20ms]
2024-01-15 16:53:21.469 [info] > git for-each-ref --format=%(refname)%00%(upstream:short)%00%(objectname)%00%(upstream:track)%00%(upstream:remotename)%00%(upstream:remoteref) refs/heads/main refs/remotes/main [3ms]
2024-01-15 16:53:21.494 [info] > git status -z -uall [1ms]
2024-01-15 16:53:21.548 [info] > git ls-files --stage -- /home/devdragon/workspace/python/FastApliLearn/conect_data_base/client.py [1ms]
2024-01-15 16:53:21.574 [info] > git cat-file -s bd906053507b41ed77cdc13fe0eac944bcdfc3e2 [1ms]
2024-01-15 16:53:21.599 [info] > git show --textconv :conect_data_base/client.py [2ms]
2024-01-15 16:53:26.538 [info] > git config --get commit.template [19ms]
2024-01-15 16:53:26.538 [info] > git for-each-ref --format=%(refname)%00%(upstream:short)%00%(objectname)%00%(upstream:track)%00%(upstream:remotename)%00%(upstream:remoteref) refs/heads/main refs/remotes/main [1ms]
2024-01-15 16:53:26.563 [info] > git status -z -uall [3ms]
2024-01-15 16:53:37.959 [info] > git for-each-ref --format=%(refname)%00%(upstream:short)%00%(objectname)%00%(upstream:track)%00%(upstream:remotename)%00%(upstream:remoteref) refs/heads/main refs/remotes/main [1ms]
2024-01-15 16:53:37.959 [info] > git config --get commit.template [26ms]
2024-01-15 16:53:37.983 [info] > git status -z -uall [1ms]
2024-01-15 16:54:03.420 [info] > git config --get commit.template [4ms]
2024-01-15 16:54:03.443 [info] > git for-each-ref --format=%(refname)%00%(upstream:short)%00%(objectname)%00%(upstream:track)%00%(upstream:remotename)%00%(upstream:remoteref) refs/heads/main refs/remotes/main [0ms]
2024-01-15 16:54:03.461 [info] > git status -z -uall [1ms]
2024-01-15 16:54:41.406 [info] > git config --get commit.template [20ms]
2024-01-15 16:54:41.407 [info] > git for-each-ref --format=%(refname)%00%(upstream:short)%00%(objectname)%00%(upstream:track)%00%(upstream:remotename)%00%(upstream:remoteref) refs/heads/main refs/remotes/main [2ms]
2024-01-15 16:54:41.432 [info] > git status -z -uall [1ms]
2024-01-15 16:56:36.902 [info] > git fetch [471ms]
2024-01-15 16:56:36.954 [info] > git config --get commit.template [27ms]
2024-01-15 16:56:36.954 [info] > git for-each-ref --format=%(refname)%00%(upstream:short)%00%(objectname)%00%(upstream:track)%00%(upstream:remotename)%00%(upstream:remoteref) refs/heads/main refs/remotes/main [3ms]
2024-01-15 16:56:36.981 [info] > git status -z -uall [3ms]
2024-01-15 16:56:38.065 [info] > git config --get commit.template [23ms]
2024-01-15 16:56:38.068 [info] > git for-each-ref --format=%(refname)%00%(upstream:short)%00%(objectname)%00%(upstream:track)%00%(upstream:remotename)%00%(upstream:remoteref) refs/heads/main refs/remotes/main [3ms]
2024-01-15 16:56:38.088 [info] > git status -z -uall [2ms]
2024-01-15 16:56:38.150 [info] > git ls-files --stage -- /home/devdragon/workspace/python/FastApliLearn/conect_data_base/client.py [1ms]
2024-01-15 16:56:38.173 [info] > git cat-file -s bd906053507b41ed77cdc13fe0eac944bcdfc3e2 [2ms]
2024-01-15 16:56:38.195 [info] > git show --textconv :conect_data_base/client.py [2ms]
2024-01-15 16:57:02.702 [info] > git show --textconv :conect_data_base/client.py [26ms]
2024-01-15 16:57:02.705 [info] > git ls-files --stage -- /home/devdragon/workspace/python/FastApliLearn/conect_data_base/client.py [4ms]
2024-01-15 16:57:02.761 [info] > git cat-file -s bd906053507b41ed77cdc13fe0eac944bcdfc3e2 [31ms]
2024-01-15 16:57:04.174 [info] > git config --get commit.template [26ms]
2024-01-15 16:57:04.175 [info] > git for-each-ref --format=%(refname)%00%(upstream:short)%00%(objectname)%00%(upstream:track)%00%(upstream:remotename)%00%(upstream:remoteref) refs/heads/main refs/remotes/main [2ms]
2024-01-15 16:57:04.203 [info] > git status -z -uall [3ms]
2024-01-15 16:57:16.224 [info] > git config --get commit.template [28ms]
2024-01-15 16:57:16.225 [info] > git for-each-ref --format=%(refname)%00%(upstream:short)%00%(objectname)%00%(upstream:track)%00%(upstream:remotename)%00%(upstream:remoteref) refs/heads/main refs/remotes/main [4ms]
2024-01-15 16:57:16.245 [info] > git status -z -uall [1ms]
2024-01-15 16:57:18.281 [info] > git config --local branch.main.github-pr-owner-number [2ms]
2024-01-15 16:57:32.225 [info] > git show --textconv :conect_data_base/client.py [23ms]
2024-01-15 16:57:32.253 [info] > git ls-files --stage -- /home/devdragon/workspace/python/FastApliLearn/conect_data_base/client.py [28ms]
2024-01-15 16:57:32.350 [info] > git cat-file -s bd906053507b41ed77cdc13fe0eac944bcdfc3e2 [74ms]
2024-01-15 16:57:33.647 [info] > git config --get commit.template [1ms]
2024-01-15 16:57:33.671 [info] > git for-each-ref --format=%(refname)%00%(upstream:short)%00%(objectname)%00%(upstream:track)%00%(upstream:remotename)%00%(upstream:remoteref) refs/heads/main refs/remotes/main [1ms]
2024-01-15 16:57:33.692 [info] > git status -z -uall [2ms]
2024-01-15 16:59:37.746 [info] > git fetch [628ms]
2024-01-15 16:59:37.787 [info] > git config --get commit.template [20ms]
2024-01-15 16:59:37.787 [info] > git for-each-ref --format=%(refname)%00%(upstream:short)%00%(objectname)%00%(upstream:track)%00%(upstream:remotename)%00%(upstream:remoteref) refs/heads/main refs/remotes/main [1ms]
2024-01-15 16:59:37.810 [info] > git status -z -uall [2ms]
2024-01-15 16:59:38.867 [info] > git config --get commit.template [21ms]
2024-01-15 16:59:38.868 [info] > git for-each-ref --format=%(refname)%00%(upstream:short)%00%(objectname)%00%(upstream:track)%00%(upstream:remotename)%00%(upstream:remoteref) refs/heads/main refs/remotes/main [2ms]
2024-01-15 16:59:38.888 [info] > git status -z -uall [2ms]
2024-01-15 16:59:38.944 [info] > git ls-files --stage -- /home/devdragon/workspace/python/FastApliLearn/conect_data_base/client.py [2ms]
2024-01-15 16:59:38.968 [info] > git cat-file -s bd906053507b41ed77cdc13fe0eac944bcdfc3e2 [2ms]
2024-01-15 16:59:38.995 [info] > git show --textconv :conect_data_base/client.py [2ms]
2024-01-15 17:02:03.559 [info] > git merge-base refs/heads/main refs/remotes/origin/main [4ms]
2024-01-15 17:02:03.585 [info] > git rev-list --count --left-right refs/heads/main...refs/remotes/origin/main [5ms]
2024-01-15 17:02:18.307 [info] > git config --local branch.main.github-pr-owner-number [2ms]
2024-01-15 17:02:38.505 [info] > git fetch [672ms]
2024-01-15 17:02:38.552 [info] > git config --get commit.template [24ms]
2024-01-15 17:02:38.554 [info] > git for-each-ref --format=%(refname)%00%(upstream:short)%00%(objectname)%00%(upstream:track)%00%(upstream:remotename)%00%(upstream:remoteref) refs/heads/main refs/remotes/main [2ms]
2024-01-15 17:02:38.580 [info] > git status -z -uall [3ms]
2024-01-15 17:02:39.701 [info] > git ls-files --stage -- /home/devdragon/workspace/python/FastApliLearn/conect_data_base/client.py [1ms]
2024-01-15 17:02:39.722 [info] > git cat-file -s bd906053507b41ed77cdc13fe0eac944bcdfc3e2 [2ms]
2024-01-15 17:02:39.744 [info] > git show --textconv :conect_data_base/client.py [2ms]
2024-01-15 17:07:18.332 [info] > git config --local branch.main.github-pr-owner-number [1ms]
2024-01-15 17:07:30.442 [info] > git fetch [533ms]
2024-01-15 17:07:30.487 [info] > git config --get commit.template [23ms]
2024-01-15 17:07:30.487 [info] > git for-each-ref --format=%(refname)%00%(upstream:short)%00%(objectname)%00%(upstream:track)%00%(upstream:remotename)%00%(upstream:remoteref) refs/heads/main refs/remotes/main [1ms]
2024-01-15 17:07:30.511 [info] > git status -z -uall [2ms]
2024-01-15 17:07:31.544 [info] > git config --get commit.template [1ms]
2024-01-15 17:07:31.567 [info] > git for-each-ref --format=%(refname)%00%(upstream:short)%00%(objectname)%00%(upstream:track)%00%(upstream:remotename)%00%(upstream:remoteref) refs/heads/main refs/remotes/main [1ms]
2024-01-15 17:07:31.599 [info] > git status -z -uall [3ms]
2024-01-15 17:07:31.639 [info] > git ls-files --stage -- /home/devdragon/workspace/python/FastApliLearn/conect_data_base/client.py [2ms]
2024-01-15 17:07:31.660 [info] > git cat-file -s bd906053507b41ed77cdc13fe0eac944bcdfc3e2 [2ms]
2024-01-15 17:07:31.682 [info] > git show --textconv :conect_data_base/client.py [2ms]
2024-01-15 17:08:44.055 [info] > git show --textconv :conect_data_base/client.py [23ms]
2024-01-15 17:08:44.055 [info] > git ls-files --stage -- /home/devdragon/workspace/python/FastApliLearn/conect_data_base/client.py [5ms]
2024-01-15 17:08:44.076 [info] > git cat-file -s bd906053507b41ed77cdc13fe0eac944bcdfc3e2 [3ms]
2024-01-15 17:10:43.663 [info] > git fetch [458ms]
2024-01-15 17:10:43.705 [info] > git config --get commit.template [19ms]
2024-01-15 17:10:43.706 [info] > git for-each-ref --format=%(refname)%00%(upstream:short)%00%(objectname)%00%(upstream:track)%00%(upstream:remotename)%00%(upstream:remoteref) refs/heads/main refs/remotes/main [1ms]
2024-01-15 17:10:43.727 [info] > git status -z -uall [2ms]
2024-01-15 17:10:44.837 [info] > git config --get commit.template [26ms]
2024-01-15 17:10:44.838 [info] > git for-each-ref --format=%(refname)%00%(upstream:short)%00%(objectname)%00%(upstream:track)%00%(upstream:remotename)%00%(upstream:remoteref) refs/heads/main refs/remotes/main [2ms]
2024-01-15 17:10:44.863 [info] > git status -z -uall [3ms]
2024-01-15 17:10:44.910 [info] > git ls-files --stage -- /home/devdragon/workspace/python/FastApliLearn/conect_data_base/client.py [1ms]
2024-01-15 17:10:44.937 [info] > git cat-file -s bd906053507b41ed77cdc13fe0eac944bcdfc3e2 [3ms]
2024-01-15 17:10:44.966 [info] > git show --textconv :conect_data_base/client.py [3ms]
2024-01-15 17:12:18.359 [info] > git config --local branch.main.github-pr-owner-number [2ms]
2024-01-15 17:17:18.387 [info] > git config --local branch.main.github-pr-owner-number [1ms]
2024-01-15 17:17:26.206 [info] > git fetch [472ms]
2024-01-15 17:17:26.247 [info] > git config --get commit.template [21ms]
2024-01-15 17:17:26.248 [info] > git for-each-ref --format=%(refname)%00%(upstream:short)%00%(objectname)%00%(upstream:track)%00%(upstream:remotename)%00%(upstream:remoteref) refs/heads/main refs/remotes/main [2ms]
2024-01-15 17:17:26.270 [info] > git status -z -uall [1ms]
2024-01-15 17:17:27.347 [info] > git config --get commit.template [1ms]
2024-01-15 17:17:27.366 [info] > git for-each-ref --format=%(refname)%00%(upstream:short)%00%(objectname)%00%(upstream:track)%00%(upstream:remotename)%00%(upstream:remoteref) refs/heads/main refs/remotes/main [1ms]
2024-01-15 17:17:27.386 [info] > git status -z -uall [2ms]
2024-01-15 17:21:16.392 [info] > git fetch [431ms]
2024-01-15 17:21:16.447 [info] > git config --get commit.template [27ms]
2024-01-15 17:21:16.448 [info] > git for-each-ref --format=%(refname)%00%(upstream:short)%00%(objectname)%00%(upstream:track)%00%(upstream:remotename)%00%(upstream:remoteref) refs/heads/main refs/remotes/main [3ms]
2024-01-15 17:21:16.478 [info] > git status -z -uall [4ms]
2024-01-15 17:21:19.893 [info] > git config --get commit.template [3ms]
2024-01-15 17:21:19.916 [info] > git for-each-ref --format=%(refname)%00%(upstream:short)%00%(objectname)%00%(upstream:track)%00%(upstream:remotename)%00%(upstream:remoteref) refs/heads/main refs/remotes/main [1ms]
2024-01-15 17:21:19.937 [info] > git status -z -uall [1ms]
2024-01-15 17:21:22.097 [info] > git show --textconv :conect_data_base/client.py [28ms]
2024-01-15 17:21:22.097 [info] > git ls-files --stage -- /home/devdragon/workspace/python/FastApliLearn/conect_data_base/client.py [7ms]
2024-01-15 17:21:22.120 [info] > git cat-file -s bd906053507b41ed77cdc13fe0eac944bcdfc3e2 [4ms]
2024-01-15 17:21:27.795 [info] > git config --get commit.template [1ms]
2024-01-15 17:21:27.820 [info] > git for-each-ref --format=%(refname)%00%(upstream:short)%00%(objectname)%00%(upstream:track)%00%(upstream:remotename)%00%(upstream:remoteref) refs/heads/main refs/remotes/main [3ms]
2024-01-15 17:21:27.847 [info] > git status -z -uall [1ms]
2024-01-15 17:21:33.682 [info] > git config --get commit.template [3ms]
2024-01-15 17:21:33.706 [info] > git for-each-ref --format=%(refname)%00%(upstream:short)%00%(objectname)%00%(upstream:track)%00%(upstream:remotename)%00%(upstream:remoteref) refs/heads/main refs/remotes/main [3ms]
2024-01-15 17:21:33.727 [info] > git status -z -uall [1ms]
2024-01-15 17:21:41.596 [info] > git config --get commit.template [2ms]
2024-01-15 17:21:41.617 [info] > git for-each-ref --format=%(refname)%00%(upstream:short)%00%(objectname)%00%(upstream:track)%00%(upstream:remotename)%00%(upstream:remoteref) refs/heads/main refs/remotes/main [1ms]
2024-01-15 17:21:41.638 [info] > git status -z -uall [2ms]
2024-01-15 17:22:18.415 [info] > git config --local branch.main.github-pr-owner-number [2ms]
2024-01-15 17:22:38.041 [info] > git config --get commit.template [2ms]
2024-01-15 17:22:38.065 [info] > git for-each-ref --format=%(refname)%00%(upstream:short)%00%(objectname)%00%(upstream:track)%00%(upstream:remotename)%00%(upstream:remoteref) refs/heads/main refs/remotes/main [1ms]
2024-01-15 17:22:38.091 [info] > git status -z -uall [2ms]
2024-01-15 17:24:02.748 [info] > git show --textconv :conect_data_base/client.py [31ms]
2024-01-15 17:24:02.748 [info] > git ls-files --stage -- /home/devdragon/workspace/python/FastApliLearn/conect_data_base/client.py [5ms]
2024-01-15 17:24:02.775 [info] > git cat-file -s bd906053507b41ed77cdc13fe0eac944bcdfc3e2 [4ms]
2024-01-15 17:24:17.131 [info] > git fetch [624ms]
2024-01-15 17:24:17.173 [info] > git config --get commit.template [22ms]
2024-01-15 17:24:17.173 [info] > git for-each-ref --format=%(refname)%00%(upstream:short)%00%(objectname)%00%(upstream:track)%00%(upstream:remotename)%00%(upstream:remoteref) refs/heads/main refs/remotes/main [1ms]
2024-01-15 17:24:17.199 [info] > git status -z -uall [1ms]
2024-01-15 17:24:18.251 [info] > git config --get commit.template [21ms]
2024-01-15 17:24:18.252 [info] > git for-each-ref --format=%(refname)%00%(upstream:short)%00%(objectname)%00%(upstream:track)%00%(upstream:remotename)%00%(upstream:remoteref) refs/heads/main refs/remotes/main [2ms]
2024-01-15 17:24:18.275 [info] > git status -z -uall [3ms]
2024-01-15 17:24:18.368 [info] > git ls-files --stage -- /home/devdragon/workspace/python/FastApliLearn/conect_data_base/client.py [1ms]
2024-01-15 17:24:18.392 [info] > git cat-file -s bd906053507b41ed77cdc13fe0eac944bcdfc3e2 [1ms]
2024-01-15 17:24:18.417 [info] > git show --textconv :conect_data_base/client.py [1ms]
2024-01-15 17:27:18.435 [info] > git config --local branch.main.github-pr-owner-number [1ms]
2024-01-15 17:27:28.928 [info] > git fetch [512ms]
2024-01-15 17:27:28.969 [info] > git config --get commit.template [19ms]
2024-01-15 17:27:28.971 [info] > git for-each-ref --format=%(refname)%00%(upstream:short)%00%(objectname)%00%(upstream:track)%00%(upstream:remotename)%00%(upstream:remoteref) refs/heads/main refs/remotes/main [3ms]
2024-01-15 17:27:28.996 [info] > git status -z -uall [3ms]
2024-01-15 17:27:30.026 [info] > git config --get commit.template [2ms]
2024-01-15 17:27:30.050 [info] > git for-each-ref --format=%(refname)%00%(upstream:short)%00%(objectname)%00%(upstream:track)%00%(upstream:remotename)%00%(upstream:remoteref) refs/heads/main refs/remotes/main [1ms]
2024-01-15 17:27:30.076 [info] > git status -z -uall [2ms]
2024-01-15 17:27:30.125 [info] > git ls-files --stage -- /home/devdragon/workspace/python/FastApliLearn/conect_data_base/client.py [2ms]
2024-01-15 17:27:30.144 [info] > git cat-file -s bd906053507b41ed77cdc13fe0eac944bcdfc3e2 [1ms]
2024-01-15 17:27:30.171 [info] > git show --textconv :conect_data_base/client.py [3ms]
2024-01-15 17:27:32.232 [info] > git show --textconv :conect_data_base/client.py [28ms]
2024-01-15 17:27:32.232 [info] > git ls-files --stage -- /home/devdragon/workspace/python/FastApliLearn/conect_data_base/client.py [6ms]
2024-01-15 17:27:32.257 [info] > git cat-file -s bd906053507b41ed77cdc13fe0eac944bcdfc3e2 [3ms]
2024-01-15 17:27:43.891 [info] > git config --get commit.template [1ms]
2024-01-15 17:27:43.914 [info] > git for-each-ref --format=%(refname)%00%(upstream:short)%00%(objectname)%00%(upstream:track)%00%(upstream:remotename)%00%(upstream:remoteref) refs/heads/main refs/remotes/main [3ms]
2024-01-15 17:27:43.939 [info] > git status -z -uall [4ms]
2024-01-15 17:27:59.899 [info] > git config --get commit.template [19ms]
2024-01-15 17:27:59.901 [info] > git for-each-ref --format=%(refname)%00%(upstream:short)%00%(objectname)%00%(upstream:track)%00%(upstream:remotename)%00%(upstream:remoteref) refs/heads/main refs/remotes/main [3ms]
2024-01-15 17:27:59.920 [info] > git status -z -uall [2ms]
2024-01-15 17:28:21.045 [info] > git config --get commit.template [17ms]
2024-01-15 17:28:21.046 [info] > git for-each-ref --format=%(refname)%00%(upstream:short)%00%(objectname)%00%(upstream:track)%00%(upstream:remotename)%00%(upstream:remoteref) refs/heads/main refs/remotes/main [1ms]
2024-01-15 17:28:21.069 [info] > git status -z -uall [2ms]
2024-01-15 17:30:29.648 [info] > git fetch [624ms]
2024-01-15 17:30:29.696 [info] > git config --get commit.template [25ms]
2024-01-15 17:30:29.697 [info] > git for-each-ref --format=%(refname)%00%(upstream:short)%00%(objectname)%00%(upstream:track)%00%(upstream:remotename)%00%(upstream:remoteref) refs/heads/main refs/remotes/main [2ms]
2024-01-15 17:30:29.728 [info] > git status -z -uall [3ms]
