2024-01-17 12:49:40.779 [info] Nivel de registro: Info
2024-01-17 12:49:40.779 [info] La validación encontró GIT en: “git“
2024-01-17 12:49:40.779 [info] Usando GIT “2.43.0” desde “git”
2024-01-17 12:49:40.779 [info] > git rev-parse --show-toplevel [38ms]
2024-01-17 12:49:40.779 [info] > git rev-parse --git-dir --git-common-dir [36ms]
2024-01-17 12:49:40.779 [info] Open repository: /home/devdragon/.config
2024-01-17 12:49:40.821 [info] > git rev-parse --show-toplevel [8ms]
2024-01-17 12:49:40.822 [info] > git config --get commit.template [25ms]
2024-01-17 12:49:40.915 [info] > git rev-parse --show-toplevel [64ms]
2024-01-17 12:49:40.942 [info] > git for-each-ref --format=%(refname)%00%(upstream:short)%00%(objectname)%00%(upstream:track)%00%(upstream:remotename)%00%(upstream:remoteref) refs/heads/main refs/remotes/main [30ms]
2024-01-17 12:49:40.966 [info] > git rev-parse --show-toplevel [4ms]
2024-01-17 12:49:41.013 [info] > git rev-parse --show-toplevel [29ms]
2024-01-17 12:49:41.035 [info] > git rev-parse --show-toplevel [6ms]
2024-01-17 12:49:41.053 [info] > git rev-parse --show-toplevel [3ms]
2024-01-17 12:49:41.070 [info] > git rev-parse --show-toplevel [2ms]
2024-01-17 12:49:41.090 [info] > git rev-parse --show-toplevel [1ms]
2024-01-17 12:49:41.121 [info] > git rev-parse --show-toplevel [5ms]
2024-01-17 12:49:41.137 [info] > git rev-parse --show-toplevel [2ms]
2024-01-17 12:49:41.154 [info] > git rev-parse --show-toplevel [1ms]
2024-01-17 12:49:41.169 [info] > git rev-parse --show-toplevel [1ms]
2024-01-17 12:49:41.209 [info] > git rev-parse --show-toplevel [6ms]
2024-01-17 12:49:41.240 [info] > git rev-parse --show-toplevel [6ms]
2024-01-17 12:49:41.260 [info] > git rev-parse --show-toplevel [3ms]
2024-01-17 12:49:41.279 [info] > git rev-parse --show-toplevel [2ms]
2024-01-17 12:49:41.295 [info] > git rev-parse --show-toplevel [1ms]
2024-01-17 12:49:41.312 [info] > git rev-parse --show-toplevel [1ms]
2024-01-17 12:49:41.336 [info] > git rev-parse --show-toplevel [4ms]
2024-01-17 12:49:41.362 [info] > git rev-parse --show-toplevel [8ms]
2024-01-17 12:49:41.382 [info] > git rev-parse --show-toplevel [2ms]
2024-01-17 12:49:41.418 [info] > git rev-parse --show-toplevel [19ms]
2024-01-17 12:49:41.436 [info] > git rev-parse --show-toplevel [2ms]
2024-01-17 12:49:41.476 [info] > git rev-parse --show-toplevel [25ms]
2024-01-17 12:49:41.491 [info] > git rev-parse --show-toplevel [1ms]
2024-01-17 12:49:41.507 [info] > git rev-parse --show-toplevel [1ms]
2024-01-17 12:49:41.534 [info] > git rev-parse --show-toplevel [8ms]
2024-01-17 12:49:41.559 [info] > git rev-parse --show-toplevel [1ms]
2024-01-17 12:49:41.585 [info] > git rev-parse --show-toplevel [2ms]
2024-01-17 12:49:41.605 [info] > git rev-parse --show-toplevel [4ms]
2024-01-17 12:49:41.627 [info] > git rev-parse --show-toplevel [6ms]
2024-01-17 12:49:41.667 [info] > git status -z -uall [666ms]
2024-01-17 12:49:41.668 [info] > git rev-parse --show-toplevel [11ms]
2024-01-17 12:49:42.700 [info] > git fetch [1925ms]
2024-01-17 12:49:42.700 [info] Auto packing the repository in background for optimum performance.
See "git help gc" for manual housekeeping.
2024-01-17 12:49:42.902 [info] > git config --get commit.template [203ms]
2024-01-17 12:49:43.062 [info] > git config --get commit.template [177ms]
2024-01-17 12:49:43.984 [info] > git for-each-ref --format=%(refname)%00%(upstream:short)%00%(objectname)%00%(upstream:track)%00%(upstream:remotename)%00%(upstream:remoteref) refs/heads/main refs/remotes/main [901ms]
2024-01-17 12:49:44.006 [warning] ENOENT: no such file or directory, open '/home/devdragon/.config/.git/refs/remotes/origin/main'
2024-01-17 12:49:44.007 [info] > git for-each-ref --format=%(refname)%00%(upstream:short)%00%(objectname)%00%(upstream:track)%00%(upstream:remotename)%00%(upstream:remoteref) refs/heads/main refs/remotes/main [26ms]
2024-01-17 12:49:44.023 [warning] ENOENT: no such file or directory, open '/home/devdragon/.config/.git/refs/remotes/origin/main'
2024-01-17 12:49:44.024 [info] > git rev-parse refs/remotes/origin/main [19ms]
2024-01-17 12:49:44.029 [info] > git rev-parse refs/remotes/origin/main [6ms]
2024-01-17 12:49:44.380 [info] > git config --local branch.main.github-pr-owner-number [140ms]
2024-01-17 12:49:44.661 [info] > git status -z -uall [613ms]
2024-01-17 12:49:45.957 [info] > git config --local branch.main.github-pr-owner-number [48ms]
2024-01-17 12:49:55.170 [info] > git config --get commit.template [17ms]
2024-01-17 12:49:55.171 [info] > git for-each-ref --format=%(refname)%00%(upstream:short)%00%(objectname)%00%(upstream:track)%00%(upstream:remotename)%00%(upstream:remoteref) refs/heads/main refs/remotes/main [1ms]
2024-01-17 12:49:55.188 [warning] ENOENT: no such file or directory, open '/home/devdragon/.config/.git/refs/remotes/origin/main'
2024-01-17 12:49:55.188 [info] > git rev-parse refs/remotes/origin/main [1ms]
2024-01-17 12:49:55.713 [info] > git status -z -uall [509ms]
2024-01-17 12:50:02.187 [info] > git config --get commit.template [160ms]
2024-01-17 12:50:02.244 [info] > git for-each-ref --format=%(refname)%00%(upstream:short)%00%(objectname)%00%(upstream:track)%00%(upstream:remotename)%00%(upstream:remoteref) refs/heads/main refs/remotes/main [4ms]
2024-01-17 12:50:02.266 [warning] ENOENT: no such file or directory, open '/home/devdragon/.config/.git/refs/remotes/origin/main'
2024-01-17 12:50:02.268 [info] > git rev-parse refs/remotes/origin/main [2ms]
2024-01-17 12:50:02.827 [info] > git status -z -uall [539ms]
2024-01-17 12:50:09.837 [info] Nivel de registro: Info
2024-01-17 12:50:09.838 [info] La validación encontró GIT en: “git“
2024-01-17 12:50:09.838 [info] Usando GIT “2.43.0” desde “git”
2024-01-17 12:50:09.838 [info] > git rev-parse --show-toplevel [10ms]
2024-01-17 12:50:11.958 [info] > git rev-parse --git-dir --git-common-dir [915ms]
2024-01-17 12:50:11.994 [info] Open repository: /home/devdragon/.config
2024-01-17 12:50:12.499 [info] > git rev-parse --show-toplevel [60ms]
2024-01-17 12:50:12.500 [info] > git config --get commit.template [84ms]
2024-01-17 12:50:12.611 [info] > git fetch [617ms]
2024-01-17 12:50:12.611 [info] Auto packing the repository in background for optimum performance.
See "git help gc" for manual housekeeping.
2024-01-17 12:50:12.679 [info] > git rev-parse --show-toplevel [72ms]
2024-01-17 12:50:12.703 [info] > git config --get commit.template [24ms]
2024-01-17 12:50:12.705 [info] > git for-each-ref --format=%(refname)%00%(upstream:short)%00%(objectname)%00%(upstream:track)%00%(upstream:remotename)%00%(upstream:remoteref) refs/heads/main refs/remotes/main [66ms]
2024-01-17 12:50:12.748 [warning] ENOENT: no such file or directory, open '/home/devdragon/.config/.git/refs/remotes/origin/main'
2024-01-17 12:50:12.749 [info] > git rev-parse --show-toplevel [49ms]
2024-01-17 12:50:12.799 [info] > git rev-parse refs/remotes/origin/main [51ms]
2024-01-17 12:50:12.850 [info] > git rev-parse --show-toplevel [54ms]
2024-01-17 12:50:12.850 [info] > git for-each-ref --format=%(refname)%00%(upstream:short)%00%(objectname)%00%(upstream:track)%00%(upstream:remotename)%00%(upstream:remoteref) refs/heads/main refs/remotes/main [81ms]
2024-01-17 12:50:12.894 [warning] ENOENT: no such file or directory, open '/home/devdragon/.config/.git/refs/remotes/origin/main'
2024-01-17 12:50:12.894 [info] > git config --get commit.template [48ms]
2024-01-17 12:50:12.897 [info] > git rev-parse refs/remotes/origin/main [4ms]
2024-01-17 12:50:12.899 [info] > git rev-parse --show-toplevel [27ms]
2024-01-17 12:50:12.984 [info] > git rev-parse --show-toplevel [17ms]
2024-01-17 12:50:12.984 [info] > git for-each-ref --format=%(refname)%00%(upstream:short)%00%(objectname)%00%(upstream:track)%00%(upstream:remotename)%00%(upstream:remoteref) refs/heads/main refs/remotes/main [35ms]
2024-01-17 12:50:13.073 [warning] ENOENT: no such file or directory, open '/home/devdragon/.config/.git/refs/remotes/origin/main'
2024-01-17 12:50:13.121 [info] > git rev-parse refs/remotes/origin/main [48ms]
2024-01-17 12:50:13.140 [info] > git rev-parse --show-toplevel [84ms]
2024-01-17 12:50:13.221 [info] > git rev-parse --show-toplevel [37ms]
2024-01-17 12:50:13.270 [info] > git rev-parse --show-toplevel [8ms]
2024-01-17 12:50:13.293 [info] > git rev-parse --show-toplevel [1ms]
2024-01-17 12:50:13.332 [info] > git rev-parse --show-toplevel [17ms]
2024-01-17 12:50:13.360 [info] > git rev-parse --show-toplevel [3ms]
2024-01-17 12:50:13.406 [info] > git rev-parse --show-toplevel [7ms]
2024-01-17 12:50:13.463 [info] > git rev-parse --show-toplevel [9ms]
2024-01-17 12:50:13.499 [info] > git rev-parse --show-toplevel [4ms]
2024-01-17 12:50:13.522 [info] > git rev-parse --show-toplevel [4ms]
2024-01-17 12:50:13.618 [info] > git rev-parse --show-toplevel [36ms]
2024-01-17 12:50:13.698 [info] > git rev-parse --show-toplevel [38ms]
2024-01-17 12:50:13.819 [info] > git rev-parse --show-toplevel [7ms]
2024-01-17 12:50:13.846 [info] > git rev-parse --show-toplevel [6ms]
2024-01-17 12:50:13.872 [info] > git status -z -uall [733ms]
2024-01-17 12:50:14.997 [info] > git rev-parse --show-toplevel [1132ms]
2024-01-17 12:50:15.086 [info] > git rev-parse --show-toplevel [18ms]
2024-01-17 12:50:15.113 [info] > git rev-parse --show-toplevel [6ms]
2024-01-17 12:50:15.138 [info] > git rev-parse --show-toplevel [2ms]
2024-01-17 12:50:15.168 [info] > git rev-parse --show-toplevel [2ms]
2024-01-17 12:50:15.247 [info] > git rev-parse --show-toplevel [48ms]
2024-01-17 12:50:15.291 [info] > git merge-base refs/heads/main refs/remotes/origin/main [45ms]
2024-01-17 12:50:15.363 [info] > git rev-list --count --left-right refs/heads/main...refs/remotes/origin/main [19ms]
2024-01-17 12:50:15.364 [info] > git rev-parse --show-toplevel [75ms]
2024-01-17 12:50:15.399 [info] > git rev-parse --show-toplevel [4ms]
2024-01-17 12:50:15.424 [info] > git rev-parse --show-toplevel [2ms]
2024-01-17 12:50:15.452 [info] > git rev-parse --show-toplevel [1ms]
2024-01-17 12:50:15.491 [info] > git rev-parse --show-toplevel [9ms]
2024-01-17 12:50:15.516 [info] > git rev-parse --show-toplevel [1ms]
2024-01-17 12:50:16.106 [info] > git config --get commit.template [1ms]
2024-01-17 12:50:16.128 [info] > git for-each-ref --format=%(refname)%00%(upstream:short)%00%(objectname)%00%(upstream:track)%00%(upstream:remotename)%00%(upstream:remoteref) refs/heads/main refs/remotes/main [1ms]
2024-01-17 12:50:16.150 [warning] ENOENT: no such file or directory, open '/home/devdragon/.config/.git/refs/remotes/origin/main'
2024-01-17 12:50:16.152 [info] > git rev-parse refs/remotes/origin/main [3ms]
2024-01-17 12:50:17.137 [info] > git check-ignore -v -z --stdin [282ms]
2024-01-17 12:50:17.138 [info] > git config --local branch.main.github-pr-owner-number [207ms]
2024-01-17 12:50:17.371 [info] > git status -z -uall [1192ms]
2024-01-17 12:50:20.189 [info] > git check-ignore -v -z --stdin [24ms]
2024-01-17 12:50:24.895 [info] > git config --get commit.template [3ms]
2024-01-17 12:50:24.922 [info] > git for-each-ref --format=%(refname)%00%(upstream:short)%00%(objectname)%00%(upstream:track)%00%(upstream:remotename)%00%(upstream:remoteref) refs/heads/main refs/remotes/main [1ms]
2024-01-17 12:50:24.944 [warning] ENOENT: no such file or directory, open '/home/devdragon/.config/.git/refs/remotes/origin/main'
2024-01-17 12:50:24.946 [info] > git rev-parse refs/remotes/origin/main [2ms]
2024-01-17 12:50:25.587 [info] > git status -z -uall [619ms]
2024-01-17 12:50:30.767 [info] > git config --get commit.template [2ms]
2024-01-17 12:50:30.809 [info] > git for-each-ref --format=%(refname)%00%(upstream:short)%00%(objectname)%00%(upstream:track)%00%(upstream:remotename)%00%(upstream:remoteref) refs/heads/main refs/remotes/main [7ms]
2024-01-17 12:50:30.836 [warning] ENOENT: no such file or directory, open '/home/devdragon/.config/.git/refs/remotes/origin/main'
2024-01-17 12:50:30.838 [info] > git rev-parse refs/remotes/origin/main [1ms]
2024-01-17 12:50:31.465 [info] > git status -z -uall [600ms]
2024-01-17 12:50:33.843 [info] > git check-ignore -v -z --stdin [5ms]
2024-01-17 12:50:35.406 [info] > git check-ignore -v -z --stdin [9ms]
2024-01-17 12:50:36.699 [info] > git config --get commit.template [3ms]
2024-01-17 12:50:36.732 [info] > git for-each-ref --format=%(refname)%00%(upstream:short)%00%(objectname)%00%(upstream:track)%00%(upstream:remotename)%00%(upstream:remoteref) refs/heads/main refs/remotes/main [2ms]
2024-01-17 12:50:36.758 [warning] ENOENT: no such file or directory, open '/home/devdragon/.config/.git/refs/remotes/origin/main'
2024-01-17 12:50:36.759 [info] > git rev-parse refs/remotes/origin/main [2ms]
2024-01-17 12:50:37.351 [info] > git status -z -uall [567ms]
2024-01-17 12:50:41.969 [info] > git check-ignore -v -z --stdin [15ms]
2024-01-17 12:50:42.538 [info] > git config --get commit.template [4ms]
2024-01-17 12:50:42.572 [info] > git for-each-ref --format=%(refname)%00%(upstream:short)%00%(objectname)%00%(upstream:track)%00%(upstream:remotename)%00%(upstream:remoteref) refs/heads/main refs/remotes/main [2ms]
2024-01-17 12:50:42.603 [warning] ENOENT: no such file or directory, open '/home/devdragon/.config/.git/refs/remotes/origin/main'
2024-01-17 12:50:42.608 [info] > git rev-parse refs/remotes/origin/main [5ms]
2024-01-17 12:50:43.219 [info] > git check-ignore -v -z --stdin [17ms]
2024-01-17 12:50:43.223 [info] > git status -z -uall [587ms]
2024-01-17 12:50:44.425 [info] > git check-ignore -v -z --stdin [27ms]
2024-01-17 12:50:44.977 [info] > git check-ignore -v -z --stdin [14ms]
2024-01-17 12:50:45.562 [info] > git check-ignore -v -z --stdin [11ms]
2024-01-17 12:50:46.468 [info] > git check-ignore -v -z --stdin [9ms]
2024-01-17 12:50:48.401 [info] > git config --get commit.template [2ms]
2024-01-17 12:50:48.428 [info] > git for-each-ref --format=%(refname)%00%(upstream:short)%00%(objectname)%00%(upstream:track)%00%(upstream:remotename)%00%(upstream:remoteref) refs/heads/main refs/remotes/main [1ms]
2024-01-17 12:50:48.460 [warning] ENOENT: no such file or directory, open '/home/devdragon/.config/.git/refs/remotes/origin/main'
2024-01-17 12:50:48.464 [info] > git rev-parse refs/remotes/origin/main [4ms]
2024-01-17 12:50:48.874 [info] > git check-ignore -v -z --stdin [23ms]
2024-01-17 12:50:49.052 [info] > git status -z -uall [549ms]
2024-01-17 12:50:51.239 [info] > git check-ignore -v -z --stdin [3ms]
2024-01-17 12:50:54.252 [info] > git config --get commit.template [33ms]
2024-01-17 12:50:54.253 [info] > git for-each-ref --format=%(refname)%00%(upstream:short)%00%(objectname)%00%(upstream:track)%00%(upstream:remotename)%00%(upstream:remoteref) refs/heads/main refs/remotes/main [2ms]
2024-01-17 12:50:54.283 [warning] ENOENT: no such file or directory, open '/home/devdragon/.config/.git/refs/remotes/origin/main'
2024-01-17 12:50:54.284 [info] > git rev-parse refs/remotes/origin/main [2ms]
2024-01-17 12:50:54.860 [info] > git status -z -uall [548ms]
2024-01-17 12:51:00.063 [info] > git config --get commit.template [2ms]
2024-01-17 12:51:00.096 [info] > git for-each-ref --format=%(refname)%00%(upstream:short)%00%(objectname)%00%(upstream:track)%00%(upstream:remotename)%00%(upstream:remoteref) refs/heads/main refs/remotes/main [2ms]
2024-01-17 12:51:00.127 [warning] ENOENT: no such file or directory, open '/home/devdragon/.config/.git/refs/remotes/origin/main'
2024-01-17 12:51:00.129 [info] > git rev-parse refs/remotes/origin/main [2ms]
2024-01-17 12:51:00.709 [info] > git status -z -uall [551ms]
2024-01-17 12:51:05.885 [info] > git config --get commit.template [2ms]
2024-01-17 12:51:05.917 [info] > git for-each-ref --format=%(refname)%00%(upstream:short)%00%(objectname)%00%(upstream:track)%00%(upstream:remotename)%00%(upstream:remoteref) refs/heads/main refs/remotes/main [1ms]
2024-01-17 12:51:05.946 [warning] ENOENT: no such file or directory, open '/home/devdragon/.config/.git/refs/remotes/origin/main'
2024-01-17 12:51:05.947 [info] > git rev-parse refs/remotes/origin/main [2ms]
2024-01-17 12:51:06.522 [info] > git status -z -uall [546ms]
2024-01-17 12:51:11.681 [info] > git config --get commit.template [2ms]
2024-01-17 12:51:11.719 [info] > git for-each-ref --format=%(refname)%00%(upstream:short)%00%(objectname)%00%(upstream:track)%00%(upstream:remotename)%00%(upstream:remoteref) refs/heads/main refs/remotes/main [1ms]
2024-01-17 12:51:11.753 [warning] ENOENT: no such file or directory, open '/home/devdragon/.config/.git/refs/remotes/origin/main'
2024-01-17 12:51:11.755 [info] > git rev-parse refs/remotes/origin/main [2ms]
2024-01-17 12:51:12.327 [info] > git status -z -uall [541ms]
2024-01-17 12:51:14.962 [info] > git show --textconv :.gitignore [70ms]
2024-01-17 12:51:14.963 [info] > git ls-files --stage -- /home/devdragon/.config/.gitignore [32ms]
2024-01-17 12:51:14.967 [info] > git check-ignore -v -z --stdin [5ms]
2024-01-17 12:51:22.811 [info] > git config --get commit.template [4ms]
2024-01-17 12:51:22.859 [info] > git for-each-ref --format=%(refname)%00%(upstream:short)%00%(objectname)%00%(upstream:track)%00%(upstream:remotename)%00%(upstream:remoteref) refs/heads/main refs/remotes/main [8ms]
2024-01-17 12:51:22.915 [warning] ENOENT: no such file or directory, open '/home/devdragon/.config/.git/refs/remotes/origin/main'
2024-01-17 12:51:22.918 [info] > git rev-parse refs/remotes/origin/main [3ms]
2024-01-17 12:51:23.576 [info] > git status -z -uall [629ms]
2024-01-17 12:51:26.343 [info] > git check-ignore -v -z --stdin [11ms]
2024-01-17 12:51:27.443 [info] > git check-ignore -v -z --stdin [16ms]
2024-01-17 12:51:28.590 [info] > git check-ignore -v -z --stdin [7ms]
2024-01-17 12:51:32.655 [info] > git check-ignore -v -z --stdin [11ms]
2024-01-17 12:51:41.201 [info] > git check-ignore -v -z --stdin [8ms]
2024-01-17 12:51:43.835 [info] > git check-ignore -v -z --stdin [9ms]
2024-01-17 12:51:45.215 [info] > git config --get commit.template [3ms]
2024-01-17 12:51:45.253 [info] > git for-each-ref --format=%(refname)%00%(upstream:short)%00%(objectname)%00%(upstream:track)%00%(upstream:remotename)%00%(upstream:remoteref) refs/heads/main refs/remotes/main [3ms]
2024-01-17 12:51:45.285 [warning] ENOENT: no such file or directory, open '/home/devdragon/.config/.git/refs/remotes/origin/main'
2024-01-17 12:51:45.287 [info] > git rev-parse refs/remotes/origin/main [2ms]
2024-01-17 12:51:45.872 [info] > git status -z -uall [550ms]
2024-01-17 12:51:51.046 [info] > git config --get commit.template [1ms]
2024-01-17 12:51:51.078 [info] > git for-each-ref --format=%(refname)%00%(upstream:short)%00%(objectname)%00%(upstream:track)%00%(upstream:remotename)%00%(upstream:remoteref) refs/heads/main refs/remotes/main [1ms]
2024-01-17 12:51:51.109 [warning] ENOENT: no such file or directory, open '/home/devdragon/.config/.git/refs/remotes/origin/main'
2024-01-17 12:51:51.110 [info] > git rev-parse refs/remotes/origin/main [1ms]
2024-01-17 12:51:51.716 [info] > git status -z -uall [577ms]
2024-01-17 12:51:53.441 [info] > git ls-files --stage -- /home/devdragon/.config/.gitignore [6ms]
2024-01-17 12:51:53.483 [info] > git show --textconv :.gitignore [4ms]
2024-01-17 12:51:56.894 [info] > git config --get commit.template [1ms]
2024-01-17 12:51:56.931 [info] > git for-each-ref --format=%(refname)%00%(upstream:short)%00%(objectname)%00%(upstream:track)%00%(upstream:remotename)%00%(upstream:remoteref) refs/heads/main refs/remotes/main [2ms]
2024-01-17 12:51:56.966 [warning] ENOENT: no such file or directory, open '/home/devdragon/.config/.git/refs/remotes/origin/main'
2024-01-17 12:51:56.967 [info] > git rev-parse refs/remotes/origin/main [1ms]
2024-01-17 12:51:57.633 [info] > git status -z -uall [632ms]
2024-01-17 12:52:29.896 [info] > git config --get commit.template [22ms]
2024-01-17 12:52:29.897 [info] > git for-each-ref --format=%(refname)%00%(upstream:short)%00%(objectname)%00%(upstream:track)%00%(upstream:remotename)%00%(upstream:remoteref) refs/heads/main refs/remotes/main [2ms]
2024-01-17 12:52:29.916 [warning] ENOENT: no such file or directory, open '/home/devdragon/.config/.git/refs/remotes/origin/main'
2024-01-17 12:52:29.917 [info] > git rev-parse refs/remotes/origin/main [1ms]
2024-01-17 12:52:30.666 [info] > git status -z -uall [729ms]
2024-01-17 12:52:35.872 [info] > git config --get commit.template [3ms]
2024-01-17 12:52:35.900 [info] > git for-each-ref --format=%(refname)%00%(upstream:short)%00%(objectname)%00%(upstream:track)%00%(upstream:remotename)%00%(upstream:remoteref) refs/heads/main refs/remotes/main [2ms]
2024-01-17 12:52:35.922 [warning] ENOENT: no such file or directory, open '/home/devdragon/.config/.git/refs/remotes/origin/main'
2024-01-17 12:52:35.923 [info] > git rev-parse refs/remotes/origin/main [1ms]
2024-01-17 12:52:36.559 [info] > git status -z -uall [616ms]
2024-01-17 12:52:41.039 [info] > git check-ignore -v -z --stdin [8ms]
2024-01-17 12:52:41.743 [info] > git config --get commit.template [21ms]
2024-01-17 12:52:41.744 [info] > git for-each-ref --format=%(refname)%00%(upstream:short)%00%(objectname)%00%(upstream:track)%00%(upstream:remotename)%00%(upstream:remoteref) refs/heads/main refs/remotes/main [2ms]
2024-01-17 12:52:41.764 [warning] ENOENT: no such file or directory, open '/home/devdragon/.config/.git/refs/remotes/origin/main'
2024-01-17 12:52:41.766 [info] > git rev-parse refs/remotes/origin/main [2ms]
2024-01-17 12:52:42.407 [info] > git status -z -uall [621ms]
2024-01-17 12:52:47.578 [info] > git config --get commit.template [2ms]
2024-01-17 12:52:47.609 [info] > git for-each-ref --format=%(refname)%00%(upstream:short)%00%(objectname)%00%(upstream:track)%00%(upstream:remotename)%00%(upstream:remoteref) refs/heads/main refs/remotes/main [3ms]
2024-01-17 12:52:47.633 [warning] ENOENT: no such file or directory, open '/home/devdragon/.config/.git/refs/remotes/origin/main'
2024-01-17 12:52:47.635 [info] > git rev-parse refs/remotes/origin/main [2ms]
2024-01-17 12:52:48.255 [info] > git status -z -uall [601ms]
2024-01-17 12:52:53.458 [info] > git config --get commit.template [25ms]
2024-01-17 12:52:53.460 [info] > git for-each-ref --format=%(refname)%00%(upstream:short)%00%(objectname)%00%(upstream:track)%00%(upstream:remotename)%00%(upstream:remoteref) refs/heads/main refs/remotes/main [3ms]
2024-01-17 12:52:53.485 [warning] ENOENT: no such file or directory, open '/home/devdragon/.config/.git/refs/remotes/origin/main'
2024-01-17 12:52:53.487 [info] > git rev-parse refs/remotes/origin/main [2ms]
2024-01-17 12:52:54.120 [info] > git status -z -uall [610ms]
2024-01-17 12:52:57.624 [info] > git check-ignore -v -z --stdin [8ms]
2024-01-17 12:53:02.960 [info] > git config --get commit.template [27ms]
2024-01-17 12:53:02.960 [info] > git for-each-ref --format=%(refname)%00%(upstream:short)%00%(objectname)%00%(upstream:track)%00%(upstream:remotename)%00%(upstream:remoteref) refs/heads/main refs/remotes/main [2ms]
2024-01-17 12:53:02.992 [warning] ENOENT: no such file or directory, open '/home/devdragon/.config/.git/refs/remotes/origin/main'
2024-01-17 12:53:02.994 [info] > git rev-parse refs/remotes/origin/main [2ms]
2024-01-17 12:53:03.632 [info] > git status -z -uall [610ms]
2024-01-17 12:53:06.083 [info] > git check-ignore -v -z --stdin [11ms]
2024-01-17 12:53:09.200 [info] > git config --get commit.template [1ms]
2024-01-17 12:53:09.227 [info] > git for-each-ref --format=%(refname)%00%(upstream:short)%00%(objectname)%00%(upstream:track)%00%(upstream:remotename)%00%(upstream:remoteref) refs/heads/main refs/remotes/main [4ms]
2024-01-17 12:53:09.253 [warning] ENOENT: no such file or directory, open '/home/devdragon/.config/.git/refs/remotes/origin/main'
2024-01-17 12:53:09.255 [info] > git rev-parse refs/remotes/origin/main [3ms]
2024-01-17 12:53:09.895 [info] > git status -z -uall [617ms]
2024-01-17 12:53:13.338 [info] > git check-ignore -v -z --stdin [10ms]
2024-01-17 12:53:13.483 [info] > git fetch [548ms]
2024-01-17 12:53:13.510 [info] > git config --get commit.template [0ms]
2024-01-17 12:53:13.534 [info] > git for-each-ref --format=%(refname)%00%(upstream:short)%00%(objectname)%00%(upstream:track)%00%(upstream:remotename)%00%(upstream:remoteref) refs/heads/main refs/remotes/main [2ms]
2024-01-17 12:53:13.561 [warning] ENOENT: no such file or directory, open '/home/devdragon/.config/.git/refs/remotes/origin/main'
2024-01-17 12:53:13.564 [info] > git rev-parse refs/remotes/origin/main [2ms]
2024-01-17 12:53:14.234 [info] > git status -z -uall [641ms]
2024-01-17 12:53:15.262 [info] > git config --get commit.template [2ms]
2024-01-17 12:53:15.284 [info] > git for-each-ref --format=%(refname)%00%(upstream:short)%00%(objectname)%00%(upstream:track)%00%(upstream:remotename)%00%(upstream:remoteref) refs/heads/main refs/remotes/main [2ms]
2024-01-17 12:53:15.306 [warning] ENOENT: no such file or directory, open '/home/devdragon/.config/.git/refs/remotes/origin/main'
2024-01-17 12:53:15.307 [info] > git rev-parse refs/remotes/origin/main [1ms]
2024-01-17 12:53:15.750 [info] > git ls-files --stage -- /home/devdragon/.config/.gitignore [4ms]
2024-01-17 12:53:15.783 [info] > git show --textconv :.gitignore [2ms]
2024-01-17 12:53:15.960 [info] > git status -z -uall [630ms]
2024-01-17 12:53:19.364 [info] > git check-ignore -v -z --stdin [11ms]
2024-01-17 12:53:21.127 [info] > git config --get commit.template [2ms]
2024-01-17 12:53:21.150 [info] > git for-each-ref --format=%(refname)%00%(upstream:short)%00%(objectname)%00%(upstream:track)%00%(upstream:remotename)%00%(upstream:remoteref) refs/heads/main refs/remotes/main [2ms]
2024-01-17 12:53:21.170 [warning] ENOENT: no such file or directory, open '/home/devdragon/.config/.git/refs/remotes/origin/main'
2024-01-17 12:53:21.171 [info] > git rev-parse refs/remotes/origin/main [1ms]
2024-01-17 12:53:21.844 [info] > git status -z -uall [652ms]
2024-01-17 12:53:22.914 [info] > git check-ignore -v -z --stdin [13ms]
2024-01-17 12:53:27.009 [info] > git config --get commit.template [1ms]
2024-01-17 12:53:27.038 [info] > git for-each-ref --format=%(refname)%00%(upstream:short)%00%(objectname)%00%(upstream:track)%00%(upstream:remotename)%00%(upstream:remoteref) refs/heads/main refs/remotes/main [0ms]
2024-01-17 12:53:27.061 [warning] ENOENT: no such file or directory, open '/home/devdragon/.config/.git/refs/remotes/origin/main'
2024-01-17 12:53:27.064 [info] > git rev-parse refs/remotes/origin/main [3ms]
2024-01-17 12:53:27.755 [info] > git status -z -uall [666ms]
2024-01-17 12:53:31.793 [info] > git check-ignore -v -z --stdin [60ms]
2024-01-17 12:53:32.967 [info] > git config --get commit.template [27ms]
2024-01-17 12:53:32.968 [info] > git for-each-ref --format=%(refname)%00%(upstream:short)%00%(objectname)%00%(upstream:track)%00%(upstream:remotename)%00%(upstream:remoteref) refs/heads/main refs/remotes/main [2ms]
2024-01-17 12:53:33.000 [warning] ENOENT: no such file or directory, open '/home/devdragon/.config/.git/refs/remotes/origin/main'
2024-01-17 12:53:33.001 [info] > git rev-parse refs/remotes/origin/main [2ms]
2024-01-17 12:53:33.663 [info] > git status -z -uall [632ms]
2024-01-17 12:53:34.762 [info] > git check-ignore -v -z --stdin [928ms]
2024-01-17 12:53:38.842 [info] > git config --get commit.template [2ms]
2024-01-17 12:53:38.867 [info] > git for-each-ref --format=%(refname)%00%(upstream:short)%00%(objectname)%00%(upstream:track)%00%(upstream:remotename)%00%(upstream:remoteref) refs/heads/main refs/remotes/main [2ms]
2024-01-17 12:53:38.890 [warning] ENOENT: no such file or directory, open '/home/devdragon/.config/.git/refs/remotes/origin/main'
2024-01-17 12:53:38.892 [info] > git rev-parse refs/remotes/origin/main [1ms]
2024-01-17 12:53:39.525 [info] > git status -z -uall [612ms]
2024-01-17 12:53:43.092 [info] > git check-ignore -v -z --stdin [11ms]
2024-01-17 12:53:45.849 [info] > git check-ignore -v -z --stdin [9ms]
2024-01-17 12:53:50.232 [info] > git check-ignore -v -z --stdin [17ms]
2024-01-17 12:53:52.744 [info] > git check-ignore -v -z --stdin [9ms]
2024-01-17 12:53:56.503 [info] > git config --get commit.template [23ms]
2024-01-17 12:53:56.504 [info] > git for-each-ref --format=%(refname)%00%(upstream:short)%00%(objectname)%00%(upstream:track)%00%(upstream:remotename)%00%(upstream:remoteref) refs/heads/main refs/remotes/main [2ms]
2024-01-17 12:53:56.526 [warning] ENOENT: no such file or directory, open '/home/devdragon/.config/.git/refs/remotes/origin/main'
2024-01-17 12:53:56.527 [info] > git rev-parse refs/remotes/origin/main [1ms]
2024-01-17 12:53:56.840 [info] > git check-ignore -v -z --stdin [8ms]
2024-01-17 12:53:57.163 [info] > git status -z -uall [613ms]
2024-01-17 12:53:58.821 [info] > git check-ignore -v -z --stdin [14ms]
2024-01-17 12:53:59.921 [info] > git check-ignore -v -z --stdin [3ms]
2024-01-17 12:54:02.329 [info] > git config --get commit.template [1ms]
2024-01-17 12:54:02.356 [info] > git for-each-ref --format=%(refname)%00%(upstream:short)%00%(objectname)%00%(upstream:track)%00%(upstream:remotename)%00%(upstream:remoteref) refs/heads/main refs/remotes/main [1ms]
2024-01-17 12:54:02.386 [warning] ENOENT: no such file or directory, open '/home/devdragon/.config/.git/refs/remotes/origin/main'
2024-01-17 12:54:02.388 [info] > git rev-parse refs/remotes/origin/main [2ms]
2024-01-17 12:54:03.019 [info] > git status -z -uall [608ms]
2024-01-17 12:54:06.950 [info] > git check-ignore -v -z --stdin [12ms]
2024-01-17 12:54:08.197 [info] > git config --get commit.template [1ms]
2024-01-17 12:54:08.227 [info] > git for-each-ref --format=%(refname)%00%(upstream:short)%00%(objectname)%00%(upstream:track)%00%(upstream:remotename)%00%(upstream:remoteref) refs/heads/main refs/remotes/main [2ms]
2024-01-17 12:54:08.252 [warning] ENOENT: no such file or directory, open '/home/devdragon/.config/.git/refs/remotes/origin/main'
2024-01-17 12:54:08.253 [info] > git rev-parse refs/remotes/origin/main [1ms]
2024-01-17 12:54:08.889 [info] > git status -z -uall [607ms]
2024-01-17 12:54:12.519 [info] > git check-ignore -v -z --stdin [25ms]
2024-01-17 12:54:14.094 [info] > git config --get commit.template [31ms]
2024-01-17 12:54:14.095 [info] > git for-each-ref --format=%(refname)%00%(upstream:short)%00%(objectname)%00%(upstream:track)%00%(upstream:remotename)%00%(upstream:remoteref) refs/heads/main refs/remotes/main [2ms]
2024-01-17 12:54:14.120 [warning] ENOENT: no such file or directory, open '/home/devdragon/.config/.git/refs/remotes/origin/main'
2024-01-17 12:54:14.122 [info] > git rev-parse refs/remotes/origin/main [2ms]
2024-01-17 12:54:14.753 [info] > git status -z -uall [603ms]
2024-01-17 12:54:19.917 [info] > git config --get commit.template [1ms]
2024-01-17 12:54:19.946 [info] > git for-each-ref --format=%(refname)%00%(upstream:short)%00%(objectname)%00%(upstream:track)%00%(upstream:remotename)%00%(upstream:remoteref) refs/heads/main refs/remotes/main [2ms]
2024-01-17 12:54:19.969 [warning] ENOENT: no such file or directory, open '/home/devdragon/.config/.git/refs/remotes/origin/main'
2024-01-17 12:54:19.970 [info] > git rev-parse refs/remotes/origin/main [2ms]
2024-01-17 12:54:20.644 [info] > git status -z -uall [652ms]
2024-01-17 12:54:23.080 [info] > git check-ignore -v -z --stdin [11ms]
2024-01-17 12:54:24.209 [info] > git check-ignore -v -z --stdin [7ms]
2024-01-17 12:54:25.746 [info] > git check-ignore -v -z --stdin [7ms]
2024-01-17 12:54:25.836 [info] > git config --get commit.template [1ms]
2024-01-17 12:54:25.873 [info] > git for-each-ref --format=%(refname)%00%(upstream:short)%00%(objectname)%00%(upstream:track)%00%(upstream:remotename)%00%(upstream:remoteref) refs/heads/main refs/remotes/main [2ms]
2024-01-17 12:54:25.900 [warning] ENOENT: no such file or directory, open '/home/devdragon/.config/.git/refs/remotes/origin/main'
2024-01-17 12:54:25.902 [info] > git rev-parse refs/remotes/origin/main [2ms]
2024-01-17 12:54:26.566 [info] > git status -z -uall [641ms]
2024-01-17 12:54:30.903 [info] > git check-ignore -v -z --stdin [8ms]
2024-01-17 12:54:31.728 [info] > git config --get commit.template [2ms]
2024-01-17 12:54:31.763 [info] > git for-each-ref --format=%(refname)%00%(upstream:short)%00%(objectname)%00%(upstream:track)%00%(upstream:remotename)%00%(upstream:remoteref) refs/heads/main refs/remotes/main [4ms]
2024-01-17 12:54:31.792 [warning] ENOENT: no such file or directory, open '/home/devdragon/.config/.git/refs/remotes/origin/main'
2024-01-17 12:54:31.793 [info] > git rev-parse refs/remotes/origin/main [1ms]
2024-01-17 12:54:32.437 [info] > git status -z -uall [621ms]
2024-01-17 12:54:34.845 [info] > git check-ignore -v -z --stdin [9ms]
2024-01-17 12:54:36.013 [info] > git check-ignore -v -z --stdin [9ms]
2024-01-17 12:54:37.631 [info] > git config --get commit.template [23ms]
2024-01-17 12:54:37.632 [info] > git for-each-ref --format=%(refname)%00%(upstream:short)%00%(objectname)%00%(upstream:track)%00%(upstream:remotename)%00%(upstream:remoteref) refs/heads/main refs/remotes/main [1ms]
2024-01-17 12:54:37.659 [warning] ENOENT: no such file or directory, open '/home/devdragon/.config/.git/refs/remotes/origin/main'
2024-01-17 12:54:37.661 [info] > git rev-parse refs/remotes/origin/main [2ms]
2024-01-17 12:54:38.312 [info] > git status -z -uall [624ms]
2024-01-17 12:54:43.501 [info] > git config --get commit.template [1ms]
2024-01-17 12:54:43.527 [info] > git for-each-ref --format=%(refname)%00%(upstream:short)%00%(objectname)%00%(upstream:track)%00%(upstream:remotename)%00%(upstream:remoteref) refs/heads/main refs/remotes/main [2ms]
2024-01-17 12:54:43.551 [warning] ENOENT: no such file or directory, open '/home/devdragon/.config/.git/refs/remotes/origin/main'
2024-01-17 12:54:43.554 [info] > git rev-parse refs/remotes/origin/main [2ms]
2024-01-17 12:54:44.209 [info] > git status -z -uall [633ms]
2024-01-17 12:54:45.888 [info] > git check-ignore -v -z --stdin [60ms]
2024-01-17 12:54:49.419 [info] > git config --get commit.template [27ms]
2024-01-17 12:54:49.420 [info] > git for-each-ref --format=%(refname)%00%(upstream:short)%00%(objectname)%00%(upstream:track)%00%(upstream:remotename)%00%(upstream:remoteref) refs/heads/main refs/remotes/main [2ms]
2024-01-17 12:54:49.443 [warning] ENOENT: no such file or directory, open '/home/devdragon/.config/.git/refs/remotes/origin/main'
2024-01-17 12:54:49.445 [info] > git rev-parse refs/remotes/origin/main [2ms]
2024-01-17 12:54:50.126 [info] > git status -z -uall [658ms]
2024-01-17 12:54:55.283 [info] > git config --get commit.template [2ms]
2024-01-17 12:54:55.310 [info] > git for-each-ref --format=%(refname)%00%(upstream:short)%00%(objectname)%00%(upstream:track)%00%(upstream:remotename)%00%(upstream:remoteref) refs/heads/main refs/remotes/main [3ms]
2024-01-17 12:54:55.344 [warning] ENOENT: no such file or directory, open '/home/devdragon/.config/.git/refs/remotes/origin/main'
2024-01-17 12:54:55.345 [info] > git rev-parse refs/remotes/origin/main [2ms]
2024-01-17 12:54:55.996 [info] > git status -z -uall [625ms]
2024-01-17 12:55:01.243 [info] > git check-ignore -v -z --stdin [8ms]
2024-01-17 12:55:02.513 [info] > git check-ignore -v -z --stdin [10ms]
2024-01-17 12:55:13.191 [info] > git config --local branch.main.github-pr-owner-number [1ms]
2024-01-17 12:55:13.635 [info] > git config --get commit.template [31ms]
2024-01-17 12:55:13.636 [info] > git for-each-ref --format=%(refname)%00%(upstream:short)%00%(objectname)%00%(upstream:track)%00%(upstream:remotename)%00%(upstream:remoteref) refs/heads/main refs/remotes/main [1ms]
2024-01-17 12:55:13.663 [warning] ENOENT: no such file or directory, open '/home/devdragon/.config/.git/refs/remotes/origin/main'
2024-01-17 12:55:13.664 [info] > git rev-parse refs/remotes/origin/main [1ms]
2024-01-17 12:55:14.314 [info] > git status -z -uall [623ms]
2024-01-17 12:55:19.492 [info] > git config --get commit.template [2ms]
2024-01-17 12:55:19.563 [info] > git for-each-ref --format=%(refname)%00%(upstream:short)%00%(objectname)%00%(upstream:track)%00%(upstream:remotename)%00%(upstream:remoteref) refs/heads/main refs/remotes/main [3ms]
2024-01-17 12:55:19.592 [warning] ENOENT: no such file or directory, open '/home/devdragon/.config/.git/refs/remotes/origin/main'
2024-01-17 12:55:19.593 [info] > git rev-parse refs/remotes/origin/main [1ms]
2024-01-17 12:55:20.186 [info] > git check-ignore -v -z --stdin [23ms]
2024-01-17 12:55:20.332 [info] > git status -z -uall [704ms]
2024-01-17 12:55:22.780 [info] > git check-ignore -v -z --stdin [11ms]
2024-01-17 12:55:25.494 [info] > git config --get commit.template [2ms]
2024-01-17 12:55:25.523 [info] > git for-each-ref --format=%(refname)%00%(upstream:short)%00%(objectname)%00%(upstream:track)%00%(upstream:remotename)%00%(upstream:remoteref) refs/heads/main refs/remotes/main [2ms]
2024-01-17 12:55:25.551 [warning] ENOENT: no such file or directory, open '/home/devdragon/.config/.git/refs/remotes/origin/main'
2024-01-17 12:55:25.552 [info] > git rev-parse refs/remotes/origin/main [1ms]
2024-01-17 12:55:26.192 [info] > git status -z -uall [614ms]
2024-01-17 12:55:31.349 [info] > git config --get commit.template [1ms]
2024-01-17 12:55:31.382 [info] > git for-each-ref --format=%(refname)%00%(upstream:short)%00%(objectname)%00%(upstream:track)%00%(upstream:remotename)%00%(upstream:remoteref) refs/heads/main refs/remotes/main [3ms]
2024-01-17 12:55:31.408 [warning] ENOENT: no such file or directory, open '/home/devdragon/.config/.git/refs/remotes/origin/main'
2024-01-17 12:55:31.410 [info] > git rev-parse refs/remotes/origin/main [2ms]
2024-01-17 12:55:32.043 [info] > git status -z -uall [608ms]
2024-01-17 12:55:37.216 [info] > git config --get commit.template [2ms]
2024-01-17 12:55:37.241 [info] > git for-each-ref --format=%(refname)%00%(upstream:short)%00%(objectname)%00%(upstream:track)%00%(upstream:remotename)%00%(upstream:remoteref) refs/heads/main refs/remotes/main [2ms]
2024-01-17 12:55:37.263 [warning] ENOENT: no such file or directory, open '/home/devdragon/.config/.git/refs/remotes/origin/main'
2024-01-17 12:55:37.264 [info] > git rev-parse refs/remotes/origin/main [0ms]
2024-01-17 12:55:37.968 [info] > git check-ignore -v -z --stdin [11ms]
2024-01-17 12:55:37.995 [info] > git status -z -uall [704ms]
2024-01-17 12:55:41.776 [info] > git check-ignore -v -z --stdin [10ms]
2024-01-17 12:55:46.129 [info] > git check-ignore -v -z --stdin [14ms]
2024-01-17 12:55:48.559 [info] > git check-ignore -v -z --stdin [14ms]
2024-01-17 12:55:49.687 [info] > git check-ignore -v -z --stdin [12ms]
2024-01-17 12:55:52.241 [info] > git check-ignore -v -z --stdin [12ms]
2024-01-17 12:55:55.441 [info] > git check-ignore -v -z --stdin [11ms]
2024-01-17 12:56:07.481 [info] > git check-ignore -v -z --stdin [13ms]
2024-01-17 12:56:13.111 [info] > git check-ignore -v -z --stdin [18ms]
2024-01-17 12:56:15.051 [info] > git fetch [662ms]
2024-01-17 12:56:15.075 [info] > git config --get commit.template [1ms]
2024-01-17 12:56:15.098 [info] > git for-each-ref --format=%(refname)%00%(upstream:short)%00%(objectname)%00%(upstream:track)%00%(upstream:remotename)%00%(upstream:remoteref) refs/heads/main refs/remotes/main [2ms]
2024-01-17 12:56:15.125 [warning] ENOENT: no such file or directory, open '/home/devdragon/.config/.git/refs/remotes/origin/main'
2024-01-17 12:56:15.126 [info] > git rev-parse refs/remotes/origin/main [1ms]
2024-01-17 12:56:15.761 [info] > git status -z -uall [613ms]
2024-01-17 12:56:16.904 [info] > git config --get commit.template [3ms]
2024-01-17 12:56:16.936 [info] > git for-each-ref --format=%(refname)%00%(upstream:short)%00%(objectname)%00%(upstream:track)%00%(upstream:remotename)%00%(upstream:remoteref) refs/heads/main refs/remotes/main [2ms]
2024-01-17 12:56:16.958 [warning] ENOENT: no such file or directory, open '/home/devdragon/.config/.git/refs/remotes/origin/main'
2024-01-17 12:56:16.959 [info] > git rev-parse refs/remotes/origin/main [1ms]
2024-01-17 12:56:17.497 [info] > git ls-files --stage -- /home/devdragon/.config/.gitignore [12ms]
2024-01-17 12:56:17.528 [info] > git show --textconv :.gitignore [2ms]
2024-01-17 12:56:17.686 [info] > git status -z -uall [703ms]
2024-01-17 12:56:20.168 [info] > git check-ignore -v -z --stdin [11ms]
2024-01-17 12:56:23.753 [info] > git check-ignore -v -z --stdin [8ms]
2024-01-17 12:56:25.754 [info] > git check-ignore -v -z --stdin [12ms]
2024-01-17 12:56:28.548 [info] > git config --get commit.template [1ms]
2024-01-17 12:56:28.572 [info] > git for-each-ref --format=%(refname)%00%(upstream:short)%00%(objectname)%00%(upstream:track)%00%(upstream:remotename)%00%(upstream:remoteref) refs/heads/main refs/remotes/main [2ms]
2024-01-17 12:56:28.594 [warning] ENOENT: no such file or directory, open '/home/devdragon/.config/.git/refs/remotes/origin/main'
2024-01-17 12:56:28.596 [info] > git rev-parse refs/remotes/origin/main [2ms]
2024-01-17 12:56:29.283 [info] > git status -z -uall [656ms]
2024-01-17 12:56:30.496 [info] > git check-ignore -v -z --stdin [57ms]
2024-01-17 12:56:30.997 [info] > git check-ignore -v -z --stdin [21ms]
2024-01-17 12:56:34.496 [info] > git config --get commit.template [5ms]
2024-01-17 12:56:34.524 [info] > git for-each-ref --format=%(refname)%00%(upstream:short)%00%(objectname)%00%(upstream:track)%00%(upstream:remotename)%00%(upstream:remoteref) refs/heads/main refs/remotes/main [3ms]
2024-01-17 12:56:34.549 [warning] ENOENT: no such file or directory, open '/home/devdragon/.config/.git/refs/remotes/origin/main'
2024-01-17 12:56:34.552 [info] > git rev-parse refs/remotes/origin/main [3ms]
2024-01-17 12:56:35.231 [info] > git status -z -uall [657ms]
2024-01-17 12:56:36.529 [info] > git check-ignore -v -z --stdin [61ms]
2024-01-17 12:56:40.437 [info] > git config --get commit.template [29ms]
2024-01-17 12:56:40.438 [info] > git for-each-ref --format=%(refname)%00%(upstream:short)%00%(objectname)%00%(upstream:track)%00%(upstream:remotename)%00%(upstream:remoteref) refs/heads/main refs/remotes/main [2ms]
2024-01-17 12:56:40.465 [warning] ENOENT: no such file or directory, open '/home/devdragon/.config/.git/refs/remotes/origin/main'
2024-01-17 12:56:40.467 [info] > git rev-parse refs/remotes/origin/main [3ms]
2024-01-17 12:56:41.102 [info] > git status -z -uall [610ms]
2024-01-17 12:56:45.303 [info] > git check-ignore -v -z --stdin [22ms]
2024-01-17 12:56:46.068 [info] > git ls-tree -l HEAD -- /home/devdragon/.config/BraveSoftware/Brave-Browser/BraveWallet/1.0.89/images/Gz7VkD4MacbEB6yC5XD3HcumEiYx2EtDYYrfikGsvopG.png [34ms]
2024-01-17 12:56:46.134 [info] > git ls-files --stage -- /home/devdragon/.config/BraveSoftware/Brave-Browser/BraveWallet/1.0.89/images/Gz7VkD4MacbEB6yC5XD3HcumEiYx2EtDYYrfikGsvopG.png [3ms]
2024-01-17 12:56:46.158 [info] > git ls-files --stage -- /home/devdragon/.config/BraveSoftware/Brave-Browser/BraveWallet/1.0.89/images/Gz7VkD4MacbEB6yC5XD3HcumEiYx2EtDYYrfikGsvopG.png [51ms]
2024-01-17 12:56:46.180 [info] > git ls-tree -l HEAD -- /home/devdragon/.config/BraveSoftware/Brave-Browser/BraveWallet/1.0.89/images/Gz7VkD4MacbEB6yC5XD3HcumEiYx2EtDYYrfikGsvopG.png [113ms]
2024-01-17 12:56:46.184 [info] > git cat-file -s 6322f0e3b4dfb91fdfd101099ea78b8b43d919e7 [5ms]
2024-01-17 12:56:46.185 [info] > git cat-file -s 6322f0e3b4dfb91fdfd101099ea78b8b43d919e7 [27ms]
2024-01-17 12:56:46.266 [info] > git config --get commit.template [1ms]
2024-01-17 12:56:46.293 [info] > git for-each-ref --format=%(refname)%00%(upstream:short)%00%(objectname)%00%(upstream:track)%00%(upstream:remotename)%00%(upstream:remoteref) refs/heads/main refs/remotes/main [2ms]
2024-01-17 12:56:46.319 [warning] ENOENT: no such file or directory, open '/home/devdragon/.config/.git/refs/remotes/origin/main'
2024-01-17 12:56:46.320 [info] > git rev-parse refs/remotes/origin/main [2ms]
2024-01-17 12:56:46.390 [info] > git show --textconv :BraveSoftware/Brave-Browser/BraveWallet/1.0.89/images/Gz7VkD4MacbEB6yC5XD3HcumEiYx2EtDYYrfikGsvopG.png [25ms]
2024-01-17 12:56:46.391 [info] > git ls-files --stage -- /home/devdragon/.config/BraveSoftware/Brave-Browser/BraveWallet/1.0.89/images/Gz7VkD4MacbEB6yC5XD3HcumEiYx2EtDYYrfikGsvopG.png [3ms]
2024-01-17 12:56:46.437 [info] > git cat-file -s 6322f0e3b4dfb91fdfd101099ea78b8b43d919e7 [24ms]
2024-01-17 12:56:46.441 [info] > git check-ignore -v -z --stdin [5ms]
2024-01-17 12:56:46.986 [info] > git status -z -uall [644ms]
2024-01-17 12:56:50.152 [info] > git show --textconv :.gitignore [23ms]
2024-01-17 12:56:50.155 [info] > git ls-files --stage -- /home/devdragon/.config/.gitignore [4ms]
2024-01-17 12:56:51.918 [info] > git check-ignore -v -z --stdin [7ms]
2024-01-17 12:56:52.094 [info] > git ls-tree -l HEAD -- /home/devdragon/.config/BraveSoftware/Brave-Browser/BraveWallet/1.0.89/images/hifi.png [0ms]
2024-01-17 12:56:52.232 [info] > git ls-files --stage -- /home/devdragon/.config/BraveSoftware/Brave-Browser/BraveWallet/1.0.89/images/hifi.png [27ms]
2024-01-17 12:56:52.253 [info] > git ls-files --stage -- /home/devdragon/.config/BraveSoftware/Brave-Browser/BraveWallet/1.0.89/images/hifi.png [73ms]
2024-01-17 12:56:52.276 [info] > git ls-tree -l HEAD -- /home/devdragon/.config/BraveSoftware/Brave-Browser/BraveWallet/1.0.89/images/hifi.png [129ms]
2024-01-17 12:56:52.279 [info] > git cat-file -s 2a13b81db4c2ab29909ac61910d9f0d80419488f [3ms]
2024-01-17 12:56:52.280 [info] > git cat-file -s 2a13b81db4c2ab29909ac61910d9f0d80419488f [27ms]
2024-01-17 12:56:52.280 [info] > git config --get commit.template [49ms]
2024-01-17 12:56:52.310 [info] > git for-each-ref --format=%(refname)%00%(upstream:short)%00%(objectname)%00%(upstream:track)%00%(upstream:remotename)%00%(upstream:remoteref) refs/heads/main refs/remotes/main [2ms]
2024-01-17 12:56:52.336 [warning] ENOENT: no such file or directory, open '/home/devdragon/.config/.git/refs/remotes/origin/main'
2024-01-17 12:56:52.337 [info] > git rev-parse refs/remotes/origin/main [2ms]
2024-01-17 12:56:52.462 [info] > git show --textconv :BraveSoftware/Brave-Browser/BraveWallet/1.0.89/images/hifi.png [35ms]
2024-01-17 12:56:52.474 [info] > git ls-files --stage -- /home/devdragon/.config/BraveSoftware/Brave-Browser/BraveWallet/1.0.89/images/hifi.png [12ms]
2024-01-17 12:56:52.509 [info] > git cat-file -s 2a13b81db4c2ab29909ac61910d9f0d80419488f [3ms]
2024-01-17 12:56:52.561 [info] > git check-ignore -v -z --stdin [3ms]
2024-01-17 12:56:53.059 [info] > git status -z -uall [695ms]
2024-01-17 12:56:54.982 [info] > git show --textconv :.gitignore [25ms]
2024-01-17 12:56:54.984 [info] > git ls-files --stage -- /home/devdragon/.config/.gitignore [3ms]
2024-01-17 12:56:57.156 [info] > git check-ignore -v -z --stdin [17ms]
2024-01-17 12:56:58.255 [info] > git config --get commit.template [31ms]
2024-01-17 12:56:58.256 [info] > git for-each-ref --format=%(refname)%00%(upstream:short)%00%(objectname)%00%(upstream:track)%00%(upstream:remotename)%00%(upstream:remoteref) refs/heads/main refs/remotes/main [2ms]
2024-01-17 12:56:58.284 [warning] ENOENT: no such file or directory, open '/home/devdragon/.config/.git/refs/remotes/origin/main'
2024-01-17 12:56:58.286 [info] > git rev-parse refs/remotes/origin/main [1ms]
2024-01-17 12:56:58.934 [info] > git status -z -uall [625ms]
2024-01-17 12:57:04.084 [info] > git config --get commit.template [2ms]
2024-01-17 12:57:04.116 [info] > git for-each-ref --format=%(refname)%00%(upstream:short)%00%(objectname)%00%(upstream:track)%00%(upstream:remotename)%00%(upstream:remoteref) refs/heads/main refs/remotes/main [3ms]
2024-01-17 12:57:04.140 [warning] ENOENT: no such file or directory, open '/home/devdragon/.config/.git/refs/remotes/origin/main'
2024-01-17 12:57:04.141 [info] > git rev-parse refs/remotes/origin/main [1ms]
2024-01-17 12:57:04.828 [info] > git status -z -uall [653ms]
2024-01-17 12:57:06.506 [info] > git check-ignore -v -z --stdin [4ms]
2024-01-17 12:57:07.197 [info] > git check-ignore -v -z --stdin [5ms]
2024-01-17 12:57:07.959 [info] > git check-ignore -v -z --stdin [7ms]
2024-01-17 12:57:10.021 [info] > git config --get commit.template [1ms]
2024-01-17 12:57:10.048 [info] > git for-each-ref --format=%(refname)%00%(upstream:short)%00%(objectname)%00%(upstream:track)%00%(upstream:remotename)%00%(upstream:remoteref) refs/heads/main refs/remotes/main [2ms]
2024-01-17 12:57:10.074 [warning] ENOENT: no such file or directory, open '/home/devdragon/.config/.git/refs/remotes/origin/main'
2024-01-17 12:57:10.075 [info] > git rev-parse refs/remotes/origin/main [1ms]
2024-01-17 12:57:10.727 [info] > git status -z -uall [622ms]
2024-01-17 12:57:15.880 [info] > git config --get commit.template [2ms]
2024-01-17 12:57:15.909 [info] > git for-each-ref --format=%(refname)%00%(upstream:short)%00%(objectname)%00%(upstream:track)%00%(upstream:remotename)%00%(upstream:remoteref) refs/heads/main refs/remotes/main [2ms]
2024-01-17 12:57:15.941 [warning] ENOENT: no such file or directory, open '/home/devdragon/.config/.git/refs/remotes/origin/main'
2024-01-17 12:57:15.943 [info] > git rev-parse refs/remotes/origin/main [2ms]
2024-01-17 12:57:16.590 [info] > git status -z -uall [621ms]
2024-01-17 12:57:19.855 [info] > git check-ignore -v -z --stdin [29ms]
2024-01-17 12:57:21.789 [info] > git config --get commit.template [2ms]
2024-01-17 12:57:21.813 [info] > git for-each-ref --format=%(refname)%00%(upstream:short)%00%(objectname)%00%(upstream:track)%00%(upstream:remotename)%00%(upstream:remoteref) refs/heads/main refs/remotes/main [1ms]
2024-01-17 12:57:21.835 [warning] ENOENT: no such file or directory, open '/home/devdragon/.config/.git/refs/remotes/origin/main'
2024-01-17 12:57:21.836 [info] > git rev-parse refs/remotes/origin/main [1ms]
2024-01-17 12:57:22.448 [info] > git status -z -uall [592ms]
2024-01-17 12:57:27.649 [info] > git config --get commit.template [25ms]
2024-01-17 12:57:27.650 [info] > git for-each-ref --format=%(refname)%00%(upstream:short)%00%(objectname)%00%(upstream:track)%00%(upstream:remotename)%00%(upstream:remoteref) refs/heads/main refs/remotes/main [2ms]
2024-01-17 12:57:27.670 [warning] ENOENT: no such file or directory, open '/home/devdragon/.config/.git/refs/remotes/origin/main'
2024-01-17 12:57:27.671 [info] > git rev-parse refs/remotes/origin/main [2ms]
2024-01-17 12:57:28.299 [info] > git status -z -uall [605ms]
2024-01-17 12:57:33.488 [info] > git config --get commit.template [25ms]
2024-01-17 12:57:33.489 [info] > git for-each-ref --format=%(refname)%00%(upstream:short)%00%(objectname)%00%(upstream:track)%00%(upstream:remotename)%00%(upstream:remoteref) refs/heads/main refs/remotes/main [1ms]
2024-01-17 12:57:33.512 [warning] ENOENT: no such file or directory, open '/home/devdragon/.config/.git/refs/remotes/origin/main'
2024-01-17 12:57:33.513 [info] > git rev-parse refs/remotes/origin/main [1ms]
2024-01-17 12:57:34.127 [info] > git status -z -uall [591ms]
2024-01-17 12:57:39.334 [info] > git config --get commit.template [30ms]
2024-01-17 12:57:39.335 [info] > git for-each-ref --format=%(refname)%00%(upstream:short)%00%(objectname)%00%(upstream:track)%00%(upstream:remotename)%00%(upstream:remoteref) refs/heads/main refs/remotes/main [3ms]
2024-01-17 12:57:39.362 [warning] ENOENT: no such file or directory, open '/home/devdragon/.config/.git/refs/remotes/origin/main'
2024-01-17 12:57:39.364 [info] > git rev-parse refs/remotes/origin/main [2ms]
2024-01-17 12:57:40.000 [info] > git status -z -uall [614ms]
2024-01-17 12:57:45.221 [info] > git config --get commit.template [30ms]
2024-01-17 12:57:45.222 [info] > git for-each-ref --format=%(refname)%00%(upstream:short)%00%(objectname)%00%(upstream:track)%00%(upstream:remotename)%00%(upstream:remoteref) refs/heads/main refs/remotes/main [3ms]
2024-01-17 12:57:45.251 [warning] ENOENT: no such file or directory, open '/home/devdragon/.config/.git/refs/remotes/origin/main'
2024-01-17 12:57:45.253 [info] > git rev-parse refs/remotes/origin/main [2ms]
2024-01-17 12:57:45.882 [info] > git status -z -uall [604ms]
2024-01-17 12:57:51.059 [info] > git config --get commit.template [28ms]
2024-01-17 12:57:51.060 [info] > git for-each-ref --format=%(refname)%00%(upstream:short)%00%(objectname)%00%(upstream:track)%00%(upstream:remotename)%00%(upstream:remoteref) refs/heads/main refs/remotes/main [2ms]
2024-01-17 12:57:51.086 [warning] ENOENT: no such file or directory, open '/home/devdragon/.config/.git/refs/remotes/origin/main'
2024-01-17 12:57:51.088 [info] > git rev-parse refs/remotes/origin/main [2ms]
2024-01-17 12:57:51.706 [info] > git status -z -uall [593ms]
2024-01-17 12:57:56.879 [info] > git config --get commit.template [1ms]
2024-01-17 12:57:56.912 [info] > git for-each-ref --format=%(refname)%00%(upstream:short)%00%(objectname)%00%(upstream:track)%00%(upstream:remotename)%00%(upstream:remoteref) refs/heads/main refs/remotes/main [3ms]
2024-01-17 12:57:56.941 [warning] ENOENT: no such file or directory, open '/home/devdragon/.config/.git/refs/remotes/origin/main'
2024-01-17 12:57:56.942 [info] > git rev-parse refs/remotes/origin/main [2ms]
2024-01-17 12:57:57.561 [info] > git status -z -uall [592ms]
2024-01-17 12:58:01.530 [info] > git check-ignore -v -z --stdin [9ms]
2024-01-17 12:58:02.756 [info] > git config --get commit.template [33ms]
2024-01-17 12:58:02.758 [info] > git for-each-ref --format=%(refname)%00%(upstream:short)%00%(objectname)%00%(upstream:track)%00%(upstream:remotename)%00%(upstream:remoteref) refs/heads/main refs/remotes/main [3ms]
2024-01-17 12:58:02.785 [warning] ENOENT: no such file or directory, open '/home/devdragon/.config/.git/refs/remotes/origin/main'
2024-01-17 12:58:02.787 [info] > git rev-parse refs/remotes/origin/main [2ms]
2024-01-17 12:58:03.414 [info] > git status -z -uall [598ms]
2024-01-17 12:58:05.070 [info] > git check-ignore -v -z --stdin [9ms]
2024-01-17 12:58:08.479 [info] > git show --textconv :qtile/settings/groups.py [153ms]
2024-01-17 12:58:08.479 [info] > git ls-files --stage -- /home/devdragon/.config/qtile/settings/groups.py [127ms]
2024-01-17 12:58:08.525 [info] > git cat-file -s 8724e94213a104a1ae1af9b1836aa8d0c7393fed [14ms]
2024-01-17 12:58:08.646 [info] > git config --get commit.template [12ms]
2024-01-17 12:58:08.753 [info] > git for-each-ref --format=%(refname)%00%(upstream:short)%00%(objectname)%00%(upstream:track)%00%(upstream:remotename)%00%(upstream:remoteref) refs/heads/main refs/remotes/main [5ms]
2024-01-17 12:58:09.385 [warning] ENOENT: no such file or directory, open '/home/devdragon/.config/.git/refs/remotes/origin/main'
2024-01-17 12:58:09.734 [info] > git rev-parse refs/remotes/origin/main [349ms]
2024-01-17 12:58:10.405 [info] > git status -z -uall [644ms]
2024-01-17 12:58:15.601 [info] > git config --get commit.template [2ms]
2024-01-17 12:58:15.641 [info] > git for-each-ref --format=%(refname)%00%(upstream:short)%00%(objectname)%00%(upstream:track)%00%(upstream:remotename)%00%(upstream:remoteref) refs/heads/main refs/remotes/main [6ms]
2024-01-17 12:58:15.670 [warning] ENOENT: no such file or directory, open '/home/devdragon/.config/.git/refs/remotes/origin/main'
2024-01-17 12:58:15.672 [info] > git rev-parse refs/remotes/origin/main [2ms]
2024-01-17 12:58:16.339 [info] > git status -z -uall [640ms]
